[0.018s] Invoking command in '/home/goblue/my_ws/yubot_purepursuit_controller/build/yubot_purepursuit_controller': CMAKE_PREFIX_PATH=${CMAKE_PREFIX_PATH}:/home/goblue/interbotix_ws/install/interbotix_xs_modules:/home/goblue/interbotix_ws/install/interbotix_common_modules:/opt/ros/humble /usr/bin/cmake --build /home/goblue/my_ws/yubot_purepursuit_controller/build/yubot_purepursuit_controller -- -j20 -l20
[0.037s] -- Found ament_cmake: 1.3.10 (/opt/ros/humble/share/ament_cmake/cmake)
[0.145s] -- Found nav2_common: 1.1.17 (/opt/ros/humble/share/nav2_common/cmake)
[0.146s] -- Found nav2_core: 1.1.17 (/opt/ros/humble/share/nav2_core/cmake)
[0.570s] -- Found rosidl_generator_c: 3.1.5 (/opt/ros/humble/share/rosidl_generator_c/cmake)
[0.572s] -- Found rosidl_adapter: 3.1.5 (/opt/ros/humble/share/rosidl_adapter/cmake)
[0.577s] -- Found rosidl_generator_cpp: 3.1.5 (/opt/ros/humble/share/rosidl_generator_cpp/cmake)
[0.588s] -- Using all available rosidl_typesupport_c: rosidl_typesupport_fastrtps_c;rosidl_typesupport_introspection_c
[0.601s] -- Using all available rosidl_typesupport_cpp: rosidl_typesupport_fastrtps_cpp;rosidl_typesupport_introspection_cpp
[0.630s] -- Found rmw_implementation_cmake: 6.1.2 (/opt/ros/humble/share/rmw_implementation_cmake/cmake)
[0.633s] -- Found rmw_fastrtps_cpp: 6.2.7 (/opt/ros/humble/share/rmw_fastrtps_cpp/cmake)
[12.297s] -- Using RMW implementation 'rmw_fastrtps_cpp' as default
[12.534s] -- Ensuring Eigen3 include directory is part of orocos-kdl CMake target
[15.954s] -- Found nav2_bringup: 1.1.17 (/opt/ros/humble/share/nav2_bringup/cmake)
[16.042s] -- Found ament_lint_auto: 0.12.11 (/opt/ros/humble/share/ament_lint_auto/cmake)
[16.117s] -- Added test 'cppcheck' to perform static code analysis on C / C++ code
[16.117s] -- Configured cppcheck include dirs: /home/goblue/my_ws/yubot_purepursuit_controller/include
[16.117s] -- Configured cppcheck exclude dirs and/or files: 
[16.125s] -- Added test 'cpplint' to check C / C++ code against the Google style
[16.125s] -- Configured cpplint exclude dirs and/or files: 
[16.126s] -- Added test 'flake8' to check Python code syntax and style conventions
[16.129s] -- Added test 'lint_cmake' to check CMake code style
[16.130s] -- Added test 'pep257' to check Python code against some of the docstring style conventions in PEP 257
[16.137s] -- Added test 'uncrustify' to check C / C++ code style
[16.137s] -- Configured uncrustify additional arguments: 
[16.138s] -- Added test 'xmllint' to check XML markup files
[16.140s] -- Configuring done
[16.182s] -- Generating done
[16.184s] -- Build files have been written to: /home/goblue/my_ws/yubot_purepursuit_controller/build/yubot_purepursuit_controller
[16.210s] [35m[1mConsolidate compiler generated dependencies of target yubot_purepursuit_controller[0m
[16.228s] [100%] Built target yubot_purepursuit_controller
[16.238s] Invoked command in '/home/goblue/my_ws/yubot_purepursuit_controller/build/yubot_purepursuit_controller' returned '0': CMAKE_PREFIX_PATH=${CMAKE_PREFIX_PATH}:/home/goblue/interbotix_ws/install/interbotix_xs_modules:/home/goblue/interbotix_ws/install/interbotix_common_modules:/opt/ros/humble /usr/bin/cmake --build /home/goblue/my_ws/yubot_purepursuit_controller/build/yubot_purepursuit_controller -- -j20 -l20
[16.267s] Invoking command in '/home/goblue/my_ws/yubot_purepursuit_controller/build/yubot_purepursuit_controller': CMAKE_PREFIX_PATH=${CMAKE_PREFIX_PATH}:/home/goblue/interbotix_ws/install/interbotix_xs_modules:/home/goblue/interbotix_ws/install/interbotix_common_modules:/opt/ros/humble /usr/bin/cmake --install /home/goblue/my_ws/yubot_purepursuit_controller/build/yubot_purepursuit_controller
[16.273s] -- Install configuration: "Release"
[16.273s] -- Up-to-date: /home/goblue/my_ws/yubot_purepursuit_controller/install/yubot_purepursuit_controller/include/
[16.273s] -- Up-to-date: /home/goblue/my_ws/yubot_purepursuit_controller/install/yubot_purepursuit_controller/include//yubot_purepursuit_controller
[16.273s] -- Up-to-date: /home/goblue/my_ws/yubot_purepursuit_controller/install/yubot_purepursuit_controller/share/yubot_purepursuit_controller/launch
[16.273s] -- Up-to-date: /home/goblue/my_ws/yubot_purepursuit_controller/install/yubot_purepursuit_controller/share/yubot_purepursuit_controller/params
[16.273s] -- Up-to-date: /home/goblue/my_ws/yubot_purepursuit_controller/install/yubot_purepursuit_controller/share/yubot_purepursuit_controller/map
[16.273s] -- Installing: /home/goblue/my_ws/yubot_purepursuit_controller/install/yubot_purepursuit_controller/share/yubot_purepursuit_controller/package.dsv
[16.275s] Invoked command in '/home/goblue/my_ws/yubot_purepursuit_controller/build/yubot_purepursuit_controller' returned '0': CMAKE_PREFIX_PATH=${CMAKE_PREFIX_PATH}:/home/goblue/interbotix_ws/install/interbotix_xs_modules:/home/goblue/interbotix_ws/install/interbotix_common_modules:/opt/ros/humble /usr/bin/cmake --install /home/goblue/my_ws/yubot_purepursuit_controller/build/yubot_purepursuit_controller
