/home/goblue/my_ws/bot_description/install/bot_description/lib/python3.10/site-packages/bot_description/__init__.py
/home/goblue/my_ws/bot_description/install/bot_description/lib/python3.10/site-packages/bot_description/wheel_control.py
/home/goblue/my_ws/bot_description/install/bot_description/lib/python3.10/site-packages/bot_description/__pycache__/__init__.cpython-310.pyc
/home/goblue/my_ws/bot_description/install/bot_description/lib/python3.10/site-packages/bot_description/__pycache__/wheel_control.cpython-310.pyc
/home/goblue/my_ws/bot_description/install/bot_description/share/ament_index/resource_index/packages/bot_description
/home/goblue/my_ws/bot_description/install/bot_description/share/bot_description/package.xml
/home/goblue/my_ws/bot_description/install/bot_description/share/bot_description/launch/display_robot_rviz2.launch.py
/home/goblue/my_ws/bot_description/install/bot_description/share/bot_description/launch/gazebo_display.launch.py
/home/goblue/my_ws/bot_description/install/bot_description/share/bot_description/urdf/bot_base.urdf
/home/goblue/my_ws/bot_description/install/bot_description/share/bot_description/urdf/yuBot_gazebo_core.xacro
/home/goblue/my_ws/bot_description/install/bot_description/share/bot_description/urdf/yuBot_sim.xacro
/home/goblue/my_ws/bot_description/install/bot_description/share/bot_description/urdf/yuBot_base.xacro
/home/goblue/my_ws/bot_description/install/bot_description/lib/python3.10/site-packages/bot_description-0.0.0-py3.10.egg-info/top_level.txt
/home/goblue/my_ws/bot_description/install/bot_description/lib/python3.10/site-packages/bot_description-0.0.0-py3.10.egg-info/zip-safe
/home/goblue/my_ws/bot_description/install/bot_description/lib/python3.10/site-packages/bot_description-0.0.0-py3.10.egg-info/requires.txt
/home/goblue/my_ws/bot_description/install/bot_description/lib/python3.10/site-packages/bot_description-0.0.0-py3.10.egg-info/SOURCES.txt
/home/goblue/my_ws/bot_description/install/bot_description/lib/python3.10/site-packages/bot_description-0.0.0-py3.10.egg-info/dependency_links.txt
/home/goblue/my_ws/bot_description/install/bot_description/lib/python3.10/site-packages/bot_description-0.0.0-py3.10.egg-info/PKG-INFO
/home/goblue/my_ws/bot_description/install/bot_description/lib/python3.10/site-packages/bot_description-0.0.0-py3.10.egg-info/entry_points.txt
/home/goblue/my_ws/bot_description/install/bot_description/lib/bot_description/rotate_wheels
