[0.017s] Invoking command in '/home/goblue/my_ws/yubot_purepursuit_controller/build/yubot_purepursuit_controller': CMAKE_PREFIX_PATH=${CMAKE_PREFIX_PATH}:/home/goblue/interbotix_ws/install/interbotix_xs_modules:/home/goblue/interbotix_ws/install/interbotix_common_modules:/opt/ros/humble /usr/bin/cmake --build /home/goblue/my_ws/yubot_purepursuit_controller/build/yubot_purepursuit_controller -- -j20 -l20
[0.039s] -- Found ament_cmake: 1.3.10 (/opt/ros/humble/share/ament_cmake/cmake)
[0.157s] -- Found nav2_common: 1.1.17 (/opt/ros/humble/share/nav2_common/cmake)
[0.157s] -- Found nav2_core: 1.1.17 (/opt/ros/humble/share/nav2_core/cmake)
[0.620s] -- Found rosidl_generator_c: 3.1.5 (/opt/ros/humble/share/rosidl_generator_c/cmake)
[0.622s] -- Found rosidl_adapter: 3.1.5 (/opt/ros/humble/share/rosidl_adapter/cmake)
[0.629s] -- Found rosidl_generator_cpp: 3.1.5 (/opt/ros/humble/share/rosidl_generator_cpp/cmake)
[0.639s] -- Using all available rosidl_typesupport_c: rosidl_typesupport_fastrtps_c;rosidl_typesupport_introspection_c
[0.650s] -- Using all available rosidl_typesupport_cpp: rosidl_typesupport_fastrtps_cpp;rosidl_typesupport_introspection_cpp
[0.686s] -- Found rmw_implementation_cmake: 6.1.2 (/opt/ros/humble/share/rmw_implementation_cmake/cmake)
[0.688s] -- Found rmw_fastrtps_cpp: 6.2.7 (/opt/ros/humble/share/rmw_fastrtps_cpp/cmake)
[17.110s] -- Using RMW implementation 'rmw_fastrtps_cpp' as default
[17.357s] -- Ensuring Eigen3 include directory is part of orocos-kdl CMake target
[21.266s] -- Found nav2_bringup: 1.1.17 (/opt/ros/humble/share/nav2_bringup/cmake)
[21.348s] -- Found ament_lint_auto: 0.12.11 (/opt/ros/humble/share/ament_lint_auto/cmake)
[21.426s] -- Added test 'cppcheck' to perform static code analysis on C / C++ code
[21.426s] -- Configured cppcheck include dirs: /home/goblue/my_ws/yubot_purepursuit_controller/include
[21.426s] -- Configured cppcheck exclude dirs and/or files: 
[21.432s] -- Added test 'cpplint' to check C / C++ code against the Google style
[21.432s] -- Configured cpplint exclude dirs and/or files: 
[21.433s] -- Added test 'flake8' to check Python code syntax and style conventions
[21.435s] -- Added test 'lint_cmake' to check CMake code style
[21.436s] -- Added test 'pep257' to check Python code against some of the docstring style conventions in PEP 257
[21.443s] -- Added test 'uncrustify' to check C / C++ code style
[21.443s] -- Configured uncrustify additional arguments: 
[21.444s] -- Added test 'xmllint' to check XML markup files
[21.446s] -- Configuring done
[21.490s] -- Generating done
[21.492s] -- Build files have been written to: /home/goblue/my_ws/yubot_purepursuit_controller/build/yubot_purepursuit_controller
[21.521s] [35m[1mConsolidate compiler generated dependencies of target yubot_purepursuit_controller[0m
[21.537s] [100%] Built target yubot_purepursuit_controller
[21.548s] Invoked command in '/home/goblue/my_ws/yubot_purepursuit_controller/build/yubot_purepursuit_controller' returned '0': CMAKE_PREFIX_PATH=${CMAKE_PREFIX_PATH}:/home/goblue/interbotix_ws/install/interbotix_xs_modules:/home/goblue/interbotix_ws/install/interbotix_common_modules:/opt/ros/humble /usr/bin/cmake --build /home/goblue/my_ws/yubot_purepursuit_controller/build/yubot_purepursuit_controller -- -j20 -l20
[21.576s] Invoking command in '/home/goblue/my_ws/yubot_purepursuit_controller/build/yubot_purepursuit_controller': CMAKE_PREFIX_PATH=${CMAKE_PREFIX_PATH}:/home/goblue/interbotix_ws/install/interbotix_xs_modules:/home/goblue/interbotix_ws/install/interbotix_common_modules:/opt/ros/humble /usr/bin/cmake --install /home/goblue/my_ws/yubot_purepursuit_controller/build/yubot_purepursuit_controller
[21.581s] -- Install configuration: "Release"
[21.582s] -- Up-to-date: /home/goblue/my_ws/yubot_purepursuit_controller/install/yubot_purepursuit_controller/include/
[21.582s] -- Up-to-date: /home/goblue/my_ws/yubot_purepursuit_controller/install/yubot_purepursuit_controller/include//yubot_purepursuit_controller
[21.582s] -- Up-to-date: /home/goblue/my_ws/yubot_purepursuit_controller/install/yubot_purepursuit_controller/share/yubot_purepursuit_controller/launch
[21.582s] -- Up-to-date: /home/goblue/my_ws/yubot_purepursuit_controller/install/yubot_purepursuit_controller/share/yubot_purepursuit_controller/params
[21.582s] -- Up-to-date: /home/goblue/my_ws/yubot_purepursuit_controller/install/yubot_purepursuit_controller/share/yubot_purepursuit_controller/map
[21.582s] [31mCMake Error at cmake_install.cmake:81 (file):
[21.582s]   file INSTALL cannot find
[21.582s]   "/home/goblue/my_ws/yubot_purepursuit_controller/plugin.xml": No such file
[21.582s]   or directory.
[21.582s] 
[21.582s] [0m
[21.583s] Invoked command in '/home/goblue/my_ws/yubot_purepursuit_controller/build/yubot_purepursuit_controller' returned '1': CMAKE_PREFIX_PATH=${CMAKE_PREFIX_PATH}:/home/goblue/interbotix_ws/install/interbotix_xs_modules:/home/goblue/interbotix_ws/install/interbotix_common_modules:/opt/ros/humble /usr/bin/cmake --install /home/goblue/my_ws/yubot_purepursuit_controller/build/yubot_purepursuit_controller
