[0.016s] Invoking command in '/home/goblue/my_ws/yuBot_nav2/build/yuBot_nav2': CMAKE_PREFIX_PATH=${CMAKE_PREFIX_PATH}:/home/goblue/interbotix_ws/install/interbotix_xs_modules:/home/goblue/interbotix_ws/install/interbotix_common_modules:/home/goblue/ros2_ws/install/rse_gaussian_filters:/opt/ros/humble /usr/bin/cmake /home/goblue/my_ws/yuBot_nav2 -DCMAKE_INSTALL_PREFIX=/home/goblue/my_ws/yuBot_nav2/install/yuBot_nav2
[0.016s] -- Found ament_cmake: 1.3.10 (/opt/ros/humble/share/ament_cmake/cmake)
[0.095s] -- Found nav2_bringup: 1.1.17 (/opt/ros/humble/share/nav2_bringup/cmake)
[0.095s] -- Found ament_lint_auto: 0.12.11 (/opt/ros/humble/share/ament_lint_auto/cmake)
[0.128s] WARNING: Package name "yuBot_nav2" does not follow the naming conventions. It should start with a lower case letter and only contain lower case letters, digits, underscores, and dashes.
[0.162s] -- Added test 'cppcheck' to perform static code analysis on C / C++ code
[0.162s] -- Configured cppcheck include dirs: 
[0.162s] -- Configured cppcheck exclude dirs and/or files: 
[0.163s] -- Added test 'flake8' to check Python code syntax and style conventions
[0.164s] -- Added test 'lint_cmake' to check CMake code style
[0.165s] -- Added test 'pep257' to check Python code against some of the docstring style conventions in PEP 257
[0.168s] -- Added test 'uncrustify' to check C / C++ code style
[0.168s] -- Configured uncrustify additional arguments: 
[0.169s] -- Added test 'xmllint' to check XML markup files
[0.171s] -- Configuring done
[0.175s] -- Generating done
[0.175s] -- Build files have been written to: /home/goblue/my_ws/yuBot_nav2/build/yuBot_nav2
[0.177s] Invoked command in '/home/goblue/my_ws/yuBot_nav2/build/yuBot_nav2' returned '0': CMAKE_PREFIX_PATH=${CMAKE_PREFIX_PATH}:/home/goblue/interbotix_ws/install/interbotix_xs_modules:/home/goblue/interbotix_ws/install/interbotix_common_modules:/home/goblue/ros2_ws/install/rse_gaussian_filters:/opt/ros/humble /usr/bin/cmake /home/goblue/my_ws/yuBot_nav2 -DCMAKE_INSTALL_PREFIX=/home/goblue/my_ws/yuBot_nav2/install/yuBot_nav2
[0.178s] Invoking command in '/home/goblue/my_ws/yuBot_nav2/build/yuBot_nav2': CMAKE_PREFIX_PATH=${CMAKE_PREFIX_PATH}:/home/goblue/interbotix_ws/install/interbotix_xs_modules:/home/goblue/interbotix_ws/install/interbotix_common_modules:/home/goblue/ros2_ws/install/rse_gaussian_filters:/opt/ros/humble /usr/bin/cmake --build /home/goblue/my_ws/yuBot_nav2/build/yuBot_nav2 -- -j20 -l20
[0.201s] Invoked command in '/home/goblue/my_ws/yuBot_nav2/build/yuBot_nav2' returned '0': CMAKE_PREFIX_PATH=${CMAKE_PREFIX_PATH}:/home/goblue/interbotix_ws/install/interbotix_xs_modules:/home/goblue/interbotix_ws/install/interbotix_common_modules:/home/goblue/ros2_ws/install/rse_gaussian_filters:/opt/ros/humble /usr/bin/cmake --build /home/goblue/my_ws/yuBot_nav2/build/yuBot_nav2 -- -j20 -l20
[0.222s] Invoking command in '/home/goblue/my_ws/yuBot_nav2/build/yuBot_nav2': CMAKE_PREFIX_PATH=${CMAKE_PREFIX_PATH}:/home/goblue/interbotix_ws/install/interbotix_xs_modules:/home/goblue/interbotix_ws/install/interbotix_common_modules:/home/goblue/ros2_ws/install/rse_gaussian_filters:/opt/ros/humble /usr/bin/cmake --install /home/goblue/my_ws/yuBot_nav2/build/yuBot_nav2
[0.225s] -- Install configuration: ""
[0.225s] -- Installing: /home/goblue/my_ws/yuBot_nav2/install/yuBot_nav2/share/yuBot_nav2/launch
[0.226s] -- Installing: /home/goblue/my_ws/yuBot_nav2/install/yuBot_nav2/share/yuBot_nav2/launch/yuBot_nav2.launch.py
[0.226s] -- Installing: /home/goblue/my_ws/yuBot_nav2/install/yuBot_nav2/share/yuBot_nav2/param
[0.226s] -- Installing: /home/goblue/my_ws/yuBot_nav2/install/yuBot_nav2/share/yuBot_nav2/param/yuBot_nav2.yaml
[0.227s] -- Installing: /home/goblue/my_ws/yuBot_nav2/install/yuBot_nav2/share/yuBot_nav2/maps
[0.227s] -- Installing: /home/goblue/my_ws/yuBot_nav2/install/yuBot_nav2/share/yuBot_nav2/maps/firstMap.pgm
[0.228s] -- Installing: /home/goblue/my_ws/yuBot_nav2/install/yuBot_nav2/share/yuBot_nav2/maps/firstMap.yaml
[0.228s] -- Installing: /home/goblue/my_ws/yuBot_nav2/install/yuBot_nav2/share/ament_index/resource_index/package_run_dependencies/yuBot_nav2
[0.229s] -- Installing: /home/goblue/my_ws/yuBot_nav2/install/yuBot_nav2/share/ament_index/resource_index/parent_prefix_path/yuBot_nav2
[0.229s] -- Installing: /home/goblue/my_ws/yuBot_nav2/install/yuBot_nav2/share/yuBot_nav2/environment/ament_prefix_path.sh
[0.229s] -- Installing: /home/goblue/my_ws/yuBot_nav2/install/yuBot_nav2/share/yuBot_nav2/environment/ament_prefix_path.dsv
[0.229s] -- Installing: /home/goblue/my_ws/yuBot_nav2/install/yuBot_nav2/share/yuBot_nav2/environment/path.sh
[0.229s] -- Installing: /home/goblue/my_ws/yuBot_nav2/install/yuBot_nav2/share/yuBot_nav2/environment/path.dsv
[0.229s] -- Installing: /home/goblue/my_ws/yuBot_nav2/install/yuBot_nav2/share/yuBot_nav2/local_setup.bash
[0.229s] -- Installing: /home/goblue/my_ws/yuBot_nav2/install/yuBot_nav2/share/yuBot_nav2/local_setup.sh
[0.229s] -- Installing: /home/goblue/my_ws/yuBot_nav2/install/yuBot_nav2/share/yuBot_nav2/local_setup.zsh
[0.229s] -- Installing: /home/goblue/my_ws/yuBot_nav2/install/yuBot_nav2/share/yuBot_nav2/local_setup.dsv
[0.230s] -- Installing: /home/goblue/my_ws/yuBot_nav2/install/yuBot_nav2/share/yuBot_nav2/package.dsv
[0.230s] -- Installing: /home/goblue/my_ws/yuBot_nav2/install/yuBot_nav2/share/ament_index/resource_index/packages/yuBot_nav2
[0.230s] -- Installing: /home/goblue/my_ws/yuBot_nav2/install/yuBot_nav2/share/yuBot_nav2/cmake/yuBot_nav2Config.cmake
[0.230s] -- Installing: /home/goblue/my_ws/yuBot_nav2/install/yuBot_nav2/share/yuBot_nav2/cmake/yuBot_nav2Config-version.cmake
[0.230s] -- Installing: /home/goblue/my_ws/yuBot_nav2/install/yuBot_nav2/share/yuBot_nav2/package.xml
[0.231s] Invoked command in '/home/goblue/my_ws/yuBot_nav2/build/yuBot_nav2' returned '0': CMAKE_PREFIX_PATH=${CMAKE_PREFIX_PATH}:/home/goblue/interbotix_ws/install/interbotix_xs_modules:/home/goblue/interbotix_ws/install/interbotix_common_modules:/home/goblue/ros2_ws/install/rse_gaussian_filters:/opt/ros/humble /usr/bin/cmake --install /home/goblue/my_ws/yuBot_nav2/build/yuBot_nav2
