running egg_info
creating build/bot_description/bot_description.egg-info
writing build/bot_description/bot_description.egg-info/PKG-INFO
writing dependency_links to build/bot_description/bot_description.egg-info/dependency_links.txt
writing entry points to build/bot_description/bot_description.egg-info/entry_points.txt
writing requirements to build/bot_description/bot_description.egg-info/requires.txt
writing top-level names to build/bot_description/bot_description.egg-info/top_level.txt
writing manifest file 'build/bot_description/bot_description.egg-info/SOURCES.txt'
reading manifest file 'build/bot_description/bot_description.egg-info/SOURCES.txt'
writing manifest file 'build/bot_description/bot_description.egg-info/SOURCES.txt'
running build
running build_py
creating /home/goblue/my_ws/bot_description/build/bot_description/build
creating /home/goblue/my_ws/bot_description/build/bot_description/build/lib
creating /home/goblue/my_ws/bot_description/build/bot_description/build/lib/bot_description
copying bot_description/__init__.py -> /home/goblue/my_ws/bot_description/build/bot_description/build/lib/bot_description
copying bot_description/wheel_control.py -> /home/goblue/my_ws/bot_description/build/bot_description/build/lib/bot_description
running install
running install_lib
running install_data
