[100%] Built target yubot_purepursuit_controller
-- Install configuration: "Release"
-- Execute custom install script
-- Up-to-date symlink: /home/goblue/my_ws/yubot_purepursuit_controller/install/yubot_purepursuit_controller/lib/libyubot_purepursuit_controller.so
-- Up-to-date symlink: /home/goblue/my_ws/yubot_purepursuit_controller/install/yubot_purepursuit_controller/share/yubot_purepursuit_controller/launch/nav2_bringup.launch.py
-- Up-to-date symlink: /home/goblue/my_ws/yubot_purepursuit_controller/install/yubot_purepursuit_controller/share/yubot_purepursuit_controller/params/yuBot_nav2.yaml
-- Up-to-date symlink: /home/goblue/my_ws/yubot_purepursuit_controller/install/yubot_purepursuit_controller/share/yubot_purepursuit_controller/map/house.pgm
-- Up-to-date symlink: /home/goblue/my_ws/yubot_purepursuit_controller/install/yubot_purepursuit_controller/share/yubot_purepursuit_controller/map/house.yaml
-- Up-to-date symlink: /home/goblue/my_ws/yubot_purepursuit_controller/install/yubot_purepursuit_controller/share/yubot_purepursuit_controller/plugin.xml
-- Up-to-date symlink: /home/goblue/my_ws/yubot_purepursuit_controller/install/yubot_purepursuit_controller/share/yubot_purepursuit_controller/environment/library_path.sh
-- Up-to-date symlink: /home/goblue/my_ws/yubot_purepursuit_controller/install/yubot_purepursuit_controller/share/yubot_purepursuit_controller/environment/library_path.dsv
-- Up-to-date symlink: /home/goblue/my_ws/yubot_purepursuit_controller/install/yubot_purepursuit_controller/share/yubot_purepursuit_controller//plugin.xml
-- Up-to-date symlink: /home/goblue/my_ws/yubot_purepursuit_controller/install/yubot_purepursuit_controller/share/ament_index/resource_index/package_run_dependencies/yubot_purepursuit_controller
-- Up-to-date symlink: /home/goblue/my_ws/yubot_purepursuit_controller/install/yubot_purepursuit_controller/share/ament_index/resource_index/parent_prefix_path/yubot_purepursuit_controller
-- Up-to-date symlink: /home/goblue/my_ws/yubot_purepursuit_controller/install/yubot_purepursuit_controller/share/yubot_purepursuit_controller/environment/ament_prefix_path.sh
-- Up-to-date symlink: /home/goblue/my_ws/yubot_purepursuit_controller/install/yubot_purepursuit_controller/share/yubot_purepursuit_controller/environment/ament_prefix_path.dsv
-- Up-to-date symlink: /home/goblue/my_ws/yubot_purepursuit_controller/install/yubot_purepursuit_controller/share/yubot_purepursuit_controller/environment/path.sh
-- Up-to-date symlink: /home/goblue/my_ws/yubot_purepursuit_controller/install/yubot_purepursuit_controller/share/yubot_purepursuit_controller/environment/path.dsv
-- Up-to-date symlink: /home/goblue/my_ws/yubot_purepursuit_controller/install/yubot_purepursuit_controller/share/yubot_purepursuit_controller/local_setup.bash
-- Up-to-date symlink: /home/goblue/my_ws/yubot_purepursuit_controller/install/yubot_purepursuit_controller/share/yubot_purepursuit_controller/local_setup.sh
-- Up-to-date symlink: /home/goblue/my_ws/yubot_purepursuit_controller/install/yubot_purepursuit_controller/share/yubot_purepursuit_controller/local_setup.zsh
-- Up-to-date symlink: /home/goblue/my_ws/yubot_purepursuit_controller/install/yubot_purepursuit_controller/share/yubot_purepursuit_controller/local_setup.dsv
-- Symlinking: /home/goblue/my_ws/yubot_purepursuit_controller/install/yubot_purepursuit_controller/share/yubot_purepursuit_controller/package.dsv
-- Up-to-date symlink: /home/goblue/my_ws/yubot_purepursuit_controller/install/yubot_purepursuit_controller/share/ament_index/resource_index/packages/yubot_purepursuit_controller
-- Up-to-date symlink: /home/goblue/my_ws/yubot_purepursuit_controller/install/yubot_purepursuit_controller/share/ament_index/resource_index/nav2_core__pluginlib__plugin/yubot_purepursuit_controller
-- Up-to-date symlink: /home/goblue/my_ws/yubot_purepursuit_controller/install/yubot_purepursuit_controller/share/yubot_purepursuit_controller/cmake/ament_cmake_export_include_directories-extras.cmake
-- Up-to-date symlink: /home/goblue/my_ws/yubot_purepursuit_controller/install/yubot_purepursuit_controller/share/yubot_purepursuit_controller/cmake/ament_cmake_export_libraries-extras.cmake
-- Up-to-date symlink: /home/goblue/my_ws/yubot_purepursuit_controller/install/yubot_purepursuit_controller/share/yubot_purepursuit_controller/cmake/ament_cmake_export_dependencies-extras.cmake
-- Up-to-date symlink: /home/goblue/my_ws/yubot_purepursuit_controller/install/yubot_purepursuit_controller/share/yubot_purepursuit_controller/cmake/yubot_purepursuit_controllerConfig.cmake
-- Up-to-date symlink: /home/goblue/my_ws/yubot_purepursuit_controller/install/yubot_purepursuit_controller/share/yubot_purepursuit_controller/cmake/yubot_purepursuit_controllerConfig-version.cmake
-- Up-to-date symlink: /home/goblue/my_ws/yubot_purepursuit_controller/install/yubot_purepursuit_controller/share/yubot_purepursuit_controller/package.xml
