[0.011s] Invoking command in '/home/goblue/my_ws/yuBot_cartographer/build/yuBot_cartographer': CMAKE_PREFIX_PATH=${CMAKE_PREFIX_PATH}:/home/goblue/my_ws/bot_description/install/bot_description:/home/goblue/my_ws/install/nav2_simple_commander:/home/goblue/my_ws/install/bot_description:/home/goblue/interbotix_ws/install/interbotix_xs_modules:/home/goblue/interbotix_ws/install/interbotix_common_modules:/opt/ros/humble /usr/bin/cmake --build /home/goblue/my_ws/yuBot_cartographer/build/yuBot_cartographer -- -j20 -l20
[0.071s] Invoked command in '/home/goblue/my_ws/yuBot_cartographer/build/yuBot_cartographer' returned '0': CMAKE_PREFIX_PATH=${CMAKE_PREFIX_PATH}:/home/goblue/my_ws/bot_description/install/bot_description:/home/goblue/my_ws/install/nav2_simple_commander:/home/goblue/my_ws/install/bot_description:/home/goblue/interbotix_ws/install/interbotix_xs_modules:/home/goblue/interbotix_ws/install/interbotix_common_modules:/opt/ros/humble /usr/bin/cmake --build /home/goblue/my_ws/yuBot_cartographer/build/yuBot_cartographer -- -j20 -l20
[0.090s] Invoking command in '/home/goblue/my_ws/yuBot_cartographer/build/yuBot_cartographer': CMAKE_PREFIX_PATH=${CMAKE_PREFIX_PATH}:/home/goblue/my_ws/bot_description/install/bot_description:/home/goblue/my_ws/install/nav2_simple_commander:/home/goblue/my_ws/install/bot_description:/home/goblue/interbotix_ws/install/interbotix_xs_modules:/home/goblue/interbotix_ws/install/interbotix_common_modules:/opt/ros/humble /usr/bin/cmake --install /home/goblue/my_ws/yuBot_cartographer/build/yuBot_cartographer
[0.096s] -- Install configuration: ""
[0.096s] -- Up-to-date: /home/goblue/my_ws/yuBot_cartographer/install/yuBot_cartographer/share/yuBot_cartographer/config
[0.096s] -- Up-to-date: /home/goblue/my_ws/yuBot_cartographer/install/yuBot_cartographer/share/yuBot_cartographer/config/yuBot_2d.lua
[0.096s] -- Up-to-date: /home/goblue/my_ws/yuBot_cartographer/install/yuBot_cartographer/share/yuBot_cartographer/launch
[0.096s] -- Up-to-date: /home/goblue/my_ws/yuBot_cartographer/install/yuBot_cartographer/share/yuBot_cartographer/launch/__pycache__
[0.097s] -- Up-to-date: /home/goblue/my_ws/yuBot_cartographer/install/yuBot_cartographer/share/yuBot_cartographer/launch/__pycache__/cartographer.launch.cpython-310.pyc
[0.097s] -- Up-to-date: /home/goblue/my_ws/yuBot_cartographer/install/yuBot_cartographer/share/yuBot_cartographer/launch/cartographer.launch.py
[0.097s] -- Up-to-date: /home/goblue/my_ws/yuBot_cartographer/install/yuBot_cartographer/share/yuBot_cartographer/rviz
[0.097s] -- Up-to-date: /home/goblue/my_ws/yuBot_cartographer/install/yuBot_cartographer/share/ament_index/resource_index/package_run_dependencies/yuBot_cartographer
[0.097s] -- Up-to-date: /home/goblue/my_ws/yuBot_cartographer/install/yuBot_cartographer/share/ament_index/resource_index/parent_prefix_path/yuBot_cartographer
[0.097s] -- Up-to-date: /home/goblue/my_ws/yuBot_cartographer/install/yuBot_cartographer/share/yuBot_cartographer/environment/ament_prefix_path.sh
[0.097s] -- Up-to-date: /home/goblue/my_ws/yuBot_cartographer/install/yuBot_cartographer/share/yuBot_cartographer/environment/ament_prefix_path.dsv
[0.097s] -- Up-to-date: /home/goblue/my_ws/yuBot_cartographer/install/yuBot_cartographer/share/yuBot_cartographer/environment/path.sh
[0.097s] -- Up-to-date: /home/goblue/my_ws/yuBot_cartographer/install/yuBot_cartographer/share/yuBot_cartographer/environment/path.dsv
[0.097s] -- Up-to-date: /home/goblue/my_ws/yuBot_cartographer/install/yuBot_cartographer/share/yuBot_cartographer/local_setup.bash
[0.098s] -- Up-to-date: /home/goblue/my_ws/yuBot_cartographer/install/yuBot_cartographer/share/yuBot_cartographer/local_setup.sh
[0.098s] -- Up-to-date: /home/goblue/my_ws/yuBot_cartographer/install/yuBot_cartographer/share/yuBot_cartographer/local_setup.zsh
[0.098s] -- Up-to-date: /home/goblue/my_ws/yuBot_cartographer/install/yuBot_cartographer/share/yuBot_cartographer/local_setup.dsv
[0.098s] -- Installing: /home/goblue/my_ws/yuBot_cartographer/install/yuBot_cartographer/share/yuBot_cartographer/package.dsv
[0.098s] -- Up-to-date: /home/goblue/my_ws/yuBot_cartographer/install/yuBot_cartographer/share/ament_index/resource_index/packages/yuBot_cartographer
[0.098s] -- Up-to-date: /home/goblue/my_ws/yuBot_cartographer/install/yuBot_cartographer/share/yuBot_cartographer/cmake/yuBot_cartographerConfig.cmake
[0.098s] -- Up-to-date: /home/goblue/my_ws/yuBot_cartographer/install/yuBot_cartographer/share/yuBot_cartographer/cmake/yuBot_cartographerConfig-version.cmake
[0.098s] -- Up-to-date: /home/goblue/my_ws/yuBot_cartographer/install/yuBot_cartographer/share/yuBot_cartographer/package.xml
[0.100s] Invoked command in '/home/goblue/my_ws/yuBot_cartographer/build/yuBot_cartographer' returned '0': CMAKE_PREFIX_PATH=${CMAKE_PREFIX_PATH}:/home/goblue/my_ws/bot_description/install/bot_description:/home/goblue/my_ws/install/nav2_simple_commander:/home/goblue/my_ws/install/bot_description:/home/goblue/interbotix_ws/install/interbotix_xs_modules:/home/goblue/interbotix_ws/install/interbotix_common_modules:/opt/ros/humble /usr/bin/cmake --install /home/goblue/my_ws/yuBot_cartographer/build/yuBot_cartographer
