[0.183s] DEBUG:colcon:Command line arguments: ['/usr/bin/colcon', 'build']
[0.183s] DEBUG:colcon:Parsed command line arguments: Namespace(log_base=None, log_level=None, verb_name='build', build_base='build', install_base='install', merge_install=False, symlink_install=False, test_result_base=None, continue_on_error=False, executor='parallel', parallel_workers=20, event_handlers=None, ignore_user_meta=False, metas=['./colcon.meta'], base_paths=['.'], packages_ignore=None, packages_ignore_regex=None, paths=None, packages_up_to=None, packages_up_to_regex=None, packages_above=None, packages_above_and_dependencies=None, packages_above_depth=None, packages_select_by_dep=None, packages_skip_by_dep=None, packages_skip_up_to=None, packages_select_build_failed=False, packages_skip_build_finished=False, packages_select_test_failures=False, packages_skip_test_passed=False, packages_select=None, packages_skip=None, packages_select_regex=None, packages_skip_regex=None, packages_start=None, packages_end=None, allow_overriding=[], cmake_args=None, cmake_target=None, cmake_target_skip_unavailable=False, cmake_clean_cache=False, cmake_clean_first=False, cmake_force_configure=False, ament_cmake_args=None, catkin_cmake_args=None, catkin_skip_building_tests=False, mixin_files=None, mixin=None, verb_parser=<colcon_mixin.mixin.mixin_argument.MixinArgumentDecorator object at 0x7f9d34802620>, verb_extension=<colcon_core.verb.build.BuildVerb object at 0x7f9d34801b40>, main=<bound method BuildVerb.main of <colcon_core.verb.build.BuildVerb object at 0x7f9d34801b40>>, mixin_verb=('build',))
[0.281s] Level 1:colcon.colcon_core.package_discovery:discover_packages(colcon_meta) check parameters
[0.281s] Level 1:colcon.colcon_core.package_discovery:discover_packages(recursive) check parameters
[0.281s] Level 1:colcon.colcon_core.package_discovery:discover_packages(ignore) check parameters
[0.281s] Level 1:colcon.colcon_core.package_discovery:discover_packages(path) check parameters
[0.281s] Level 1:colcon.colcon_core.package_discovery:discover_packages(colcon_meta) discover
[0.281s] Level 1:colcon.colcon_core.package_discovery:discover_packages(recursive) discover
[0.281s] INFO:colcon.colcon_core.package_discovery:Crawling recursively for packages in '/home/goblue/my_ws/yuBot_nav2'
[0.281s] Level 1:colcon.colcon_core.package_identification:_identify(.) by extensions ['ignore', 'ignore_ament_install']
[0.281s] Level 1:colcon.colcon_core.package_identification:_identify(.) by extension 'ignore'
[0.281s] Level 1:colcon.colcon_core.package_identification:_identify(.) by extension 'ignore_ament_install'
[0.281s] Level 1:colcon.colcon_core.package_identification:_identify(.) by extensions ['colcon_pkg']
[0.281s] Level 1:colcon.colcon_core.package_identification:_identify(.) by extension 'colcon_pkg'
[0.281s] Level 1:colcon.colcon_core.package_identification:_identify(.) by extensions ['colcon_meta']
[0.281s] Level 1:colcon.colcon_core.package_identification:_identify(.) by extension 'colcon_meta'
[0.281s] Level 1:colcon.colcon_core.package_identification:_identify(.) by extensions ['ros']
[0.281s] Level 1:colcon.colcon_core.package_identification:_identify(.) by extension 'ros'
[0.292s] DEBUG:colcon.colcon_core.package_identification:Package '.' with type 'ros.ament_cmake' and name 'yuBot_nav2'
[0.292s] Level 1:colcon.colcon_core.package_discovery:discover_packages(recursive) using defaults
[0.292s] Level 1:colcon.colcon_core.package_discovery:discover_packages(ignore) discover
[0.292s] Level 1:colcon.colcon_core.package_discovery:discover_packages(ignore) using defaults
[0.292s] Level 1:colcon.colcon_core.package_discovery:discover_packages(path) discover
[0.292s] Level 1:colcon.colcon_core.package_discovery:discover_packages(path) using defaults
[0.307s] Level 1:colcon.colcon_core.package_discovery:discover_packages(prefix_path) check parameters
[0.307s] Level 1:colcon.colcon_core.package_discovery:discover_packages(prefix_path) discover
[0.315s] DEBUG:colcon.colcon_installed_package_information.package_discovery:Found 1 installed packages in /home/goblue/my_ws/bot_description/install
[0.316s] DEBUG:colcon.colcon_installed_package_information.package_discovery:Found 27 installed packages in /home/goblue/interbotix_ws/install
[0.317s] DEBUG:colcon.colcon_installed_package_information.package_discovery:Found 398 installed packages in /opt/ros/humble
[0.318s] Level 1:colcon.colcon_core.package_discovery:discover_packages(prefix_path) using defaults
[0.348s] Level 5:colcon.colcon_core.verb:set package 'yuBot_nav2' build argument 'cmake_args' from command line to 'None'
[0.348s] Level 5:colcon.colcon_core.verb:set package 'yuBot_nav2' build argument 'cmake_target' from command line to 'None'
[0.348s] Level 5:colcon.colcon_core.verb:set package 'yuBot_nav2' build argument 'cmake_target_skip_unavailable' from command line to 'False'
[0.348s] Level 5:colcon.colcon_core.verb:set package 'yuBot_nav2' build argument 'cmake_clean_cache' from command line to 'False'
[0.348s] Level 5:colcon.colcon_core.verb:set package 'yuBot_nav2' build argument 'cmake_clean_first' from command line to 'False'
[0.348s] Level 5:colcon.colcon_core.verb:set package 'yuBot_nav2' build argument 'cmake_force_configure' from command line to 'False'
[0.348s] Level 5:colcon.colcon_core.verb:set package 'yuBot_nav2' build argument 'ament_cmake_args' from command line to 'None'
[0.348s] Level 5:colcon.colcon_core.verb:set package 'yuBot_nav2' build argument 'catkin_cmake_args' from command line to 'None'
[0.348s] Level 5:colcon.colcon_core.verb:set package 'yuBot_nav2' build argument 'catkin_skip_building_tests' from command line to 'False'
[0.348s] DEBUG:colcon.colcon_core.verb:Building package 'yuBot_nav2' with the following arguments: {'ament_cmake_args': None, 'build_base': '/home/goblue/my_ws/yuBot_nav2/build/yuBot_nav2', 'catkin_cmake_args': None, 'catkin_skip_building_tests': False, 'cmake_args': None, 'cmake_clean_cache': False, 'cmake_clean_first': False, 'cmake_force_configure': False, 'cmake_target': None, 'cmake_target_skip_unavailable': False, 'install_base': '/home/goblue/my_ws/yuBot_nav2/install/yuBot_nav2', 'merge_install': False, 'path': '/home/goblue/my_ws/yuBot_nav2', 'symlink_install': False, 'test_result_base': None}
[0.348s] INFO:colcon.colcon_core.executor:Executing jobs using 'parallel' executor
[0.349s] DEBUG:colcon.colcon_parallel_executor.executor.parallel:run_until_complete
[0.349s] INFO:colcon.colcon_ros.task.ament_cmake.build:Building ROS package in '/home/goblue/my_ws/yuBot_nav2' with build type 'ament_cmake'
[0.349s] INFO:colcon.colcon_cmake.task.cmake.build:Building CMake package in '/home/goblue/my_ws/yuBot_nav2'
[0.352s] INFO:colcon.colcon_core.plugin_system:Skipping extension 'colcon_core.shell.bat': Not used on non-Windows systems
[0.352s] INFO:colcon.colcon_core.shell:Skip shell extension 'powershell' for command environment: Not usable outside of PowerShell
[0.352s] DEBUG:colcon.colcon_core.shell:Skip shell extension 'dsv' for command environment
[0.363s] DEBUG:colcon.colcon_core.event_handler.log_command:Invoking command in '/home/goblue/my_ws/yuBot_nav2/build/yuBot_nav2': CMAKE_PREFIX_PATH=${CMAKE_PREFIX_PATH}:/home/goblue/my_ws/bot_description/install/bot_description:/home/goblue/interbotix_ws/install/interbotix_xs_modules:/home/goblue/interbotix_ws/install/interbotix_common_modules:/opt/ros/humble /usr/bin/cmake --build /home/goblue/my_ws/yuBot_nav2/build/yuBot_nav2 -- -j20 -l20
[0.424s] DEBUG:colcon.colcon_core.event_handler.log_command:Invoked command in '/home/goblue/my_ws/yuBot_nav2/build/yuBot_nav2' returned '0': CMAKE_PREFIX_PATH=${CMAKE_PREFIX_PATH}:/home/goblue/my_ws/bot_description/install/bot_description:/home/goblue/interbotix_ws/install/interbotix_xs_modules:/home/goblue/interbotix_ws/install/interbotix_common_modules:/opt/ros/humble /usr/bin/cmake --build /home/goblue/my_ws/yuBot_nav2/build/yuBot_nav2 -- -j20 -l20
[0.443s] DEBUG:colcon.colcon_core.event_handler.log_command:Invoking command in '/home/goblue/my_ws/yuBot_nav2/build/yuBot_nav2': CMAKE_PREFIX_PATH=${CMAKE_PREFIX_PATH}:/home/goblue/my_ws/bot_description/install/bot_description:/home/goblue/interbotix_ws/install/interbotix_xs_modules:/home/goblue/interbotix_ws/install/interbotix_common_modules:/opt/ros/humble /usr/bin/cmake --install /home/goblue/my_ws/yuBot_nav2/build/yuBot_nav2
[0.452s] Level 1:colcon.colcon_core.environment:create_environment_scripts_only(yuBot_nav2)
[0.453s] DEBUG:colcon.colcon_core.event_handler.log_command:Invoked command in '/home/goblue/my_ws/yuBot_nav2/build/yuBot_nav2' returned '0': CMAKE_PREFIX_PATH=${CMAKE_PREFIX_PATH}:/home/goblue/my_ws/bot_description/install/bot_description:/home/goblue/interbotix_ws/install/interbotix_xs_modules:/home/goblue/interbotix_ws/install/interbotix_common_modules:/opt/ros/humble /usr/bin/cmake --install /home/goblue/my_ws/yuBot_nav2/build/yuBot_nav2
[0.455s] Level 1:colcon.colcon_core.environment:checking '/home/goblue/my_ws/yuBot_nav2/install/yuBot_nav2' for CMake module files
[0.455s] Level 1:colcon.colcon_core.environment:checking '/home/goblue/my_ws/yuBot_nav2/install/yuBot_nav2' for CMake config files
[0.455s] Level 1:colcon.colcon_core.shell:create_environment_hook('yuBot_nav2', 'cmake_prefix_path')
[0.455s] INFO:colcon.colcon_core.shell:Creating environment hook '/home/goblue/my_ws/yuBot_nav2/install/yuBot_nav2/share/yuBot_nav2/hook/cmake_prefix_path.ps1'
[0.456s] INFO:colcon.colcon_core.shell:Creating environment descriptor '/home/goblue/my_ws/yuBot_nav2/install/yuBot_nav2/share/yuBot_nav2/hook/cmake_prefix_path.dsv'
[0.456s] INFO:colcon.colcon_core.shell:Creating environment hook '/home/goblue/my_ws/yuBot_nav2/install/yuBot_nav2/share/yuBot_nav2/hook/cmake_prefix_path.sh'
[0.457s] Level 1:colcon.colcon_core.environment:checking '/home/goblue/my_ws/yuBot_nav2/install/yuBot_nav2/bin'
[0.457s] Level 1:colcon.colcon_core.environment:checking '/home/goblue/my_ws/yuBot_nav2/install/yuBot_nav2/lib/pkgconfig/yuBot_nav2.pc'
[0.457s] Level 1:colcon.colcon_core.environment:checking '/home/goblue/my_ws/yuBot_nav2/install/yuBot_nav2/lib/python3.10/site-packages'
[0.457s] Level 1:colcon.colcon_core.environment:checking '/home/goblue/my_ws/yuBot_nav2/install/yuBot_nav2/bin'
[0.457s] INFO:colcon.colcon_core.shell:Creating package script '/home/goblue/my_ws/yuBot_nav2/install/yuBot_nav2/share/yuBot_nav2/package.ps1'
[0.458s] INFO:colcon.colcon_core.shell:Creating package descriptor '/home/goblue/my_ws/yuBot_nav2/install/yuBot_nav2/share/yuBot_nav2/package.dsv'
[0.458s] INFO:colcon.colcon_core.shell:Creating package script '/home/goblue/my_ws/yuBot_nav2/install/yuBot_nav2/share/yuBot_nav2/package.sh'
[0.459s] INFO:colcon.colcon_core.shell:Creating package script '/home/goblue/my_ws/yuBot_nav2/install/yuBot_nav2/share/yuBot_nav2/package.bash'
[0.459s] INFO:colcon.colcon_core.shell:Creating package script '/home/goblue/my_ws/yuBot_nav2/install/yuBot_nav2/share/yuBot_nav2/package.zsh'
[0.460s] Level 1:colcon.colcon_core.environment:create_file_with_runtime_dependencies(/home/goblue/my_ws/yuBot_nav2/install/yuBot_nav2/share/colcon-core/packages/yuBot_nav2)
[0.473s] Level 1:colcon.colcon_core.environment:create_environment_scripts_only(yuBot_nav2)
[0.473s] Level 1:colcon.colcon_core.environment:checking '/home/goblue/my_ws/yuBot_nav2/install/yuBot_nav2' for CMake module files
[0.473s] Level 1:colcon.colcon_core.environment:checking '/home/goblue/my_ws/yuBot_nav2/install/yuBot_nav2' for CMake config files
[0.473s] Level 1:colcon.colcon_core.shell:create_environment_hook('yuBot_nav2', 'cmake_prefix_path')
[0.473s] INFO:colcon.colcon_core.shell:Creating environment hook '/home/goblue/my_ws/yuBot_nav2/install/yuBot_nav2/share/yuBot_nav2/hook/cmake_prefix_path.ps1'
[0.474s] INFO:colcon.colcon_core.shell:Creating environment descriptor '/home/goblue/my_ws/yuBot_nav2/install/yuBot_nav2/share/yuBot_nav2/hook/cmake_prefix_path.dsv'
[0.474s] INFO:colcon.colcon_core.shell:Creating environment hook '/home/goblue/my_ws/yuBot_nav2/install/yuBot_nav2/share/yuBot_nav2/hook/cmake_prefix_path.sh'
[0.474s] Level 1:colcon.colcon_core.environment:checking '/home/goblue/my_ws/yuBot_nav2/install/yuBot_nav2/bin'
[0.474s] Level 1:colcon.colcon_core.environment:checking '/home/goblue/my_ws/yuBot_nav2/install/yuBot_nav2/lib/pkgconfig/yuBot_nav2.pc'
[0.474s] Level 1:colcon.colcon_core.environment:checking '/home/goblue/my_ws/yuBot_nav2/install/yuBot_nav2/lib/python3.10/site-packages'
[0.475s] Level 1:colcon.colcon_core.environment:checking '/home/goblue/my_ws/yuBot_nav2/install/yuBot_nav2/bin'
[0.475s] INFO:colcon.colcon_core.shell:Creating package script '/home/goblue/my_ws/yuBot_nav2/install/yuBot_nav2/share/yuBot_nav2/package.ps1'
[0.475s] INFO:colcon.colcon_core.shell:Creating package descriptor '/home/goblue/my_ws/yuBot_nav2/install/yuBot_nav2/share/yuBot_nav2/package.dsv'
[0.475s] INFO:colcon.colcon_core.shell:Creating package script '/home/goblue/my_ws/yuBot_nav2/install/yuBot_nav2/share/yuBot_nav2/package.sh'
[0.476s] INFO:colcon.colcon_core.shell:Creating package script '/home/goblue/my_ws/yuBot_nav2/install/yuBot_nav2/share/yuBot_nav2/package.bash'
[0.476s] INFO:colcon.colcon_core.shell:Creating package script '/home/goblue/my_ws/yuBot_nav2/install/yuBot_nav2/share/yuBot_nav2/package.zsh'
[0.476s] Level 1:colcon.colcon_core.environment:create_file_with_runtime_dependencies(/home/goblue/my_ws/yuBot_nav2/install/yuBot_nav2/share/colcon-core/packages/yuBot_nav2)
[0.476s] DEBUG:colcon.colcon_parallel_executor.executor.parallel:closing loop
[0.477s] DEBUG:colcon.colcon_parallel_executor.executor.parallel:loop closed
[0.477s] DEBUG:colcon.colcon_parallel_executor.executor.parallel:run_until_complete finished with '0'
[0.477s] DEBUG:colcon.colcon_core.event_reactor:joining thread
[0.480s] INFO:colcon.colcon_core.plugin_system:Skipping extension 'colcon_notification.desktop_notification.terminal_notifier': Not used on non-Darwin systems
[0.480s] INFO:colcon.colcon_core.plugin_system:Skipping extension 'colcon_notification.desktop_notification.win32': Not used on non-Windows systems
[0.480s] INFO:colcon.colcon_notification.desktop_notification:Sending desktop notification using 'notify2'
[0.484s] DEBUG:colcon.colcon_core.event_reactor:joined thread
[0.484s] INFO:colcon.colcon_core.shell:Creating prefix script '/home/goblue/my_ws/yuBot_nav2/install/local_setup.ps1'
[0.485s] INFO:colcon.colcon_core.shell:Creating prefix util module '/home/goblue/my_ws/yuBot_nav2/install/_local_setup_util_ps1.py'
[0.487s] INFO:colcon.colcon_core.shell:Creating prefix chain script '/home/goblue/my_ws/yuBot_nav2/install/setup.ps1'
[0.488s] INFO:colcon.colcon_core.shell:Creating prefix script '/home/goblue/my_ws/yuBot_nav2/install/local_setup.sh'
[0.488s] INFO:colcon.colcon_core.shell:Creating prefix util module '/home/goblue/my_ws/yuBot_nav2/install/_local_setup_util_sh.py'
[0.489s] INFO:colcon.colcon_core.shell:Creating prefix chain script '/home/goblue/my_ws/yuBot_nav2/install/setup.sh'
[0.490s] INFO:colcon.colcon_core.shell:Creating prefix script '/home/goblue/my_ws/yuBot_nav2/install/local_setup.bash'
[0.490s] INFO:colcon.colcon_core.shell:Creating prefix chain script '/home/goblue/my_ws/yuBot_nav2/install/setup.bash'
[0.491s] INFO:colcon.colcon_core.shell:Creating prefix script '/home/goblue/my_ws/yuBot_nav2/install/local_setup.zsh'
[0.492s] INFO:colcon.colcon_core.shell:Creating prefix chain script '/home/goblue/my_ws/yuBot_nav2/install/setup.zsh'
