[0.450s] Invoking command in '/home/goblue/my_ws/bot_description': PYTHONPATH=/home/goblue/my_ws/bot_description/build/bot_description/prefix_override:/usr/lib/python3/dist-packages/colcon_core/task/python/colcon_distutils_commands:/home/goblue/my_ws/bot_description/install/bot_description/lib/python3.10/site-packages:${PYTHONPATH} /usr/bin/python3 -W ignore:setup.py install is deprecated setup.py egg_info --egg-base build/bot_description build --build-base /home/goblue/my_ws/bot_description/build/bot_description/build install --record /home/goblue/my_ws/bot_description/build/bot_description/install.log --single-version-externally-managed install_data
[0.587s] running egg_info
[0.588s] writing build/bot_description/bot_description.egg-info/PKG-INFO
[0.589s] writing dependency_links to build/bot_description/bot_description.egg-info/dependency_links.txt
[0.589s] writing entry points to build/bot_description/bot_description.egg-info/entry_points.txt
[0.590s] writing requirements to build/bot_description/bot_description.egg-info/requires.txt
[0.590s] writing top-level names to build/bot_description/bot_description.egg-info/top_level.txt
[0.591s] reading manifest file 'build/bot_description/bot_description.egg-info/SOURCES.txt'
[0.592s] writing manifest file 'build/bot_description/bot_description.egg-info/SOURCES.txt'
[0.592s] running build
[0.592s] running build_py
[0.592s] running install
[0.592s] running install_lib
[0.593s] running install_data
[0.593s] copying launch/gazebo_display.launch.py -> /home/goblue/my_ws/bot_description/install/bot_description/share/bot_description/launch
[0.594s] copying urdf/yuBot_gazebo_core.xacro -> /home/goblue/my_ws/bot_description/install/bot_description/share/bot_description/urdf
[0.595s] copying urdf/yuBot_sim.xacro -> /home/goblue/my_ws/bot_description/install/bot_description/share/bot_description/urdf
[0.595s] copying urdf/yuBot_base.xacro -> /home/goblue/my_ws/bot_description/install/bot_description/share/bot_description/urdf
[0.595s] running install_egg_info
[0.597s] removing '/home/goblue/my_ws/bot_description/install/bot_description/lib/python3.10/site-packages/bot_description-0.0.0-py3.10.egg-info' (and everything under it)
[0.597s] Copying build/bot_description/bot_description.egg-info to /home/goblue/my_ws/bot_description/install/bot_description/lib/python3.10/site-packages/bot_description-0.0.0-py3.10.egg-info
[0.598s] running install_scripts
[0.612s] Installing rotate_wheels script to /home/goblue/my_ws/bot_description/install/bot_description/lib/bot_description
[0.613s] writing list of installed files to '/home/goblue/my_ws/bot_description/build/bot_description/install.log'
[0.629s] Invoked command in '/home/goblue/my_ws/bot_description' returned '0': PYTHONPATH=/home/goblue/my_ws/bot_description/build/bot_description/prefix_override:/usr/lib/python3/dist-packages/colcon_core/task/python/colcon_distutils_commands:/home/goblue/my_ws/bot_description/install/bot_description/lib/python3.10/site-packages:${PYTHONPATH} /usr/bin/python3 -W ignore:setup.py install is deprecated setup.py egg_info --egg-base build/bot_description build --build-base /home/goblue/my_ws/bot_description/build/bot_description/build install --record /home/goblue/my_ws/bot_description/build/bot_description/install.log --single-version-externally-managed install_data
