[0.013s] Invoking command in '/home/goblue/my_ws/yubot_controller/build/yubot_controller': CMAKE_PREFIX_PATH=${CMAKE_PREFIX_PATH}:/home/goblue/interbotix_ws/install/interbotix_xs_modules:/home/goblue/interbotix_ws/install/interbotix_common_modules:/opt/ros/humble /usr/bin/cmake /home/goblue/my_ws/yubot_controller -DCMAKE_INSTALL_PREFIX=/home/goblue/my_ws/yubot_controller/install/yubot_controller
[0.237s] -- The C compiler identification is GNU 11.4.0
[1.379s] -- The CXX compiler identification is GNU 11.4.0
[2.251s] -- Detecting C compiler ABI info
[2.610s] -- Detecting C compiler ABI info - done
[2.619s] -- Check for working C compiler: /usr/bin/cc - skipped
[2.619s] -- Detecting C compile features
[2.620s] -- Detecting C compile features - done
[2.622s] -- Detecting CXX compiler ABI info
[2.837s] -- Detecting CXX compiler ABI info - done
[2.843s] -- Check for working CXX compiler: /usr/bin/c++ - skipped
[2.843s] -- Detecting CXX compile features
[2.844s] -- Detecting CXX compile features - done
[2.847s] -- Found ament_cmake: 1.3.10 (/opt/ros/humble/share/ament_cmake/cmake)
[2.994s] -- Found Python3: /usr/bin/python3 (found version "3.10.12") found components: Interpreter 
[3.104s] -- Found nav2_common: 1.1.17 (/opt/ros/humble/share/nav2_common/cmake)
[3.106s] -- Found nav2_core: 1.1.17 (/opt/ros/humble/share/nav2_core/cmake)
[3.458s] -- Found rosidl_generator_c: 3.1.5 (/opt/ros/humble/share/rosidl_generator_c/cmake)
[3.469s] -- Found rosidl_adapter: 3.1.5 (/opt/ros/humble/share/rosidl_adapter/cmake)
[3.484s] -- Found rosidl_generator_cpp: 3.1.5 (/opt/ros/humble/share/rosidl_generator_cpp/cmake)
[3.504s] -- Using all available rosidl_typesupport_c: rosidl_typesupport_fastrtps_c;rosidl_typesupport_introspection_c
[3.523s] -- Using all available rosidl_typesupport_cpp: rosidl_typesupport_fastrtps_cpp;rosidl_typesupport_introspection_cpp
[3.584s] -- Found rmw_implementation_cmake: 6.1.2 (/opt/ros/humble/share/rmw_implementation_cmake/cmake)
[3.588s] -- Found rmw_fastrtps_cpp: 6.2.7 (/opt/ros/humble/share/rmw_fastrtps_cpp/cmake)
[6.129s] -- Found OpenSSL: /usr/lib/x86_64-linux-gnu/libcrypto.so (found version "3.0.2")  
[8.485s] -- Found FastRTPS: /opt/ros/humble/include  
[13.878s] -- Using RMW implementation 'rmw_fastrtps_cpp' as default
[13.893s] -- Looking for pthread.h
[14.102s] -- Looking for pthread.h - found
[14.102s] -- Performing Test CMAKE_HAVE_LIBC_PTHREAD
[14.278s] -- Performing Test CMAKE_HAVE_LIBC_PTHREAD - Success
[14.279s] -- Found Threads: TRUE  
[14.695s] -- Found Eigen3: TRUE (found version "3.4.0") 
[14.695s] -- Ensuring Eigen3 include directory is part of orocos-kdl CMake target
[17.543s] -- Found nav2_bringup: 1.1.17 (/opt/ros/humble/share/nav2_bringup/cmake)
[17.543s] -- Setting build type to Release as none was specified.
[17.623s] -- Found ament_lint_auto: 0.12.11 (/opt/ros/humble/share/ament_lint_auto/cmake)
[17.740s] -- Added test 'cppcheck' to perform static code analysis on C / C++ code
[17.740s] -- Configured cppcheck include dirs: /home/goblue/my_ws/yubot_controller/include
[17.740s] -- Configured cppcheck exclude dirs and/or files: 
[17.755s] -- Added test 'cpplint' to check C / C++ code against the Google style
[17.755s] -- Configured cpplint exclude dirs and/or files: 
[17.758s] -- Added test 'flake8' to check Python code syntax and style conventions
[17.763s] -- Added test 'lint_cmake' to check CMake code style
[17.765s] -- Added test 'pep257' to check Python code against some of the docstring style conventions in PEP 257
[17.780s] -- Added test 'uncrustify' to check C / C++ code style
[17.780s] -- Configured uncrustify additional arguments: 
[17.782s] -- Added test 'xmllint' to check XML markup files
[17.786s] -- Configuring done
[17.859s] -- Generating done
[17.861s] -- Build files have been written to: /home/goblue/my_ws/yubot_controller/build/yubot_controller
[17.873s] Invoked command in '/home/goblue/my_ws/yubot_controller/build/yubot_controller' returned '0': CMAKE_PREFIX_PATH=${CMAKE_PREFIX_PATH}:/home/goblue/interbotix_ws/install/interbotix_xs_modules:/home/goblue/interbotix_ws/install/interbotix_common_modules:/opt/ros/humble /usr/bin/cmake /home/goblue/my_ws/yubot_controller -DCMAKE_INSTALL_PREFIX=/home/goblue/my_ws/yubot_controller/install/yubot_controller
[17.876s] Invoking command in '/home/goblue/my_ws/yubot_controller/build/yubot_controller': CMAKE_PREFIX_PATH=${CMAKE_PREFIX_PATH}:/home/goblue/interbotix_ws/install/interbotix_xs_modules:/home/goblue/interbotix_ws/install/interbotix_common_modules:/opt/ros/humble /usr/bin/cmake --build /home/goblue/my_ws/yubot_controller/build/yubot_controller -- -j20 -l20
[17.923s] [ 50%] [32mBuilding CXX object CMakeFiles/yubot_controller.dir/src/pure_controller.cpp.o[0m
[26.278s] [100%] [32m[1mLinking CXX shared library libyubot_controller.so[0m
[26.764s] [100%] Built target yubot_controller
[26.780s] Invoked command in '/home/goblue/my_ws/yubot_controller/build/yubot_controller' returned '0': CMAKE_PREFIX_PATH=${CMAKE_PREFIX_PATH}:/home/goblue/interbotix_ws/install/interbotix_xs_modules:/home/goblue/interbotix_ws/install/interbotix_common_modules:/opt/ros/humble /usr/bin/cmake --build /home/goblue/my_ws/yubot_controller/build/yubot_controller -- -j20 -l20
[26.822s] Invoking command in '/home/goblue/my_ws/yubot_controller/build/yubot_controller': CMAKE_PREFIX_PATH=${CMAKE_PREFIX_PATH}:/home/goblue/interbotix_ws/install/interbotix_xs_modules:/home/goblue/interbotix_ws/install/interbotix_common_modules:/opt/ros/humble /usr/bin/cmake --install /home/goblue/my_ws/yubot_controller/build/yubot_controller
[26.827s] -- Install configuration: "Release"
[26.827s] -- Installing: /home/goblue/my_ws/yubot_controller/install/yubot_controller/lib/libyubot_controller.so
[26.828s] -- Set runtime path of "/home/goblue/my_ws/yubot_controller/install/yubot_controller/lib/libyubot_controller.so" to ""
[26.828s] -- Installing: /home/goblue/my_ws/yubot_controller/install/yubot_controller/include/
[26.828s] -- Installing: /home/goblue/my_ws/yubot_controller/install/yubot_controller/include//Yubot_controller
[26.828s] -- Installing: /home/goblue/my_ws/yubot_controller/install/yubot_controller/share/yubot_controller/launch
[26.829s] -- Installing: /home/goblue/my_ws/yubot_controller/install/yubot_controller/share/yubot_controller/launch/bringup.launch.py
[26.829s] -- Installing: /home/goblue/my_ws/yubot_controller/install/yubot_controller/share/yubot_controller/params
[26.829s] -- Installing: /home/goblue/my_ws/yubot_controller/install/yubot_controller/share/yubot_controller/params/yuBot_nav2.yaml
[26.829s] -- Installing: /home/goblue/my_ws/yubot_controller/install/yubot_controller/share/yubot_controller/params/PurePursuit.yaml
[26.829s] -- Installing: /home/goblue/my_ws/yubot_controller/install/yubot_controller/share/yubot_controller/maps
[26.830s] -- Installing: /home/goblue/my_ws/yubot_controller/install/yubot_controller/share/yubot_controller/maps/house.pgm
[26.830s] -- Installing: /home/goblue/my_ws/yubot_controller/install/yubot_controller/share/yubot_controller/maps/house.yaml
[26.830s] -- Installing: /home/goblue/my_ws/yubot_controller/install/yubot_controller/share/yubot_controller/environment/library_path.sh
[26.831s] -- Installing: /home/goblue/my_ws/yubot_controller/install/yubot_controller/share/yubot_controller/environment/library_path.dsv
[26.831s] -- Installing: /home/goblue/my_ws/yubot_controller/install/yubot_controller/share/yubot_controller/plugin.xml
[26.831s] -- Installing: /home/goblue/my_ws/yubot_controller/install/yubot_controller/share/ament_index/resource_index/package_run_dependencies/yubot_controller
[26.832s] -- Installing: /home/goblue/my_ws/yubot_controller/install/yubot_controller/share/ament_index/resource_index/parent_prefix_path/yubot_controller
[26.832s] -- Installing: /home/goblue/my_ws/yubot_controller/install/yubot_controller/share/yubot_controller/environment/ament_prefix_path.sh
[26.832s] -- Installing: /home/goblue/my_ws/yubot_controller/install/yubot_controller/share/yubot_controller/environment/ament_prefix_path.dsv
[26.833s] -- Installing: /home/goblue/my_ws/yubot_controller/install/yubot_controller/share/yubot_controller/environment/path.sh
[26.833s] -- Installing: /home/goblue/my_ws/yubot_controller/install/yubot_controller/share/yubot_controller/environment/path.dsv
[26.833s] -- Installing: /home/goblue/my_ws/yubot_controller/install/yubot_controller/share/yubot_controller/local_setup.bash
[26.833s] -- Installing: /home/goblue/my_ws/yubot_controller/install/yubot_controller/share/yubot_controller/local_setup.sh
[26.833s] -- Installing: /home/goblue/my_ws/yubot_controller/install/yubot_controller/share/yubot_controller/local_setup.zsh
[26.833s] -- Installing: /home/goblue/my_ws/yubot_controller/install/yubot_controller/share/yubot_controller/local_setup.dsv
[26.833s] -- Installing: /home/goblue/my_ws/yubot_controller/install/yubot_controller/share/yubot_controller/package.dsv
[26.834s] -- Installing: /home/goblue/my_ws/yubot_controller/install/yubot_controller/share/ament_index/resource_index/packages/yubot_controller
[26.834s] -- Installing: /home/goblue/my_ws/yubot_controller/install/yubot_controller/share/ament_index/resource_index/nav2_core__pluginlib__plugin/yubot_controller
[26.834s] -- Installing: /home/goblue/my_ws/yubot_controller/install/yubot_controller/share/yubot_controller/cmake/ament_cmake_export_include_directories-extras.cmake
[26.835s] -- Installing: /home/goblue/my_ws/yubot_controller/install/yubot_controller/share/yubot_controller/cmake/ament_cmake_export_libraries-extras.cmake
[26.835s] -- Installing: /home/goblue/my_ws/yubot_controller/install/yubot_controller/share/yubot_controller/cmake/ament_cmake_export_dependencies-extras.cmake
[26.835s] -- Installing: /home/goblue/my_ws/yubot_controller/install/yubot_controller/share/yubot_controller/cmake/yubot_controllerConfig.cmake
[26.835s] -- Installing: /home/goblue/my_ws/yubot_controller/install/yubot_controller/share/yubot_controller/cmake/yubot_controllerConfig-version.cmake
[26.835s] -- Installing: /home/goblue/my_ws/yubot_controller/install/yubot_controller/share/yubot_controller/package.xml
[26.837s] Invoked command in '/home/goblue/my_ws/yubot_controller/build/yubot_controller' returned '0': CMAKE_PREFIX_PATH=${CMAKE_PREFIX_PATH}:/home/goblue/interbotix_ws/install/interbotix_xs_modules:/home/goblue/interbotix_ws/install/interbotix_common_modules:/opt/ros/humble /usr/bin/cmake --install /home/goblue/my_ws/yubot_controller/build/yubot_controller
