[0.012s] Invoking command in '/home/goblue/my_ws/Yubot_controller/build/Yubot_controller': CMAKE_PREFIX_PATH=${CMAKE_PREFIX_PATH}:/home/goblue/interbotix_ws/install/interbotix_xs_modules:/home/goblue/interbotix_ws/install/interbotix_common_modules:/opt/ros/humble /usr/bin/cmake /home/goblue/my_ws/Yubot_controller -DCMAKE_INSTALL_PREFIX=/home/goblue/my_ws/Yubot_controller/install/Yubot_controller
[0.466s] -- The C compiler identification is GNU 11.4.0
[2.058s] -- The CXX compiler identification is GNU 11.4.0
[2.929s] -- Detecting C compiler ABI info
[3.293s] -- Detecting C compiler ABI info - done
[3.299s] -- Check for working C compiler: /usr/bin/cc - skipped
[3.301s] -- Detecting C compile features
[3.301s] -- Detecting C compile features - done
[3.305s] -- Detecting CXX compiler ABI info
[3.562s] -- Detecting CXX compiler ABI info - done
[3.568s] -- Check for working CXX compiler: /usr/bin/c++ - skipped
[3.568s] -- Detecting CXX compile features
[3.569s] -- Detecting CXX compile features - done
[3.594s] -- Found ament_cmake: 1.3.10 (/opt/ros/humble/share/ament_cmake/cmake)
[3.719s] -- Found Python3: /usr/bin/python3 (found version "3.10.12") found components: Interpreter 
[3.843s] -- Found nav2_common: 1.1.17 (/opt/ros/humble/share/nav2_common/cmake)
[3.847s] -- Found nav2_core: 1.1.17 (/opt/ros/humble/share/nav2_core/cmake)
[4.305s] -- Found rosidl_generator_c: 3.1.5 (/opt/ros/humble/share/rosidl_generator_c/cmake)
[4.315s] -- Found rosidl_adapter: 3.1.5 (/opt/ros/humble/share/rosidl_adapter/cmake)
[4.330s] -- Found rosidl_generator_cpp: 3.1.5 (/opt/ros/humble/share/rosidl_generator_cpp/cmake)
[4.351s] -- Using all available rosidl_typesupport_c: rosidl_typesupport_fastrtps_c;rosidl_typesupport_introspection_c
[4.377s] -- Using all available rosidl_typesupport_cpp: rosidl_typesupport_fastrtps_cpp;rosidl_typesupport_introspection_cpp
[4.453s] -- Found rmw_implementation_cmake: 6.1.2 (/opt/ros/humble/share/rmw_implementation_cmake/cmake)
[4.459s] -- Found rmw_fastrtps_cpp: 6.2.7 (/opt/ros/humble/share/rmw_fastrtps_cpp/cmake)
[7.495s] -- Found OpenSSL: /usr/lib/x86_64-linux-gnu/libcrypto.so (found version "3.0.2")  
[10.767s] -- Found FastRTPS: /opt/ros/humble/include  
[17.017s] -- Using RMW implementation 'rmw_fastrtps_cpp' as default
[17.048s] -- Looking for pthread.h
[17.242s] -- Looking for pthread.h - found
[17.242s] -- Performing Test CMAKE_HAVE_LIBC_PTHREAD
[17.583s] -- Performing Test CMAKE_HAVE_LIBC_PTHREAD - Success
[17.584s] -- Found Threads: TRUE  
[18.194s] -- Found Eigen3: TRUE (found version "3.4.0") 
[18.194s] -- Ensuring Eigen3 include directory is part of orocos-kdl CMake target
[21.324s] -- Found nav2_bringup: 1.1.17 (/opt/ros/humble/share/nav2_bringup/cmake)
[21.324s] -- Setting build type to Release as none was specified.
[21.426s] -- Found ament_lint_auto: 0.12.11 (/opt/ros/humble/share/ament_lint_auto/cmake)
[21.480s] WARNING: Package name "Yubot_controller" does not follow the naming conventions. It should start with a lower case letter and only contain lower case letters, digits, underscores, and dashes.
[21.536s] -- Added test 'cppcheck' to perform static code analysis on C / C++ code
[21.537s] -- Configured cppcheck include dirs: /home/goblue/my_ws/Yubot_controller/include
[21.537s] -- Configured cppcheck exclude dirs and/or files: 
[21.548s] -- Added test 'cpplint' to check C / C++ code against the Google style
[21.549s] -- Configured cpplint exclude dirs and/or files: 
[21.551s] -- Added test 'flake8' to check Python code syntax and style conventions
[21.555s] -- Added test 'lint_cmake' to check CMake code style
[21.558s] -- Added test 'pep257' to check Python code against some of the docstring style conventions in PEP 257
[21.570s] -- Added test 'uncrustify' to check C / C++ code style
[21.570s] -- Configured uncrustify additional arguments: 
[21.573s] -- Added test 'xmllint' to check XML markup files
[21.580s] -- Configuring done
[21.673s] -- Generating done
[21.675s] -- Build files have been written to: /home/goblue/my_ws/Yubot_controller/build/Yubot_controller
[21.687s] Invoked command in '/home/goblue/my_ws/Yubot_controller/build/Yubot_controller' returned '0': CMAKE_PREFIX_PATH=${CMAKE_PREFIX_PATH}:/home/goblue/interbotix_ws/install/interbotix_xs_modules:/home/goblue/interbotix_ws/install/interbotix_common_modules:/opt/ros/humble /usr/bin/cmake /home/goblue/my_ws/Yubot_controller -DCMAKE_INSTALL_PREFIX=/home/goblue/my_ws/Yubot_controller/install/Yubot_controller
[21.689s] Invoking command in '/home/goblue/my_ws/Yubot_controller/build/Yubot_controller': CMAKE_PREFIX_PATH=${CMAKE_PREFIX_PATH}:/home/goblue/interbotix_ws/install/interbotix_xs_modules:/home/goblue/interbotix_ws/install/interbotix_common_modules:/opt/ros/humble /usr/bin/cmake --build /home/goblue/my_ws/Yubot_controller/build/Yubot_controller -- -j20 -l20
[21.731s] [ 50%] [32mBuilding CXX object CMakeFiles/Yubot_controller.dir/src/pure_controller.cpp.o[0m
[29.216s] [100%] [32m[1mLinking CXX shared library libYubot_controller.so[0m
[29.688s] [100%] Built target Yubot_controller
[29.697s] Invoked command in '/home/goblue/my_ws/Yubot_controller/build/Yubot_controller' returned '0': CMAKE_PREFIX_PATH=${CMAKE_PREFIX_PATH}:/home/goblue/interbotix_ws/install/interbotix_xs_modules:/home/goblue/interbotix_ws/install/interbotix_common_modules:/opt/ros/humble /usr/bin/cmake --build /home/goblue/my_ws/Yubot_controller/build/Yubot_controller -- -j20 -l20
[29.727s] Invoking command in '/home/goblue/my_ws/Yubot_controller/build/Yubot_controller': CMAKE_PREFIX_PATH=${CMAKE_PREFIX_PATH}:/home/goblue/interbotix_ws/install/interbotix_xs_modules:/home/goblue/interbotix_ws/install/interbotix_common_modules:/opt/ros/humble /usr/bin/cmake --install /home/goblue/my_ws/Yubot_controller/build/Yubot_controller
[29.733s] -- Install configuration: "Release"
[29.733s] -- Installing: /home/goblue/my_ws/Yubot_controller/install/Yubot_controller/lib/libYubot_controller.so
[29.734s] -- Set runtime path of "/home/goblue/my_ws/Yubot_controller/install/Yubot_controller/lib/libYubot_controller.so" to ""
[29.734s] -- Up-to-date: /home/goblue/my_ws/Yubot_controller/install/Yubot_controller/include/
[29.734s] -- Up-to-date: /home/goblue/my_ws/Yubot_controller/install/Yubot_controller/include//Yubot_controller
[29.734s] -- Up-to-date: /home/goblue/my_ws/Yubot_controller/install/Yubot_controller/share/Yubot_controller/launch
[29.735s] -- Up-to-date: /home/goblue/my_ws/Yubot_controller/install/Yubot_controller/share/Yubot_controller/launch/bringup.launch.py
[29.735s] -- Up-to-date: /home/goblue/my_ws/Yubot_controller/install/Yubot_controller/share/Yubot_controller/params
[29.735s] -- Up-to-date: /home/goblue/my_ws/Yubot_controller/install/Yubot_controller/share/Yubot_controller/params/yuBot_nav2.yaml
[29.735s] -- Up-to-date: /home/goblue/my_ws/Yubot_controller/install/Yubot_controller/share/Yubot_controller/params/PurePursuit.yaml
[29.735s] -- Up-to-date: /home/goblue/my_ws/Yubot_controller/install/Yubot_controller/share/Yubot_controller/maps
[29.736s] -- Up-to-date: /home/goblue/my_ws/Yubot_controller/install/Yubot_controller/share/Yubot_controller/maps/house.pgm
[29.736s] -- Up-to-date: /home/goblue/my_ws/Yubot_controller/install/Yubot_controller/share/Yubot_controller/maps/house.yaml
[29.736s] -- Up-to-date: /home/goblue/my_ws/Yubot_controller/install/Yubot_controller/share/Yubot_controller/environment/library_path.sh
[29.736s] -- Installing: /home/goblue/my_ws/Yubot_controller/install/Yubot_controller/share/Yubot_controller/environment/library_path.dsv
[29.736s] -- Up-to-date: /home/goblue/my_ws/Yubot_controller/install/Yubot_controller/share/Yubot_controller/plugin.xml
[29.736s] -- Installing: /home/goblue/my_ws/Yubot_controller/install/Yubot_controller/share/ament_index/resource_index/package_run_dependencies/Yubot_controller
[29.736s] -- Installing: /home/goblue/my_ws/Yubot_controller/install/Yubot_controller/share/ament_index/resource_index/parent_prefix_path/Yubot_controller
[29.736s] -- Up-to-date: /home/goblue/my_ws/Yubot_controller/install/Yubot_controller/share/Yubot_controller/environment/ament_prefix_path.sh
[29.736s] -- Installing: /home/goblue/my_ws/Yubot_controller/install/Yubot_controller/share/Yubot_controller/environment/ament_prefix_path.dsv
[29.737s] -- Up-to-date: /home/goblue/my_ws/Yubot_controller/install/Yubot_controller/share/Yubot_controller/environment/path.sh
[29.737s] -- Installing: /home/goblue/my_ws/Yubot_controller/install/Yubot_controller/share/Yubot_controller/environment/path.dsv
[29.737s] -- Installing: /home/goblue/my_ws/Yubot_controller/install/Yubot_controller/share/Yubot_controller/local_setup.bash
[29.737s] -- Installing: /home/goblue/my_ws/Yubot_controller/install/Yubot_controller/share/Yubot_controller/local_setup.sh
[29.737s] -- Installing: /home/goblue/my_ws/Yubot_controller/install/Yubot_controller/share/Yubot_controller/local_setup.zsh
[29.737s] -- Installing: /home/goblue/my_ws/Yubot_controller/install/Yubot_controller/share/Yubot_controller/local_setup.dsv
[29.738s] -- Installing: /home/goblue/my_ws/Yubot_controller/install/Yubot_controller/share/Yubot_controller/package.dsv
[29.738s] -- Installing: /home/goblue/my_ws/Yubot_controller/install/Yubot_controller/share/ament_index/resource_index/packages/Yubot_controller
[29.738s] -- Installing: /home/goblue/my_ws/Yubot_controller/install/Yubot_controller/share/ament_index/resource_index/nav2_core__pluginlib__plugin/Yubot_controller
[29.738s] -- Installing: /home/goblue/my_ws/Yubot_controller/install/Yubot_controller/share/Yubot_controller/cmake/ament_cmake_export_include_directories-extras.cmake
[29.739s] -- Installing: /home/goblue/my_ws/Yubot_controller/install/Yubot_controller/share/Yubot_controller/cmake/ament_cmake_export_libraries-extras.cmake
[29.739s] -- Installing: /home/goblue/my_ws/Yubot_controller/install/Yubot_controller/share/Yubot_controller/cmake/ament_cmake_export_dependencies-extras.cmake
[29.739s] -- Installing: /home/goblue/my_ws/Yubot_controller/install/Yubot_controller/share/Yubot_controller/cmake/Yubot_controllerConfig.cmake
[29.739s] -- Installing: /home/goblue/my_ws/Yubot_controller/install/Yubot_controller/share/Yubot_controller/cmake/Yubot_controllerConfig-version.cmake
[29.739s] -- Up-to-date: /home/goblue/my_ws/Yubot_controller/install/Yubot_controller/share/Yubot_controller/package.xml
[29.740s] Invoked command in '/home/goblue/my_ws/Yubot_controller/build/Yubot_controller' returned '0': CMAKE_PREFIX_PATH=${CMAKE_PREFIX_PATH}:/home/goblue/interbotix_ws/install/interbotix_xs_modules:/home/goblue/interbotix_ws/install/interbotix_common_modules:/opt/ros/humble /usr/bin/cmake --install /home/goblue/my_ws/Yubot_controller/build/Yubot_controller
