[0.491s] Invoking command in '/home/goblue/my_ws/bot_description': PYTHONPATH=/home/goblue/my_ws/bot_description/build/bot_description/prefix_override:/usr/lib/python3/dist-packages/colcon_core/task/python/colcon_distutils_commands:/home/goblue/my_ws/bot_description/install/bot_description/lib/python3.10/site-packages:${PYTHONPATH} /usr/bin/python3 -W ignore:setup.py install is deprecated setup.py egg_info --egg-base build/bot_description build --build-base /home/goblue/my_ws/bot_description/build/bot_description/build install --record /home/goblue/my_ws/bot_description/build/bot_description/install.log --single-version-externally-managed install_data
[0.635s] running egg_info
[0.635s] writing build/bot_description/bot_description.egg-info/PKG-INFO
[0.635s] writing dependency_links to build/bot_description/bot_description.egg-info/dependency_links.txt
[0.636s] writing entry points to build/bot_description/bot_description.egg-info/entry_points.txt
[0.636s] writing requirements to build/bot_description/bot_description.egg-info/requires.txt
[0.636s] writing top-level names to build/bot_description/bot_description.egg-info/top_level.txt
[0.638s] reading manifest file 'build/bot_description/bot_description.egg-info/SOURCES.txt'
[0.639s] writing manifest file 'build/bot_description/bot_description.egg-info/SOURCES.txt'
[0.639s] running build
[0.639s] running build_py
[0.639s] running install
[0.639s] running install_lib
[0.640s] running install_data
[0.641s] copying launch/gazebo_display.launch.py -> /home/goblue/my_ws/bot_description/install/bot_description/share/bot_description/launch
[0.641s] running install_egg_info
[0.642s] removing '/home/goblue/my_ws/bot_description/install/bot_description/lib/python3.10/site-packages/bot_description-0.0.0-py3.10.egg-info' (and everything under it)
[0.643s] Copying build/bot_description/bot_description.egg-info to /home/goblue/my_ws/bot_description/install/bot_description/lib/python3.10/site-packages/bot_description-0.0.0-py3.10.egg-info
[0.644s] running install_scripts
[0.657s] Installing rotate_wheels script to /home/goblue/my_ws/bot_description/install/bot_description/lib/bot_description
[0.657s] writing list of installed files to '/home/goblue/my_ws/bot_description/build/bot_description/install.log'
[0.675s] Invoked command in '/home/goblue/my_ws/bot_description' returned '0': PYTHONPATH=/home/goblue/my_ws/bot_description/build/bot_description/prefix_override:/usr/lib/python3/dist-packages/colcon_core/task/python/colcon_distutils_commands:/home/goblue/my_ws/bot_description/install/bot_description/lib/python3.10/site-packages:${PYTHONPATH} /usr/bin/python3 -W ignore:setup.py install is deprecated setup.py egg_info --egg-base build/bot_description build --build-base /home/goblue/my_ws/bot_description/build/bot_description/build install --record /home/goblue/my_ws/bot_description/build/bot_description/install.log --single-version-externally-managed install_data
