[0.027s] Invoking command in '/home/goblue/my_ws/build/nav2_common': CMAKE_PREFIX_PATH=${CMAKE_PREFIX_PATH}:/home/goblue/my_ws/install/bot_description:/home/goblue/interbotix_ws/install/interbotix_xs_modules:/home/goblue/interbotix_ws/install/interbotix_common_modules:/home/goblue/ros2_ws/install/rse_gaussian_filters:/opt/ros/humble /usr/bin/cmake /home/goblue/my_ws/navigation2/nav2_common -DCMAKE_INSTALL_PREFIX=/home/goblue/my_ws/install/nav2_common
[0.205s] -- Found ament_cmake_core: 1.3.10 (/opt/ros/humble/share/ament_cmake_core/cmake)
[0.209s] -- Found Python3: /usr/bin/python3 (found version "3.10.12") found components: Interpreter 
[0.265s] -- Found ament_cmake_python: 1.3.10 (/opt/ros/humble/share/ament_cmake_python/cmake)
[0.370s] -- Configuring done
[0.377s] -- Generating done
[0.377s] -- Build files have been written to: /home/goblue/my_ws/build/nav2_common
[0.379s] Invoked command in '/home/goblue/my_ws/build/nav2_common' returned '0': CMAKE_PREFIX_PATH=${CMAKE_PREFIX_PATH}:/home/goblue/my_ws/install/bot_description:/home/goblue/interbotix_ws/install/interbotix_xs_modules:/home/goblue/interbotix_ws/install/interbotix_common_modules:/home/goblue/ros2_ws/install/rse_gaussian_filters:/opt/ros/humble /usr/bin/cmake /home/goblue/my_ws/navigation2/nav2_common -DCMAKE_INSTALL_PREFIX=/home/goblue/my_ws/install/nav2_common
[0.380s] Invoking command in '/home/goblue/my_ws/build/nav2_common': CMAKE_PREFIX_PATH=${CMAKE_PREFIX_PATH}:/home/goblue/my_ws/install/bot_description:/home/goblue/interbotix_ws/install/interbotix_xs_modules:/home/goblue/interbotix_ws/install/interbotix_common_modules:/home/goblue/ros2_ws/install/rse_gaussian_filters:/opt/ros/humble /usr/bin/cmake --build /home/goblue/my_ws/build/nav2_common -- -j20 -l20
[0.411s] Built target ament_cmake_python_copy_nav2_common
[0.551s] running egg_info
[0.551s] creating nav2_common.egg-info
[0.551s] writing nav2_common.egg-info/PKG-INFO
[0.551s] writing dependency_links to nav2_common.egg-info/dependency_links.txt
[0.551s] writing top-level names to nav2_common.egg-info/top_level.txt
[0.552s] writing manifest file 'nav2_common.egg-info/SOURCES.txt'
[0.553s] reading manifest file 'nav2_common.egg-info/SOURCES.txt'
[0.553s] writing manifest file 'nav2_common.egg-info/SOURCES.txt'
[0.570s] Built target ament_cmake_python_build_nav2_common_egg
[0.577s] Invoked command in '/home/goblue/my_ws/build/nav2_common' returned '0': CMAKE_PREFIX_PATH=${CMAKE_PREFIX_PATH}:/home/goblue/my_ws/install/bot_description:/home/goblue/interbotix_ws/install/interbotix_xs_modules:/home/goblue/interbotix_ws/install/interbotix_common_modules:/home/goblue/ros2_ws/install/rse_gaussian_filters:/opt/ros/humble /usr/bin/cmake --build /home/goblue/my_ws/build/nav2_common -- -j20 -l20
[0.590s] Invoking command in '/home/goblue/my_ws/build/nav2_common': CMAKE_PREFIX_PATH=${CMAKE_PREFIX_PATH}:/home/goblue/my_ws/install/bot_description:/home/goblue/interbotix_ws/install/interbotix_xs_modules:/home/goblue/interbotix_ws/install/interbotix_common_modules:/home/goblue/ros2_ws/install/rse_gaussian_filters:/opt/ros/humble /usr/bin/cmake --install /home/goblue/my_ws/build/nav2_common
[0.593s] -- Install configuration: ""
[0.594s] -- Installing: /home/goblue/my_ws/install/nav2_common/share/nav2_common/environment/pythonpath.sh
[0.594s] -- Installing: /home/goblue/my_ws/install/nav2_common/share/nav2_common/environment/pythonpath.dsv
[0.594s] -- Installing: /home/goblue/my_ws/install/nav2_common/local/lib/python3.10/dist-packages/nav2_common-1.1.17-py3.10.egg-info
[0.594s] -- Installing: /home/goblue/my_ws/install/nav2_common/local/lib/python3.10/dist-packages/nav2_common-1.1.17-py3.10.egg-info/top_level.txt
[0.595s] -- Installing: /home/goblue/my_ws/install/nav2_common/local/lib/python3.10/dist-packages/nav2_common-1.1.17-py3.10.egg-info/SOURCES.txt
[0.595s] -- Installing: /home/goblue/my_ws/install/nav2_common/local/lib/python3.10/dist-packages/nav2_common-1.1.17-py3.10.egg-info/dependency_links.txt
[0.595s] -- Installing: /home/goblue/my_ws/install/nav2_common/local/lib/python3.10/dist-packages/nav2_common-1.1.17-py3.10.egg-info/PKG-INFO
[0.595s] -- Installing: /home/goblue/my_ws/install/nav2_common/local/lib/python3.10/dist-packages/nav2_common
[0.595s] -- Installing: /home/goblue/my_ws/install/nav2_common/local/lib/python3.10/dist-packages/nav2_common/__init__.py
[0.595s] -- Installing: /home/goblue/my_ws/install/nav2_common/local/lib/python3.10/dist-packages/nav2_common/launch
[0.596s] -- Installing: /home/goblue/my_ws/install/nav2_common/local/lib/python3.10/dist-packages/nav2_common/launch/__init__.py
[0.596s] -- Installing: /home/goblue/my_ws/install/nav2_common/local/lib/python3.10/dist-packages/nav2_common/launch/rewritten_yaml.py
[0.596s] -- Installing: /home/goblue/my_ws/install/nav2_common/local/lib/python3.10/dist-packages/nav2_common/launch/parse_multirobot_pose.py
[0.596s] -- Installing: /home/goblue/my_ws/install/nav2_common/local/lib/python3.10/dist-packages/nav2_common/launch/has_node_params.py
[0.596s] -- Installing: /home/goblue/my_ws/install/nav2_common/local/lib/python3.10/dist-packages/nav2_common/launch/replace_string.py
[0.618s] Listing '/home/goblue/my_ws/install/nav2_common/local/lib/python3.10/dist-packages/nav2_common'...
[0.618s] Compiling '/home/goblue/my_ws/install/nav2_common/local/lib/python3.10/dist-packages/nav2_common/__init__.py'...
[0.618s] Listing '/home/goblue/my_ws/install/nav2_common/local/lib/python3.10/dist-packages/nav2_common/launch'...
[0.618s] Compiling '/home/goblue/my_ws/install/nav2_common/local/lib/python3.10/dist-packages/nav2_common/launch/__init__.py'...
[0.618s] Compiling '/home/goblue/my_ws/install/nav2_common/local/lib/python3.10/dist-packages/nav2_common/launch/has_node_params.py'...
[0.618s] Compiling '/home/goblue/my_ws/install/nav2_common/local/lib/python3.10/dist-packages/nav2_common/launch/parse_multirobot_pose.py'...
[0.618s] Compiling '/home/goblue/my_ws/install/nav2_common/local/lib/python3.10/dist-packages/nav2_common/launch/replace_string.py'...
[0.618s] Compiling '/home/goblue/my_ws/install/nav2_common/local/lib/python3.10/dist-packages/nav2_common/launch/rewritten_yaml.py'...
[0.621s] -- Installing: /home/goblue/my_ws/install/nav2_common/share/ament_index/resource_index/package_run_dependencies/nav2_common
[0.621s] -- Installing: /home/goblue/my_ws/install/nav2_common/share/ament_index/resource_index/parent_prefix_path/nav2_common
[0.621s] -- Installing: /home/goblue/my_ws/install/nav2_common/share/nav2_common/environment/ament_prefix_path.sh
[0.621s] -- Installing: /home/goblue/my_ws/install/nav2_common/share/nav2_common/environment/ament_prefix_path.dsv
[0.622s] -- Installing: /home/goblue/my_ws/install/nav2_common/share/nav2_common/environment/path.sh
[0.622s] -- Installing: /home/goblue/my_ws/install/nav2_common/share/nav2_common/environment/path.dsv
[0.622s] -- Installing: /home/goblue/my_ws/install/nav2_common/share/nav2_common/local_setup.bash
[0.622s] -- Installing: /home/goblue/my_ws/install/nav2_common/share/nav2_common/local_setup.sh
[0.622s] -- Installing: /home/goblue/my_ws/install/nav2_common/share/nav2_common/local_setup.zsh
[0.622s] -- Installing: /home/goblue/my_ws/install/nav2_common/share/nav2_common/local_setup.dsv
[0.622s] -- Installing: /home/goblue/my_ws/install/nav2_common/share/nav2_common/package.dsv
[0.622s] -- Installing: /home/goblue/my_ws/install/nav2_common/share/ament_index/resource_index/packages/nav2_common
[0.622s] -- Installing: /home/goblue/my_ws/install/nav2_common/share/nav2_common/cmake/nav2_common-extras.cmake
[0.623s] -- Installing: /home/goblue/my_ws/install/nav2_common/share/nav2_common/cmake/nav2_commonConfig.cmake
[0.623s] -- Installing: /home/goblue/my_ws/install/nav2_common/share/nav2_common/cmake/nav2_commonConfig-version.cmake
[0.623s] -- Installing: /home/goblue/my_ws/install/nav2_common/share/nav2_common/package.xml
[0.623s] -- Up-to-date: /home/goblue/my_ws/install/nav2_common/share/nav2_common/cmake
[0.623s] -- Installing: /home/goblue/my_ws/install/nav2_common/share/nav2_common/cmake/nav2_package.cmake
[0.624s] Invoked command in '/home/goblue/my_ws/build/nav2_common' returned '0': CMAKE_PREFIX_PATH=${CMAKE_PREFIX_PATH}:/home/goblue/my_ws/install/bot_description:/home/goblue/interbotix_ws/install/interbotix_xs_modules:/home/goblue/interbotix_ws/install/interbotix_common_modules:/home/goblue/ros2_ws/install/rse_gaussian_filters:/opt/ros/humble /usr/bin/cmake --install /home/goblue/my_ws/build/nav2_common
