[0.207s] Invoking command in '/home/goblue/my_ws/build/dwb_msgs': AMENT_PREFIX_PATH=/home/goblue/my_ws/install/nav_2d_msgs:${AMENT_PREFIX_PATH} CMAKE_PREFIX_PATH=/home/goblue/my_ws/install/nav_2d_msgs:/home/goblue/my_ws/install/yuBot_cartographer:/home/goblue/my_ws/yuBot_nav2/install/yuBot_nav2:/home/goblue/interbotix_ws/install/interbotix_ros_xsarms_examples:/home/goblue/interbotix_ws/install/interbotix_xsarm_moveit_interface:/home/goblue/interbotix_ws/install/interbotix_moveit_interface:/home/goblue/interbotix_ws/install/moveit_visual_tools:/home/goblue/interbotix_ws/install/interbotix_ros_xsarms:/home/goblue/interbotix_ws/install/interbotix_xsarm_moveit:/home/goblue/interbotix_ws/install/interbotix_xsarm_sim:/home/goblue/interbotix_ws/install/interbotix_xsarm_ros_control:/home/goblue/interbotix_ws/install/interbotix_xsarm_puppet:/home/goblue/interbotix_ws/install/interbotix_xsarm_joy:/home/goblue/interbotix_ws/install/interbotix_xsarm_dual:/home/goblue/interbotix_ws/install/interbotix_xsarm_control:/home/goblue/interbotix_ws/install/interbotix_xsarm_descriptions:/home/goblue/interbotix_ws/install/interbotix_xs_toolbox:/home/goblue/interbotix_ws/install/interbotix_xs_rviz:/home/goblue/interbotix_ws/install/interbotix_ros_xseries:/home/goblue/interbotix_ws/install/interbotix_xs_sdk:/home/goblue/interbotix_ws/install/interbotix_xs_ros_control:/home/goblue/interbotix_ws/install/interbotix_xs_msgs:/home/goblue/interbotix_ws/install/interbotix_xs_driver:/home/goblue/interbotix_ws/install/interbotix_tf_tools:/home/goblue/interbotix_ws/install/interbotix_moveit_interface_msgs:/home/goblue/interbotix_ws/install/interbotix_common_toolbox:/home/goblue/interbotix_ws/install/interbotix_common_sim:/home/goblue/interbotix_ws/install/dynamixel_workbench_toolbox:/home/goblue/my_ws/install/bot_description:/home/goblue/interbotix_ws/install/interbotix_xs_modules:/home/goblue/interbotix_ws/install/interbotix_common_modules:/home/goblue/ros2_ws/install/rse_gaussian_filters:/opt/ros/humble LD_LIBRARY_PATH=/home/goblue/my_ws/install/nav_2d_msgs/lib:/home/goblue/interbotix_ws/install/moveit_visual_tools/lib:/home/goblue/interbotix_ws/install/interbotix_xs_rviz/lib:/home/goblue/interbotix_ws/install/interbotix_xs_ros_control/lib:/home/goblue/interbotix_ws/install/interbotix_xs_msgs/lib:/home/goblue/interbotix_ws/install/interbotix_xs_driver/lib:/home/goblue/interbotix_ws/install/interbotix_tf_tools/lib:/home/goblue/interbotix_ws/install/interbotix_moveit_interface_msgs/lib:/home/goblue/interbotix_ws/install/dynamixel_workbench_toolbox/lib:/usr/lib/x86_64-linux-gnu/gazebo-11/plugins:/opt/ros/humble/opt/rviz_ogre_vendor/lib:/opt/ros/humble/lib/x86_64-linux-gnu:/opt/ros/humble/lib:/usr/lib/x86_64-linux-gnu/gazebo-11/plugins:/usr/lib/x86_64-linux-gnu/gazebo-11/plugins:/usr/lib/x86_64-linux-gnu/gazebo-11/plugins PYTHONPATH=/home/goblue/my_ws/install/nav_2d_msgs/local/lib/python3.10/dist-packages:${PYTHONPATH} /usr/bin/cmake /home/goblue/my_ws/navigation2/nav2_dwb_controller/dwb_msgs -DCMAKE_INSTALL_PREFIX=/home/goblue/my_ws/install/dwb_msgs
[0.468s] -- The C compiler identification is GNU 11.4.0
[1.393s] -- The CXX compiler identification is GNU 11.4.0
[2.035s] -- Detecting C compiler ABI info
[2.224s] -- Detecting C compiler ABI info - done
[2.229s] -- Check for working C compiler: /usr/bin/cc - skipped
[2.230s] -- Detecting C compile features
[2.230s] -- Detecting C compile features - done
[2.232s] -- Detecting CXX compiler ABI info
[2.409s] -- Detecting CXX compiler ABI info - done
[2.416s] -- Check for working CXX compiler: /usr/bin/c++ - skipped
[2.416s] -- Detecting CXX compile features
[2.417s] -- Detecting CXX compile features - done
[2.421s] -- Found builtin_interfaces: 1.2.1 (/opt/ros/humble/share/builtin_interfaces/cmake)
[2.543s] -- Found Python3: /usr/bin/python3 (found version "3.10.12") found components: Interpreter 
[2.893s] -- Found rosidl_generator_c: 3.1.5 (/opt/ros/humble/share/rosidl_generator_c/cmake)
[2.900s] -- Found rosidl_adapter: 3.1.5 (/opt/ros/humble/share/rosidl_adapter/cmake)
[2.909s] -- Found rosidl_generator_cpp: 3.1.5 (/opt/ros/humble/share/rosidl_generator_cpp/cmake)
[2.922s] -- Using all available rosidl_typesupport_c: rosidl_typesupport_fastrtps_c;rosidl_typesupport_introspection_c
[2.937s] -- Using all available rosidl_typesupport_cpp: rosidl_typesupport_fastrtps_cpp;rosidl_typesupport_introspection_cpp
[2.952s] -- Found geometry_msgs: 4.2.4 (/opt/ros/humble/share/geometry_msgs/cmake)
[2.982s] -- Found nav_2d_msgs: 1.1.17 (/home/goblue/my_ws/install/nav_2d_msgs/share/nav_2d_msgs/cmake)
[3.001s] -- Found nav_msgs: 4.2.4 (/opt/ros/humble/share/nav_msgs/cmake)
[3.026s] -- Found rosidl_default_generators: 1.2.0 (/opt/ros/humble/share/rosidl_default_generators/cmake)
[3.759s] -- Found ament_cmake_ros: 0.10.0 (/opt/ros/humble/share/ament_cmake_ros/cmake)
[4.495s] -- Using all available rosidl_typesupport_c: rosidl_typesupport_fastrtps_c;rosidl_typesupport_introspection_c
[4.800s] -- Using all available rosidl_typesupport_cpp: rosidl_typesupport_fastrtps_cpp;rosidl_typesupport_introspection_cpp
[5.059s] -- Found PythonInterp: /usr/bin/python3 (found suitable version "3.10.12", minimum required is "3.6") 
[5.059s] -- Found python_cmake_module: 0.10.0 (/opt/ros/humble/share/python_cmake_module/cmake)
[5.814s] -- Found PythonLibs: /usr/lib/x86_64-linux-gnu/libpython3.10.so (found suitable version "3.10.12", minimum required is "3.5") 
[5.815s] -- Using PYTHON_EXECUTABLE: /usr/bin/python3
[5.815s] -- Using PYTHON_INCLUDE_DIRS: /usr/include/python3.10
[5.815s] -- Using PYTHON_LIBRARIES: /usr/lib/x86_64-linux-gnu/libpython3.10.so
[5.852s] -- Found PythonExtra: .so  
[6.067s] -- Configuring done
[6.164s] -- Generating done
[6.167s] -- Build files have been written to: /home/goblue/my_ws/build/dwb_msgs
[6.190s] Invoked command in '/home/goblue/my_ws/build/dwb_msgs' returned '0': AMENT_PREFIX_PATH=/home/goblue/my_ws/install/nav_2d_msgs:${AMENT_PREFIX_PATH} CMAKE_PREFIX_PATH=/home/goblue/my_ws/install/nav_2d_msgs:/home/goblue/my_ws/install/yuBot_cartographer:/home/goblue/my_ws/yuBot_nav2/install/yuBot_nav2:/home/goblue/interbotix_ws/install/interbotix_ros_xsarms_examples:/home/goblue/interbotix_ws/install/interbotix_xsarm_moveit_interface:/home/goblue/interbotix_ws/install/interbotix_moveit_interface:/home/goblue/interbotix_ws/install/moveit_visual_tools:/home/goblue/interbotix_ws/install/interbotix_ros_xsarms:/home/goblue/interbotix_ws/install/interbotix_xsarm_moveit:/home/goblue/interbotix_ws/install/interbotix_xsarm_sim:/home/goblue/interbotix_ws/install/interbotix_xsarm_ros_control:/home/goblue/interbotix_ws/install/interbotix_xsarm_puppet:/home/goblue/interbotix_ws/install/interbotix_xsarm_joy:/home/goblue/interbotix_ws/install/interbotix_xsarm_dual:/home/goblue/interbotix_ws/install/interbotix_xsarm_control:/home/goblue/interbotix_ws/install/interbotix_xsarm_descriptions:/home/goblue/interbotix_ws/install/interbotix_xs_toolbox:/home/goblue/interbotix_ws/install/interbotix_xs_rviz:/home/goblue/interbotix_ws/install/interbotix_ros_xseries:/home/goblue/interbotix_ws/install/interbotix_xs_sdk:/home/goblue/interbotix_ws/install/interbotix_xs_ros_control:/home/goblue/interbotix_ws/install/interbotix_xs_msgs:/home/goblue/interbotix_ws/install/interbotix_xs_driver:/home/goblue/interbotix_ws/install/interbotix_tf_tools:/home/goblue/interbotix_ws/install/interbotix_moveit_interface_msgs:/home/goblue/interbotix_ws/install/interbotix_common_toolbox:/home/goblue/interbotix_ws/install/interbotix_common_sim:/home/goblue/interbotix_ws/install/dynamixel_workbench_toolbox:/home/goblue/my_ws/install/bot_description:/home/goblue/interbotix_ws/install/interbotix_xs_modules:/home/goblue/interbotix_ws/install/interbotix_common_modules:/home/goblue/ros2_ws/install/rse_gaussian_filters:/opt/ros/humble LD_LIBRARY_PATH=/home/goblue/my_ws/install/nav_2d_msgs/lib:/home/goblue/interbotix_ws/install/moveit_visual_tools/lib:/home/goblue/interbotix_ws/install/interbotix_xs_rviz/lib:/home/goblue/interbotix_ws/install/interbotix_xs_ros_control/lib:/home/goblue/interbotix_ws/install/interbotix_xs_msgs/lib:/home/goblue/interbotix_ws/install/interbotix_xs_driver/lib:/home/goblue/interbotix_ws/install/interbotix_tf_tools/lib:/home/goblue/interbotix_ws/install/interbotix_moveit_interface_msgs/lib:/home/goblue/interbotix_ws/install/dynamixel_workbench_toolbox/lib:/usr/lib/x86_64-linux-gnu/gazebo-11/plugins:/opt/ros/humble/opt/rviz_ogre_vendor/lib:/opt/ros/humble/lib/x86_64-linux-gnu:/opt/ros/humble/lib:/usr/lib/x86_64-linux-gnu/gazebo-11/plugins:/usr/lib/x86_64-linux-gnu/gazebo-11/plugins:/usr/lib/x86_64-linux-gnu/gazebo-11/plugins PYTHONPATH=/home/goblue/my_ws/install/nav_2d_msgs/local/lib/python3.10/dist-packages:${PYTHONPATH} /usr/bin/cmake /home/goblue/my_ws/navigation2/nav2_dwb_controller/dwb_msgs -DCMAKE_INSTALL_PREFIX=/home/goblue/my_ws/install/dwb_msgs
[6.191s] Invoking command in '/home/goblue/my_ws/build/dwb_msgs': AMENT_PREFIX_PATH=/home/goblue/my_ws/install/nav_2d_msgs:${AMENT_PREFIX_PATH} CMAKE_PREFIX_PATH=/home/goblue/my_ws/install/nav_2d_msgs:/home/goblue/my_ws/install/yuBot_cartographer:/home/goblue/my_ws/yuBot_nav2/install/yuBot_nav2:/home/goblue/interbotix_ws/install/interbotix_ros_xsarms_examples:/home/goblue/interbotix_ws/install/interbotix_xsarm_moveit_interface:/home/goblue/interbotix_ws/install/interbotix_moveit_interface:/home/goblue/interbotix_ws/install/moveit_visual_tools:/home/goblue/interbotix_ws/install/interbotix_ros_xsarms:/home/goblue/interbotix_ws/install/interbotix_xsarm_moveit:/home/goblue/interbotix_ws/install/interbotix_xsarm_sim:/home/goblue/interbotix_ws/install/interbotix_xsarm_ros_control:/home/goblue/interbotix_ws/install/interbotix_xsarm_puppet:/home/goblue/interbotix_ws/install/interbotix_xsarm_joy:/home/goblue/interbotix_ws/install/interbotix_xsarm_dual:/home/goblue/interbotix_ws/install/interbotix_xsarm_control:/home/goblue/interbotix_ws/install/interbotix_xsarm_descriptions:/home/goblue/interbotix_ws/install/interbotix_xs_toolbox:/home/goblue/interbotix_ws/install/interbotix_xs_rviz:/home/goblue/interbotix_ws/install/interbotix_ros_xseries:/home/goblue/interbotix_ws/install/interbotix_xs_sdk:/home/goblue/interbotix_ws/install/interbotix_xs_ros_control:/home/goblue/interbotix_ws/install/interbotix_xs_msgs:/home/goblue/interbotix_ws/install/interbotix_xs_driver:/home/goblue/interbotix_ws/install/interbotix_tf_tools:/home/goblue/interbotix_ws/install/interbotix_moveit_interface_msgs:/home/goblue/interbotix_ws/install/interbotix_common_toolbox:/home/goblue/interbotix_ws/install/interbotix_common_sim:/home/goblue/interbotix_ws/install/dynamixel_workbench_toolbox:/home/goblue/my_ws/install/bot_description:/home/goblue/interbotix_ws/install/interbotix_xs_modules:/home/goblue/interbotix_ws/install/interbotix_common_modules:/home/goblue/ros2_ws/install/rse_gaussian_filters:/opt/ros/humble LD_LIBRARY_PATH=/home/goblue/my_ws/install/nav_2d_msgs/lib:/home/goblue/interbotix_ws/install/moveit_visual_tools/lib:/home/goblue/interbotix_ws/install/interbotix_xs_rviz/lib:/home/goblue/interbotix_ws/install/interbotix_xs_ros_control/lib:/home/goblue/interbotix_ws/install/interbotix_xs_msgs/lib:/home/goblue/interbotix_ws/install/interbotix_xs_driver/lib:/home/goblue/interbotix_ws/install/interbotix_tf_tools/lib:/home/goblue/interbotix_ws/install/interbotix_moveit_interface_msgs/lib:/home/goblue/interbotix_ws/install/dynamixel_workbench_toolbox/lib:/usr/lib/x86_64-linux-gnu/gazebo-11/plugins:/opt/ros/humble/opt/rviz_ogre_vendor/lib:/opt/ros/humble/lib/x86_64-linux-gnu:/opt/ros/humble/lib:/usr/lib/x86_64-linux-gnu/gazebo-11/plugins:/usr/lib/x86_64-linux-gnu/gazebo-11/plugins:/usr/lib/x86_64-linux-gnu/gazebo-11/plugins PYTHONPATH=/home/goblue/my_ws/install/nav_2d_msgs/local/lib/python3.10/dist-packages:${PYTHONPATH} /usr/bin/cmake --build /home/goblue/my_ws/build/dwb_msgs -- -j20 -l20
[6.278s] [  1%] [34m[1mGenerating C code for ROS interfaces[0m
[6.281s] [  2%] [34m[1mGenerating C++ code for ROS interfaces[0m
[6.339s] [  2%] Built target ament_cmake_python_copy_dwb_msgs
[6.757s] running egg_info
[6.759s] creating dwb_msgs.egg-info
[6.761s] writing dwb_msgs.egg-info/PKG-INFO
[6.762s] writing dependency_links to dwb_msgs.egg-info/dependency_links.txt
[6.763s] writing top-level names to dwb_msgs.egg-info/top_level.txt
[6.764s] writing manifest file 'dwb_msgs.egg-info/SOURCES.txt'
[6.767s] reading manifest file 'dwb_msgs.egg-info/SOURCES.txt'
[6.769s] writing manifest file 'dwb_msgs.egg-info/SOURCES.txt'
[6.814s] [  2%] Built target ament_cmake_python_build_dwb_msgs_egg
[7.993s] [  2%] Built target dwb_msgs__cpp
[8.021s] [  3%] [34m[1mGenerating C++ type support dispatch for ROS interfaces[0m
[8.030s] [  4%] [34m[1mGenerating C++ introspection for ROS interfaces[0m
[8.069s] [  5%] [34m[1mGenerating C++ type support for eProsima Fast-RTPS[0m
[8.156s] [  6%] [32mBuilding C object CMakeFiles/dwb_msgs__rosidl_generator_c.dir/rosidl_generator_c/dwb_msgs/msg/detail/critic_score__functions.c.o[0m
[8.186s] [  7%] [32mBuilding C object CMakeFiles/dwb_msgs__rosidl_generator_c.dir/rosidl_generator_c/dwb_msgs/msg/detail/trajectory2_d__functions.c.o[0m
[8.187s] [  8%] [32mBuilding C object CMakeFiles/dwb_msgs__rosidl_generator_c.dir/rosidl_generator_c/dwb_msgs/msg/detail/local_plan_evaluation__functions.c.o[0m
[8.230s] [  9%] [32mBuilding C object CMakeFiles/dwb_msgs__rosidl_generator_c.dir/rosidl_generator_c/dwb_msgs/msg/detail/trajectory_score__functions.c.o[0m
[8.278s] [ 10%] [32mBuilding C object CMakeFiles/dwb_msgs__rosidl_generator_c.dir/rosidl_generator_c/dwb_msgs/srv/detail/debug_local_plan__functions.c.o[0m
[8.286s] [ 11%] [32mBuilding C object CMakeFiles/dwb_msgs__rosidl_generator_c.dir/rosidl_generator_c/dwb_msgs/srv/detail/generate_twists__functions.c.o[0m
[8.287s] [ 12%] [32mBuilding C object CMakeFiles/dwb_msgs__rosidl_generator_c.dir/rosidl_generator_c/dwb_msgs/srv/detail/generate_trajectory__functions.c.o[0m
[8.371s] [ 13%] [32mBuilding C object CMakeFiles/dwb_msgs__rosidl_generator_c.dir/rosidl_generator_c/dwb_msgs/srv/detail/get_critic_score__functions.c.o[0m
[8.427s] [ 14%] [32mBuilding C object CMakeFiles/dwb_msgs__rosidl_generator_c.dir/rosidl_generator_c/dwb_msgs/srv/detail/score_trajectory__functions.c.o[0m
[8.517s] [ 15%] [32m[1mLinking C shared library libdwb_msgs__rosidl_generator_c.so[0m
[8.706s] [ 15%] Built target dwb_msgs__rosidl_generator_c
[8.717s] [ 17%] [34m[1mGenerating C introspection for ROS interfaces[0m
[8.717s] [ 17%] [34m[1mGenerating C type support dispatch for ROS interfaces[0m
[8.717s] [ 18%] [34m[1mGenerating C type support for eProsima Fast-RTPS[0m
[8.804s] [ 22%] [32mBuilding CXX object CMakeFiles/dwb_msgs__rosidl_typesupport_cpp.dir/rosidl_typesupport_cpp/dwb_msgs/srv/generate_trajectory__type_support.cpp.o[0m
[8.804s] [ 22%] [32mBuilding CXX object CMakeFiles/dwb_msgs__rosidl_typesupport_cpp.dir/rosidl_typesupport_cpp/dwb_msgs/msg/local_plan_evaluation__type_support.cpp.o[0m
[8.805s] [ 22%] [32mBuilding CXX object CMakeFiles/dwb_msgs__rosidl_typesupport_cpp.dir/rosidl_typesupport_cpp/dwb_msgs/msg/trajectory2_d__type_support.cpp.o[0m
[8.805s] [ 23%] [32mBuilding CXX object CMakeFiles/dwb_msgs__rosidl_typesupport_cpp.dir/rosidl_typesupport_cpp/dwb_msgs/msg/trajectory_score__type_support.cpp.o[0m
[8.805s] [ 24%] [32mBuilding CXX object CMakeFiles/dwb_msgs__rosidl_typesupport_cpp.dir/rosidl_typesupport_cpp/dwb_msgs/msg/critic_score__type_support.cpp.o[0m
[8.805s] [ 25%] [32mBuilding CXX object CMakeFiles/dwb_msgs__rosidl_typesupport_cpp.dir/rosidl_typesupport_cpp/dwb_msgs/srv/generate_twists__type_support.cpp.o[0m
[8.808s] [ 26%] [32mBuilding CXX object CMakeFiles/dwb_msgs__rosidl_typesupport_cpp.dir/rosidl_typesupport_cpp/dwb_msgs/srv/debug_local_plan__type_support.cpp.o[0m
[8.811s] [ 27%] [32mBuilding CXX object CMakeFiles/dwb_msgs__rosidl_typesupport_cpp.dir/rosidl_typesupport_cpp/dwb_msgs/srv/score_trajectory__type_support.cpp.o[0m
[8.812s] [ 28%] [32mBuilding CXX object CMakeFiles/dwb_msgs__rosidl_typesupport_cpp.dir/rosidl_typesupport_cpp/dwb_msgs/srv/get_critic_score__type_support.cpp.o[0m
[9.104s] [ 29%] [32mBuilding CXX object CMakeFiles/dwb_msgs__rosidl_typesupport_introspection_cpp.dir/rosidl_typesupport_introspection_cpp/dwb_msgs/msg/detail/local_plan_evaluation__type_support.cpp.o[0m
[9.104s] [ 30%] [32mBuilding CXX object CMakeFiles/dwb_msgs__rosidl_typesupport_introspection_cpp.dir/rosidl_typesupport_introspection_cpp/dwb_msgs/msg/detail/critic_score__type_support.cpp.o[0m
[9.110s] [ 31%] [32mBuilding CXX object CMakeFiles/dwb_msgs__rosidl_typesupport_introspection_cpp.dir/rosidl_typesupport_introspection_cpp/dwb_msgs/msg/detail/trajectory2_d__type_support.cpp.o[0m
[9.116s] [ 32%] [32mBuilding CXX object CMakeFiles/dwb_msgs__rosidl_typesupport_introspection_cpp.dir/rosidl_typesupport_introspection_cpp/dwb_msgs/srv/detail/debug_local_plan__type_support.cpp.o[0m
[9.118s] [ 33%] [32mBuilding CXX object CMakeFiles/dwb_msgs__rosidl_typesupport_introspection_cpp.dir/rosidl_typesupport_introspection_cpp/dwb_msgs/srv/detail/generate_trajectory__type_support.cpp.o[0m
[9.120s] [ 34%] [32mBuilding CXX object CMakeFiles/dwb_msgs__rosidl_typesupport_introspection_cpp.dir/rosidl_typesupport_introspection_cpp/dwb_msgs/msg/detail/trajectory_score__type_support.cpp.o[0m
[9.125s] [ 35%] [32mBuilding CXX object CMakeFiles/dwb_msgs__rosidl_typesupport_introspection_cpp.dir/rosidl_typesupport_introspection_cpp/dwb_msgs/srv/detail/generate_twists__type_support.cpp.o[0m
[9.161s] [ 36%] [32mBuilding CXX object CMakeFiles/dwb_msgs__rosidl_typesupport_introspection_cpp.dir/rosidl_typesupport_introspection_cpp/dwb_msgs/srv/detail/get_critic_score__type_support.cpp.o[0m
[9.161s] [ 37%] [32mBuilding CXX object CMakeFiles/dwb_msgs__rosidl_typesupport_introspection_cpp.dir/rosidl_typesupport_introspection_cpp/dwb_msgs/srv/detail/score_trajectory__type_support.cpp.o[0m
[9.176s] [ 38%] [32m[1mLinking CXX shared library libdwb_msgs__rosidl_typesupport_cpp.so[0m
[9.367s] [ 38%] Built target dwb_msgs__rosidl_typesupport_cpp
[9.383s] [ 40%] [32mBuilding CXX object CMakeFiles/dwb_msgs__rosidl_typesupport_fastrtps_cpp.dir/rosidl_typesupport_fastrtps_cpp/dwb_msgs/msg/detail/dds_fastrtps/trajectory2_d__type_support.cpp.o[0m
[9.385s] [ 41%] [32mBuilding CXX object CMakeFiles/dwb_msgs__rosidl_typesupport_fastrtps_cpp.dir/rosidl_typesupport_fastrtps_cpp/dwb_msgs/srv/detail/dds_fastrtps/debug_local_plan__type_support.cpp.o[0m
[9.386s] [ 42%] [32mBuilding CXX object CMakeFiles/dwb_msgs__rosidl_typesupport_fastrtps_cpp.dir/rosidl_typesupport_fastrtps_cpp/dwb_msgs/msg/detail/dds_fastrtps/critic_score__type_support.cpp.o[0m
[9.387s] [ 43%] [32mBuilding CXX object CMakeFiles/dwb_msgs__rosidl_typesupport_fastrtps_cpp.dir/rosidl_typesupport_fastrtps_cpp/dwb_msgs/msg/detail/dds_fastrtps/local_plan_evaluation__type_support.cpp.o[0m
[9.395s] [ 44%] [32mBuilding CXX object CMakeFiles/dwb_msgs__rosidl_typesupport_fastrtps_cpp.dir/rosidl_typesupport_fastrtps_cpp/dwb_msgs/srv/detail/dds_fastrtps/generate_twists__type_support.cpp.o[0m
[9.395s] [ 45%] [32mBuilding CXX object CMakeFiles/dwb_msgs__rosidl_typesupport_fastrtps_cpp.dir/rosidl_typesupport_fastrtps_cpp/dwb_msgs/srv/detail/dds_fastrtps/get_critic_score__type_support.cpp.o[0m
[9.396s] [ 46%] [32mBuilding CXX object CMakeFiles/dwb_msgs__rosidl_typesupport_fastrtps_cpp.dir/rosidl_typesupport_fastrtps_cpp/dwb_msgs/srv/detail/dds_fastrtps/generate_trajectory__type_support.cpp.o[0m
[9.414s] [ 47%] [32mBuilding CXX object CMakeFiles/dwb_msgs__rosidl_typesupport_fastrtps_cpp.dir/rosidl_typesupport_fastrtps_cpp/dwb_msgs/msg/detail/dds_fastrtps/trajectory_score__type_support.cpp.o[0m
[9.656s] [ 48%] [32mBuilding CXX object CMakeFiles/dwb_msgs__rosidl_typesupport_fastrtps_cpp.dir/rosidl_typesupport_fastrtps_cpp/dwb_msgs/srv/detail/dds_fastrtps/score_trajectory__type_support.cpp.o[0m
[9.676s] [ 49%] [32mBuilding CXX object CMakeFiles/dwb_msgs__rosidl_typesupport_c.dir/rosidl_typesupport_c/dwb_msgs/msg/critic_score__type_support.cpp.o[0m
[9.697s] [ 50%] [32mBuilding CXX object CMakeFiles/dwb_msgs__rosidl_typesupport_c.dir/rosidl_typesupport_c/dwb_msgs/msg/local_plan_evaluation__type_support.cpp.o[0m
[9.713s] [ 51%] [32mBuilding CXX object CMakeFiles/dwb_msgs__rosidl_typesupport_c.dir/rosidl_typesupport_c/dwb_msgs/msg/trajectory2_d__type_support.cpp.o[0m
[9.721s] [ 52%] [32mBuilding CXX object CMakeFiles/dwb_msgs__rosidl_typesupport_c.dir/rosidl_typesupport_c/dwb_msgs/msg/trajectory_score__type_support.cpp.o[0m
[9.729s] [ 53%] [32mBuilding CXX object CMakeFiles/dwb_msgs__rosidl_typesupport_c.dir/rosidl_typesupport_c/dwb_msgs/srv/debug_local_plan__type_support.cpp.o[0m
[9.774s] [ 54%] [32mBuilding CXX object CMakeFiles/dwb_msgs__rosidl_typesupport_c.dir/rosidl_typesupport_c/dwb_msgs/srv/generate_trajectory__type_support.cpp.o[0m
[9.783s] [ 55%] [32mBuilding CXX object CMakeFiles/dwb_msgs__rosidl_typesupport_c.dir/rosidl_typesupport_c/dwb_msgs/srv/generate_twists__type_support.cpp.o[0m
[9.785s] [ 56%] [32mBuilding CXX object CMakeFiles/dwb_msgs__rosidl_typesupport_c.dir/rosidl_typesupport_c/dwb_msgs/srv/get_critic_score__type_support.cpp.o[0m
[9.788s] [ 57%] [32mBuilding CXX object CMakeFiles/dwb_msgs__rosidl_typesupport_c.dir/rosidl_typesupport_c/dwb_msgs/srv/score_trajectory__type_support.cpp.o[0m
[9.844s] [ 58%] [32mBuilding C object CMakeFiles/dwb_msgs__rosidl_typesupport_introspection_c.dir/rosidl_typesupport_introspection_c/dwb_msgs/msg/detail/critic_score__type_support.c.o[0m
[9.844s] [ 60%] [32mBuilding C object CMakeFiles/dwb_msgs__rosidl_typesupport_introspection_c.dir/rosidl_typesupport_introspection_c/dwb_msgs/msg/detail/local_plan_evaluation__type_support.c.o[0m
[9.844s] [ 61%] [32mBuilding C object CMakeFiles/dwb_msgs__rosidl_typesupport_introspection_c.dir/rosidl_typesupport_introspection_c/dwb_msgs/msg/detail/trajectory2_d__type_support.c.o[0m
[9.847s] [ 62%] [32mBuilding C object CMakeFiles/dwb_msgs__rosidl_typesupport_introspection_c.dir/rosidl_typesupport_introspection_c/dwb_msgs/msg/detail/trajectory_score__type_support.c.o[0m
[9.848s] [ 63%] [32mBuilding C object CMakeFiles/dwb_msgs__rosidl_typesupport_introspection_c.dir/rosidl_typesupport_introspection_c/dwb_msgs/srv/detail/generate_trajectory__type_support.c.o[0m
[9.851s] [ 64%] [32mBuilding C object CMakeFiles/dwb_msgs__rosidl_typesupport_introspection_c.dir/rosidl_typesupport_introspection_c/dwb_msgs/srv/detail/debug_local_plan__type_support.c.o[0m
[9.852s] [ 65%] [32mBuilding C object CMakeFiles/dwb_msgs__rosidl_typesupport_introspection_c.dir/rosidl_typesupport_introspection_c/dwb_msgs/srv/detail/generate_twists__type_support.c.o[0m
[9.859s] [ 66%] [32mBuilding C object CMakeFiles/dwb_msgs__rosidl_typesupport_introspection_c.dir/rosidl_typesupport_introspection_c/dwb_msgs/srv/detail/get_critic_score__type_support.c.o[0m
[9.864s] [ 67%] [32mBuilding C object CMakeFiles/dwb_msgs__rosidl_typesupport_introspection_c.dir/rosidl_typesupport_introspection_c/dwb_msgs/srv/detail/score_trajectory__type_support.c.o[0m
[9.880s] [ 68%] [32m[1mLinking CXX shared library libdwb_msgs__rosidl_typesupport_c.so[0m
[9.893s] [ 69%] [32m[1mLinking CXX shared library libdwb_msgs__rosidl_typesupport_introspection_cpp.so[0m
[9.900s] [ 70%] [32mBuilding CXX object CMakeFiles/dwb_msgs__rosidl_typesupport_fastrtps_c.dir/rosidl_typesupport_fastrtps_c/dwb_msgs/msg/detail/local_plan_evaluation__type_support_c.cpp.o[0m
[9.901s] [ 71%] [32mBuilding CXX object CMakeFiles/dwb_msgs__rosidl_typesupport_fastrtps_c.dir/rosidl_typesupport_fastrtps_c/dwb_msgs/msg/detail/trajectory_score__type_support_c.cpp.o[0m
[9.901s] [ 72%] [32mBuilding CXX object CMakeFiles/dwb_msgs__rosidl_typesupport_fastrtps_c.dir/rosidl_typesupport_fastrtps_c/dwb_msgs/msg/detail/critic_score__type_support_c.cpp.o[0m
[9.902s] [ 73%] [32mBuilding CXX object CMakeFiles/dwb_msgs__rosidl_typesupport_fastrtps_c.dir/rosidl_typesupport_fastrtps_c/dwb_msgs/msg/detail/trajectory2_d__type_support_c.cpp.o[0m
[9.910s] [ 74%] [32mBuilding CXX object CMakeFiles/dwb_msgs__rosidl_typesupport_fastrtps_c.dir/rosidl_typesupport_fastrtps_c/dwb_msgs/srv/detail/generate_trajectory__type_support_c.cpp.o[0m
[9.911s] [ 75%] [32mBuilding CXX object CMakeFiles/dwb_msgs__rosidl_typesupport_fastrtps_c.dir/rosidl_typesupport_fastrtps_c/dwb_msgs/srv/detail/debug_local_plan__type_support_c.cpp.o[0m
[9.914s] [ 76%] [32mBuilding CXX object CMakeFiles/dwb_msgs__rosidl_typesupport_fastrtps_c.dir/rosidl_typesupport_fastrtps_c/dwb_msgs/srv/detail/generate_twists__type_support_c.cpp.o[0m
[9.924s] [ 77%] [32mBuilding CXX object CMakeFiles/dwb_msgs__rosidl_typesupport_fastrtps_c.dir/rosidl_typesupport_fastrtps_c/dwb_msgs/srv/detail/score_trajectory__type_support_c.cpp.o[0m
[9.928s] [ 78%] [32m[1mLinking C shared library libdwb_msgs__rosidl_typesupport_introspection_c.so[0m
[9.952s] [ 80%] [32mBuilding CXX object CMakeFiles/dwb_msgs__rosidl_typesupport_fastrtps_c.dir/rosidl_typesupport_fastrtps_c/dwb_msgs/srv/detail/get_critic_score__type_support_c.cpp.o[0m
[10.054s] [ 80%] Built target dwb_msgs__rosidl_typesupport_c
[10.109s] [ 80%] Built target dwb_msgs__rosidl_typesupport_introspection_c
[10.110s] [ 80%] Built target dwb_msgs__rosidl_typesupport_introspection_cpp
[10.165s] [ 81%] [32m[1mLinking CXX shared library libdwb_msgs__rosidl_typesupport_fastrtps_cpp.so[0m
[10.333s] [ 82%] [32m[1mLinking CXX shared library libdwb_msgs__rosidl_typesupport_fastrtps_c.so[0m
[10.363s] [ 82%] Built target dwb_msgs__rosidl_typesupport_fastrtps_cpp
[10.596s] [ 82%] Built target dwb_msgs__rosidl_typesupport_fastrtps_c
[10.609s] [ 82%] Built target dwb_msgs
[10.622s] [ 83%] [34m[1mGenerating Python code for ROS interfaces[0m
[11.571s] [ 83%] Built target dwb_msgs__py
[11.583s] [ 84%] [32mBuilding C object CMakeFiles/dwb_msgs__rosidl_generator_py.dir/rosidl_generator_py/dwb_msgs/msg/_critic_score_s.c.o[0m
[11.583s] [ 86%] [32mBuilding C object CMakeFiles/dwb_msgs__rosidl_generator_py.dir/rosidl_generator_py/dwb_msgs/msg/_trajectory_score_s.c.o[0m
[11.583s] [ 86%] [32mBuilding C object CMakeFiles/dwb_msgs__rosidl_generator_py.dir/rosidl_generator_py/dwb_msgs/srv/_debug_local_plan_s.c.o[0m
[11.584s] [ 87%] [32mBuilding C object CMakeFiles/dwb_msgs__rosidl_generator_py.dir/rosidl_generator_py/dwb_msgs/srv/_generate_trajectory_s.c.o[0m
[11.585s] [ 88%] [32mBuilding C object CMakeFiles/dwb_msgs__rosidl_generator_py.dir/rosidl_generator_py/dwb_msgs/srv/_get_critic_score_s.c.o[0m
[11.586s] [ 89%] [32mBuilding C object CMakeFiles/dwb_msgs__rosidl_generator_py.dir/rosidl_generator_py/dwb_msgs/msg/_local_plan_evaluation_s.c.o[0m
[11.586s] [ 90%] [32mBuilding C object CMakeFiles/dwb_msgs__rosidl_generator_py.dir/rosidl_generator_py/dwb_msgs/msg/_trajectory2_d_s.c.o[0m
[11.586s] [ 91%] [32mBuilding C object CMakeFiles/dwb_msgs__rosidl_generator_py.dir/rosidl_generator_py/dwb_msgs/srv/_generate_twists_s.c.o[0m
[11.587s] [ 92%] [32mBuilding C object CMakeFiles/dwb_msgs__rosidl_generator_py.dir/rosidl_generator_py/dwb_msgs/srv/_score_trajectory_s.c.o[0m
[11.696s] [ 93%] [32m[1mLinking C shared library rosidl_generator_py/dwb_msgs/libdwb_msgs__rosidl_generator_py.so[0m
[11.909s] [ 93%] Built target dwb_msgs__rosidl_generator_py
[11.921s] [ 96%] [32mBuilding C object CMakeFiles/dwb_msgs__rosidl_typesupport_fastrtps_c__pyext.dir/rosidl_generator_py/dwb_msgs/_dwb_msgs_s.ep.rosidl_typesupport_fastrtps_c.c.o[0m
[11.921s] [ 96%] [32mBuilding C object CMakeFiles/dwb_msgs__rosidl_typesupport_introspection_c__pyext.dir/rosidl_generator_py/dwb_msgs/_dwb_msgs_s.ep.rosidl_typesupport_introspection_c.c.o[0m
[11.921s] [ 96%] [32mBuilding C object CMakeFiles/dwb_msgs__rosidl_typesupport_c__pyext.dir/rosidl_generator_py/dwb_msgs/_dwb_msgs_s.ep.rosidl_typesupport_c.c.o[0m
[12.003s] [ 97%] [32m[1mLinking C shared library rosidl_generator_py/dwb_msgs/dwb_msgs_s__rosidl_typesupport_introspection_c.cpython-310-x86_64-linux-gnu.so[0m
[12.003s] [ 98%] [32m[1mLinking C shared library rosidl_generator_py/dwb_msgs/dwb_msgs_s__rosidl_typesupport_fastrtps_c.cpython-310-x86_64-linux-gnu.so[0m
[12.005s] [100%] [32m[1mLinking C shared library rosidl_generator_py/dwb_msgs/dwb_msgs_s__rosidl_typesupport_c.cpython-310-x86_64-linux-gnu.so[0m
[12.181s] [100%] Built target dwb_msgs__rosidl_typesupport_c__pyext
[12.181s] [100%] Built target dwb_msgs__rosidl_typesupport_introspection_c__pyext
[12.194s] [100%] Built target dwb_msgs__rosidl_typesupport_fastrtps_c__pyext
[12.202s] Invoked command in '/home/goblue/my_ws/build/dwb_msgs' returned '0': AMENT_PREFIX_PATH=/home/goblue/my_ws/install/nav_2d_msgs:${AMENT_PREFIX_PATH} CMAKE_PREFIX_PATH=/home/goblue/my_ws/install/nav_2d_msgs:/home/goblue/my_ws/install/yuBot_cartographer:/home/goblue/my_ws/yuBot_nav2/install/yuBot_nav2:/home/goblue/interbotix_ws/install/interbotix_ros_xsarms_examples:/home/goblue/interbotix_ws/install/interbotix_xsarm_moveit_interface:/home/goblue/interbotix_ws/install/interbotix_moveit_interface:/home/goblue/interbotix_ws/install/moveit_visual_tools:/home/goblue/interbotix_ws/install/interbotix_ros_xsarms:/home/goblue/interbotix_ws/install/interbotix_xsarm_moveit:/home/goblue/interbotix_ws/install/interbotix_xsarm_sim:/home/goblue/interbotix_ws/install/interbotix_xsarm_ros_control:/home/goblue/interbotix_ws/install/interbotix_xsarm_puppet:/home/goblue/interbotix_ws/install/interbotix_xsarm_joy:/home/goblue/interbotix_ws/install/interbotix_xsarm_dual:/home/goblue/interbotix_ws/install/interbotix_xsarm_control:/home/goblue/interbotix_ws/install/interbotix_xsarm_descriptions:/home/goblue/interbotix_ws/install/interbotix_xs_toolbox:/home/goblue/interbotix_ws/install/interbotix_xs_rviz:/home/goblue/interbotix_ws/install/interbotix_ros_xseries:/home/goblue/interbotix_ws/install/interbotix_xs_sdk:/home/goblue/interbotix_ws/install/interbotix_xs_ros_control:/home/goblue/interbotix_ws/install/interbotix_xs_msgs:/home/goblue/interbotix_ws/install/interbotix_xs_driver:/home/goblue/interbotix_ws/install/interbotix_tf_tools:/home/goblue/interbotix_ws/install/interbotix_moveit_interface_msgs:/home/goblue/interbotix_ws/install/interbotix_common_toolbox:/home/goblue/interbotix_ws/install/interbotix_common_sim:/home/goblue/interbotix_ws/install/dynamixel_workbench_toolbox:/home/goblue/my_ws/install/bot_description:/home/goblue/interbotix_ws/install/interbotix_xs_modules:/home/goblue/interbotix_ws/install/interbotix_common_modules:/home/goblue/ros2_ws/install/rse_gaussian_filters:/opt/ros/humble LD_LIBRARY_PATH=/home/goblue/my_ws/install/nav_2d_msgs/lib:/home/goblue/interbotix_ws/install/moveit_visual_tools/lib:/home/goblue/interbotix_ws/install/interbotix_xs_rviz/lib:/home/goblue/interbotix_ws/install/interbotix_xs_ros_control/lib:/home/goblue/interbotix_ws/install/interbotix_xs_msgs/lib:/home/goblue/interbotix_ws/install/interbotix_xs_driver/lib:/home/goblue/interbotix_ws/install/interbotix_tf_tools/lib:/home/goblue/interbotix_ws/install/interbotix_moveit_interface_msgs/lib:/home/goblue/interbotix_ws/install/dynamixel_workbench_toolbox/lib:/usr/lib/x86_64-linux-gnu/gazebo-11/plugins:/opt/ros/humble/opt/rviz_ogre_vendor/lib:/opt/ros/humble/lib/x86_64-linux-gnu:/opt/ros/humble/lib:/usr/lib/x86_64-linux-gnu/gazebo-11/plugins:/usr/lib/x86_64-linux-gnu/gazebo-11/plugins:/usr/lib/x86_64-linux-gnu/gazebo-11/plugins PYTHONPATH=/home/goblue/my_ws/install/nav_2d_msgs/local/lib/python3.10/dist-packages:${PYTHONPATH} /usr/bin/cmake --build /home/goblue/my_ws/build/dwb_msgs -- -j20 -l20
[12.326s] Invoking command in '/home/goblue/my_ws/build/dwb_msgs': AMENT_PREFIX_PATH=/home/goblue/my_ws/install/nav_2d_msgs:${AMENT_PREFIX_PATH} CMAKE_PREFIX_PATH=/home/goblue/my_ws/install/nav_2d_msgs:/home/goblue/my_ws/install/yuBot_cartographer:/home/goblue/my_ws/yuBot_nav2/install/yuBot_nav2:/home/goblue/interbotix_ws/install/interbotix_ros_xsarms_examples:/home/goblue/interbotix_ws/install/interbotix_xsarm_moveit_interface:/home/goblue/interbotix_ws/install/interbotix_moveit_interface:/home/goblue/interbotix_ws/install/moveit_visual_tools:/home/goblue/interbotix_ws/install/interbotix_ros_xsarms:/home/goblue/interbotix_ws/install/interbotix_xsarm_moveit:/home/goblue/interbotix_ws/install/interbotix_xsarm_sim:/home/goblue/interbotix_ws/install/interbotix_xsarm_ros_control:/home/goblue/interbotix_ws/install/interbotix_xsarm_puppet:/home/goblue/interbotix_ws/install/interbotix_xsarm_joy:/home/goblue/interbotix_ws/install/interbotix_xsarm_dual:/home/goblue/interbotix_ws/install/interbotix_xsarm_control:/home/goblue/interbotix_ws/install/interbotix_xsarm_descriptions:/home/goblue/interbotix_ws/install/interbotix_xs_toolbox:/home/goblue/interbotix_ws/install/interbotix_xs_rviz:/home/goblue/interbotix_ws/install/interbotix_ros_xseries:/home/goblue/interbotix_ws/install/interbotix_xs_sdk:/home/goblue/interbotix_ws/install/interbotix_xs_ros_control:/home/goblue/interbotix_ws/install/interbotix_xs_msgs:/home/goblue/interbotix_ws/install/interbotix_xs_driver:/home/goblue/interbotix_ws/install/interbotix_tf_tools:/home/goblue/interbotix_ws/install/interbotix_moveit_interface_msgs:/home/goblue/interbotix_ws/install/interbotix_common_toolbox:/home/goblue/interbotix_ws/install/interbotix_common_sim:/home/goblue/interbotix_ws/install/dynamixel_workbench_toolbox:/home/goblue/my_ws/install/bot_description:/home/goblue/interbotix_ws/install/interbotix_xs_modules:/home/goblue/interbotix_ws/install/interbotix_common_modules:/home/goblue/ros2_ws/install/rse_gaussian_filters:/opt/ros/humble LD_LIBRARY_PATH=/home/goblue/my_ws/install/nav_2d_msgs/lib:/home/goblue/interbotix_ws/install/moveit_visual_tools/lib:/home/goblue/interbotix_ws/install/interbotix_xs_rviz/lib:/home/goblue/interbotix_ws/install/interbotix_xs_ros_control/lib:/home/goblue/interbotix_ws/install/interbotix_xs_msgs/lib:/home/goblue/interbotix_ws/install/interbotix_xs_driver/lib:/home/goblue/interbotix_ws/install/interbotix_tf_tools/lib:/home/goblue/interbotix_ws/install/interbotix_moveit_interface_msgs/lib:/home/goblue/interbotix_ws/install/dynamixel_workbench_toolbox/lib:/usr/lib/x86_64-linux-gnu/gazebo-11/plugins:/opt/ros/humble/opt/rviz_ogre_vendor/lib:/opt/ros/humble/lib/x86_64-linux-gnu:/opt/ros/humble/lib:/usr/lib/x86_64-linux-gnu/gazebo-11/plugins:/usr/lib/x86_64-linux-gnu/gazebo-11/plugins:/usr/lib/x86_64-linux-gnu/gazebo-11/plugins PYTHONPATH=/home/goblue/my_ws/install/nav_2d_msgs/local/lib/python3.10/dist-packages:${PYTHONPATH} /usr/bin/cmake --install /home/goblue/my_ws/build/dwb_msgs
[12.331s] -- Install configuration: ""
[12.331s] -- Installing: /home/goblue/my_ws/install/dwb_msgs/share/ament_index/resource_index/rosidl_interfaces/dwb_msgs
[12.331s] -- Installing: /home/goblue/my_ws/install/dwb_msgs/include/dwb_msgs/dwb_msgs
[12.331s] -- Installing: /home/goblue/my_ws/install/dwb_msgs/include/dwb_msgs/dwb_msgs/msg
[12.331s] -- Installing: /home/goblue/my_ws/install/dwb_msgs/include/dwb_msgs/dwb_msgs/msg/trajectory2_d.h
[12.331s] -- Installing: /home/goblue/my_ws/install/dwb_msgs/include/dwb_msgs/dwb_msgs/msg/rosidl_generator_c__visibility_control.h
[12.332s] -- Installing: /home/goblue/my_ws/install/dwb_msgs/include/dwb_msgs/dwb_msgs/msg/critic_score.h
[12.332s] -- Installing: /home/goblue/my_ws/install/dwb_msgs/include/dwb_msgs/dwb_msgs/msg/local_plan_evaluation.h
[12.332s] -- Installing: /home/goblue/my_ws/install/dwb_msgs/include/dwb_msgs/dwb_msgs/msg/detail
[12.332s] -- Installing: /home/goblue/my_ws/install/dwb_msgs/include/dwb_msgs/dwb_msgs/msg/detail/trajectory2_d__struct.h
[12.332s] -- Installing: /home/goblue/my_ws/install/dwb_msgs/include/dwb_msgs/dwb_msgs/msg/detail/trajectory_score__functions.h
[12.332s] -- Installing: /home/goblue/my_ws/install/dwb_msgs/include/dwb_msgs/dwb_msgs/msg/detail/local_plan_evaluation__functions.h
[12.332s] -- Installing: /home/goblue/my_ws/install/dwb_msgs/include/dwb_msgs/dwb_msgs/msg/detail/critic_score__type_support.h
[12.332s] -- Installing: /home/goblue/my_ws/install/dwb_msgs/include/dwb_msgs/dwb_msgs/msg/detail/local_plan_evaluation__type_support.h
[12.332s] -- Installing: /home/goblue/my_ws/install/dwb_msgs/include/dwb_msgs/dwb_msgs/msg/detail/trajectory_score__type_support.h
[12.332s] -- Installing: /home/goblue/my_ws/install/dwb_msgs/include/dwb_msgs/dwb_msgs/msg/detail/local_plan_evaluation__struct.h
[12.333s] -- Installing: /home/goblue/my_ws/install/dwb_msgs/include/dwb_msgs/dwb_msgs/msg/detail/trajectory2_d__functions.h
[12.333s] -- Installing: /home/goblue/my_ws/install/dwb_msgs/include/dwb_msgs/dwb_msgs/msg/detail/local_plan_evaluation__functions.c
[12.333s] -- Installing: /home/goblue/my_ws/install/dwb_msgs/include/dwb_msgs/dwb_msgs/msg/detail/trajectory_score__functions.c
[12.333s] -- Installing: /home/goblue/my_ws/install/dwb_msgs/include/dwb_msgs/dwb_msgs/msg/detail/trajectory2_d__functions.c
[12.333s] -- Installing: /home/goblue/my_ws/install/dwb_msgs/include/dwb_msgs/dwb_msgs/msg/detail/trajectory2_d__type_support.h
[12.333s] -- Installing: /home/goblue/my_ws/install/dwb_msgs/include/dwb_msgs/dwb_msgs/msg/detail/critic_score__functions.c
[12.333s] -- Installing: /home/goblue/my_ws/install/dwb_msgs/include/dwb_msgs/dwb_msgs/msg/detail/critic_score__functions.h
[12.333s] -- Installing: /home/goblue/my_ws/install/dwb_msgs/include/dwb_msgs/dwb_msgs/msg/detail/trajectory_score__struct.h
[12.333s] -- Installing: /home/goblue/my_ws/install/dwb_msgs/include/dwb_msgs/dwb_msgs/msg/detail/critic_score__struct.h
[12.333s] -- Installing: /home/goblue/my_ws/install/dwb_msgs/include/dwb_msgs/dwb_msgs/msg/trajectory_score.h
[12.333s] -- Installing: /home/goblue/my_ws/install/dwb_msgs/include/dwb_msgs/dwb_msgs/srv
[12.333s] -- Installing: /home/goblue/my_ws/install/dwb_msgs/include/dwb_msgs/dwb_msgs/srv/generate_twists.h
[12.333s] -- Installing: /home/goblue/my_ws/install/dwb_msgs/include/dwb_msgs/dwb_msgs/srv/score_trajectory.h
[12.333s] -- Installing: /home/goblue/my_ws/install/dwb_msgs/include/dwb_msgs/dwb_msgs/srv/debug_local_plan.h
[12.334s] -- Installing: /home/goblue/my_ws/install/dwb_msgs/include/dwb_msgs/dwb_msgs/srv/detail
[12.334s] -- Installing: /home/goblue/my_ws/install/dwb_msgs/include/dwb_msgs/dwb_msgs/srv/detail/score_trajectory__functions.c
[12.334s] -- Installing: /home/goblue/my_ws/install/dwb_msgs/include/dwb_msgs/dwb_msgs/srv/detail/debug_local_plan__functions.c
[12.334s] -- Installing: /home/goblue/my_ws/install/dwb_msgs/include/dwb_msgs/dwb_msgs/srv/detail/debug_local_plan__struct.h
[12.334s] -- Installing: /home/goblue/my_ws/install/dwb_msgs/include/dwb_msgs/dwb_msgs/srv/detail/debug_local_plan__functions.h
[12.334s] -- Installing: /home/goblue/my_ws/install/dwb_msgs/include/dwb_msgs/dwb_msgs/srv/detail/generate_twists__functions.h
[12.334s] -- Installing: /home/goblue/my_ws/install/dwb_msgs/include/dwb_msgs/dwb_msgs/srv/detail/debug_local_plan__type_support.h
[12.335s] -- Installing: /home/goblue/my_ws/install/dwb_msgs/include/dwb_msgs/dwb_msgs/srv/detail/generate_twists__struct.h
[12.335s] -- Installing: /home/goblue/my_ws/install/dwb_msgs/include/dwb_msgs/dwb_msgs/srv/detail/get_critic_score__functions.h
[12.335s] -- Installing: /home/goblue/my_ws/install/dwb_msgs/include/dwb_msgs/dwb_msgs/srv/detail/generate_trajectory__functions.h
[12.335s] -- Installing: /home/goblue/my_ws/install/dwb_msgs/include/dwb_msgs/dwb_msgs/srv/detail/score_trajectory__type_support.h
[12.335s] -- Installing: /home/goblue/my_ws/install/dwb_msgs/include/dwb_msgs/dwb_msgs/srv/detail/score_trajectory__struct.h
[12.335s] -- Installing: /home/goblue/my_ws/install/dwb_msgs/include/dwb_msgs/dwb_msgs/srv/detail/generate_trajectory__struct.h
[12.335s] -- Installing: /home/goblue/my_ws/install/dwb_msgs/include/dwb_msgs/dwb_msgs/srv/detail/get_critic_score__functions.c
[12.335s] -- Installing: /home/goblue/my_ws/install/dwb_msgs/include/dwb_msgs/dwb_msgs/srv/detail/generate_twists__functions.c
[12.335s] -- Installing: /home/goblue/my_ws/install/dwb_msgs/include/dwb_msgs/dwb_msgs/srv/detail/generate_trajectory__type_support.h
[12.335s] -- Installing: /home/goblue/my_ws/install/dwb_msgs/include/dwb_msgs/dwb_msgs/srv/detail/score_trajectory__functions.h
[12.335s] -- Installing: /home/goblue/my_ws/install/dwb_msgs/include/dwb_msgs/dwb_msgs/srv/detail/get_critic_score__struct.h
[12.335s] -- Installing: /home/goblue/my_ws/install/dwb_msgs/include/dwb_msgs/dwb_msgs/srv/detail/generate_trajectory__functions.c
[12.335s] -- Installing: /home/goblue/my_ws/install/dwb_msgs/include/dwb_msgs/dwb_msgs/srv/detail/generate_twists__type_support.h
[12.335s] -- Installing: /home/goblue/my_ws/install/dwb_msgs/include/dwb_msgs/dwb_msgs/srv/detail/get_critic_score__type_support.h
[12.335s] -- Installing: /home/goblue/my_ws/install/dwb_msgs/include/dwb_msgs/dwb_msgs/srv/generate_trajectory.h
[12.335s] -- Installing: /home/goblue/my_ws/install/dwb_msgs/include/dwb_msgs/dwb_msgs/srv/get_critic_score.h
[12.336s] -- Installing: /home/goblue/my_ws/install/dwb_msgs/share/dwb_msgs/environment/library_path.sh
[12.336s] -- Installing: /home/goblue/my_ws/install/dwb_msgs/share/dwb_msgs/environment/library_path.dsv
[12.336s] -- Installing: /home/goblue/my_ws/install/dwb_msgs/lib/libdwb_msgs__rosidl_generator_c.so
[12.336s] -- Set runtime path of "/home/goblue/my_ws/install/dwb_msgs/lib/libdwb_msgs__rosidl_generator_c.so" to ""
[12.336s] -- Up-to-date: /home/goblue/my_ws/install/dwb_msgs/include/dwb_msgs/dwb_msgs
[12.336s] -- Up-to-date: /home/goblue/my_ws/install/dwb_msgs/include/dwb_msgs/dwb_msgs/msg
[12.336s] -- Up-to-date: /home/goblue/my_ws/install/dwb_msgs/include/dwb_msgs/dwb_msgs/msg/detail
[12.336s] -- Installing: /home/goblue/my_ws/install/dwb_msgs/include/dwb_msgs/dwb_msgs/msg/detail/critic_score__rosidl_typesupport_fastrtps_c.h
[12.336s] -- Installing: /home/goblue/my_ws/install/dwb_msgs/include/dwb_msgs/dwb_msgs/msg/detail/trajectory2_d__rosidl_typesupport_fastrtps_c.h
[12.336s] -- Installing: /home/goblue/my_ws/install/dwb_msgs/include/dwb_msgs/dwb_msgs/msg/detail/trajectory_score__rosidl_typesupport_fastrtps_c.h
[12.336s] -- Installing: /home/goblue/my_ws/install/dwb_msgs/include/dwb_msgs/dwb_msgs/msg/detail/local_plan_evaluation__rosidl_typesupport_fastrtps_c.h
[12.337s] -- Installing: /home/goblue/my_ws/install/dwb_msgs/include/dwb_msgs/dwb_msgs/msg/rosidl_typesupport_fastrtps_c__visibility_control.h
[12.337s] -- Up-to-date: /home/goblue/my_ws/install/dwb_msgs/include/dwb_msgs/dwb_msgs/srv
[12.337s] -- Up-to-date: /home/goblue/my_ws/install/dwb_msgs/include/dwb_msgs/dwb_msgs/srv/detail
[12.337s] -- Installing: /home/goblue/my_ws/install/dwb_msgs/include/dwb_msgs/dwb_msgs/srv/detail/generate_trajectory__rosidl_typesupport_fastrtps_c.h
[12.337s] -- Installing: /home/goblue/my_ws/install/dwb_msgs/include/dwb_msgs/dwb_msgs/srv/detail/get_critic_score__rosidl_typesupport_fastrtps_c.h
[12.337s] -- Installing: /home/goblue/my_ws/install/dwb_msgs/include/dwb_msgs/dwb_msgs/srv/detail/generate_twists__rosidl_typesupport_fastrtps_c.h
[12.337s] -- Installing: /home/goblue/my_ws/install/dwb_msgs/include/dwb_msgs/dwb_msgs/srv/detail/score_trajectory__rosidl_typesupport_fastrtps_c.h
[12.337s] -- Installing: /home/goblue/my_ws/install/dwb_msgs/include/dwb_msgs/dwb_msgs/srv/detail/debug_local_plan__rosidl_typesupport_fastrtps_c.h
[12.337s] -- Installing: /home/goblue/my_ws/install/dwb_msgs/lib/libdwb_msgs__rosidl_typesupport_fastrtps_c.so
[12.337s] -- Set runtime path of "/home/goblue/my_ws/install/dwb_msgs/lib/libdwb_msgs__rosidl_typesupport_fastrtps_c.so" to ""
[12.337s] -- Up-to-date: /home/goblue/my_ws/install/dwb_msgs/include/dwb_msgs/dwb_msgs
[12.337s] -- Up-to-date: /home/goblue/my_ws/install/dwb_msgs/include/dwb_msgs/dwb_msgs/msg
[12.337s] -- Installing: /home/goblue/my_ws/install/dwb_msgs/include/dwb_msgs/dwb_msgs/msg/trajectory2_d.hpp
[12.337s] -- Up-to-date: /home/goblue/my_ws/install/dwb_msgs/include/dwb_msgs/dwb_msgs/msg/detail
[12.338s] -- Installing: /home/goblue/my_ws/install/dwb_msgs/include/dwb_msgs/dwb_msgs/msg/detail/local_plan_evaluation__struct.hpp
[12.338s] -- Installing: /home/goblue/my_ws/install/dwb_msgs/include/dwb_msgs/dwb_msgs/msg/detail/critic_score__traits.hpp
[12.338s] -- Installing: /home/goblue/my_ws/install/dwb_msgs/include/dwb_msgs/dwb_msgs/msg/detail/local_plan_evaluation__builder.hpp
[12.338s] -- Installing: /home/goblue/my_ws/install/dwb_msgs/include/dwb_msgs/dwb_msgs/msg/detail/trajectory_score__traits.hpp
[12.338s] -- Installing: /home/goblue/my_ws/install/dwb_msgs/include/dwb_msgs/dwb_msgs/msg/detail/trajectory2_d__struct.hpp
[12.338s] -- Installing: /home/goblue/my_ws/install/dwb_msgs/include/dwb_msgs/dwb_msgs/msg/detail/critic_score__builder.hpp
[12.338s] -- Installing: /home/goblue/my_ws/install/dwb_msgs/include/dwb_msgs/dwb_msgs/msg/detail/local_plan_evaluation__traits.hpp
[12.338s] -- Installing: /home/goblue/my_ws/install/dwb_msgs/include/dwb_msgs/dwb_msgs/msg/detail/critic_score__struct.hpp
[12.338s] -- Installing: /home/goblue/my_ws/install/dwb_msgs/include/dwb_msgs/dwb_msgs/msg/detail/trajectory_score__builder.hpp
[12.339s] -- Installing: /home/goblue/my_ws/install/dwb_msgs/include/dwb_msgs/dwb_msgs/msg/detail/trajectory2_d__traits.hpp
[12.339s] -- Installing: /home/goblue/my_ws/install/dwb_msgs/include/dwb_msgs/dwb_msgs/msg/detail/trajectory_score__struct.hpp
[12.339s] -- Installing: /home/goblue/my_ws/install/dwb_msgs/include/dwb_msgs/dwb_msgs/msg/detail/trajectory2_d__builder.hpp
[12.339s] -- Installing: /home/goblue/my_ws/install/dwb_msgs/include/dwb_msgs/dwb_msgs/msg/critic_score.hpp
[12.339s] -- Installing: /home/goblue/my_ws/install/dwb_msgs/include/dwb_msgs/dwb_msgs/msg/local_plan_evaluation.hpp
[12.339s] -- Installing: /home/goblue/my_ws/install/dwb_msgs/include/dwb_msgs/dwb_msgs/msg/trajectory_score.hpp
[12.339s] -- Up-to-date: /home/goblue/my_ws/install/dwb_msgs/include/dwb_msgs/dwb_msgs/srv
[12.339s] -- Installing: /home/goblue/my_ws/install/dwb_msgs/include/dwb_msgs/dwb_msgs/srv/generate_twists.hpp
[12.339s] -- Installing: /home/goblue/my_ws/install/dwb_msgs/include/dwb_msgs/dwb_msgs/srv/score_trajectory.hpp
[12.339s] -- Installing: /home/goblue/my_ws/install/dwb_msgs/include/dwb_msgs/dwb_msgs/srv/get_critic_score.hpp
[12.339s] -- Up-to-date: /home/goblue/my_ws/install/dwb_msgs/include/dwb_msgs/dwb_msgs/srv/detail
[12.339s] -- Installing: /home/goblue/my_ws/install/dwb_msgs/include/dwb_msgs/dwb_msgs/srv/detail/generate_twists__struct.hpp
[12.339s] -- Installing: /home/goblue/my_ws/install/dwb_msgs/include/dwb_msgs/dwb_msgs/srv/detail/debug_local_plan__traits.hpp
[12.340s] -- Installing: /home/goblue/my_ws/install/dwb_msgs/include/dwb_msgs/dwb_msgs/srv/detail/score_trajectory__traits.hpp
[12.340s] -- Installing: /home/goblue/my_ws/install/dwb_msgs/include/dwb_msgs/dwb_msgs/srv/detail/debug_local_plan__struct.hpp
[12.340s] -- Installing: /home/goblue/my_ws/install/dwb_msgs/include/dwb_msgs/dwb_msgs/srv/detail/get_critic_score__builder.hpp
[12.340s] -- Installing: /home/goblue/my_ws/install/dwb_msgs/include/dwb_msgs/dwb_msgs/srv/detail/score_trajectory__struct.hpp
[12.340s] -- Installing: /home/goblue/my_ws/install/dwb_msgs/include/dwb_msgs/dwb_msgs/srv/detail/generate_trajectory__traits.hpp
[12.340s] -- Installing: /home/goblue/my_ws/install/dwb_msgs/include/dwb_msgs/dwb_msgs/srv/detail/generate_trajectory__struct.hpp
[12.340s] -- Installing: /home/goblue/my_ws/install/dwb_msgs/include/dwb_msgs/dwb_msgs/srv/detail/generate_twists__traits.hpp
[12.340s] -- Installing: /home/goblue/my_ws/install/dwb_msgs/include/dwb_msgs/dwb_msgs/srv/detail/get_critic_score__struct.hpp
[12.340s] -- Installing: /home/goblue/my_ws/install/dwb_msgs/include/dwb_msgs/dwb_msgs/srv/detail/generate_twists__builder.hpp
[12.340s] -- Installing: /home/goblue/my_ws/install/dwb_msgs/include/dwb_msgs/dwb_msgs/srv/detail/score_trajectory__builder.hpp
[12.340s] -- Installing: /home/goblue/my_ws/install/dwb_msgs/include/dwb_msgs/dwb_msgs/srv/detail/generate_trajectory__builder.hpp
[12.340s] -- Installing: /home/goblue/my_ws/install/dwb_msgs/include/dwb_msgs/dwb_msgs/srv/detail/debug_local_plan__builder.hpp
[12.340s] -- Installing: /home/goblue/my_ws/install/dwb_msgs/include/dwb_msgs/dwb_msgs/srv/detail/get_critic_score__traits.hpp
[12.340s] -- Installing: /home/goblue/my_ws/install/dwb_msgs/include/dwb_msgs/dwb_msgs/srv/debug_local_plan.hpp
[12.340s] -- Installing: /home/goblue/my_ws/install/dwb_msgs/include/dwb_msgs/dwb_msgs/srv/generate_trajectory.hpp
[12.341s] -- Up-to-date: /home/goblue/my_ws/install/dwb_msgs/include/dwb_msgs/dwb_msgs
[12.341s] -- Up-to-date: /home/goblue/my_ws/install/dwb_msgs/include/dwb_msgs/dwb_msgs/msg
[12.341s] -- Installing: /home/goblue/my_ws/install/dwb_msgs/include/dwb_msgs/dwb_msgs/msg/rosidl_typesupport_fastrtps_cpp__visibility_control.h
[12.341s] -- Up-to-date: /home/goblue/my_ws/install/dwb_msgs/include/dwb_msgs/dwb_msgs/msg/detail
[12.341s] -- Installing: /home/goblue/my_ws/install/dwb_msgs/include/dwb_msgs/dwb_msgs/msg/detail/local_plan_evaluation__rosidl_typesupport_fastrtps_cpp.hpp
[12.341s] -- Installing: /home/goblue/my_ws/install/dwb_msgs/include/dwb_msgs/dwb_msgs/msg/detail/trajectory_score__rosidl_typesupport_fastrtps_cpp.hpp
[12.341s] -- Installing: /home/goblue/my_ws/install/dwb_msgs/include/dwb_msgs/dwb_msgs/msg/detail/critic_score__rosidl_typesupport_fastrtps_cpp.hpp
[12.341s] -- Installing: /home/goblue/my_ws/install/dwb_msgs/include/dwb_msgs/dwb_msgs/msg/detail/dds_fastrtps
[12.341s] -- Installing: /home/goblue/my_ws/install/dwb_msgs/include/dwb_msgs/dwb_msgs/msg/detail/trajectory2_d__rosidl_typesupport_fastrtps_cpp.hpp
[12.341s] -- Up-to-date: /home/goblue/my_ws/install/dwb_msgs/include/dwb_msgs/dwb_msgs/srv
[12.341s] -- Up-to-date: /home/goblue/my_ws/install/dwb_msgs/include/dwb_msgs/dwb_msgs/srv/detail
[12.341s] -- Installing: /home/goblue/my_ws/install/dwb_msgs/include/dwb_msgs/dwb_msgs/srv/detail/generate_trajectory__rosidl_typesupport_fastrtps_cpp.hpp
[12.341s] -- Installing: /home/goblue/my_ws/install/dwb_msgs/include/dwb_msgs/dwb_msgs/srv/detail/score_trajectory__rosidl_typesupport_fastrtps_cpp.hpp
[12.342s] -- Installing: /home/goblue/my_ws/install/dwb_msgs/include/dwb_msgs/dwb_msgs/srv/detail/debug_local_plan__rosidl_typesupport_fastrtps_cpp.hpp
[12.342s] -- Installing: /home/goblue/my_ws/install/dwb_msgs/include/dwb_msgs/dwb_msgs/srv/detail/dds_fastrtps
[12.342s] -- Installing: /home/goblue/my_ws/install/dwb_msgs/include/dwb_msgs/dwb_msgs/srv/detail/get_critic_score__rosidl_typesupport_fastrtps_cpp.hpp
[12.342s] -- Installing: /home/goblue/my_ws/install/dwb_msgs/include/dwb_msgs/dwb_msgs/srv/detail/generate_twists__rosidl_typesupport_fastrtps_cpp.hpp
[12.342s] -- Installing: /home/goblue/my_ws/install/dwb_msgs/lib/libdwb_msgs__rosidl_typesupport_fastrtps_cpp.so
[12.342s] -- Set runtime path of "/home/goblue/my_ws/install/dwb_msgs/lib/libdwb_msgs__rosidl_typesupport_fastrtps_cpp.so" to ""
[12.342s] -- Up-to-date: /home/goblue/my_ws/install/dwb_msgs/include/dwb_msgs/dwb_msgs
[12.342s] -- Up-to-date: /home/goblue/my_ws/install/dwb_msgs/include/dwb_msgs/dwb_msgs/msg
[12.342s] -- Installing: /home/goblue/my_ws/install/dwb_msgs/include/dwb_msgs/dwb_msgs/msg/rosidl_typesupport_introspection_c__visibility_control.h
[12.342s] -- Up-to-date: /home/goblue/my_ws/install/dwb_msgs/include/dwb_msgs/dwb_msgs/msg/detail
[12.342s] -- Installing: /home/goblue/my_ws/install/dwb_msgs/include/dwb_msgs/dwb_msgs/msg/detail/critic_score__type_support.c
[12.343s] -- Installing: /home/goblue/my_ws/install/dwb_msgs/include/dwb_msgs/dwb_msgs/msg/detail/local_plan_evaluation__rosidl_typesupport_introspection_c.h
[12.343s] -- Installing: /home/goblue/my_ws/install/dwb_msgs/include/dwb_msgs/dwb_msgs/msg/detail/critic_score__rosidl_typesupport_introspection_c.h
[12.343s] -- Installing: /home/goblue/my_ws/install/dwb_msgs/include/dwb_msgs/dwb_msgs/msg/detail/local_plan_evaluation__type_support.c
[12.343s] -- Installing: /home/goblue/my_ws/install/dwb_msgs/include/dwb_msgs/dwb_msgs/msg/detail/trajectory_score__type_support.c
[12.343s] -- Installing: /home/goblue/my_ws/install/dwb_msgs/include/dwb_msgs/dwb_msgs/msg/detail/trajectory2_d__type_support.c
[12.343s] -- Installing: /home/goblue/my_ws/install/dwb_msgs/include/dwb_msgs/dwb_msgs/msg/detail/trajectory_score__rosidl_typesupport_introspection_c.h
[12.343s] -- Installing: /home/goblue/my_ws/install/dwb_msgs/include/dwb_msgs/dwb_msgs/msg/detail/trajectory2_d__rosidl_typesupport_introspection_c.h
[12.343s] -- Up-to-date: /home/goblue/my_ws/install/dwb_msgs/include/dwb_msgs/dwb_msgs/srv
[12.343s] -- Up-to-date: /home/goblue/my_ws/install/dwb_msgs/include/dwb_msgs/dwb_msgs/srv/detail
[12.343s] -- Installing: /home/goblue/my_ws/install/dwb_msgs/include/dwb_msgs/dwb_msgs/srv/detail/debug_local_plan__rosidl_typesupport_introspection_c.h
[12.343s] -- Installing: /home/goblue/my_ws/install/dwb_msgs/include/dwb_msgs/dwb_msgs/srv/detail/score_trajectory__rosidl_typesupport_introspection_c.h
[12.344s] -- Installing: /home/goblue/my_ws/install/dwb_msgs/include/dwb_msgs/dwb_msgs/srv/detail/generate_trajectory__rosidl_typesupport_introspection_c.h
[12.344s] -- Installing: /home/goblue/my_ws/install/dwb_msgs/include/dwb_msgs/dwb_msgs/srv/detail/generate_twists__type_support.c
[12.344s] -- Installing: /home/goblue/my_ws/install/dwb_msgs/include/dwb_msgs/dwb_msgs/srv/detail/get_critic_score__rosidl_typesupport_introspection_c.h
[12.344s] -- Installing: /home/goblue/my_ws/install/dwb_msgs/include/dwb_msgs/dwb_msgs/srv/detail/score_trajectory__type_support.c
[12.344s] -- Installing: /home/goblue/my_ws/install/dwb_msgs/include/dwb_msgs/dwb_msgs/srv/detail/generate_trajectory__type_support.c
[12.344s] -- Installing: /home/goblue/my_ws/install/dwb_msgs/include/dwb_msgs/dwb_msgs/srv/detail/debug_local_plan__type_support.c
[12.344s] -- Installing: /home/goblue/my_ws/install/dwb_msgs/include/dwb_msgs/dwb_msgs/srv/detail/get_critic_score__type_support.c
[12.344s] -- Installing: /home/goblue/my_ws/install/dwb_msgs/include/dwb_msgs/dwb_msgs/srv/detail/generate_twists__rosidl_typesupport_introspection_c.h
[12.344s] -- Installing: /home/goblue/my_ws/install/dwb_msgs/lib/libdwb_msgs__rosidl_typesupport_introspection_c.so
[12.344s] -- Set runtime path of "/home/goblue/my_ws/install/dwb_msgs/lib/libdwb_msgs__rosidl_typesupport_introspection_c.so" to ""
[12.344s] -- Installing: /home/goblue/my_ws/install/dwb_msgs/lib/libdwb_msgs__rosidl_typesupport_c.so
[12.344s] -- Set runtime path of "/home/goblue/my_ws/install/dwb_msgs/lib/libdwb_msgs__rosidl_typesupport_c.so" to ""
[12.344s] -- Up-to-date: /home/goblue/my_ws/install/dwb_msgs/include/dwb_msgs/dwb_msgs
[12.344s] -- Up-to-date: /home/goblue/my_ws/install/dwb_msgs/include/dwb_msgs/dwb_msgs/msg
[12.344s] -- Up-to-date: /home/goblue/my_ws/install/dwb_msgs/include/dwb_msgs/dwb_msgs/msg/detail
[12.344s] -- Installing: /home/goblue/my_ws/install/dwb_msgs/include/dwb_msgs/dwb_msgs/msg/detail/trajectory2_d__type_support.cpp
[12.344s] -- Installing: /home/goblue/my_ws/install/dwb_msgs/include/dwb_msgs/dwb_msgs/msg/detail/critic_score__type_support.cpp
[12.344s] -- Installing: /home/goblue/my_ws/install/dwb_msgs/include/dwb_msgs/dwb_msgs/msg/detail/local_plan_evaluation__type_support.cpp
[12.344s] -- Installing: /home/goblue/my_ws/install/dwb_msgs/include/dwb_msgs/dwb_msgs/msg/detail/trajectory2_d__rosidl_typesupport_introspection_cpp.hpp
[12.344s] -- Installing: /home/goblue/my_ws/install/dwb_msgs/include/dwb_msgs/dwb_msgs/msg/detail/trajectory_score__type_support.cpp
[12.344s] -- Installing: /home/goblue/my_ws/install/dwb_msgs/include/dwb_msgs/dwb_msgs/msg/detail/trajectory_score__rosidl_typesupport_introspection_cpp.hpp
[12.344s] -- Installing: /home/goblue/my_ws/install/dwb_msgs/include/dwb_msgs/dwb_msgs/msg/detail/critic_score__rosidl_typesupport_introspection_cpp.hpp
[12.344s] -- Installing: /home/goblue/my_ws/install/dwb_msgs/include/dwb_msgs/dwb_msgs/msg/detail/local_plan_evaluation__rosidl_typesupport_introspection_cpp.hpp
[12.345s] -- Up-to-date: /home/goblue/my_ws/install/dwb_msgs/include/dwb_msgs/dwb_msgs/srv
[12.345s] -- Up-to-date: /home/goblue/my_ws/install/dwb_msgs/include/dwb_msgs/dwb_msgs/srv/detail
[12.345s] -- Installing: /home/goblue/my_ws/install/dwb_msgs/include/dwb_msgs/dwb_msgs/srv/detail/generate_twists__rosidl_typesupport_introspection_cpp.hpp
[12.345s] -- Installing: /home/goblue/my_ws/install/dwb_msgs/include/dwb_msgs/dwb_msgs/srv/detail/debug_local_plan__rosidl_typesupport_introspection_cpp.hpp
[12.345s] -- Installing: /home/goblue/my_ws/install/dwb_msgs/include/dwb_msgs/dwb_msgs/srv/detail/get_critic_score__type_support.cpp
[12.345s] -- Installing: /home/goblue/my_ws/install/dwb_msgs/include/dwb_msgs/dwb_msgs/srv/detail/get_critic_score__rosidl_typesupport_introspection_cpp.hpp
[12.345s] -- Installing: /home/goblue/my_ws/install/dwb_msgs/include/dwb_msgs/dwb_msgs/srv/detail/score_trajectory__rosidl_typesupport_introspection_cpp.hpp
[12.345s] -- Installing: /home/goblue/my_ws/install/dwb_msgs/include/dwb_msgs/dwb_msgs/srv/detail/generate_trajectory__type_support.cpp
[12.345s] -- Installing: /home/goblue/my_ws/install/dwb_msgs/include/dwb_msgs/dwb_msgs/srv/detail/score_trajectory__type_support.cpp
[12.345s] -- Installing: /home/goblue/my_ws/install/dwb_msgs/include/dwb_msgs/dwb_msgs/srv/detail/generate_trajectory__rosidl_typesupport_introspection_cpp.hpp
[12.345s] -- Installing: /home/goblue/my_ws/install/dwb_msgs/include/dwb_msgs/dwb_msgs/srv/detail/generate_twists__type_support.cpp
[12.346s] -- Installing: /home/goblue/my_ws/install/dwb_msgs/include/dwb_msgs/dwb_msgs/srv/detail/debug_local_plan__type_support.cpp
[12.346s] -- Installing: /home/goblue/my_ws/install/dwb_msgs/lib/libdwb_msgs__rosidl_typesupport_introspection_cpp.so
[12.346s] -- Set runtime path of "/home/goblue/my_ws/install/dwb_msgs/lib/libdwb_msgs__rosidl_typesupport_introspection_cpp.so" to ""
[12.346s] -- Installing: /home/goblue/my_ws/install/dwb_msgs/lib/libdwb_msgs__rosidl_typesupport_cpp.so
[12.346s] -- Set runtime path of "/home/goblue/my_ws/install/dwb_msgs/lib/libdwb_msgs__rosidl_typesupport_cpp.so" to ""
[12.346s] -- Installing: /home/goblue/my_ws/install/dwb_msgs/share/dwb_msgs/environment/pythonpath.sh
[12.346s] -- Installing: /home/goblue/my_ws/install/dwb_msgs/share/dwb_msgs/environment/pythonpath.dsv
[12.346s] -- Installing: /home/goblue/my_ws/install/dwb_msgs/local/lib/python3.10/dist-packages/dwb_msgs-1.1.17-py3.10.egg-info
[12.346s] -- Installing: /home/goblue/my_ws/install/dwb_msgs/local/lib/python3.10/dist-packages/dwb_msgs-1.1.17-py3.10.egg-info/top_level.txt
[12.346s] -- Installing: /home/goblue/my_ws/install/dwb_msgs/local/lib/python3.10/dist-packages/dwb_msgs-1.1.17-py3.10.egg-info/SOURCES.txt
[12.346s] -- Installing: /home/goblue/my_ws/install/dwb_msgs/local/lib/python3.10/dist-packages/dwb_msgs-1.1.17-py3.10.egg-info/dependency_links.txt
[12.346s] -- Installing: /home/goblue/my_ws/install/dwb_msgs/local/lib/python3.10/dist-packages/dwb_msgs-1.1.17-py3.10.egg-info/PKG-INFO
[12.347s] -- Installing: /home/goblue/my_ws/install/dwb_msgs/local/lib/python3.10/dist-packages/dwb_msgs
[12.347s] -- Installing: /home/goblue/my_ws/install/dwb_msgs/local/lib/python3.10/dist-packages/dwb_msgs/__init__.py
[12.347s] -- Installing: /home/goblue/my_ws/install/dwb_msgs/local/lib/python3.10/dist-packages/dwb_msgs/_dwb_msgs_s.ep.rosidl_typesupport_fastrtps_c.c
[12.347s] -- Installing: /home/goblue/my_ws/install/dwb_msgs/local/lib/python3.10/dist-packages/dwb_msgs/libdwb_msgs__rosidl_generator_py.so
[12.347s] -- Installing: /home/goblue/my_ws/install/dwb_msgs/local/lib/python3.10/dist-packages/dwb_msgs/dwb_msgs_s__rosidl_typesupport_introspection_c.cpython-310-x86_64-linux-gnu.so
[12.347s] -- Installing: /home/goblue/my_ws/install/dwb_msgs/local/lib/python3.10/dist-packages/dwb_msgs/msg
[12.347s] -- Installing: /home/goblue/my_ws/install/dwb_msgs/local/lib/python3.10/dist-packages/dwb_msgs/msg/__init__.py
[12.347s] -- Installing: /home/goblue/my_ws/install/dwb_msgs/local/lib/python3.10/dist-packages/dwb_msgs/msg/_critic_score_s.c
[12.347s] -- Installing: /home/goblue/my_ws/install/dwb_msgs/local/lib/python3.10/dist-packages/dwb_msgs/msg/_critic_score.py
[12.348s] -- Installing: /home/goblue/my_ws/install/dwb_msgs/local/lib/python3.10/dist-packages/dwb_msgs/msg/_local_plan_evaluation_s.c
[12.348s] -- Installing: /home/goblue/my_ws/install/dwb_msgs/local/lib/python3.10/dist-packages/dwb_msgs/msg/_trajectory_score_s.c
[12.348s] -- Installing: /home/goblue/my_ws/install/dwb_msgs/local/lib/python3.10/dist-packages/dwb_msgs/msg/_trajectory2_d.py
[12.348s] -- Installing: /home/goblue/my_ws/install/dwb_msgs/local/lib/python3.10/dist-packages/dwb_msgs/msg/_trajectory2_d_s.c
[12.348s] -- Installing: /home/goblue/my_ws/install/dwb_msgs/local/lib/python3.10/dist-packages/dwb_msgs/msg/_local_plan_evaluation.py
[12.348s] -- Installing: /home/goblue/my_ws/install/dwb_msgs/local/lib/python3.10/dist-packages/dwb_msgs/msg/_trajectory_score.py
[12.348s] -- Installing: /home/goblue/my_ws/install/dwb_msgs/local/lib/python3.10/dist-packages/dwb_msgs/srv
[12.348s] -- Installing: /home/goblue/my_ws/install/dwb_msgs/local/lib/python3.10/dist-packages/dwb_msgs/srv/__init__.py
[12.348s] -- Installing: /home/goblue/my_ws/install/dwb_msgs/local/lib/python3.10/dist-packages/dwb_msgs/srv/_get_critic_score.py
[12.348s] -- Installing: /home/goblue/my_ws/install/dwb_msgs/local/lib/python3.10/dist-packages/dwb_msgs/srv/_score_trajectory.py
[12.348s] -- Installing: /home/goblue/my_ws/install/dwb_msgs/local/lib/python3.10/dist-packages/dwb_msgs/srv/_debug_local_plan.py
[12.348s] -- Installing: /home/goblue/my_ws/install/dwb_msgs/local/lib/python3.10/dist-packages/dwb_msgs/srv/_debug_local_plan_s.c
[12.348s] -- Installing: /home/goblue/my_ws/install/dwb_msgs/local/lib/python3.10/dist-packages/dwb_msgs/srv/_generate_twists_s.c
[12.349s] -- Installing: /home/goblue/my_ws/install/dwb_msgs/local/lib/python3.10/dist-packages/dwb_msgs/srv/_generate_trajectory.py
[12.349s] -- Installing: /home/goblue/my_ws/install/dwb_msgs/local/lib/python3.10/dist-packages/dwb_msgs/srv/_generate_twists.py
[12.349s] -- Installing: /home/goblue/my_ws/install/dwb_msgs/local/lib/python3.10/dist-packages/dwb_msgs/srv/_get_critic_score_s.c
[12.349s] -- Installing: /home/goblue/my_ws/install/dwb_msgs/local/lib/python3.10/dist-packages/dwb_msgs/srv/_score_trajectory_s.c
[12.349s] -- Installing: /home/goblue/my_ws/install/dwb_msgs/local/lib/python3.10/dist-packages/dwb_msgs/srv/_generate_trajectory_s.c
[12.349s] -- Installing: /home/goblue/my_ws/install/dwb_msgs/local/lib/python3.10/dist-packages/dwb_msgs/dwb_msgs_s__rosidl_typesupport_c.cpython-310-x86_64-linux-gnu.so
[12.349s] -- Installing: /home/goblue/my_ws/install/dwb_msgs/local/lib/python3.10/dist-packages/dwb_msgs/_dwb_msgs_s.ep.rosidl_typesupport_introspection_c.c
[12.349s] -- Installing: /home/goblue/my_ws/install/dwb_msgs/local/lib/python3.10/dist-packages/dwb_msgs/dwb_msgs_s__rosidl_typesupport_fastrtps_c.cpython-310-x86_64-linux-gnu.so
[12.349s] -- Installing: /home/goblue/my_ws/install/dwb_msgs/local/lib/python3.10/dist-packages/dwb_msgs/_dwb_msgs_s.ep.rosidl_typesupport_c.c
[12.380s] Listing '/home/goblue/my_ws/install/dwb_msgs/local/lib/python3.10/dist-packages/dwb_msgs'...
[12.380s] Compiling '/home/goblue/my_ws/install/dwb_msgs/local/lib/python3.10/dist-packages/dwb_msgs/__init__.py'...
[12.380s] Listing '/home/goblue/my_ws/install/dwb_msgs/local/lib/python3.10/dist-packages/dwb_msgs/msg'...
[12.380s] Compiling '/home/goblue/my_ws/install/dwb_msgs/local/lib/python3.10/dist-packages/dwb_msgs/msg/__init__.py'...
[12.380s] Compiling '/home/goblue/my_ws/install/dwb_msgs/local/lib/python3.10/dist-packages/dwb_msgs/msg/_critic_score.py'...
[12.380s] Compiling '/home/goblue/my_ws/install/dwb_msgs/local/lib/python3.10/dist-packages/dwb_msgs/msg/_local_plan_evaluation.py'...
[12.380s] Compiling '/home/goblue/my_ws/install/dwb_msgs/local/lib/python3.10/dist-packages/dwb_msgs/msg/_trajectory2_d.py'...
[12.380s] Compiling '/home/goblue/my_ws/install/dwb_msgs/local/lib/python3.10/dist-packages/dwb_msgs/msg/_trajectory_score.py'...
[12.380s] Listing '/home/goblue/my_ws/install/dwb_msgs/local/lib/python3.10/dist-packages/dwb_msgs/srv'...
[12.380s] Compiling '/home/goblue/my_ws/install/dwb_msgs/local/lib/python3.10/dist-packages/dwb_msgs/srv/__init__.py'...
[12.380s] Compiling '/home/goblue/my_ws/install/dwb_msgs/local/lib/python3.10/dist-packages/dwb_msgs/srv/_debug_local_plan.py'...
[12.380s] Compiling '/home/goblue/my_ws/install/dwb_msgs/local/lib/python3.10/dist-packages/dwb_msgs/srv/_generate_trajectory.py'...
[12.380s] Compiling '/home/goblue/my_ws/install/dwb_msgs/local/lib/python3.10/dist-packages/dwb_msgs/srv/_generate_twists.py'...
[12.380s] Compiling '/home/goblue/my_ws/install/dwb_msgs/local/lib/python3.10/dist-packages/dwb_msgs/srv/_get_critic_score.py'...
[12.380s] Compiling '/home/goblue/my_ws/install/dwb_msgs/local/lib/python3.10/dist-packages/dwb_msgs/srv/_score_trajectory.py'...
[12.383s] -- Installing: /home/goblue/my_ws/install/dwb_msgs/local/lib/python3.10/dist-packages/dwb_msgs/dwb_msgs_s__rosidl_typesupport_fastrtps_c.cpython-310-x86_64-linux-gnu.so
[12.383s] -- Set runtime path of "/home/goblue/my_ws/install/dwb_msgs/local/lib/python3.10/dist-packages/dwb_msgs/dwb_msgs_s__rosidl_typesupport_fastrtps_c.cpython-310-x86_64-linux-gnu.so" to ""
[12.383s] -- Installing: /home/goblue/my_ws/install/dwb_msgs/local/lib/python3.10/dist-packages/dwb_msgs/dwb_msgs_s__rosidl_typesupport_introspection_c.cpython-310-x86_64-linux-gnu.so
[12.384s] -- Set runtime path of "/home/goblue/my_ws/install/dwb_msgs/local/lib/python3.10/dist-packages/dwb_msgs/dwb_msgs_s__rosidl_typesupport_introspection_c.cpython-310-x86_64-linux-gnu.so" to ""
[12.384s] -- Installing: /home/goblue/my_ws/install/dwb_msgs/local/lib/python3.10/dist-packages/dwb_msgs/dwb_msgs_s__rosidl_typesupport_c.cpython-310-x86_64-linux-gnu.so
[12.384s] -- Set runtime path of "/home/goblue/my_ws/install/dwb_msgs/local/lib/python3.10/dist-packages/dwb_msgs/dwb_msgs_s__rosidl_typesupport_c.cpython-310-x86_64-linux-gnu.so" to ""
[12.384s] -- Installing: /home/goblue/my_ws/install/dwb_msgs/lib/libdwb_msgs__rosidl_generator_py.so
[12.384s] -- Set runtime path of "/home/goblue/my_ws/install/dwb_msgs/lib/libdwb_msgs__rosidl_generator_py.so" to ""
[12.385s] -- Installing: /home/goblue/my_ws/install/dwb_msgs/share/dwb_msgs/msg/CriticScore.idl
[12.385s] -- Installing: /home/goblue/my_ws/install/dwb_msgs/share/dwb_msgs/msg/LocalPlanEvaluation.idl
[12.385s] -- Installing: /home/goblue/my_ws/install/dwb_msgs/share/dwb_msgs/msg/Trajectory2D.idl
[12.385s] -- Installing: /home/goblue/my_ws/install/dwb_msgs/share/dwb_msgs/msg/TrajectoryScore.idl
[12.385s] -- Installing: /home/goblue/my_ws/install/dwb_msgs/share/dwb_msgs/srv/DebugLocalPlan.idl
[12.385s] -- Installing: /home/goblue/my_ws/install/dwb_msgs/share/dwb_msgs/srv/GenerateTrajectory.idl
[12.385s] -- Installing: /home/goblue/my_ws/install/dwb_msgs/share/dwb_msgs/srv/GenerateTwists.idl
[12.385s] -- Installing: /home/goblue/my_ws/install/dwb_msgs/share/dwb_msgs/srv/GetCriticScore.idl
[12.385s] -- Installing: /home/goblue/my_ws/install/dwb_msgs/share/dwb_msgs/srv/ScoreTrajectory.idl
[12.385s] -- Installing: /home/goblue/my_ws/install/dwb_msgs/share/dwb_msgs/msg/CriticScore.msg
[12.385s] -- Installing: /home/goblue/my_ws/install/dwb_msgs/share/dwb_msgs/msg/LocalPlanEvaluation.msg
[12.385s] -- Installing: /home/goblue/my_ws/install/dwb_msgs/share/dwb_msgs/msg/Trajectory2D.msg
[12.386s] -- Installing: /home/goblue/my_ws/install/dwb_msgs/share/dwb_msgs/msg/TrajectoryScore.msg
[12.386s] -- Installing: /home/goblue/my_ws/install/dwb_msgs/share/dwb_msgs/srv/DebugLocalPlan.srv
[12.386s] -- Installing: /home/goblue/my_ws/install/dwb_msgs/share/dwb_msgs/srv/DebugLocalPlan_Request.msg
[12.386s] -- Installing: /home/goblue/my_ws/install/dwb_msgs/share/dwb_msgs/srv/DebugLocalPlan_Response.msg
[12.386s] -- Installing: /home/goblue/my_ws/install/dwb_msgs/share/dwb_msgs/srv/GenerateTrajectory.srv
[12.386s] -- Installing: /home/goblue/my_ws/install/dwb_msgs/share/dwb_msgs/srv/GenerateTrajectory_Request.msg
[12.386s] -- Installing: /home/goblue/my_ws/install/dwb_msgs/share/dwb_msgs/srv/GenerateTrajectory_Response.msg
[12.386s] -- Installing: /home/goblue/my_ws/install/dwb_msgs/share/dwb_msgs/srv/GenerateTwists.srv
[12.387s] -- Installing: /home/goblue/my_ws/install/dwb_msgs/share/dwb_msgs/srv/GenerateTwists_Request.msg
[12.387s] -- Installing: /home/goblue/my_ws/install/dwb_msgs/share/dwb_msgs/srv/GenerateTwists_Response.msg
[12.387s] -- Installing: /home/goblue/my_ws/install/dwb_msgs/share/dwb_msgs/srv/GetCriticScore.srv
[12.387s] -- Installing: /home/goblue/my_ws/install/dwb_msgs/share/dwb_msgs/srv/GetCriticScore_Request.msg
[12.387s] -- Installing: /home/goblue/my_ws/install/dwb_msgs/share/dwb_msgs/srv/GetCriticScore_Response.msg
[12.387s] -- Installing: /home/goblue/my_ws/install/dwb_msgs/share/dwb_msgs/srv/ScoreTrajectory.srv
[12.387s] -- Installing: /home/goblue/my_ws/install/dwb_msgs/share/dwb_msgs/srv/ScoreTrajectory_Request.msg
[12.387s] -- Installing: /home/goblue/my_ws/install/dwb_msgs/share/dwb_msgs/srv/ScoreTrajectory_Response.msg
[12.387s] -- Installing: /home/goblue/my_ws/install/dwb_msgs/share/ament_index/resource_index/package_run_dependencies/dwb_msgs
[12.387s] -- Installing: /home/goblue/my_ws/install/dwb_msgs/share/ament_index/resource_index/parent_prefix_path/dwb_msgs
[12.388s] -- Installing: /home/goblue/my_ws/install/dwb_msgs/share/dwb_msgs/environment/ament_prefix_path.sh
[12.388s] -- Installing: /home/goblue/my_ws/install/dwb_msgs/share/dwb_msgs/environment/ament_prefix_path.dsv
[12.388s] -- Installing: /home/goblue/my_ws/install/dwb_msgs/share/dwb_msgs/environment/path.sh
[12.388s] -- Installing: /home/goblue/my_ws/install/dwb_msgs/share/dwb_msgs/environment/path.dsv
[12.388s] -- Installing: /home/goblue/my_ws/install/dwb_msgs/share/dwb_msgs/local_setup.bash
[12.388s] -- Installing: /home/goblue/my_ws/install/dwb_msgs/share/dwb_msgs/local_setup.sh
[12.388s] -- Installing: /home/goblue/my_ws/install/dwb_msgs/share/dwb_msgs/local_setup.zsh
[12.388s] -- Installing: /home/goblue/my_ws/install/dwb_msgs/share/dwb_msgs/local_setup.dsv
[12.389s] -- Installing: /home/goblue/my_ws/install/dwb_msgs/share/dwb_msgs/package.dsv
[12.389s] -- Installing: /home/goblue/my_ws/install/dwb_msgs/share/ament_index/resource_index/packages/dwb_msgs
[12.389s] -- Installing: /home/goblue/my_ws/install/dwb_msgs/share/dwb_msgs/cmake/export_dwb_msgs__rosidl_generator_cExport.cmake
[12.390s] -- Installing: /home/goblue/my_ws/install/dwb_msgs/share/dwb_msgs/cmake/export_dwb_msgs__rosidl_generator_cExport-noconfig.cmake
[12.390s] -- Installing: /home/goblue/my_ws/install/dwb_msgs/share/dwb_msgs/cmake/export_dwb_msgs__rosidl_typesupport_fastrtps_cExport.cmake
[12.390s] -- Installing: /home/goblue/my_ws/install/dwb_msgs/share/dwb_msgs/cmake/export_dwb_msgs__rosidl_typesupport_fastrtps_cExport-noconfig.cmake
[12.390s] -- Installing: /home/goblue/my_ws/install/dwb_msgs/share/dwb_msgs/cmake/export_dwb_msgs__rosidl_generator_cppExport.cmake
[12.390s] -- Installing: /home/goblue/my_ws/install/dwb_msgs/share/dwb_msgs/cmake/export_dwb_msgs__rosidl_typesupport_fastrtps_cppExport.cmake
[12.390s] -- Installing: /home/goblue/my_ws/install/dwb_msgs/share/dwb_msgs/cmake/export_dwb_msgs__rosidl_typesupport_fastrtps_cppExport-noconfig.cmake
[12.390s] -- Installing: /home/goblue/my_ws/install/dwb_msgs/share/dwb_msgs/cmake/dwb_msgs__rosidl_typesupport_introspection_cExport.cmake
[12.390s] -- Installing: /home/goblue/my_ws/install/dwb_msgs/share/dwb_msgs/cmake/dwb_msgs__rosidl_typesupport_introspection_cExport-noconfig.cmake
[12.390s] -- Installing: /home/goblue/my_ws/install/dwb_msgs/share/dwb_msgs/cmake/dwb_msgs__rosidl_typesupport_cExport.cmake
[12.391s] -- Installing: /home/goblue/my_ws/install/dwb_msgs/share/dwb_msgs/cmake/dwb_msgs__rosidl_typesupport_cExport-noconfig.cmake
[12.391s] -- Installing: /home/goblue/my_ws/install/dwb_msgs/share/dwb_msgs/cmake/dwb_msgs__rosidl_typesupport_introspection_cppExport.cmake
[12.391s] -- Installing: /home/goblue/my_ws/install/dwb_msgs/share/dwb_msgs/cmake/dwb_msgs__rosidl_typesupport_introspection_cppExport-noconfig.cmake
[12.391s] -- Installing: /home/goblue/my_ws/install/dwb_msgs/share/dwb_msgs/cmake/dwb_msgs__rosidl_typesupport_cppExport.cmake
[12.391s] -- Installing: /home/goblue/my_ws/install/dwb_msgs/share/dwb_msgs/cmake/dwb_msgs__rosidl_typesupport_cppExport-noconfig.cmake
[12.391s] -- Installing: /home/goblue/my_ws/install/dwb_msgs/share/dwb_msgs/cmake/export_dwb_msgs__rosidl_generator_pyExport.cmake
[12.391s] -- Installing: /home/goblue/my_ws/install/dwb_msgs/share/dwb_msgs/cmake/export_dwb_msgs__rosidl_generator_pyExport-noconfig.cmake
[12.391s] -- Installing: /home/goblue/my_ws/install/dwb_msgs/share/dwb_msgs/cmake/rosidl_cmake-extras.cmake
[12.391s] -- Installing: /home/goblue/my_ws/install/dwb_msgs/share/dwb_msgs/cmake/ament_cmake_export_dependencies-extras.cmake
[12.391s] -- Installing: /home/goblue/my_ws/install/dwb_msgs/share/dwb_msgs/cmake/ament_cmake_export_include_directories-extras.cmake
[12.391s] -- Installing: /home/goblue/my_ws/install/dwb_msgs/share/dwb_msgs/cmake/ament_cmake_export_libraries-extras.cmake
[12.392s] -- Installing: /home/goblue/my_ws/install/dwb_msgs/share/dwb_msgs/cmake/ament_cmake_export_targets-extras.cmake
[12.392s] -- Installing: /home/goblue/my_ws/install/dwb_msgs/share/dwb_msgs/cmake/rosidl_cmake_export_typesupport_targets-extras.cmake
[12.392s] -- Installing: /home/goblue/my_ws/install/dwb_msgs/share/dwb_msgs/cmake/rosidl_cmake_export_typesupport_libraries-extras.cmake
[12.392s] -- Installing: /home/goblue/my_ws/install/dwb_msgs/share/dwb_msgs/cmake/dwb_msgsConfig.cmake
[12.392s] -- Installing: /home/goblue/my_ws/install/dwb_msgs/share/dwb_msgs/cmake/dwb_msgsConfig-version.cmake
[12.392s] -- Installing: /home/goblue/my_ws/install/dwb_msgs/share/dwb_msgs/package.xml
[12.393s] Invoked command in '/home/goblue/my_ws/build/dwb_msgs' returned '0': AMENT_PREFIX_PATH=/home/goblue/my_ws/install/nav_2d_msgs:${AMENT_PREFIX_PATH} CMAKE_PREFIX_PATH=/home/goblue/my_ws/install/nav_2d_msgs:/home/goblue/my_ws/install/yuBot_cartographer:/home/goblue/my_ws/yuBot_nav2/install/yuBot_nav2:/home/goblue/interbotix_ws/install/interbotix_ros_xsarms_examples:/home/goblue/interbotix_ws/install/interbotix_xsarm_moveit_interface:/home/goblue/interbotix_ws/install/interbotix_moveit_interface:/home/goblue/interbotix_ws/install/moveit_visual_tools:/home/goblue/interbotix_ws/install/interbotix_ros_xsarms:/home/goblue/interbotix_ws/install/interbotix_xsarm_moveit:/home/goblue/interbotix_ws/install/interbotix_xsarm_sim:/home/goblue/interbotix_ws/install/interbotix_xsarm_ros_control:/home/goblue/interbotix_ws/install/interbotix_xsarm_puppet:/home/goblue/interbotix_ws/install/interbotix_xsarm_joy:/home/goblue/interbotix_ws/install/interbotix_xsarm_dual:/home/goblue/interbotix_ws/install/interbotix_xsarm_control:/home/goblue/interbotix_ws/install/interbotix_xsarm_descriptions:/home/goblue/interbotix_ws/install/interbotix_xs_toolbox:/home/goblue/interbotix_ws/install/interbotix_xs_rviz:/home/goblue/interbotix_ws/install/interbotix_ros_xseries:/home/goblue/interbotix_ws/install/interbotix_xs_sdk:/home/goblue/interbotix_ws/install/interbotix_xs_ros_control:/home/goblue/interbotix_ws/install/interbotix_xs_msgs:/home/goblue/interbotix_ws/install/interbotix_xs_driver:/home/goblue/interbotix_ws/install/interbotix_tf_tools:/home/goblue/interbotix_ws/install/interbotix_moveit_interface_msgs:/home/goblue/interbotix_ws/install/interbotix_common_toolbox:/home/goblue/interbotix_ws/install/interbotix_common_sim:/home/goblue/interbotix_ws/install/dynamixel_workbench_toolbox:/home/goblue/my_ws/install/bot_description:/home/goblue/interbotix_ws/install/interbotix_xs_modules:/home/goblue/interbotix_ws/install/interbotix_common_modules:/home/goblue/ros2_ws/install/rse_gaussian_filters:/opt/ros/humble LD_LIBRARY_PATH=/home/goblue/my_ws/install/nav_2d_msgs/lib:/home/goblue/interbotix_ws/install/moveit_visual_tools/lib:/home/goblue/interbotix_ws/install/interbotix_xs_rviz/lib:/home/goblue/interbotix_ws/install/interbotix_xs_ros_control/lib:/home/goblue/interbotix_ws/install/interbotix_xs_msgs/lib:/home/goblue/interbotix_ws/install/interbotix_xs_driver/lib:/home/goblue/interbotix_ws/install/interbotix_tf_tools/lib:/home/goblue/interbotix_ws/install/interbotix_moveit_interface_msgs/lib:/home/goblue/interbotix_ws/install/dynamixel_workbench_toolbox/lib:/usr/lib/x86_64-linux-gnu/gazebo-11/plugins:/opt/ros/humble/opt/rviz_ogre_vendor/lib:/opt/ros/humble/lib/x86_64-linux-gnu:/opt/ros/humble/lib:/usr/lib/x86_64-linux-gnu/gazebo-11/plugins:/usr/lib/x86_64-linux-gnu/gazebo-11/plugins:/usr/lib/x86_64-linux-gnu/gazebo-11/plugins PYTHONPATH=/home/goblue/my_ws/install/nav_2d_msgs/local/lib/python3.10/dist-packages:${PYTHONPATH} /usr/bin/cmake --install /home/goblue/my_ws/build/dwb_msgs
