[0.011s] Invoking command in '/home/goblue/my_ws/Yubot_controller/build/Yubot_controller': CMAKE_PREFIX_PATH=${CMAKE_PREFIX_PATH}:/home/goblue/interbotix_ws/install/interbotix_xs_modules:/home/goblue/interbotix_ws/install/interbotix_common_modules:/opt/ros/humble /usr/bin/cmake --build /home/goblue/my_ws/Yubot_controller/build/Yubot_controller -- -j20 -l20
[0.037s] -- Found ament_cmake: 1.3.10 (/opt/ros/humble/share/ament_cmake/cmake)
[0.133s] -- Found rclcpp: 16.0.10 (/opt/ros/humble/share/rclcpp/cmake)
[0.363s] -- Found rosidl_generator_c: 3.1.5 (/opt/ros/humble/share/rosidl_generator_c/cmake)
[0.365s] -- Found rosidl_adapter: 3.1.5 (/opt/ros/humble/share/rosidl_adapter/cmake)
[0.372s] -- Found rosidl_generator_cpp: 3.1.5 (/opt/ros/humble/share/rosidl_generator_cpp/cmake)
[0.383s] -- Using all available rosidl_typesupport_c: rosidl_typesupport_fastrtps_c;rosidl_typesupport_introspection_c
[0.395s] -- Using all available rosidl_typesupport_cpp: rosidl_typesupport_fastrtps_cpp;rosidl_typesupport_introspection_cpp
[0.432s] -- Found rmw_implementation_cmake: 6.1.2 (/opt/ros/humble/share/rmw_implementation_cmake/cmake)
[0.435s] -- Found rmw_fastrtps_cpp: 6.2.7 (/opt/ros/humble/share/rmw_fastrtps_cpp/cmake)
[7.387s] -- Using RMW implementation 'rmw_fastrtps_cpp' as default
[7.454s] -- Found nav2_core: 1.1.17 (/opt/ros/humble/share/nav2_core/cmake)
[7.670s] -- Ensuring Eigen3 include directory is part of orocos-kdl CMake target
[9.669s] [31mCMake Error at CMakeLists.txt:49 (target_include_directories):
[9.669s]   Cannot specify include directories for target "my_controller_plugin" which
[9.670s]   is not built by this project.
[9.670s] 
[9.670s] [0m
[9.671s] -- Found ament_lint_auto: 0.12.11 (/opt/ros/humble/share/ament_lint_auto/cmake)
[9.709s] WARNING: Package name "Yubot_controller" does not follow the naming conventions. It should start with a lower case letter and only contain lower case letters, digits, underscores, and dashes.
[9.732s] -- Added test 'cppcheck' to perform static code analysis on C / C++ code
[9.732s] -- Configured cppcheck include dirs: 
[9.732s] -- Configured cppcheck exclude dirs and/or files: 
[9.734s] -- Added test 'flake8' to check Python code syntax and style conventions
[9.735s] -- Added test 'lint_cmake' to check CMake code style
[9.736s] -- Added test 'pep257' to check Python code against some of the docstring style conventions in PEP 257
[9.742s] -- Added test 'uncrustify' to check C / C++ code style
[9.742s] -- Configured uncrustify additional arguments: 
[9.743s] -- Added test 'xmllint' to check XML markup files
[9.748s] -- Configuring incomplete, errors occurred!
[9.748s] See also "/home/goblue/my_ws/Yubot_controller/build/Yubot_controller/CMakeFiles/CMakeOutput.log".
[9.755s] gmake: *** [Makefile:267：cmake_check_build_system] 错误 1
[9.756s] Invoked command in '/home/goblue/my_ws/Yubot_controller/build/Yubot_controller' returned '2': CMAKE_PREFIX_PATH=${CMAKE_PREFIX_PATH}:/home/goblue/interbotix_ws/install/interbotix_xs_modules:/home/goblue/interbotix_ws/install/interbotix_common_modules:/opt/ros/humble /usr/bin/cmake --build /home/goblue/my_ws/Yubot_controller/build/Yubot_controller -- -j20 -l20
