-- The C compiler identification is GNU 11.4.0
-- The CXX compiler identification is GNU 11.4.0
-- Detecting C compiler ABI info
-- Detecting C compiler ABI info - done
-- Check for working C compiler: /usr/bin/cc - skipped
-- Detecting C compile features
-- Detecting C compile features - done
-- Detecting CXX compiler ABI info
-- Detecting CXX compiler ABI info - done
-- Check for working CXX compiler: /usr/bin/c++ - skipped
-- Detecting CXX compile features
-- Detecting CXX compile features - done
-- Found ament_cmake: 1.3.10 (/opt/ros/humble/share/ament_cmake/cmake)
-- Found Python3: /usr/bin/python3 (found version "3.10.12") found components: Interpreter 
-- Found nav2_common: 1.1.17 (/opt/ros/humble/share/nav2_common/cmake)
-- Found nav2_core: 1.1.17 (/opt/ros/humble/share/nav2_core/cmake)
-- Found rosidl_generator_c: 3.1.5 (/opt/ros/humble/share/rosidl_generator_c/cmake)
-- Found rosidl_adapter: 3.1.5 (/opt/ros/humble/share/rosidl_adapter/cmake)
-- Found rosidl_generator_cpp: 3.1.5 (/opt/ros/humble/share/rosidl_generator_cpp/cmake)
-- Using all available rosidl_typesupport_c: rosidl_typesupport_fastrtps_c;rosidl_typesupport_introspection_c
-- Using all available rosidl_typesupport_cpp: rosidl_typesupport_fastrtps_cpp;rosidl_typesupport_introspection_cpp
-- Found rmw_implementation_cmake: 6.1.2 (/opt/ros/humble/share/rmw_implementation_cmake/cmake)
-- Found rmw_fastrtps_cpp: 6.2.7 (/opt/ros/humble/share/rmw_fastrtps_cpp/cmake)
-- Found OpenSSL: /usr/lib/x86_64-linux-gnu/libcrypto.so (found version "3.0.2")  
-- Found FastRTPS: /opt/ros/humble/include  
-- Using RMW implementation 'rmw_fastrtps_cpp' as default
-- Looking for pthread.h
-- Looking for pthread.h - found
-- Performing Test CMAKE_HAVE_LIBC_PTHREAD
-- Performing Test CMAKE_HAVE_LIBC_PTHREAD - Success
-- Found Threads: TRUE  
-- Found Eigen3: TRUE (found version "3.4.0") 
-- Ensuring Eigen3 include directory is part of orocos-kdl CMake target
-- Setting build type to Release as none was specified.
-- Found ament_lint_auto: 0.12.11 (/opt/ros/humble/share/ament_lint_auto/cmake)
-- Added test 'cppcheck' to perform static code analysis on C / C++ code
-- Configured cppcheck include dirs: /home/goblue/my_ws/Yubot_controller/include
-- Configured cppcheck exclude dirs and/or files: 
-- Added test 'cpplint' to check C / C++ code against the Google style
-- Configured cpplint exclude dirs and/or files: 
-- Added test 'flake8' to check Python code syntax and style conventions
-- Added test 'lint_cmake' to check CMake code style
-- Added test 'pep257' to check Python code against some of the docstring style conventions in PEP 257
-- Added test 'uncrustify' to check C / C++ code style
-- Configured uncrustify additional arguments: 
-- Added test 'xmllint' to check XML markup files
-- Configuring done
-- Generating done
-- Build files have been written to: /home/goblue/my_ws/Yubot_controller/build/Yubot_controller
[ 50%] [32mBuilding CXX object CMakeFiles/Yubot_controller.dir/src/pure_controller.cpp.o[0m
[100%] [32m[1mLinking CXX shared library libYubot_controller.so[0m
[100%] Built target Yubot_controller
-- Install configuration: "Release"
-- Installing: /home/goblue/my_ws/Yubot_controller/install/Yubot_controller/lib/libYubot_controller.so
-- Set runtime path of "/home/goblue/my_ws/Yubot_controller/install/Yubot_controller/lib/libYubot_controller.so" to ""
-- Up-to-date: /home/goblue/my_ws/Yubot_controller/install/Yubot_controller/include/
-- Up-to-date: /home/goblue/my_ws/Yubot_controller/install/Yubot_controller/include//Yubot_controller
-- Up-to-date: /home/goblue/my_ws/Yubot_controller/install/Yubot_controller/share/Yubot_controller/launch
-- Up-to-date: /home/goblue/my_ws/Yubot_controller/install/Yubot_controller/share/Yubot_controller/launch/bringup.launch.py
-- Up-to-date: /home/goblue/my_ws/Yubot_controller/install/Yubot_controller/share/Yubot_controller/params
-- Up-to-date: /home/goblue/my_ws/Yubot_controller/install/Yubot_controller/share/Yubot_controller/params/PurePursuit.yaml
-- Up-to-date: /home/goblue/my_ws/Yubot_controller/install/Yubot_controller/share/Yubot_controller/maps
-- Up-to-date: /home/goblue/my_ws/Yubot_controller/install/Yubot_controller/share/Yubot_controller/maps/house.pgm
-- Up-to-date: /home/goblue/my_ws/Yubot_controller/install/Yubot_controller/share/Yubot_controller/maps/house.yaml
-- Up-to-date: /home/goblue/my_ws/Yubot_controller/install/Yubot_controller/share/Yubot_controller/environment/library_path.sh
-- Installing: /home/goblue/my_ws/Yubot_controller/install/Yubot_controller/share/Yubot_controller/environment/library_path.dsv
-- Up-to-date: /home/goblue/my_ws/Yubot_controller/install/Yubot_controller/share/Yubot_controller/plugin.xml
-- Installing: /home/goblue/my_ws/Yubot_controller/install/Yubot_controller/share/ament_index/resource_index/package_run_dependencies/Yubot_controller
-- Installing: /home/goblue/my_ws/Yubot_controller/install/Yubot_controller/share/ament_index/resource_index/parent_prefix_path/Yubot_controller
-- Up-to-date: /home/goblue/my_ws/Yubot_controller/install/Yubot_controller/share/Yubot_controller/environment/ament_prefix_path.sh
-- Installing: /home/goblue/my_ws/Yubot_controller/install/Yubot_controller/share/Yubot_controller/environment/ament_prefix_path.dsv
-- Up-to-date: /home/goblue/my_ws/Yubot_controller/install/Yubot_controller/share/Yubot_controller/environment/path.sh
-- Installing: /home/goblue/my_ws/Yubot_controller/install/Yubot_controller/share/Yubot_controller/environment/path.dsv
-- Installing: /home/goblue/my_ws/Yubot_controller/install/Yubot_controller/share/Yubot_controller/local_setup.bash
-- Installing: /home/goblue/my_ws/Yubot_controller/install/Yubot_controller/share/Yubot_controller/local_setup.sh
-- Installing: /home/goblue/my_ws/Yubot_controller/install/Yubot_controller/share/Yubot_controller/local_setup.zsh
-- Installing: /home/goblue/my_ws/Yubot_controller/install/Yubot_controller/share/Yubot_controller/local_setup.dsv
-- Installing: /home/goblue/my_ws/Yubot_controller/install/Yubot_controller/share/Yubot_controller/package.dsv
-- Installing: /home/goblue/my_ws/Yubot_controller/install/Yubot_controller/share/ament_index/resource_index/packages/Yubot_controller
-- Installing: /home/goblue/my_ws/Yubot_controller/install/Yubot_controller/share/ament_index/resource_index/nav2_core__pluginlib__plugin/Yubot_controller
-- Installing: /home/goblue/my_ws/Yubot_controller/install/Yubot_controller/share/Yubot_controller/cmake/ament_cmake_export_include_directories-extras.cmake
-- Installing: /home/goblue/my_ws/Yubot_controller/install/Yubot_controller/share/Yubot_controller/cmake/ament_cmake_export_libraries-extras.cmake
-- Installing: /home/goblue/my_ws/Yubot_controller/install/Yubot_controller/share/Yubot_controller/cmake/ament_cmake_export_dependencies-extras.cmake
-- Installing: /home/goblue/my_ws/Yubot_controller/install/Yubot_controller/share/Yubot_controller/cmake/Yubot_controllerConfig.cmake
-- Installing: /home/goblue/my_ws/Yubot_controller/install/Yubot_controller/share/Yubot_controller/cmake/Yubot_controllerConfig-version.cmake
-- Up-to-date: /home/goblue/my_ws/Yubot_controller/install/Yubot_controller/share/Yubot_controller/package.xml
