[0.010s] Invoking command in '/home/goblue/my_ws/Yubot_controller/build/Yubot_controller': CMAKE_PREFIX_PATH=${CMAKE_PREFIX_PATH}:/home/goblue/interbotix_ws/install/interbotix_xs_modules:/home/goblue/interbotix_ws/install/interbotix_common_modules:/opt/ros/humble /usr/bin/cmake /home/goblue/my_ws/Yubot_controller -DCMAKE_INSTALL_PREFIX=/home/goblue/my_ws/Yubot_controller/install/Yubot_controller
[0.022s] -- Found ament_cmake: 1.3.10 (/opt/ros/humble/share/ament_cmake/cmake)
[0.098s] -- Found rclcpp: 16.0.10 (/opt/ros/humble/share/rclcpp/cmake)
[0.326s] -- Found rosidl_generator_c: 3.1.5 (/opt/ros/humble/share/rosidl_generator_c/cmake)
[0.330s] -- Found rosidl_adapter: 3.1.5 (/opt/ros/humble/share/rosidl_adapter/cmake)
[0.338s] -- Found rosidl_generator_cpp: 3.1.5 (/opt/ros/humble/share/rosidl_generator_cpp/cmake)
[0.350s] -- Using all available rosidl_typesupport_c: rosidl_typesupport_fastrtps_c;rosidl_typesupport_introspection_c
[0.363s] -- Using all available rosidl_typesupport_cpp: rosidl_typesupport_fastrtps_cpp;rosidl_typesupport_introspection_cpp
[0.406s] -- Found rmw_implementation_cmake: 6.1.2 (/opt/ros/humble/share/rmw_implementation_cmake/cmake)
[0.409s] -- Found rmw_fastrtps_cpp: 6.2.7 (/opt/ros/humble/share/rmw_fastrtps_cpp/cmake)
[11.418s] -- Using RMW implementation 'rmw_fastrtps_cpp' as default
[11.495s] -- Found nav2_core: 1.1.17 (/opt/ros/humble/share/nav2_core/cmake)
[11.723s] -- Ensuring Eigen3 include directory is part of orocos-kdl CMake target
[14.081s] [31mCMake Error at CMakeLists.txt:17 (nav2_package):
[14.081s]   Unknown CMake command "nav2_package".
[14.081s] 
[14.081s] [0m
[14.081s] -- Configuring incomplete, errors occurred!
[14.081s] See also "/home/goblue/my_ws/Yubot_controller/build/Yubot_controller/CMakeFiles/CMakeOutput.log".
[14.088s] Invoked command in '/home/goblue/my_ws/Yubot_controller/build/Yubot_controller' returned '1': CMAKE_PREFIX_PATH=${CMAKE_PREFIX_PATH}:/home/goblue/interbotix_ws/install/interbotix_xs_modules:/home/goblue/interbotix_ws/install/interbotix_common_modules:/opt/ros/humble /usr/bin/cmake /home/goblue/my_ws/Yubot_controller -DCMAKE_INSTALL_PREFIX=/home/goblue/my_ws/Yubot_controller/install/Yubot_controller
