[0.478s] DEBUG:colcon:Command line arguments: ['/usr/bin/colcon', 'build']
[0.478s] DEBUG:colcon:Parsed command line arguments: Namespace(log_base=None, log_level=None, verb_name='build', build_base='build', install_base='install', merge_install=False, symlink_install=False, test_result_base=None, continue_on_error=False, executor='parallel', parallel_workers=20, event_handlers=None, ignore_user_meta=False, metas=['./colcon.meta'], base_paths=['.'], packages_ignore=None, packages_ignore_regex=None, paths=None, packages_up_to=None, packages_up_to_regex=None, packages_above=None, packages_above_and_dependencies=None, packages_above_depth=None, packages_select_by_dep=None, packages_skip_by_dep=None, packages_skip_up_to=None, packages_select_build_failed=False, packages_skip_build_finished=False, packages_select_test_failures=False, packages_skip_test_passed=False, packages_select=None, packages_skip=None, packages_select_regex=None, packages_skip_regex=None, packages_start=None, packages_end=None, allow_overriding=[], cmake_args=None, cmake_target=None, cmake_target_skip_unavailable=False, cmake_clean_cache=False, cmake_clean_first=False, cmake_force_configure=False, ament_cmake_args=None, catkin_cmake_args=None, catkin_skip_building_tests=False, mixin_files=None, mixin=None, verb_parser=<colcon_mixin.mixin.mixin_argument.MixinArgumentDecorator object at 0x7fee3b9922c0>, verb_extension=<colcon_core.verb.build.BuildVerb object at 0x7fee3b9917e0>, main=<bound method BuildVerb.main of <colcon_core.verb.build.BuildVerb object at 0x7fee3b9917e0>>, mixin_verb=('build',))
[0.913s] Level 1:colcon.colcon_core.package_discovery:discover_packages(colcon_meta) check parameters
[0.914s] Level 1:colcon.colcon_core.package_discovery:discover_packages(recursive) check parameters
[0.914s] Level 1:colcon.colcon_core.package_discovery:discover_packages(ignore) check parameters
[0.914s] Level 1:colcon.colcon_core.package_discovery:discover_packages(path) check parameters
[0.914s] Level 1:colcon.colcon_core.package_discovery:discover_packages(colcon_meta) discover
[0.914s] Level 1:colcon.colcon_core.package_discovery:discover_packages(recursive) discover
[0.914s] INFO:colcon.colcon_core.package_discovery:Crawling recursively for packages in '/home/goblue/my_ws/yubot_purepursuit_controller'
[0.914s] Level 1:colcon.colcon_core.package_identification:_identify(.) by extensions ['ignore', 'ignore_ament_install']
[0.914s] Level 1:colcon.colcon_core.package_identification:_identify(.) by extension 'ignore'
[0.914s] Level 1:colcon.colcon_core.package_identification:_identify(.) by extension 'ignore_ament_install'
[0.914s] Level 1:colcon.colcon_core.package_identification:_identify(.) by extensions ['colcon_pkg']
[0.914s] Level 1:colcon.colcon_core.package_identification:_identify(.) by extension 'colcon_pkg'
[0.914s] Level 1:colcon.colcon_core.package_identification:_identify(.) by extensions ['colcon_meta']
[0.914s] Level 1:colcon.colcon_core.package_identification:_identify(.) by extension 'colcon_meta'
[0.915s] Level 1:colcon.colcon_core.package_identification:_identify(.) by extensions ['ros']
[0.915s] Level 1:colcon.colcon_core.package_identification:_identify(.) by extension 'ros'
[0.938s] DEBUG:colcon.colcon_core.package_identification:Package '.' with type 'ros.ament_cmake' and name 'yubot_purepursuit_controller'
[0.939s] Level 1:colcon.colcon_core.package_discovery:discover_packages(recursive) using defaults
[0.939s] Level 1:colcon.colcon_core.package_discovery:discover_packages(ignore) discover
[0.939s] Level 1:colcon.colcon_core.package_discovery:discover_packages(ignore) using defaults
[0.939s] Level 1:colcon.colcon_core.package_discovery:discover_packages(path) discover
[0.939s] Level 1:colcon.colcon_core.package_discovery:discover_packages(path) using defaults
[0.982s] Level 1:colcon.colcon_core.package_discovery:discover_packages(prefix_path) check parameters
[0.983s] Level 1:colcon.colcon_core.package_discovery:discover_packages(prefix_path) discover
[0.993s] DEBUG:colcon.colcon_installed_package_information.package_discovery:Found 27 installed packages in /home/goblue/interbotix_ws/install
[0.996s] DEBUG:colcon.colcon_installed_package_information.package_discovery:Found 394 installed packages in /opt/ros/humble
[0.998s] Level 1:colcon.colcon_core.package_discovery:discover_packages(prefix_path) using defaults
[1.128s] Level 5:colcon.colcon_core.verb:set package 'yubot_purepursuit_controller' build argument 'cmake_args' from command line to 'None'
[1.128s] Level 5:colcon.colcon_core.verb:set package 'yubot_purepursuit_controller' build argument 'cmake_target' from command line to 'None'
[1.128s] Level 5:colcon.colcon_core.verb:set package 'yubot_purepursuit_controller' build argument 'cmake_target_skip_unavailable' from command line to 'False'
[1.128s] Level 5:colcon.colcon_core.verb:set package 'yubot_purepursuit_controller' build argument 'cmake_clean_cache' from command line to 'False'
[1.128s] Level 5:colcon.colcon_core.verb:set package 'yubot_purepursuit_controller' build argument 'cmake_clean_first' from command line to 'False'
[1.128s] Level 5:colcon.colcon_core.verb:set package 'yubot_purepursuit_controller' build argument 'cmake_force_configure' from command line to 'False'
[1.128s] Level 5:colcon.colcon_core.verb:set package 'yubot_purepursuit_controller' build argument 'ament_cmake_args' from command line to 'None'
[1.128s] Level 5:colcon.colcon_core.verb:set package 'yubot_purepursuit_controller' build argument 'catkin_cmake_args' from command line to 'None'
[1.128s] Level 5:colcon.colcon_core.verb:set package 'yubot_purepursuit_controller' build argument 'catkin_skip_building_tests' from command line to 'False'
[1.128s] DEBUG:colcon.colcon_core.verb:Building package 'yubot_purepursuit_controller' with the following arguments: {'ament_cmake_args': None, 'build_base': '/home/goblue/my_ws/yubot_purepursuit_controller/build/yubot_purepursuit_controller', 'catkin_cmake_args': None, 'catkin_skip_building_tests': False, 'cmake_args': None, 'cmake_clean_cache': False, 'cmake_clean_first': False, 'cmake_force_configure': False, 'cmake_target': None, 'cmake_target_skip_unavailable': False, 'install_base': '/home/goblue/my_ws/yubot_purepursuit_controller/install/yubot_purepursuit_controller', 'merge_install': False, 'path': '/home/goblue/my_ws/yubot_purepursuit_controller', 'symlink_install': False, 'test_result_base': None}
[1.128s] INFO:colcon.colcon_core.executor:Executing jobs using 'parallel' executor
[1.130s] DEBUG:colcon.colcon_parallel_executor.executor.parallel:run_until_complete
[1.130s] INFO:colcon.colcon_ros.task.ament_cmake.build:Building ROS package in '/home/goblue/my_ws/yubot_purepursuit_controller' with build type 'ament_cmake'
[1.131s] INFO:colcon.colcon_cmake.task.cmake.build:Building CMake package in '/home/goblue/my_ws/yubot_purepursuit_controller'
[1.139s] INFO:colcon.colcon_core.plugin_system:Skipping extension 'colcon_core.shell.bat': Not used on non-Windows systems
[1.140s] INFO:colcon.colcon_core.shell:Skip shell extension 'powershell' for command environment: Not usable outside of PowerShell
[1.140s] DEBUG:colcon.colcon_core.shell:Skip shell extension 'dsv' for command environment
[1.151s] DEBUG:colcon.colcon_core.event_handler.log_command:Invoking command in '/home/goblue/my_ws/yubot_purepursuit_controller/build/yubot_purepursuit_controller': CMAKE_PREFIX_PATH=${CMAKE_PREFIX_PATH}:/home/goblue/interbotix_ws/install/interbotix_xs_modules:/home/goblue/interbotix_ws/install/interbotix_common_modules:/opt/ros/humble /usr/bin/cmake /home/goblue/my_ws/yubot_purepursuit_controller -DCMAKE_INSTALL_PREFIX=/home/goblue/my_ws/yubot_purepursuit_controller/install/yubot_purepursuit_controller
[21.049s] DEBUG:colcon.colcon_core.event_handler.log_command:Invoked command in '/home/goblue/my_ws/yubot_purepursuit_controller/build/yubot_purepursuit_controller' returned '0': CMAKE_PREFIX_PATH=${CMAKE_PREFIX_PATH}:/home/goblue/interbotix_ws/install/interbotix_xs_modules:/home/goblue/interbotix_ws/install/interbotix_common_modules:/opt/ros/humble /usr/bin/cmake /home/goblue/my_ws/yubot_purepursuit_controller -DCMAKE_INSTALL_PREFIX=/home/goblue/my_ws/yubot_purepursuit_controller/install/yubot_purepursuit_controller
[21.051s] DEBUG:colcon.colcon_core.event_handler.log_command:Invoking command in '/home/goblue/my_ws/yubot_purepursuit_controller/build/yubot_purepursuit_controller': CMAKE_PREFIX_PATH=${CMAKE_PREFIX_PATH}:/home/goblue/interbotix_ws/install/interbotix_xs_modules:/home/goblue/interbotix_ws/install/interbotix_common_modules:/opt/ros/humble /usr/bin/cmake --build /home/goblue/my_ws/yubot_purepursuit_controller/build/yubot_purepursuit_controller -- -j20 -l20
[30.464s] DEBUG:colcon.colcon_core.event_handler.log_command:Invoked command in '/home/goblue/my_ws/yubot_purepursuit_controller/build/yubot_purepursuit_controller' returned '0': CMAKE_PREFIX_PATH=${CMAKE_PREFIX_PATH}:/home/goblue/interbotix_ws/install/interbotix_xs_modules:/home/goblue/interbotix_ws/install/interbotix_common_modules:/opt/ros/humble /usr/bin/cmake --build /home/goblue/my_ws/yubot_purepursuit_controller/build/yubot_purepursuit_controller -- -j20 -l20
[30.503s] DEBUG:colcon.colcon_core.event_handler.log_command:Invoking command in '/home/goblue/my_ws/yubot_purepursuit_controller/build/yubot_purepursuit_controller': CMAKE_PREFIX_PATH=${CMAKE_PREFIX_PATH}:/home/goblue/interbotix_ws/install/interbotix_xs_modules:/home/goblue/interbotix_ws/install/interbotix_common_modules:/opt/ros/humble /usr/bin/cmake --install /home/goblue/my_ws/yubot_purepursuit_controller/build/yubot_purepursuit_controller
[30.518s] DEBUG:colcon.colcon_core.event_handler.log_command:Invoked command in '/home/goblue/my_ws/yubot_purepursuit_controller/build/yubot_purepursuit_controller' returned '1': CMAKE_PREFIX_PATH=${CMAKE_PREFIX_PATH}:/home/goblue/interbotix_ws/install/interbotix_xs_modules:/home/goblue/interbotix_ws/install/interbotix_common_modules:/opt/ros/humble /usr/bin/cmake --install /home/goblue/my_ws/yubot_purepursuit_controller/build/yubot_purepursuit_controller
[30.547s] Level 1:colcon.colcon_core.environment:create_environment_scripts_only(yubot_purepursuit_controller)
[30.557s] Level 1:colcon.colcon_core.environment:checking '/home/goblue/my_ws/yubot_purepursuit_controller/install/yubot_purepursuit_controller' for CMake module files
[30.558s] Level 1:colcon.colcon_core.environment:checking '/home/goblue/my_ws/yubot_purepursuit_controller/install/yubot_purepursuit_controller' for CMake config files
[30.559s] Level 1:colcon.colcon_core.environment:checking '/home/goblue/my_ws/yubot_purepursuit_controller/install/yubot_purepursuit_controller/lib'
[30.560s] Level 1:colcon.colcon_core.shell:create_environment_hook('yubot_purepursuit_controller', 'ld_library_path_lib')
[30.560s] INFO:colcon.colcon_core.shell:Creating environment hook '/home/goblue/my_ws/yubot_purepursuit_controller/install/yubot_purepursuit_controller/share/yubot_purepursuit_controller/hook/ld_library_path_lib.ps1'
[30.562s] INFO:colcon.colcon_core.shell:Creating environment descriptor '/home/goblue/my_ws/yubot_purepursuit_controller/install/yubot_purepursuit_controller/share/yubot_purepursuit_controller/hook/ld_library_path_lib.dsv'
[30.563s] INFO:colcon.colcon_core.shell:Creating environment hook '/home/goblue/my_ws/yubot_purepursuit_controller/install/yubot_purepursuit_controller/share/yubot_purepursuit_controller/hook/ld_library_path_lib.sh'
[30.564s] Level 1:colcon.colcon_core.environment:checking '/home/goblue/my_ws/yubot_purepursuit_controller/install/yubot_purepursuit_controller/bin'
[30.564s] Level 1:colcon.colcon_core.environment:checking '/home/goblue/my_ws/yubot_purepursuit_controller/install/yubot_purepursuit_controller/lib/pkgconfig/yubot_purepursuit_controller.pc'
[30.564s] Level 1:colcon.colcon_core.environment:checking '/home/goblue/my_ws/yubot_purepursuit_controller/install/yubot_purepursuit_controller/lib/python3.10/site-packages'
[30.565s] Level 1:colcon.colcon_core.environment:checking '/home/goblue/my_ws/yubot_purepursuit_controller/install/yubot_purepursuit_controller/bin'
[30.565s] INFO:colcon.colcon_core.shell:Creating package script '/home/goblue/my_ws/yubot_purepursuit_controller/install/yubot_purepursuit_controller/share/yubot_purepursuit_controller/package.ps1'
[30.566s] INFO:colcon.colcon_core.shell:Creating package descriptor '/home/goblue/my_ws/yubot_purepursuit_controller/install/yubot_purepursuit_controller/share/yubot_purepursuit_controller/package.dsv'
[30.567s] INFO:colcon.colcon_core.shell:Creating package script '/home/goblue/my_ws/yubot_purepursuit_controller/install/yubot_purepursuit_controller/share/yubot_purepursuit_controller/package.sh'
[30.568s] INFO:colcon.colcon_core.shell:Creating package script '/home/goblue/my_ws/yubot_purepursuit_controller/install/yubot_purepursuit_controller/share/yubot_purepursuit_controller/package.bash'
[30.569s] INFO:colcon.colcon_core.shell:Creating package script '/home/goblue/my_ws/yubot_purepursuit_controller/install/yubot_purepursuit_controller/share/yubot_purepursuit_controller/package.zsh'
[30.570s] Level 1:colcon.colcon_core.environment:create_file_with_runtime_dependencies(/home/goblue/my_ws/yubot_purepursuit_controller/install/yubot_purepursuit_controller/share/colcon-core/packages/yubot_purepursuit_controller)
[30.571s] DEBUG:colcon.colcon_parallel_executor.executor.parallel:closing loop
[30.572s] DEBUG:colcon.colcon_parallel_executor.executor.parallel:loop closed
[30.572s] DEBUG:colcon.colcon_parallel_executor.executor.parallel:run_until_complete finished with '1'
[30.572s] DEBUG:colcon.colcon_core.event_reactor:joining thread
[30.584s] INFO:colcon.colcon_core.plugin_system:Skipping extension 'colcon_notification.desktop_notification.terminal_notifier': Not used on non-Darwin systems
[30.584s] INFO:colcon.colcon_core.plugin_system:Skipping extension 'colcon_notification.desktop_notification.win32': Not used on non-Windows systems
[30.584s] INFO:colcon.colcon_notification.desktop_notification:Sending desktop notification using 'notify2'
[30.593s] DEBUG:colcon.colcon_core.event_reactor:joined thread
[30.593s] INFO:colcon.colcon_core.shell:Creating prefix script '/home/goblue/my_ws/yubot_purepursuit_controller/install/local_setup.ps1'
[30.595s] INFO:colcon.colcon_core.shell:Creating prefix util module '/home/goblue/my_ws/yubot_purepursuit_controller/install/_local_setup_util_ps1.py'
[30.596s] INFO:colcon.colcon_core.shell:Creating prefix chain script '/home/goblue/my_ws/yubot_purepursuit_controller/install/setup.ps1'
[30.598s] INFO:colcon.colcon_core.shell:Creating prefix script '/home/goblue/my_ws/yubot_purepursuit_controller/install/local_setup.sh'
[30.599s] INFO:colcon.colcon_core.shell:Creating prefix util module '/home/goblue/my_ws/yubot_purepursuit_controller/install/_local_setup_util_sh.py'
[30.599s] INFO:colcon.colcon_core.shell:Creating prefix chain script '/home/goblue/my_ws/yubot_purepursuit_controller/install/setup.sh'
[30.601s] INFO:colcon.colcon_core.shell:Creating prefix script '/home/goblue/my_ws/yubot_purepursuit_controller/install/local_setup.bash'
[30.602s] INFO:colcon.colcon_core.shell:Creating prefix chain script '/home/goblue/my_ws/yubot_purepursuit_controller/install/setup.bash'
[30.603s] INFO:colcon.colcon_core.shell:Creating prefix script '/home/goblue/my_ws/yubot_purepursuit_controller/install/local_setup.zsh'
[30.604s] INFO:colcon.colcon_core.shell:Creating prefix chain script '/home/goblue/my_ws/yubot_purepursuit_controller/install/setup.zsh'
