[0.019s] Invoking command in '/home/goblue/my_ws/Yubot_controller/build/Yubot_controller': CMAKE_PREFIX_PATH=${CMAKE_PREFIX_PATH}:/home/goblue/interbotix_ws/install/interbotix_xs_modules:/home/goblue/interbotix_ws/install/interbotix_common_modules:/opt/ros/humble /usr/bin/cmake --build /home/goblue/my_ws/Yubot_controller/build/Yubot_controller -- -j20 -l20
[0.067s] [ 50%] [32mBuilding CXX object CMakeFiles/Yubot_controller.dir/src/pure_controller.cpp.o[0m
[7.844s] [100%] [32m[1mLinking CXX shared library libYubot_controller.so[0m
[8.243s] [100%] Built target Yubot_controller
[8.257s] Invoked command in '/home/goblue/my_ws/Yubot_controller/build/Yubot_controller' returned '0': CMAKE_PREFIX_PATH=${CMAKE_PREFIX_PATH}:/home/goblue/interbotix_ws/install/interbotix_xs_modules:/home/goblue/interbotix_ws/install/interbotix_common_modules:/opt/ros/humble /usr/bin/cmake --build /home/goblue/my_ws/Yubot_controller/build/Yubot_controller -- -j20 -l20
[8.287s] Invoking command in '/home/goblue/my_ws/Yubot_controller/build/Yubot_controller': CMAKE_PREFIX_PATH=${CMAKE_PREFIX_PATH}:/home/goblue/interbotix_ws/install/interbotix_xs_modules:/home/goblue/interbotix_ws/install/interbotix_common_modules:/opt/ros/humble /usr/bin/cmake --install /home/goblue/my_ws/Yubot_controller/build/Yubot_controller
[8.292s] -- Install configuration: "Release"
[8.292s] -- Installing: /home/goblue/my_ws/Yubot_controller/install/Yubot_controller/lib/libYubot_controller.so
[8.293s] -- Set runtime path of "/home/goblue/my_ws/Yubot_controller/install/Yubot_controller/lib/libYubot_controller.so" to ""
[8.293s] -- Up-to-date: /home/goblue/my_ws/Yubot_controller/install/Yubot_controller/include/
[8.293s] -- Up-to-date: /home/goblue/my_ws/Yubot_controller/install/Yubot_controller/include//Yubot_controller
[8.293s] -- Up-to-date: /home/goblue/my_ws/Yubot_controller/install/Yubot_controller/share/Yubot_controller/launch
[8.294s] -- Up-to-date: /home/goblue/my_ws/Yubot_controller/install/Yubot_controller/share/Yubot_controller/launch/bringup.launch.py
[8.294s] -- Up-to-date: /home/goblue/my_ws/Yubot_controller/install/Yubot_controller/share/Yubot_controller/params
[8.294s] -- Installing: /home/goblue/my_ws/Yubot_controller/install/Yubot_controller/share/Yubot_controller/params/yuBot_nav2.yaml
[8.294s] -- Up-to-date: /home/goblue/my_ws/Yubot_controller/install/Yubot_controller/share/Yubot_controller/params/PurePursuit.yaml
[8.295s] -- Up-to-date: /home/goblue/my_ws/Yubot_controller/install/Yubot_controller/share/Yubot_controller/maps
[8.295s] -- Up-to-date: /home/goblue/my_ws/Yubot_controller/install/Yubot_controller/share/Yubot_controller/maps/house.pgm
[8.295s] -- Up-to-date: /home/goblue/my_ws/Yubot_controller/install/Yubot_controller/share/Yubot_controller/maps/house.yaml
[8.295s] -- Up-to-date: /home/goblue/my_ws/Yubot_controller/install/Yubot_controller/share/Yubot_controller/environment/library_path.sh
[8.295s] -- Up-to-date: /home/goblue/my_ws/Yubot_controller/install/Yubot_controller/share/Yubot_controller/environment/library_path.dsv
[8.296s] -- Up-to-date: /home/goblue/my_ws/Yubot_controller/install/Yubot_controller/share/Yubot_controller/plugin.xml
[8.296s] -- Up-to-date: /home/goblue/my_ws/Yubot_controller/install/Yubot_controller/share/ament_index/resource_index/package_run_dependencies/Yubot_controller
[8.296s] -- Up-to-date: /home/goblue/my_ws/Yubot_controller/install/Yubot_controller/share/ament_index/resource_index/parent_prefix_path/Yubot_controller
[8.296s] -- Up-to-date: /home/goblue/my_ws/Yubot_controller/install/Yubot_controller/share/Yubot_controller/environment/ament_prefix_path.sh
[8.297s] -- Up-to-date: /home/goblue/my_ws/Yubot_controller/install/Yubot_controller/share/Yubot_controller/environment/ament_prefix_path.dsv
[8.297s] -- Up-to-date: /home/goblue/my_ws/Yubot_controller/install/Yubot_controller/share/Yubot_controller/environment/path.sh
[8.297s] -- Up-to-date: /home/goblue/my_ws/Yubot_controller/install/Yubot_controller/share/Yubot_controller/environment/path.dsv
[8.298s] -- Up-to-date: /home/goblue/my_ws/Yubot_controller/install/Yubot_controller/share/Yubot_controller/local_setup.bash
[8.298s] -- Up-to-date: /home/goblue/my_ws/Yubot_controller/install/Yubot_controller/share/Yubot_controller/local_setup.sh
[8.298s] -- Up-to-date: /home/goblue/my_ws/Yubot_controller/install/Yubot_controller/share/Yubot_controller/local_setup.zsh
[8.299s] -- Up-to-date: /home/goblue/my_ws/Yubot_controller/install/Yubot_controller/share/Yubot_controller/local_setup.dsv
[8.299s] -- Installing: /home/goblue/my_ws/Yubot_controller/install/Yubot_controller/share/Yubot_controller/package.dsv
[8.299s] -- Up-to-date: /home/goblue/my_ws/Yubot_controller/install/Yubot_controller/share/ament_index/resource_index/packages/Yubot_controller
[8.299s] -- Up-to-date: /home/goblue/my_ws/Yubot_controller/install/Yubot_controller/share/ament_index/resource_index/nav2_core__pluginlib__plugin/Yubot_controller
[8.299s] -- Up-to-date: /home/goblue/my_ws/Yubot_controller/install/Yubot_controller/share/Yubot_controller/cmake/ament_cmake_export_include_directories-extras.cmake
[8.299s] -- Up-to-date: /home/goblue/my_ws/Yubot_controller/install/Yubot_controller/share/Yubot_controller/cmake/ament_cmake_export_libraries-extras.cmake
[8.299s] -- Up-to-date: /home/goblue/my_ws/Yubot_controller/install/Yubot_controller/share/Yubot_controller/cmake/ament_cmake_export_dependencies-extras.cmake
[8.299s] -- Up-to-date: /home/goblue/my_ws/Yubot_controller/install/Yubot_controller/share/Yubot_controller/cmake/Yubot_controllerConfig.cmake
[8.299s] -- Up-to-date: /home/goblue/my_ws/Yubot_controller/install/Yubot_controller/share/Yubot_controller/cmake/Yubot_controllerConfig-version.cmake
[8.299s] -- Up-to-date: /home/goblue/my_ws/Yubot_controller/install/Yubot_controller/share/Yubot_controller/package.xml
[8.300s] Invoked command in '/home/goblue/my_ws/Yubot_controller/build/Yubot_controller' returned '0': CMAKE_PREFIX_PATH=${CMAKE_PREFIX_PATH}:/home/goblue/interbotix_ws/install/interbotix_xs_modules:/home/goblue/interbotix_ws/install/interbotix_common_modules:/opt/ros/humble /usr/bin/cmake --install /home/goblue/my_ws/Yubot_controller/build/Yubot_controller
