[0.386s] Invoking command in '/home/goblue/my_ws/bot_description': PYTHONPATH=/home/goblue/my_ws/bot_description/build/bot_description/prefix_override:/usr/lib/python3/dist-packages/colcon_core/task/python/colcon_distutils_commands:/home/goblue/my_ws/bot_description/install/bot_description/lib/python3.10/site-packages:${PYTHONPATH} /usr/bin/python3 -W ignore:setup.py install is deprecated setup.py egg_info --egg-base build/bot_description build --build-base /home/goblue/my_ws/bot_description/build/bot_description/build install --record /home/goblue/my_ws/bot_description/build/bot_description/install.log --single-version-externally-managed install_data
[0.523s] running egg_info
[0.524s] creating build/bot_description/bot_description.egg-info
[0.524s] writing build/bot_description/bot_description.egg-info/PKG-INFO
[0.524s] writing dependency_links to build/bot_description/bot_description.egg-info/dependency_links.txt
[0.524s] writing entry points to build/bot_description/bot_description.egg-info/entry_points.txt
[0.524s] writing requirements to build/bot_description/bot_description.egg-info/requires.txt
[0.524s] writing top-level names to build/bot_description/bot_description.egg-info/top_level.txt
[0.525s] writing manifest file 'build/bot_description/bot_description.egg-info/SOURCES.txt'
[0.526s] reading manifest file 'build/bot_description/bot_description.egg-info/SOURCES.txt'
[0.526s] writing manifest file 'build/bot_description/bot_description.egg-info/SOURCES.txt'
[0.527s] running build
[0.527s] running build_py
[0.527s] creating /home/goblue/my_ws/bot_description/build/bot_description/build
[0.527s] creating /home/goblue/my_ws/bot_description/build/bot_description/build/lib
[0.527s] creating /home/goblue/my_ws/bot_description/build/bot_description/build/lib/bot_description
[0.527s] copying bot_description/__init__.py -> /home/goblue/my_ws/bot_description/build/bot_description/build/lib/bot_description
[0.527s] copying bot_description/wheel_control.py -> /home/goblue/my_ws/bot_description/build/bot_description/build/lib/bot_description
[0.527s] running install
[0.527s] running install_lib
[0.528s] running install_data
[0.528s] creating /home/goblue/my_ws/bot_description/install/bot_description/share/bot_description/worlds
[0.528s] copying worlds/cafe.world -> /home/goblue/my_ws/bot_description/install/bot_description/share/bot_description/worlds
[0.528s] copying worlds/emptyw -> /home/goblue/my_ws/bot_description/install/bot_description/share/bot_description/worlds
[0.529s] copying worlds/house.world -> /home/goblue/my_ws/bot_description/install/bot_description/share/bot_description/worlds
[0.529s] copying worlds/empty.world -> /home/goblue/my_ws/bot_description/install/bot_description/share/bot_description/worlds
[0.529s] running install_egg_info
[0.531s] removing '/home/goblue/my_ws/bot_description/install/bot_description/lib/python3.10/site-packages/bot_description-0.0.0-py3.10.egg-info' (and everything under it)
[0.532s] Copying build/bot_description/bot_description.egg-info to /home/goblue/my_ws/bot_description/install/bot_description/lib/python3.10/site-packages/bot_description-0.0.0-py3.10.egg-info
[0.532s] running install_scripts
[0.544s] Installing rotate_wheels script to /home/goblue/my_ws/bot_description/install/bot_description/lib/bot_description
[0.544s] writing list of installed files to '/home/goblue/my_ws/bot_description/build/bot_description/install.log'
[0.560s] Invoked command in '/home/goblue/my_ws/bot_description' returned '0': PYTHONPATH=/home/goblue/my_ws/bot_description/build/bot_description/prefix_override:/usr/lib/python3/dist-packages/colcon_core/task/python/colcon_distutils_commands:/home/goblue/my_ws/bot_description/install/bot_description/lib/python3.10/site-packages:${PYTHONPATH} /usr/bin/python3 -W ignore:setup.py install is deprecated setup.py egg_info --egg-base build/bot_description build --build-base /home/goblue/my_ws/bot_description/build/bot_description/build install --record /home/goblue/my_ws/bot_description/build/bot_description/install.log --single-version-externally-managed install_data
