[0.016s] Invoking command in '/home/goblue/my_ws/yubot_controller/build/yubot_controller': CMAKE_PREFIX_PATH=${CMAKE_PREFIX_PATH}:/home/goblue/interbotix_ws/install/interbotix_xs_modules:/home/goblue/interbotix_ws/install/interbotix_common_modules:/opt/ros/humble /usr/bin/cmake --build /home/goblue/my_ws/yubot_controller/build/yubot_controller -- -j20 -l20
[0.063s] [100%] Built target yubot_controller
[0.072s] Invoked command in '/home/goblue/my_ws/yubot_controller/build/yubot_controller' returned '0': CMAKE_PREFIX_PATH=${CMAKE_PREFIX_PATH}:/home/goblue/interbotix_ws/install/interbotix_xs_modules:/home/goblue/interbotix_ws/install/interbotix_common_modules:/opt/ros/humble /usr/bin/cmake --build /home/goblue/my_ws/yubot_controller/build/yubot_controller -- -j20 -l20
[0.100s] Invoking command in '/home/goblue/my_ws/yubot_controller/build/yubot_controller': CMAKE_PREFIX_PATH=${CMAKE_PREFIX_PATH}:/home/goblue/interbotix_ws/install/interbotix_xs_modules:/home/goblue/interbotix_ws/install/interbotix_common_modules:/opt/ros/humble /usr/bin/cmake --install /home/goblue/my_ws/yubot_controller/build/yubot_controller
[0.106s] -- Install configuration: "Release"
[0.107s] -- Up-to-date: /home/goblue/my_ws/yubot_controller/install/yubot_controller/lib/libyubot_controller.so
[0.107s] -- Up-to-date: /home/goblue/my_ws/yubot_controller/install/yubot_controller/include/
[0.107s] -- Up-to-date: /home/goblue/my_ws/yubot_controller/install/yubot_controller/include//Yubot_controller
[0.107s] -- Up-to-date: /home/goblue/my_ws/yubot_controller/install/yubot_controller/share/yubot_controller/launch
[0.107s] -- Up-to-date: /home/goblue/my_ws/yubot_controller/install/yubot_controller/share/yubot_controller/launch/bringup.launch.py
[0.108s] -- Up-to-date: /home/goblue/my_ws/yubot_controller/install/yubot_controller/share/yubot_controller/params
[0.108s] -- Installing: /home/goblue/my_ws/yubot_controller/install/yubot_controller/share/yubot_controller/params/yuBot_nav2.yaml
[0.108s] -- Up-to-date: /home/goblue/my_ws/yubot_controller/install/yubot_controller/share/yubot_controller/params/PurePursuit.yaml
[0.108s] -- Up-to-date: /home/goblue/my_ws/yubot_controller/install/yubot_controller/share/yubot_controller/maps
[0.108s] -- Up-to-date: /home/goblue/my_ws/yubot_controller/install/yubot_controller/share/yubot_controller/maps/house.pgm
[0.108s] -- Up-to-date: /home/goblue/my_ws/yubot_controller/install/yubot_controller/share/yubot_controller/maps/house.yaml
[0.108s] -- Up-to-date: /home/goblue/my_ws/yubot_controller/install/yubot_controller/share/yubot_controller/environment/library_path.sh
[0.108s] -- Up-to-date: /home/goblue/my_ws/yubot_controller/install/yubot_controller/share/yubot_controller/environment/library_path.dsv
[0.108s] -- Up-to-date: /home/goblue/my_ws/yubot_controller/install/yubot_controller/share/yubot_controller/plugin.xml
[0.109s] -- Up-to-date: /home/goblue/my_ws/yubot_controller/install/yubot_controller/share/ament_index/resource_index/package_run_dependencies/yubot_controller
[0.109s] -- Up-to-date: /home/goblue/my_ws/yubot_controller/install/yubot_controller/share/ament_index/resource_index/parent_prefix_path/yubot_controller
[0.109s] -- Up-to-date: /home/goblue/my_ws/yubot_controller/install/yubot_controller/share/yubot_controller/environment/ament_prefix_path.sh
[0.110s] -- Up-to-date: /home/goblue/my_ws/yubot_controller/install/yubot_controller/share/yubot_controller/environment/ament_prefix_path.dsv
[0.110s] -- Up-to-date: /home/goblue/my_ws/yubot_controller/install/yubot_controller/share/yubot_controller/environment/path.sh
[0.110s] -- Up-to-date: /home/goblue/my_ws/yubot_controller/install/yubot_controller/share/yubot_controller/environment/path.dsv
[0.110s] -- Up-to-date: /home/goblue/my_ws/yubot_controller/install/yubot_controller/share/yubot_controller/local_setup.bash
[0.110s] -- Up-to-date: /home/goblue/my_ws/yubot_controller/install/yubot_controller/share/yubot_controller/local_setup.sh
[0.110s] -- Up-to-date: /home/goblue/my_ws/yubot_controller/install/yubot_controller/share/yubot_controller/local_setup.zsh
[0.111s] -- Up-to-date: /home/goblue/my_ws/yubot_controller/install/yubot_controller/share/yubot_controller/local_setup.dsv
[0.111s] -- Installing: /home/goblue/my_ws/yubot_controller/install/yubot_controller/share/yubot_controller/package.dsv
[0.111s] -- Up-to-date: /home/goblue/my_ws/yubot_controller/install/yubot_controller/share/ament_index/resource_index/packages/yubot_controller
[0.111s] -- Up-to-date: /home/goblue/my_ws/yubot_controller/install/yubot_controller/share/ament_index/resource_index/nav2_core__pluginlib__plugin/yubot_controller
[0.112s] -- Up-to-date: /home/goblue/my_ws/yubot_controller/install/yubot_controller/share/yubot_controller/cmake/ament_cmake_export_include_directories-extras.cmake
[0.112s] -- Up-to-date: /home/goblue/my_ws/yubot_controller/install/yubot_controller/share/yubot_controller/cmake/ament_cmake_export_libraries-extras.cmake
[0.112s] -- Up-to-date: /home/goblue/my_ws/yubot_controller/install/yubot_controller/share/yubot_controller/cmake/ament_cmake_export_dependencies-extras.cmake
[0.112s] -- Up-to-date: /home/goblue/my_ws/yubot_controller/install/yubot_controller/share/yubot_controller/cmake/yubot_controllerConfig.cmake
[0.113s] -- Up-to-date: /home/goblue/my_ws/yubot_controller/install/yubot_controller/share/yubot_controller/cmake/yubot_controllerConfig-version.cmake
[0.114s] -- Up-to-date: /home/goblue/my_ws/yubot_controller/install/yubot_controller/share/yubot_controller/package.xml
[0.114s] Invoked command in '/home/goblue/my_ws/yubot_controller/build/yubot_controller' returned '0': CMAKE_PREFIX_PATH=${CMAKE_PREFIX_PATH}:/home/goblue/interbotix_ws/install/interbotix_xs_modules:/home/goblue/interbotix_ws/install/interbotix_common_modules:/opt/ros/humble /usr/bin/cmake --install /home/goblue/my_ws/yubot_controller/build/yubot_controller
