[0.012s] Invoking command in '/home/goblue/my_ws/Yubot_controller/build/Yubot_controller': CMAKE_PREFIX_PATH=${CMAKE_PREFIX_PATH}:/home/goblue/interbotix_ws/install/interbotix_xs_modules:/home/goblue/interbotix_ws/install/interbotix_common_modules:/opt/ros/humble /usr/bin/cmake /home/goblue/my_ws/Yubot_controller -DCMAKE_INSTALL_PREFIX=/home/goblue/my_ws/Yubot_controller/install/Yubot_controller
[0.306s] -- The C compiler identification is GNU 11.4.0
[1.521s] -- The CXX compiler identification is GNU 11.4.0
[2.346s] -- Detecting C compiler ABI info
[2.700s] -- Detecting C compiler ABI info - done
[2.710s] -- Check for working C compiler: /usr/bin/cc - skipped
[2.711s] -- Detecting C compile features
[2.711s] -- Detecting C compile features - done
[2.717s] -- Detecting CXX compiler ABI info
[3.221s] -- Detecting CXX compiler ABI info - done
[3.229s] -- Check for working CXX compiler: /usr/bin/c++ - skipped
[3.229s] -- Detecting CXX compile features
[3.230s] -- Detecting CXX compile features - done
[3.234s] -- Found ament_cmake: 1.3.10 (/opt/ros/humble/share/ament_cmake/cmake)
[3.375s] -- Found Python3: /usr/bin/python3 (found version "3.10.12") found components: Interpreter 
[3.500s] -- Found nav2_common: 1.1.17 (/opt/ros/humble/share/nav2_common/cmake)
[3.502s] -- Found nav2_core: 1.1.17 (/opt/ros/humble/share/nav2_core/cmake)
[3.914s] -- Found rosidl_generator_c: 3.1.5 (/opt/ros/humble/share/rosidl_generator_c/cmake)
[3.924s] -- Found rosidl_adapter: 3.1.5 (/opt/ros/humble/share/rosidl_adapter/cmake)
[3.937s] -- Found rosidl_generator_cpp: 3.1.5 (/opt/ros/humble/share/rosidl_generator_cpp/cmake)
[3.951s] -- Using all available rosidl_typesupport_c: rosidl_typesupport_fastrtps_c;rosidl_typesupport_introspection_c
[3.971s] -- Using all available rosidl_typesupport_cpp: rosidl_typesupport_fastrtps_cpp;rosidl_typesupport_introspection_cpp
[4.020s] -- Found rmw_implementation_cmake: 6.1.2 (/opt/ros/humble/share/rmw_implementation_cmake/cmake)
[4.024s] -- Found rmw_fastrtps_cpp: 6.2.7 (/opt/ros/humble/share/rmw_fastrtps_cpp/cmake)
[8.269s] -- Found OpenSSL: /usr/lib/x86_64-linux-gnu/libcrypto.so (found version "3.0.2")  
[11.698s] -- Found FastRTPS: /opt/ros/humble/include  
[18.968s] -- Using RMW implementation 'rmw_fastrtps_cpp' as default
[18.980s] -- Looking for pthread.h
[19.299s] -- Looking for pthread.h - found
[19.299s] -- Performing Test CMAKE_HAVE_LIBC_PTHREAD
[19.637s] -- Performing Test CMAKE_HAVE_LIBC_PTHREAD - Success
[19.638s] -- Found Threads: TRUE  
[20.026s] -- Found Eigen3: TRUE (found version "3.4.0") 
[20.026s] -- Ensuring Eigen3 include directory is part of orocos-kdl CMake target
[24.277s] -- Found nav2_bringup: 1.1.17 (/opt/ros/humble/share/nav2_bringup/cmake)
[24.277s] -- Setting build type to Release as none was specified.
[24.368s] -- Found ament_lint_auto: 0.12.11 (/opt/ros/humble/share/ament_lint_auto/cmake)
[24.415s] WARNING: Package name "Yubot_controller" does not follow the naming conventions. It should start with a lower case letter and only contain lower case letters, digits, underscores, and dashes.
[24.479s] -- Added test 'cppcheck' to perform static code analysis on C / C++ code
[24.480s] -- Configured cppcheck include dirs: /home/goblue/my_ws/Yubot_controller/include
[24.480s] -- Configured cppcheck exclude dirs and/or files: 
[24.494s] -- Added test 'cpplint' to check C / C++ code against the Google style
[24.494s] -- Configured cpplint exclude dirs and/or files: 
[24.496s] -- Added test 'flake8' to check Python code syntax and style conventions
[24.500s] -- Added test 'lint_cmake' to check CMake code style
[24.502s] -- Added test 'pep257' to check Python code against some of the docstring style conventions in PEP 257
[24.514s] -- Added test 'uncrustify' to check C / C++ code style
[24.515s] -- Configured uncrustify additional arguments: 
[24.517s] -- Added test 'xmllint' to check XML markup files
[24.520s] -- Configuring done
[24.560s] -- Generating done
[24.562s] -- Build files have been written to: /home/goblue/my_ws/Yubot_controller/build/Yubot_controller
[24.574s] Invoked command in '/home/goblue/my_ws/Yubot_controller/build/Yubot_controller' returned '0': CMAKE_PREFIX_PATH=${CMAKE_PREFIX_PATH}:/home/goblue/interbotix_ws/install/interbotix_xs_modules:/home/goblue/interbotix_ws/install/interbotix_common_modules:/opt/ros/humble /usr/bin/cmake /home/goblue/my_ws/Yubot_controller -DCMAKE_INSTALL_PREFIX=/home/goblue/my_ws/Yubot_controller/install/Yubot_controller
[24.576s] Invoking command in '/home/goblue/my_ws/Yubot_controller/build/Yubot_controller': CMAKE_PREFIX_PATH=${CMAKE_PREFIX_PATH}:/home/goblue/interbotix_ws/install/interbotix_xs_modules:/home/goblue/interbotix_ws/install/interbotix_common_modules:/opt/ros/humble /usr/bin/cmake --build /home/goblue/my_ws/Yubot_controller/build/Yubot_controller -- -j20 -l20
[24.624s] [ 50%] [32mBuilding CXX object CMakeFiles/Yubot_controller.dir/src/pure_controller.cpp.o[0m
[31.820s] [100%] [32m[1mLinking CXX shared library libYubot_controller.so[0m
[32.304s] [100%] Built target Yubot_controller
[32.313s] Invoked command in '/home/goblue/my_ws/Yubot_controller/build/Yubot_controller' returned '0': CMAKE_PREFIX_PATH=${CMAKE_PREFIX_PATH}:/home/goblue/interbotix_ws/install/interbotix_xs_modules:/home/goblue/interbotix_ws/install/interbotix_common_modules:/opt/ros/humble /usr/bin/cmake --build /home/goblue/my_ws/Yubot_controller/build/Yubot_controller -- -j20 -l20
[32.340s] Invoking command in '/home/goblue/my_ws/Yubot_controller/build/Yubot_controller': CMAKE_PREFIX_PATH=${CMAKE_PREFIX_PATH}:/home/goblue/interbotix_ws/install/interbotix_xs_modules:/home/goblue/interbotix_ws/install/interbotix_common_modules:/opt/ros/humble /usr/bin/cmake --install /home/goblue/my_ws/Yubot_controller/build/Yubot_controller
[32.345s] -- Install configuration: "Release"
[32.345s] -- Installing: /home/goblue/my_ws/Yubot_controller/install/Yubot_controller/lib/libYubot_controller.so
[32.346s] -- Set runtime path of "/home/goblue/my_ws/Yubot_controller/install/Yubot_controller/lib/libYubot_controller.so" to ""
[32.346s] -- Up-to-date: /home/goblue/my_ws/Yubot_controller/install/Yubot_controller/include/
[32.346s] -- Up-to-date: /home/goblue/my_ws/Yubot_controller/install/Yubot_controller/include//Yubot_controller
[32.346s] -- Up-to-date: /home/goblue/my_ws/Yubot_controller/install/Yubot_controller/share/Yubot_controller/launch
[32.347s] -- Up-to-date: /home/goblue/my_ws/Yubot_controller/install/Yubot_controller/share/Yubot_controller/launch/bringup.launch.py
[32.347s] -- Up-to-date: /home/goblue/my_ws/Yubot_controller/install/Yubot_controller/share/Yubot_controller/params
[32.347s] -- Up-to-date: /home/goblue/my_ws/Yubot_controller/install/Yubot_controller/share/Yubot_controller/params/yuBot_nav2.yaml
[32.347s] -- Up-to-date: /home/goblue/my_ws/Yubot_controller/install/Yubot_controller/share/Yubot_controller/params/PurePursuit.yaml
[32.347s] -- Up-to-date: /home/goblue/my_ws/Yubot_controller/install/Yubot_controller/share/Yubot_controller/maps
[32.347s] -- Up-to-date: /home/goblue/my_ws/Yubot_controller/install/Yubot_controller/share/Yubot_controller/maps/house.pgm
[32.347s] -- Up-to-date: /home/goblue/my_ws/Yubot_controller/install/Yubot_controller/share/Yubot_controller/maps/house.yaml
[32.347s] -- Up-to-date: /home/goblue/my_ws/Yubot_controller/install/Yubot_controller/share/Yubot_controller/environment/library_path.sh
[32.347s] -- Installing: /home/goblue/my_ws/Yubot_controller/install/Yubot_controller/share/Yubot_controller/environment/library_path.dsv
[32.348s] -- Up-to-date: /home/goblue/my_ws/Yubot_controller/install/Yubot_controller/share/Yubot_controller/plugin.xml
[32.348s] -- Installing: /home/goblue/my_ws/Yubot_controller/install/Yubot_controller/share/ament_index/resource_index/package_run_dependencies/Yubot_controller
[32.348s] -- Installing: /home/goblue/my_ws/Yubot_controller/install/Yubot_controller/share/ament_index/resource_index/parent_prefix_path/Yubot_controller
[32.348s] -- Up-to-date: /home/goblue/my_ws/Yubot_controller/install/Yubot_controller/share/Yubot_controller/environment/ament_prefix_path.sh
[32.348s] -- Installing: /home/goblue/my_ws/Yubot_controller/install/Yubot_controller/share/Yubot_controller/environment/ament_prefix_path.dsv
[32.348s] -- Up-to-date: /home/goblue/my_ws/Yubot_controller/install/Yubot_controller/share/Yubot_controller/environment/path.sh
[32.348s] -- Installing: /home/goblue/my_ws/Yubot_controller/install/Yubot_controller/share/Yubot_controller/environment/path.dsv
[32.348s] -- Installing: /home/goblue/my_ws/Yubot_controller/install/Yubot_controller/share/Yubot_controller/local_setup.bash
[32.348s] -- Installing: /home/goblue/my_ws/Yubot_controller/install/Yubot_controller/share/Yubot_controller/local_setup.sh
[32.348s] -- Installing: /home/goblue/my_ws/Yubot_controller/install/Yubot_controller/share/Yubot_controller/local_setup.zsh
[32.349s] -- Installing: /home/goblue/my_ws/Yubot_controller/install/Yubot_controller/share/Yubot_controller/local_setup.dsv
[32.349s] -- Installing: /home/goblue/my_ws/Yubot_controller/install/Yubot_controller/share/Yubot_controller/package.dsv
[32.349s] -- Installing: /home/goblue/my_ws/Yubot_controller/install/Yubot_controller/share/ament_index/resource_index/packages/Yubot_controller
[32.349s] -- Installing: /home/goblue/my_ws/Yubot_controller/install/Yubot_controller/share/ament_index/resource_index/nav2_core__pluginlib__plugin/Yubot_controller
[32.349s] -- Installing: /home/goblue/my_ws/Yubot_controller/install/Yubot_controller/share/Yubot_controller/cmake/ament_cmake_export_include_directories-extras.cmake
[32.349s] -- Installing: /home/goblue/my_ws/Yubot_controller/install/Yubot_controller/share/Yubot_controller/cmake/ament_cmake_export_libraries-extras.cmake
[32.349s] -- Installing: /home/goblue/my_ws/Yubot_controller/install/Yubot_controller/share/Yubot_controller/cmake/ament_cmake_export_dependencies-extras.cmake
[32.349s] -- Installing: /home/goblue/my_ws/Yubot_controller/install/Yubot_controller/share/Yubot_controller/cmake/Yubot_controllerConfig.cmake
[32.349s] -- Installing: /home/goblue/my_ws/Yubot_controller/install/Yubot_controller/share/Yubot_controller/cmake/Yubot_controllerConfig-version.cmake
[32.350s] -- Installing: /home/goblue/my_ws/Yubot_controller/install/Yubot_controller/share/Yubot_controller/package.xml
[32.352s] Invoked command in '/home/goblue/my_ws/Yubot_controller/build/Yubot_controller' returned '0': CMAKE_PREFIX_PATH=${CMAKE_PREFIX_PATH}:/home/goblue/interbotix_ws/install/interbotix_xs_modules:/home/goblue/interbotix_ws/install/interbotix_common_modules:/opt/ros/humble /usr/bin/cmake --install /home/goblue/my_ws/Yubot_controller/build/Yubot_controller
