[0.013s] Invoking command in '/home/goblue/my_ws/yubot_purepursuit_controller/build/yubot_purepursuit_controller': CMAKE_PREFIX_PATH=${CMAKE_PREFIX_PATH}:/home/goblue/interbotix_ws/install/interbotix_xs_modules:/home/goblue/interbotix_ws/install/interbotix_common_modules:/opt/ros/humble /usr/bin/cmake --build /home/goblue/my_ws/yubot_purepursuit_controller/build/yubot_purepursuit_controller -- -j20 -l20
[0.037s] -- Found ament_cmake: 1.3.10 (/opt/ros/humble/share/ament_cmake/cmake)
[0.147s] -- Found nav2_common: 1.1.17 (/opt/ros/humble/share/nav2_common/cmake)
[0.148s] -- Found nav2_core: 1.1.17 (/opt/ros/humble/share/nav2_core/cmake)
[0.496s] -- Found rosidl_generator_c: 3.1.5 (/opt/ros/humble/share/rosidl_generator_c/cmake)
[0.498s] -- Found rosidl_adapter: 3.1.5 (/opt/ros/humble/share/rosidl_adapter/cmake)
[0.504s] -- Found rosidl_generator_cpp: 3.1.5 (/opt/ros/humble/share/rosidl_generator_cpp/cmake)
[0.513s] -- Using all available rosidl_typesupport_c: rosidl_typesupport_fastrtps_c;rosidl_typesupport_introspection_c
[0.524s] -- Using all available rosidl_typesupport_cpp: rosidl_typesupport_fastrtps_cpp;rosidl_typesupport_introspection_cpp
[0.553s] -- Found rmw_implementation_cmake: 6.1.2 (/opt/ros/humble/share/rmw_implementation_cmake/cmake)
[0.555s] -- Found rmw_fastrtps_cpp: 6.2.7 (/opt/ros/humble/share/rmw_fastrtps_cpp/cmake)
[12.885s] -- Using RMW implementation 'rmw_fastrtps_cpp' as default
[13.116s] -- Ensuring Eigen3 include directory is part of orocos-kdl CMake target
[16.155s] -- Found nav2_bringup: 1.1.17 (/opt/ros/humble/share/nav2_bringup/cmake)
[16.258s] -- Found ament_lint_auto: 0.12.11 (/opt/ros/humble/share/ament_lint_auto/cmake)
[16.326s] -- Added test 'cppcheck' to perform static code analysis on C / C++ code
[16.327s] -- Configured cppcheck include dirs: /home/goblue/my_ws/yubot_purepursuit_controller/include
[16.327s] -- Configured cppcheck exclude dirs and/or files: 
[16.332s] -- Added test 'cpplint' to check C / C++ code against the Google style
[16.332s] -- Configured cpplint exclude dirs and/or files: 
[16.333s] -- Added test 'flake8' to check Python code syntax and style conventions
[16.335s] -- Added test 'lint_cmake' to check CMake code style
[16.336s] -- Added test 'pep257' to check Python code against some of the docstring style conventions in PEP 257
[16.341s] -- Added test 'uncrustify' to check C / C++ code style
[16.342s] -- Configured uncrustify additional arguments: 
[16.342s] -- Added test 'xmllint' to check XML markup files
[16.344s] -- Configuring done
[16.387s] -- Generating done
[16.389s] -- Build files have been written to: /home/goblue/my_ws/yubot_purepursuit_controller/build/yubot_purepursuit_controller
[16.414s] [35m[1mConsolidate compiler generated dependencies of target yubot_purepursuit_controller[0m
[16.430s] [100%] Built target yubot_purepursuit_controller
[16.439s] Invoked command in '/home/goblue/my_ws/yubot_purepursuit_controller/build/yubot_purepursuit_controller' returned '0': CMAKE_PREFIX_PATH=${CMAKE_PREFIX_PATH}:/home/goblue/interbotix_ws/install/interbotix_xs_modules:/home/goblue/interbotix_ws/install/interbotix_common_modules:/opt/ros/humble /usr/bin/cmake --build /home/goblue/my_ws/yubot_purepursuit_controller/build/yubot_purepursuit_controller -- -j20 -l20
[16.468s] Invoking command in '/home/goblue/my_ws/yubot_purepursuit_controller/build/yubot_purepursuit_controller': CMAKE_PREFIX_PATH=${CMAKE_PREFIX_PATH}:/home/goblue/interbotix_ws/install/interbotix_xs_modules:/home/goblue/interbotix_ws/install/interbotix_common_modules:/opt/ros/humble /usr/bin/cmake --install /home/goblue/my_ws/yubot_purepursuit_controller/build/yubot_purepursuit_controller
[16.474s] -- Install configuration: "Release"
[16.474s] -- Up-to-date: /home/goblue/my_ws/yubot_purepursuit_controller/install/yubot_purepursuit_controller/lib/libyubot_purepursuit_controller.so
[16.474s] -- Up-to-date: /home/goblue/my_ws/yubot_purepursuit_controller/install/yubot_purepursuit_controller/include/
[16.474s] -- Up-to-date: /home/goblue/my_ws/yubot_purepursuit_controller/install/yubot_purepursuit_controller/include//yubot_purepursuit_controller
[16.474s] -- Up-to-date: /home/goblue/my_ws/yubot_purepursuit_controller/install/yubot_purepursuit_controller/share/yubot_purepursuit_controller/launch
[16.475s] -- Up-to-date: /home/goblue/my_ws/yubot_purepursuit_controller/install/yubot_purepursuit_controller/share/yubot_purepursuit_controller/launch/nav2_bringup.launch.py
[16.475s] -- Up-to-date: /home/goblue/my_ws/yubot_purepursuit_controller/install/yubot_purepursuit_controller/share/yubot_purepursuit_controller/params
[16.475s] -- Up-to-date: /home/goblue/my_ws/yubot_purepursuit_controller/install/yubot_purepursuit_controller/share/yubot_purepursuit_controller/params/yuBot_nav2.yaml
[16.475s] -- Up-to-date: /home/goblue/my_ws/yubot_purepursuit_controller/install/yubot_purepursuit_controller/share/yubot_purepursuit_controller/map
[16.475s] -- Up-to-date: /home/goblue/my_ws/yubot_purepursuit_controller/install/yubot_purepursuit_controller/share/yubot_purepursuit_controller/map/house.pgm
[16.475s] -- Up-to-date: /home/goblue/my_ws/yubot_purepursuit_controller/install/yubot_purepursuit_controller/share/yubot_purepursuit_controller/map/house.yaml
[16.476s] -- Up-to-date: /home/goblue/my_ws/yubot_purepursuit_controller/install/yubot_purepursuit_controller/share/yubot_purepursuit_controller/plugin.xml
[16.476s] -- Up-to-date: /home/goblue/my_ws/yubot_purepursuit_controller/install/yubot_purepursuit_controller/share/yubot_purepursuit_controller/environment/library_path.sh
[16.476s] -- Installing: /home/goblue/my_ws/yubot_purepursuit_controller/install/yubot_purepursuit_controller/share/yubot_purepursuit_controller/environment/library_path.dsv
[16.476s] -- Up-to-date: /home/goblue/my_ws/yubot_purepursuit_controller/install/yubot_purepursuit_controller/share/yubot_purepursuit_controller/plugin.xml
[16.477s] -- Up-to-date: /home/goblue/my_ws/yubot_purepursuit_controller/install/yubot_purepursuit_controller/share/ament_index/resource_index/package_run_dependencies/yubot_purepursuit_controller
[16.477s] -- Installing: /home/goblue/my_ws/yubot_purepursuit_controller/install/yubot_purepursuit_controller/share/ament_index/resource_index/parent_prefix_path/yubot_purepursuit_controller
[16.477s] -- Up-to-date: /home/goblue/my_ws/yubot_purepursuit_controller/install/yubot_purepursuit_controller/share/yubot_purepursuit_controller/environment/ament_prefix_path.sh
[16.477s] -- Installing: /home/goblue/my_ws/yubot_purepursuit_controller/install/yubot_purepursuit_controller/share/yubot_purepursuit_controller/environment/ament_prefix_path.dsv
[16.477s] -- Up-to-date: /home/goblue/my_ws/yubot_purepursuit_controller/install/yubot_purepursuit_controller/share/yubot_purepursuit_controller/environment/path.sh
[16.477s] -- Installing: /home/goblue/my_ws/yubot_purepursuit_controller/install/yubot_purepursuit_controller/share/yubot_purepursuit_controller/environment/path.dsv
[16.477s] -- Up-to-date: /home/goblue/my_ws/yubot_purepursuit_controller/install/yubot_purepursuit_controller/share/yubot_purepursuit_controller/local_setup.bash
[16.477s] -- Up-to-date: /home/goblue/my_ws/yubot_purepursuit_controller/install/yubot_purepursuit_controller/share/yubot_purepursuit_controller/local_setup.sh
[16.477s] -- Up-to-date: /home/goblue/my_ws/yubot_purepursuit_controller/install/yubot_purepursuit_controller/share/yubot_purepursuit_controller/local_setup.zsh
[16.477s] -- Installing: /home/goblue/my_ws/yubot_purepursuit_controller/install/yubot_purepursuit_controller/share/yubot_purepursuit_controller/local_setup.dsv
[16.477s] -- Installing: /home/goblue/my_ws/yubot_purepursuit_controller/install/yubot_purepursuit_controller/share/yubot_purepursuit_controller/package.dsv
[16.478s] -- Up-to-date: /home/goblue/my_ws/yubot_purepursuit_controller/install/yubot_purepursuit_controller/share/ament_index/resource_index/packages/yubot_purepursuit_controller
[16.478s] -- Up-to-date: /home/goblue/my_ws/yubot_purepursuit_controller/install/yubot_purepursuit_controller/share/ament_index/resource_index/nav2_core__pluginlib__plugin/yubot_purepursuit_controller
[16.478s] -- Up-to-date: /home/goblue/my_ws/yubot_purepursuit_controller/install/yubot_purepursuit_controller/share/yubot_purepursuit_controller/cmake/ament_cmake_export_include_directories-extras.cmake
[16.478s] -- Up-to-date: /home/goblue/my_ws/yubot_purepursuit_controller/install/yubot_purepursuit_controller/share/yubot_purepursuit_controller/cmake/ament_cmake_export_libraries-extras.cmake
[16.478s] -- Up-to-date: /home/goblue/my_ws/yubot_purepursuit_controller/install/yubot_purepursuit_controller/share/yubot_purepursuit_controller/cmake/ament_cmake_export_dependencies-extras.cmake
[16.479s] -- Up-to-date: /home/goblue/my_ws/yubot_purepursuit_controller/install/yubot_purepursuit_controller/share/yubot_purepursuit_controller/cmake/yubot_purepursuit_controllerConfig.cmake
[16.479s] -- Up-to-date: /home/goblue/my_ws/yubot_purepursuit_controller/install/yubot_purepursuit_controller/share/yubot_purepursuit_controller/cmake/yubot_purepursuit_controllerConfig-version.cmake
[16.479s] -- Up-to-date: /home/goblue/my_ws/yubot_purepursuit_controller/install/yubot_purepursuit_controller/share/yubot_purepursuit_controller/package.xml
[16.481s] Invoked command in '/home/goblue/my_ws/yubot_purepursuit_controller/build/yubot_purepursuit_controller' returned '0': CMAKE_PREFIX_PATH=${CMAKE_PREFIX_PATH}:/home/goblue/interbotix_ws/install/interbotix_xs_modules:/home/goblue/interbotix_ws/install/interbotix_common_modules:/opt/ros/humble /usr/bin/cmake --install /home/goblue/my_ws/yubot_purepursuit_controller/build/yubot_purepursuit_controller
