[0.012s] Invoking command in '/home/goblue/my_ws/yubot_purepursuit_controller/build/yubot_purepursuit_controller': CMAKE_PREFIX_PATH=${CMAKE_PREFIX_PATH}:/home/goblue/interbotix_ws/install/interbotix_xs_modules:/home/goblue/interbotix_ws/install/interbotix_common_modules:/opt/ros/humble /usr/bin/cmake /home/goblue/my_ws/yubot_purepursuit_controller -DCMAKE_INSTALL_PREFIX=/home/goblue/my_ws/yubot_purepursuit_controller/install/yubot_purepursuit_controller
[0.307s] -- The C compiler identification is GNU 11.4.0
[1.742s] -- The CXX compiler identification is GNU 11.4.0
[2.514s] -- Detecting C compiler ABI info
[2.818s] -- Detecting C compiler ABI info - done
[2.827s] -- Check for working C compiler: /usr/bin/cc - skipped
[2.828s] -- Detecting C compile features
[2.828s] -- Detecting C compile features - done
[2.832s] -- Detecting CXX compiler ABI info
[3.209s] -- Detecting CXX compiler ABI info - done
[3.215s] -- Check for working CXX compiler: /usr/bin/c++ - skipped
[3.215s] -- Detecting CXX compile features
[3.216s] -- Detecting CXX compile features - done
[3.220s] -- Found ament_cmake: 1.3.10 (/opt/ros/humble/share/ament_cmake/cmake)
[3.342s] -- Found Python3: /usr/bin/python3 (found version "3.10.12") found components: Interpreter 
[3.443s] -- Found nav2_common: 1.1.17 (/opt/ros/humble/share/nav2_common/cmake)
[3.446s] -- Found nav2_core: 1.1.17 (/opt/ros/humble/share/nav2_core/cmake)
[3.798s] -- Found rosidl_generator_c: 3.1.5 (/opt/ros/humble/share/rosidl_generator_c/cmake)
[3.805s] -- Found rosidl_adapter: 3.1.5 (/opt/ros/humble/share/rosidl_adapter/cmake)
[3.815s] -- Found rosidl_generator_cpp: 3.1.5 (/opt/ros/humble/share/rosidl_generator_cpp/cmake)
[3.829s] -- Using all available rosidl_typesupport_c: rosidl_typesupport_fastrtps_c;rosidl_typesupport_introspection_c
[3.852s] -- Using all available rosidl_typesupport_cpp: rosidl_typesupport_fastrtps_cpp;rosidl_typesupport_introspection_cpp
[3.902s] -- Found rmw_implementation_cmake: 6.1.2 (/opt/ros/humble/share/rmw_implementation_cmake/cmake)
[3.906s] -- Found rmw_fastrtps_cpp: 6.2.7 (/opt/ros/humble/share/rmw_fastrtps_cpp/cmake)
[6.746s] -- Found OpenSSL: /usr/lib/x86_64-linux-gnu/libcrypto.so (found version "3.0.2")  
[10.347s] -- Found FastRTPS: /opt/ros/humble/include  
[18.769s] -- Using RMW implementation 'rmw_fastrtps_cpp' as default
[18.780s] -- Looking for pthread.h
[19.039s] -- Looking for pthread.h - found
[19.039s] -- Performing Test CMAKE_HAVE_LIBC_PTHREAD
[19.362s] -- Performing Test CMAKE_HAVE_LIBC_PTHREAD - Success
[19.363s] -- Found Threads: TRUE  
[19.758s] -- Found Eigen3: TRUE (found version "3.4.0") 
[19.758s] -- Ensuring Eigen3 include directory is part of orocos-kdl CMake target
[23.454s] -- Found nav2_bringup: 1.1.17 (/opt/ros/humble/share/nav2_bringup/cmake)
[23.454s] -- Setting build type to Release as none was specified.
[23.518s] -- Found ament_lint_auto: 0.12.11 (/opt/ros/humble/share/ament_lint_auto/cmake)
[23.619s] -- Added test 'cppcheck' to perform static code analysis on C / C++ code
[23.620s] -- Configured cppcheck include dirs: /home/goblue/my_ws/yubot_purepursuit_controller/include
[23.620s] -- Configured cppcheck exclude dirs and/or files: 
[23.626s] -- Added test 'cpplint' to check C / C++ code against the Google style
[23.626s] -- Configured cpplint exclude dirs and/or files: 
[23.627s] -- Added test 'flake8' to check Python code syntax and style conventions
[23.629s] -- Added test 'lint_cmake' to check CMake code style
[23.630s] -- Added test 'pep257' to check Python code against some of the docstring style conventions in PEP 257
[23.637s] -- Added test 'uncrustify' to check C / C++ code style
[23.637s] -- Configured uncrustify additional arguments: 
[23.638s] -- Added test 'xmllint' to check XML markup files
[23.641s] -- Configuring done
[23.692s] -- Generating done
[23.695s] -- Build files have been written to: /home/goblue/my_ws/yubot_purepursuit_controller/build/yubot_purepursuit_controller
[23.706s] Invoked command in '/home/goblue/my_ws/yubot_purepursuit_controller/build/yubot_purepursuit_controller' returned '0': CMAKE_PREFIX_PATH=${CMAKE_PREFIX_PATH}:/home/goblue/interbotix_ws/install/interbotix_xs_modules:/home/goblue/interbotix_ws/install/interbotix_common_modules:/opt/ros/humble /usr/bin/cmake /home/goblue/my_ws/yubot_purepursuit_controller -DCMAKE_INSTALL_PREFIX=/home/goblue/my_ws/yubot_purepursuit_controller/install/yubot_purepursuit_controller
[23.709s] Invoking command in '/home/goblue/my_ws/yubot_purepursuit_controller/build/yubot_purepursuit_controller': CMAKE_PREFIX_PATH=${CMAKE_PREFIX_PATH}:/home/goblue/interbotix_ws/install/interbotix_xs_modules:/home/goblue/interbotix_ws/install/interbotix_common_modules:/opt/ros/humble /usr/bin/cmake --build /home/goblue/my_ws/yubot_purepursuit_controller/build/yubot_purepursuit_controller -- -j20 -l20
[23.749s] [ 50%] [32mBuilding CXX object CMakeFiles/yubot_purepursuit_controller.dir/src/pure_controller.cpp.o[0m
[31.295s] [100%] [32m[1mLinking CXX shared library libyubot_purepursuit_controller.so[0m
[31.761s] [100%] Built target yubot_purepursuit_controller
[31.771s] Invoked command in '/home/goblue/my_ws/yubot_purepursuit_controller/build/yubot_purepursuit_controller' returned '0': CMAKE_PREFIX_PATH=${CMAKE_PREFIX_PATH}:/home/goblue/interbotix_ws/install/interbotix_xs_modules:/home/goblue/interbotix_ws/install/interbotix_common_modules:/opt/ros/humble /usr/bin/cmake --build /home/goblue/my_ws/yubot_purepursuit_controller/build/yubot_purepursuit_controller -- -j20 -l20
[31.800s] Invoking command in '/home/goblue/my_ws/yubot_purepursuit_controller/build/yubot_purepursuit_controller': CMAKE_PREFIX_PATH=${CMAKE_PREFIX_PATH}:/home/goblue/interbotix_ws/install/interbotix_xs_modules:/home/goblue/interbotix_ws/install/interbotix_common_modules:/opt/ros/humble /usr/bin/cmake --install /home/goblue/my_ws/yubot_purepursuit_controller/build/yubot_purepursuit_controller
[31.805s] -- Install configuration: "Release"
[31.805s] -- Up-to-date: /home/goblue/my_ws/yubot_purepursuit_controller/install/yubot_purepursuit_controller/include/
[31.806s] -- Up-to-date: /home/goblue/my_ws/yubot_purepursuit_controller/install/yubot_purepursuit_controller/include//yubot_purepursuit_controller
[31.806s] -- Up-to-date: /home/goblue/my_ws/yubot_purepursuit_controller/install/yubot_purepursuit_controller/share/yubot_purepursuit_controller/launch
[31.806s] -- Up-to-date: /home/goblue/my_ws/yubot_purepursuit_controller/install/yubot_purepursuit_controller/share/yubot_purepursuit_controller/params
[31.806s] -- Up-to-date: /home/goblue/my_ws/yubot_purepursuit_controller/install/yubot_purepursuit_controller/share/yubot_purepursuit_controller/map
[31.806s] -- Installing: /home/goblue/my_ws/yubot_purepursuit_controller/install/yubot_purepursuit_controller/share/yubot_purepursuit_controller/package.dsv
[31.808s] Invoked command in '/home/goblue/my_ws/yubot_purepursuit_controller/build/yubot_purepursuit_controller' returned '0': CMAKE_PREFIX_PATH=${CMAKE_PREFIX_PATH}:/home/goblue/interbotix_ws/install/interbotix_xs_modules:/home/goblue/interbotix_ws/install/interbotix_common_modules:/opt/ros/humble /usr/bin/cmake --install /home/goblue/my_ws/yubot_purepursuit_controller/build/yubot_purepursuit_controller
