[0.748s] Invoking command in '/home/goblue/my_ws/navigation2/nav2_simple_commander': AMENT_PREFIX_PATH=/home/goblue/my_ws/install/nav2_msgs:/home/goblue/my_ws/install/nav2_common:${AMENT_PREFIX_PATH} CMAKE_PREFIX_PATH=/home/goblue/my_ws/install/nav2_msgs:/home/goblue/my_ws/install/nav2_common:${CMAKE_PREFIX_PATH} LD_LIBRARY_PATH=/home/goblue/my_ws/install/nav2_msgs/lib:/home/goblue/interbotix_ws/install/moveit_visual_tools/lib:/home/goblue/interbotix_ws/install/interbotix_xs_rviz/lib:/home/goblue/interbotix_ws/install/interbotix_xs_ros_control/lib:/home/goblue/interbotix_ws/install/interbotix_xs_msgs/lib:/home/goblue/interbotix_ws/install/interbotix_xs_driver/lib:/home/goblue/interbotix_ws/install/interbotix_tf_tools/lib:/home/goblue/interbotix_ws/install/interbotix_moveit_interface_msgs/lib:/home/goblue/interbotix_ws/install/dynamixel_workbench_toolbox/lib:/usr/lib/x86_64-linux-gnu/gazebo-11/plugins:/opt/ros/humble/opt/rviz_ogre_vendor/lib:/opt/ros/humble/lib/x86_64-linux-gnu:/opt/ros/humble/lib:/usr/lib/x86_64-linux-gnu/gazebo-11/plugins:/usr/lib/x86_64-linux-gnu/gazebo-11/plugins:/usr/lib/x86_64-linux-gnu/gazebo-11/plugins PYTHONPATH=/home/goblue/my_ws/build/nav2_simple_commander/prefix_override:/usr/lib/python3/dist-packages/colcon_core/task/python/colcon_distutils_commands:/home/goblue/my_ws/install/nav2_simple_commander/lib/python3.10/site-packages:/home/goblue/my_ws/install/nav2_msgs/local/lib/python3.10/dist-packages:/home/goblue/my_ws/install/nav2_common/local/lib/python3.10/dist-packages:${PYTHONPATH} /usr/bin/python3 -W ignore:setup.py install is deprecated setup.py egg_info --egg-base ../../build/nav2_simple_commander build --build-base /home/goblue/my_ws/build/nav2_simple_commander/build install --record /home/goblue/my_ws/build/nav2_simple_commander/install.log --single-version-externally-managed install_data
[0.882s] running egg_info
[0.883s] creating ../../build/nav2_simple_commander/nav2_simple_commander.egg-info
[0.883s] writing ../../build/nav2_simple_commander/nav2_simple_commander.egg-info/PKG-INFO
[0.883s] writing dependency_links to ../../build/nav2_simple_commander/nav2_simple_commander.egg-info/dependency_links.txt
[0.883s] writing entry points to ../../build/nav2_simple_commander/nav2_simple_commander.egg-info/entry_points.txt
[0.883s] writing requirements to ../../build/nav2_simple_commander/nav2_simple_commander.egg-info/requires.txt
[0.883s] writing top-level names to ../../build/nav2_simple_commander/nav2_simple_commander.egg-info/top_level.txt
[0.883s] writing manifest file '../../build/nav2_simple_commander/nav2_simple_commander.egg-info/SOURCES.txt'
[0.886s] reading manifest file '../../build/nav2_simple_commander/nav2_simple_commander.egg-info/SOURCES.txt'
[0.886s] writing manifest file '../../build/nav2_simple_commander/nav2_simple_commander.egg-info/SOURCES.txt'
[0.886s] running build
[0.887s] running build_py
[0.887s] creating /home/goblue/my_ws/build/nav2_simple_commander/build
[0.887s] creating /home/goblue/my_ws/build/nav2_simple_commander/build/lib
[0.887s] creating /home/goblue/my_ws/build/nav2_simple_commander/build/lib/nav2_simple_commander
[0.887s] copying nav2_simple_commander/__init__.py -> /home/goblue/my_ws/build/nav2_simple_commander/build/lib/nav2_simple_commander
[0.887s] copying nav2_simple_commander/robot_navigator.py -> /home/goblue/my_ws/build/nav2_simple_commander/build/lib/nav2_simple_commander
[0.887s] copying nav2_simple_commander/line_iterator.py -> /home/goblue/my_ws/build/nav2_simple_commander/build/lib/nav2_simple_commander
[0.887s] copying nav2_simple_commander/example_nav_through_poses.py -> /home/goblue/my_ws/build/nav2_simple_commander/build/lib/nav2_simple_commander
[0.888s] copying nav2_simple_commander/demo_recoveries.py -> /home/goblue/my_ws/build/nav2_simple_commander/build/lib/nav2_simple_commander
[0.888s] copying nav2_simple_commander/demo_picking.py -> /home/goblue/my_ws/build/nav2_simple_commander/build/lib/nav2_simple_commander
[0.888s] copying nav2_simple_commander/example_follow_path.py -> /home/goblue/my_ws/build/nav2_simple_commander/build/lib/nav2_simple_commander
[0.889s] copying nav2_simple_commander/demo_security.py -> /home/goblue/my_ws/build/nav2_simple_commander/build/lib/nav2_simple_commander
[0.889s] copying nav2_simple_commander/costmap_2d.py -> /home/goblue/my_ws/build/nav2_simple_commander/build/lib/nav2_simple_commander
[0.889s] copying nav2_simple_commander/example_waypoint_follower.py -> /home/goblue/my_ws/build/nav2_simple_commander/build/lib/nav2_simple_commander
[0.890s] copying nav2_simple_commander/example_assisted_teleop.py -> /home/goblue/my_ws/build/nav2_simple_commander/build/lib/nav2_simple_commander
[0.890s] copying nav2_simple_commander/demo_inspection.py -> /home/goblue/my_ws/build/nav2_simple_commander/build/lib/nav2_simple_commander
[0.890s] copying nav2_simple_commander/example_nav_to_pose.py -> /home/goblue/my_ws/build/nav2_simple_commander/build/lib/nav2_simple_commander
[0.891s] running install
[0.891s] running install_lib
[0.891s] creating /home/goblue/my_ws/install/nav2_simple_commander/lib/python3.10/site-packages/nav2_simple_commander
[0.891s] copying /home/goblue/my_ws/build/nav2_simple_commander/build/lib/nav2_simple_commander/__init__.py -> /home/goblue/my_ws/install/nav2_simple_commander/lib/python3.10/site-packages/nav2_simple_commander
[0.892s] copying /home/goblue/my_ws/build/nav2_simple_commander/build/lib/nav2_simple_commander/robot_navigator.py -> /home/goblue/my_ws/install/nav2_simple_commander/lib/python3.10/site-packages/nav2_simple_commander
[0.892s] copying /home/goblue/my_ws/build/nav2_simple_commander/build/lib/nav2_simple_commander/line_iterator.py -> /home/goblue/my_ws/install/nav2_simple_commander/lib/python3.10/site-packages/nav2_simple_commander
[0.892s] copying /home/goblue/my_ws/build/nav2_simple_commander/build/lib/nav2_simple_commander/example_nav_through_poses.py -> /home/goblue/my_ws/install/nav2_simple_commander/lib/python3.10/site-packages/nav2_simple_commander
[0.892s] copying /home/goblue/my_ws/build/nav2_simple_commander/build/lib/nav2_simple_commander/demo_recoveries.py -> /home/goblue/my_ws/install/nav2_simple_commander/lib/python3.10/site-packages/nav2_simple_commander
[0.892s] copying /home/goblue/my_ws/build/nav2_simple_commander/build/lib/nav2_simple_commander/demo_picking.py -> /home/goblue/my_ws/install/nav2_simple_commander/lib/python3.10/site-packages/nav2_simple_commander
[0.892s] copying /home/goblue/my_ws/build/nav2_simple_commander/build/lib/nav2_simple_commander/example_follow_path.py -> /home/goblue/my_ws/install/nav2_simple_commander/lib/python3.10/site-packages/nav2_simple_commander
[0.892s] copying /home/goblue/my_ws/build/nav2_simple_commander/build/lib/nav2_simple_commander/demo_security.py -> /home/goblue/my_ws/install/nav2_simple_commander/lib/python3.10/site-packages/nav2_simple_commander
[0.892s] copying /home/goblue/my_ws/build/nav2_simple_commander/build/lib/nav2_simple_commander/costmap_2d.py -> /home/goblue/my_ws/install/nav2_simple_commander/lib/python3.10/site-packages/nav2_simple_commander
[0.892s] copying /home/goblue/my_ws/build/nav2_simple_commander/build/lib/nav2_simple_commander/example_waypoint_follower.py -> /home/goblue/my_ws/install/nav2_simple_commander/lib/python3.10/site-packages/nav2_simple_commander
[0.892s] copying /home/goblue/my_ws/build/nav2_simple_commander/build/lib/nav2_simple_commander/example_assisted_teleop.py -> /home/goblue/my_ws/install/nav2_simple_commander/lib/python3.10/site-packages/nav2_simple_commander
[0.893s] copying /home/goblue/my_ws/build/nav2_simple_commander/build/lib/nav2_simple_commander/demo_inspection.py -> /home/goblue/my_ws/install/nav2_simple_commander/lib/python3.10/site-packages/nav2_simple_commander
[0.893s] copying /home/goblue/my_ws/build/nav2_simple_commander/build/lib/nav2_simple_commander/example_nav_to_pose.py -> /home/goblue/my_ws/install/nav2_simple_commander/lib/python3.10/site-packages/nav2_simple_commander
[0.893s] byte-compiling /home/goblue/my_ws/install/nav2_simple_commander/lib/python3.10/site-packages/nav2_simple_commander/__init__.py to __init__.cpython-310.pyc
[0.893s] byte-compiling /home/goblue/my_ws/install/nav2_simple_commander/lib/python3.10/site-packages/nav2_simple_commander/robot_navigator.py to robot_navigator.cpython-310.pyc
[0.895s] byte-compiling /home/goblue/my_ws/install/nav2_simple_commander/lib/python3.10/site-packages/nav2_simple_commander/line_iterator.py to line_iterator.cpython-310.pyc
[0.895s] byte-compiling /home/goblue/my_ws/install/nav2_simple_commander/lib/python3.10/site-packages/nav2_simple_commander/example_nav_through_poses.py to example_nav_through_poses.cpython-310.pyc
[0.896s] byte-compiling /home/goblue/my_ws/install/nav2_simple_commander/lib/python3.10/site-packages/nav2_simple_commander/demo_recoveries.py to demo_recoveries.cpython-310.pyc
[0.896s] byte-compiling /home/goblue/my_ws/install/nav2_simple_commander/lib/python3.10/site-packages/nav2_simple_commander/demo_picking.py to demo_picking.cpython-310.pyc
[0.896s] byte-compiling /home/goblue/my_ws/install/nav2_simple_commander/lib/python3.10/site-packages/nav2_simple_commander/example_follow_path.py to example_follow_path.cpython-310.pyc
[0.897s] byte-compiling /home/goblue/my_ws/install/nav2_simple_commander/lib/python3.10/site-packages/nav2_simple_commander/demo_security.py to demo_security.cpython-310.pyc
[0.897s] byte-compiling /home/goblue/my_ws/install/nav2_simple_commander/lib/python3.10/site-packages/nav2_simple_commander/costmap_2d.py to costmap_2d.cpython-310.pyc
[0.897s] byte-compiling /home/goblue/my_ws/install/nav2_simple_commander/lib/python3.10/site-packages/nav2_simple_commander/example_waypoint_follower.py to example_waypoint_follower.cpython-310.pyc
[0.898s] byte-compiling /home/goblue/my_ws/install/nav2_simple_commander/lib/python3.10/site-packages/nav2_simple_commander/example_assisted_teleop.py to example_assisted_teleop.cpython-310.pyc
[0.898s] byte-compiling /home/goblue/my_ws/install/nav2_simple_commander/lib/python3.10/site-packages/nav2_simple_commander/demo_inspection.py to demo_inspection.cpython-310.pyc
[0.898s] byte-compiling /home/goblue/my_ws/install/nav2_simple_commander/lib/python3.10/site-packages/nav2_simple_commander/example_nav_to_pose.py to example_nav_to_pose.cpython-310.pyc
[0.898s] running install_data
[0.899s] creating /home/goblue/my_ws/install/nav2_simple_commander/share/ament_index
[0.899s] creating /home/goblue/my_ws/install/nav2_simple_commander/share/ament_index/resource_index
[0.899s] creating /home/goblue/my_ws/install/nav2_simple_commander/share/ament_index/resource_index/packages
[0.899s] copying resource/nav2_simple_commander -> /home/goblue/my_ws/install/nav2_simple_commander/share/ament_index/resource_index/packages
[0.899s] copying package.xml -> /home/goblue/my_ws/install/nav2_simple_commander/share/nav2_simple_commander
[0.899s] copying launch/nav_through_poses_example_launch.py -> /home/goblue/my_ws/install/nav2_simple_commander/share/nav2_simple_commander
[0.899s] copying launch/nav_to_pose_example_launch.py -> /home/goblue/my_ws/install/nav2_simple_commander/share/nav2_simple_commander
[0.900s] copying launch/assisted_teleop_example_launch.py -> /home/goblue/my_ws/install/nav2_simple_commander/share/nav2_simple_commander
[0.900s] copying launch/recoveries_example_launch.py -> /home/goblue/my_ws/install/nav2_simple_commander/share/nav2_simple_commander
[0.900s] copying launch/waypoint_follower_example_launch.py -> /home/goblue/my_ws/install/nav2_simple_commander/share/nav2_simple_commander
[0.900s] copying launch/picking_demo_launch.py -> /home/goblue/my_ws/install/nav2_simple_commander/share/nav2_simple_commander
[0.900s] copying launch/inspection_demo_launch.py -> /home/goblue/my_ws/install/nav2_simple_commander/share/nav2_simple_commander
[0.901s] copying launch/follow_path_example_launch.py -> /home/goblue/my_ws/install/nav2_simple_commander/share/nav2_simple_commander
[0.901s] copying launch/security_demo_launch.py -> /home/goblue/my_ws/install/nav2_simple_commander/share/nav2_simple_commander
[0.901s] copying launch/warehouse.world -> /home/goblue/my_ws/install/nav2_simple_commander/share/nav2_simple_commander
[0.901s] running install_egg_info
[0.903s] Copying ../../build/nav2_simple_commander/nav2_simple_commander.egg-info to /home/goblue/my_ws/install/nav2_simple_commander/lib/python3.10/site-packages/nav2_simple_commander-1.0.0-py3.10.egg-info
[0.903s] running install_scripts
[0.916s] Installing demo_inspection script to /home/goblue/my_ws/install/nav2_simple_commander/lib/nav2_simple_commander
[0.917s] Installing demo_picking script to /home/goblue/my_ws/install/nav2_simple_commander/lib/nav2_simple_commander
[0.917s] Installing demo_recoveries script to /home/goblue/my_ws/install/nav2_simple_commander/lib/nav2_simple_commander
[0.917s] Installing demo_security script to /home/goblue/my_ws/install/nav2_simple_commander/lib/nav2_simple_commander
[0.917s] Installing example_assisted_teleop script to /home/goblue/my_ws/install/nav2_simple_commander/lib/nav2_simple_commander
[0.917s] Installing example_follow_path script to /home/goblue/my_ws/install/nav2_simple_commander/lib/nav2_simple_commander
[0.917s] Installing example_nav_through_poses script to /home/goblue/my_ws/install/nav2_simple_commander/lib/nav2_simple_commander
[0.917s] Installing example_nav_to_pose script to /home/goblue/my_ws/install/nav2_simple_commander/lib/nav2_simple_commander
[0.917s] Installing example_waypoint_follower script to /home/goblue/my_ws/install/nav2_simple_commander/lib/nav2_simple_commander
[0.917s] writing list of installed files to '/home/goblue/my_ws/build/nav2_simple_commander/install.log'
[0.934s] Invoked command in '/home/goblue/my_ws/navigation2/nav2_simple_commander' returned '0': AMENT_PREFIX_PATH=/home/goblue/my_ws/install/nav2_msgs:/home/goblue/my_ws/install/nav2_common:${AMENT_PREFIX_PATH} CMAKE_PREFIX_PATH=/home/goblue/my_ws/install/nav2_msgs:/home/goblue/my_ws/install/nav2_common:${CMAKE_PREFIX_PATH} LD_LIBRARY_PATH=/home/goblue/my_ws/install/nav2_msgs/lib:/home/goblue/interbotix_ws/install/moveit_visual_tools/lib:/home/goblue/interbotix_ws/install/interbotix_xs_rviz/lib:/home/goblue/interbotix_ws/install/interbotix_xs_ros_control/lib:/home/goblue/interbotix_ws/install/interbotix_xs_msgs/lib:/home/goblue/interbotix_ws/install/interbotix_xs_driver/lib:/home/goblue/interbotix_ws/install/interbotix_tf_tools/lib:/home/goblue/interbotix_ws/install/interbotix_moveit_interface_msgs/lib:/home/goblue/interbotix_ws/install/dynamixel_workbench_toolbox/lib:/usr/lib/x86_64-linux-gnu/gazebo-11/plugins:/opt/ros/humble/opt/rviz_ogre_vendor/lib:/opt/ros/humble/lib/x86_64-linux-gnu:/opt/ros/humble/lib:/usr/lib/x86_64-linux-gnu/gazebo-11/plugins:/usr/lib/x86_64-linux-gnu/gazebo-11/plugins:/usr/lib/x86_64-linux-gnu/gazebo-11/plugins PYTHONPATH=/home/goblue/my_ws/build/nav2_simple_commander/prefix_override:/usr/lib/python3/dist-packages/colcon_core/task/python/colcon_distutils_commands:/home/goblue/my_ws/install/nav2_simple_commander/lib/python3.10/site-packages:/home/goblue/my_ws/install/nav2_msgs/local/lib/python3.10/dist-packages:/home/goblue/my_ws/install/nav2_common/local/lib/python3.10/dist-packages:${PYTHONPATH} /usr/bin/python3 -W ignore:setup.py install is deprecated setup.py egg_info --egg-base ../../build/nav2_simple_commander build --build-base /home/goblue/my_ws/build/nav2_simple_commander/build install --record /home/goblue/my_ws/build/nav2_simple_commander/install.log --single-version-externally-managed install_data
