[35m[1mConsolidate compiler generated dependencies of target Yubot_controller[0m
[ 50%] [32mBuilding CXX object CMakeFiles/Yubot_controller.dir/src/pure_controller.cpp.o[0m
In file included from [01m[K/home/goblue/my_ws/Yubot_controller/src/pure_controller.cpp:1[m[K:
[01m[K/home/goblue/my_ws/Yubot_controller/src/pure_controller.hpp:28:42:[m[K [01;31m[Kerror: [m[K‘[01m[Kgeometry_msgs::msg::TwistStamped ac_controller::Pure_controller::computeVelocityCmd(const PoseStamped&, const Twist&, nav2_core::GoalChecker*)[m[K’ marked ‘[01m[Koverride[m[K’, but does not override
   28 |         geometry_msgs::msg::TwistStamped [01;31m[KcomputeVelocityCmd[m[K(const geometry_msgs::msg::PoseStamped& pose, const geometry_msgs::msg::Twist& velocity, nav2_core::GoalChecker* goal_checker) override;
      |                                          [01;31m[K^~~~~~~~~~~~~~~~~~[m[K
[01m[K/home/goblue/my_ws/Yubot_controller/src/pure_controller.cpp:[m[K In member function ‘[01m[Kvirtual void ac_controller::Pure_controller::configure(const WeakPtr&, std::string, std::shared_ptr<tf2_ros::Buffer>, std::shared_ptr<nav2_costmap_2d::Costmap2DROS>)[m[K’:
[01m[K/home/goblue/my_ws/Yubot_controller/src/pure_controller.cpp:31:49:[m[K [01;31m[Kerror: [m[K‘[01m[Kplugin_name_[m[K’ was not declared in this scope
   31 |         declare_parameter_if_not_declared(node, [01;31m[Kplugin_name_[m[K + ".lookahead_dist",
      |                                                 [01;31m[K^~~~~~~~~~~~[m[K
In file included from [01m[K/usr/include/c++/11/bits/stl_algobase.h:67[m[K,
                 from [01m[K/usr/include/c++/11/memory:63[m[K,
                 from [01m[K/home/goblue/my_ws/Yubot_controller/src/pure_controller.hpp:4[m[K,
                 from [01m[K/home/goblue/my_ws/Yubot_controller/src/pure_controller.cpp:1[m[K:
/usr/include/c++/11/bits/stl_iterator.h: In instantiation of ‘[01m[Kclass std::back_insert_iterator<nav_msgs::msg::Path_<std::allocator<void> > >[m[K’:
[01m[K/home/goblue/my_ws/Yubot_controller/src/pure_controller.cpp:151:66:[m[K   required from here
[01m[K/usr/include/c++/11/bits/stl_iterator.h:689:7:[m[K [01;31m[Kerror: [m[Kno type named ‘[01m[Kvalue_type[m[K’ in ‘[01m[Kstruct nav_msgs::msg::Path_<std::allocator<void> >[m[K’
  689 |       [01;31m[Koperator[m[K=(const typename _Container::value_type& __value)
      |       [01;31m[K^~~~~~~~[m[K
[01m[K/usr/include/c++/11/bits/stl_iterator.h:697:7:[m[K [01;31m[Kerror: [m[Kno type named ‘[01m[Kvalue_type[m[K’ in ‘[01m[Kstruct nav_msgs::msg::Path_<std::allocator<void> >[m[K’
  697 |       [01;31m[Koperator[m[K=(typename _Container::value_type&& __value)
      |       [01;31m[K^~~~~~~~[m[K
In file included from [01m[K/usr/include/c++/11/algorithm:62[m[K,
                 from [01m[K/opt/ros/humble/include/nav2_costmap_2d/nav2_costmap_2d/costmap_2d_publisher.hpp:42[m[K,
                 from [01m[K/opt/ros/humble/include/nav2_costmap_2d/nav2_costmap_2d/costmap_2d_ros.hpp:48[m[K,
                 from [01m[K/opt/ros/humble/include/nav2_core/controller.hpp:42[m[K,
                 from [01m[K/home/goblue/my_ws/Yubot_controller/src/pure_controller.hpp:6[m[K,
                 from [01m[K/home/goblue/my_ws/Yubot_controller/src/pure_controller.cpp:1[m[K:
/usr/include/c++/11/bits/stl_algo.h: In instantiation of ‘[01m[K_OIter std::transform(_IIter, _IIter, _OIter, _UnaryOperation) [with _IIter = __gnu_cxx::__normal_iterator<geometry_msgs::msg::PoseStamped_<std::allocator<void> >*, std::vector<geometry_msgs::msg::PoseStamped_<std::allocator<void> >, std::allocator<geometry_msgs::msg::PoseStamped_<std::allocator<void> > > > >; _OIter = std::back_insert_iterator<nav_msgs::msg::Path_<std::allocator<void> > >; _UnaryOperation = ac_controller::Pure_controller::transformGlobalPlan(const PoseStamped&)::<lambda(const auto:44&)>][m[K’:
[01m[K/home/goblue/my_ws/Yubot_controller/src/pure_controller.cpp:151:21:[m[K   required from here
[01m[K/usr/include/c++/11/bits/stl_algo.h:4296:19:[m[K [01;31m[Kerror: [m[Kno match for ‘[01m[Koperator=[m[K’ (operand types are ‘[01m[Kstd::back_insert_iterator<nav_msgs::msg::Path_<std::allocator<void> > >[m[K’ and ‘[01m[Kgeometry_msgs::msg::PoseStamped_<std::allocator<void> >[m[K’)
 4296 |         [01;31m[K*__result = __unary_op(*__first)[m[K;
      |         [01;31m[K~~~~~~~~~~^~~~~~~~~~~~~~~~~~~~~~[m[K
In file included from [01m[K/usr/include/c++/11/bits/stl_algobase.h:67[m[K,
                 from [01m[K/usr/include/c++/11/memory:63[m[K,
                 from [01m[K/home/goblue/my_ws/Yubot_controller/src/pure_controller.hpp:4[m[K,
                 from [01m[K/home/goblue/my_ws/Yubot_controller/src/pure_controller.cpp:1[m[K:
[01m[K/usr/include/c++/11/bits/stl_iterator.h:648:11:[m[K [01;36m[Knote: [m[Kcandidate: ‘[01m[Kconstexpr std::back_insert_iterator<nav_msgs::msg::Path_<std::allocator<void> > >& std::back_insert_iterator<nav_msgs::msg::Path_<std::allocator<void> > >::operator=(const std::back_insert_iterator<nav_msgs::msg::Path_<std::allocator<void> > >&)[m[K’
  648 |     class [01;36m[Kback_insert_iterator[m[K
      |           [01;36m[K^~~~~~~~~~~~~~~~~~~~[m[K
[01m[K/usr/include/c++/11/bits/stl_iterator.h:648:11:[m[K [01;36m[Knote: [m[K  no known conversion for argument 1 from ‘[01m[Kgeometry_msgs::msg::PoseStamped_<std::allocator<void> >[m[K’ to ‘[01m[Kconst std::back_insert_iterator<nav_msgs::msg::Path_<std::allocator<void> > >&[m[K’
[01m[K/usr/include/c++/11/bits/stl_iterator.h:648:11:[m[K [01;36m[Knote: [m[Kcandidate: ‘[01m[Kconstexpr std::back_insert_iterator<nav_msgs::msg::Path_<std::allocator<void> > >& std::back_insert_iterator<nav_msgs::msg::Path_<std::allocator<void> > >::operator=(std::back_insert_iterator<nav_msgs::msg::Path_<std::allocator<void> > >&&)[m[K’
[01m[K/usr/include/c++/11/bits/stl_iterator.h:648:11:[m[K [01;36m[Knote: [m[K  no known conversion for argument 1 from ‘[01m[Kgeometry_msgs::msg::PoseStamped_<std::allocator<void> >[m[K’ to ‘[01m[Kstd::back_insert_iterator<nav_msgs::msg::Path_<std::allocator<void> > >&&[m[K’
In file included from [01m[K/opt/ros/humble/include/class_loader/class_loader/class_loader_core.hpp:57[m[K,
                 from [01m[K/opt/ros/humble/include/class_loader/class_loader/class_loader.hpp:55[m[K,
                 from [01m[K/opt/ros/humble/include/class_loader/class_loader/multi_library_class_loader.hpp:52[m[K,
                 from [01m[K/opt/ros/humble/include/pluginlib/pluginlib/class_loader.hpp:38[m[K,
                 from [01m[K/opt/ros/humble/include/nav2_costmap_2d/nav2_costmap_2d/costmap_2d_ros.hpp:54[m[K,
                 from [01m[K/opt/ros/humble/include/nav2_core/controller.hpp:42[m[K,
                 from [01m[K/home/goblue/my_ws/Yubot_controller/src/pure_controller.hpp:6[m[K,
                 from [01m[K/home/goblue/my_ws/Yubot_controller/src/pure_controller.cpp:1[m[K:
/opt/ros/humble/include/class_loader/class_loader/meta_object.hpp: In instantiation of ‘[01m[KB* class_loader::impl::MetaObject<C, B>::create() const [with C = ac_controller::Pure_controller; B = nav2_core::Controller][m[K’:
[01m[K/opt/ros/humble/include/class_loader/class_loader/meta_object.hpp:216:7:[m[K   required from here
[01m[K/opt/ros/humble/include/class_loader/class_loader/meta_object.hpp:218:12:[m[K [01;31m[Kerror: [m[Kinvalid new-expression of abstract class type ‘[01m[Kac_controller::Pure_controller[m[K’
  218 |     return [01;31m[Knew C[m[K;
      |            [01;31m[K^~~~~[m[K
In file included from [01m[K/home/goblue/my_ws/Yubot_controller/src/pure_controller.cpp:1[m[K:
[01m[K/home/goblue/my_ws/Yubot_controller/src/pure_controller.hpp:15:11:[m[K [01;36m[Knote: [m[K  because the following virtual functions are pure within ‘[01m[Kac_controller::Pure_controller[m[K’:
   15 |     class [01;36m[KPure_controller[m[K : public nav2_core::Controller
      |           [01;36m[K^~~~~~~~~~~~~~~[m[K
In file included from [01m[K/home/goblue/my_ws/Yubot_controller/src/pure_controller.hpp:6[m[K,
                 from [01m[K/home/goblue/my_ws/Yubot_controller/src/pure_controller.cpp:1[m[K:
[01m[K/opt/ros/humble/include/nav2_core/controller.hpp:114:44:[m[K [01;36m[Knote: [m[K    ‘[01m[Kvirtual geometry_msgs::msg::TwistStamped nav2_core::Controller::computeVelocityCommands(const PoseStamped&, const Twist&, nav2_core::GoalChecker*)[m[K’
  114 |   virtual geometry_msgs::msg::TwistStamped [01;36m[KcomputeVelocityCommands[m[K(
      |                                            [01;36m[K^~~~~~~~~~~~~~~~~~~~~~~[m[K
gmake[2]: *** [CMakeFiles/Yubot_controller.dir/build.make:76：CMakeFiles/Yubot_controller.dir/src/pure_controller.cpp.o] 错误 1
gmake[1]: *** [CMakeFiles/Makefile2:137：CMakeFiles/Yubot_controller.dir/all] 错误 2
gmake: *** [Makefile:146：all] 错误 2
