[0.392s] Invoking command in '/home/goblue/my_ws/bot_description': PYTHONPATH=/home/goblue/my_ws/bot_description/build/bot_description/prefix_override:/usr/lib/python3/dist-packages/colcon_core/task/python/colcon_distutils_commands:/home/goblue/my_ws/bot_description/install/bot_description/lib/python3.10/site-packages:${PYTHONPATH} /usr/bin/python3 -W ignore:setup.py install is deprecated setup.py egg_info --egg-base build/bot_description build --build-base /home/goblue/my_ws/bot_description/build/bot_description/build install --record /home/goblue/my_ws/bot_description/build/bot_description/install.log --single-version-externally-managed install_data
[0.535s] running egg_info
[0.535s] creating build/bot_description/bot_description.egg-info
[0.536s] writing build/bot_description/bot_description.egg-info/PKG-INFO
[0.536s] writing dependency_links to build/bot_description/bot_description.egg-info/dependency_links.txt
[0.536s] writing entry points to build/bot_description/bot_description.egg-info/entry_points.txt
[0.536s] writing requirements to build/bot_description/bot_description.egg-info/requires.txt
[0.536s] writing top-level names to build/bot_description/bot_description.egg-info/top_level.txt
[0.536s] writing manifest file 'build/bot_description/bot_description.egg-info/SOURCES.txt'
[0.537s] reading manifest file 'build/bot_description/bot_description.egg-info/SOURCES.txt'
[0.537s] writing manifest file 'build/bot_description/bot_description.egg-info/SOURCES.txt'
[0.537s] running build
[0.538s] running build_py
[0.538s] creating /home/goblue/my_ws/bot_description/build/bot_description/build
[0.538s] creating /home/goblue/my_ws/bot_description/build/bot_description/build/lib
[0.538s] creating /home/goblue/my_ws/bot_description/build/bot_description/build/lib/bot_description
[0.538s] copying bot_description/__init__.py -> /home/goblue/my_ws/bot_description/build/bot_description/build/lib/bot_description
[0.538s] copying bot_description/wheel_control.py -> /home/goblue/my_ws/bot_description/build/bot_description/build/lib/bot_description
[0.538s] running install
[0.538s] running install_lib
[0.539s] running install_data
[0.539s] creating /home/goblue/my_ws/bot_description/install/bot_description/share/bot_description/world
[0.539s] copying worlds/cafe.world -> /home/goblue/my_ws/bot_description/install/bot_description/share/bot_description/world
[0.539s] copying worlds/emptyw -> /home/goblue/my_ws/bot_description/install/bot_description/share/bot_description/world
[0.539s] copying worlds/house.world -> /home/goblue/my_ws/bot_description/install/bot_description/share/bot_description/world
[0.539s] copying worlds/empty.world -> /home/goblue/my_ws/bot_description/install/bot_description/share/bot_description/world
[0.540s] running install_egg_info
[0.541s] removing '/home/goblue/my_ws/bot_description/install/bot_description/lib/python3.10/site-packages/bot_description-0.0.0-py3.10.egg-info' (and everything under it)
[0.541s] Copying build/bot_description/bot_description.egg-info to /home/goblue/my_ws/bot_description/install/bot_description/lib/python3.10/site-packages/bot_description-0.0.0-py3.10.egg-info
[0.543s] running install_scripts
[0.557s] Installing rotate_wheels script to /home/goblue/my_ws/bot_description/install/bot_description/lib/bot_description
[0.557s] writing list of installed files to '/home/goblue/my_ws/bot_description/build/bot_description/install.log'
[0.576s] Invoked command in '/home/goblue/my_ws/bot_description' returned '0': PYTHONPATH=/home/goblue/my_ws/bot_description/build/bot_description/prefix_override:/usr/lib/python3/dist-packages/colcon_core/task/python/colcon_distutils_commands:/home/goblue/my_ws/bot_description/install/bot_description/lib/python3.10/site-packages:${PYTHONPATH} /usr/bin/python3 -W ignore:setup.py install is deprecated setup.py egg_info --egg-base build/bot_description build --build-base /home/goblue/my_ws/bot_description/build/bot_description/build install --record /home/goblue/my_ws/bot_description/build/bot_description/install.log --single-version-externally-managed install_data
