[0.021s] Invoking command in '/home/goblue/my_ws/build/nav2_common': CMAKE_PREFIX_PATH=${CMAKE_PREFIX_PATH}:/home/goblue/interbotix_ws/install/interbotix_xs_modules:/home/goblue/interbotix_ws/install/interbotix_common_modules:/opt/ros/humble /usr/bin/cmake --build /home/goblue/my_ws/build/nav2_common -- -j20 -l20
[0.203s] Built target ament_cmake_python_copy_nav2_common
[0.254s] running egg_info
[0.254s] writing nav2_common.egg-info/PKG-INFO
[0.254s] writing dependency_links to nav2_common.egg-info/dependency_links.txt
[0.255s] writing top-level names to nav2_common.egg-info/top_level.txt
[0.257s] reading manifest file 'nav2_common.egg-info/SOURCES.txt'
[0.257s] writing manifest file 'nav2_common.egg-info/SOURCES.txt'
[0.275s] Built target ament_cmake_python_build_nav2_common_egg
[0.284s] Invoked command in '/home/goblue/my_ws/build/nav2_common' returned '0': CMAKE_PREFIX_PATH=${CMAKE_PREFIX_PATH}:/home/goblue/interbotix_ws/install/interbotix_xs_modules:/home/goblue/interbotix_ws/install/interbotix_common_modules:/opt/ros/humble /usr/bin/cmake --build /home/goblue/my_ws/build/nav2_common -- -j20 -l20
[0.298s] Invoking command in '/home/goblue/my_ws/build/nav2_common': CMAKE_PREFIX_PATH=${CMAKE_PREFIX_PATH}:/home/goblue/interbotix_ws/install/interbotix_xs_modules:/home/goblue/interbotix_ws/install/interbotix_common_modules:/opt/ros/humble /usr/bin/cmake --install /home/goblue/my_ws/build/nav2_common
[0.302s] -- Install configuration: ""
[0.302s] -- Up-to-date: /home/goblue/my_ws/install/nav2_common/share/nav2_common/environment/pythonpath.sh
[0.302s] -- Up-to-date: /home/goblue/my_ws/install/nav2_common/share/nav2_common/environment/pythonpath.dsv
[0.302s] -- Up-to-date: /home/goblue/my_ws/install/nav2_common/local/lib/python3.10/dist-packages/nav2_common-1.1.17-py3.10.egg-info
[0.302s] -- Installing: /home/goblue/my_ws/install/nav2_common/local/lib/python3.10/dist-packages/nav2_common-1.1.17-py3.10.egg-info/top_level.txt
[0.302s] -- Installing: /home/goblue/my_ws/install/nav2_common/local/lib/python3.10/dist-packages/nav2_common-1.1.17-py3.10.egg-info/SOURCES.txt
[0.302s] -- Installing: /home/goblue/my_ws/install/nav2_common/local/lib/python3.10/dist-packages/nav2_common-1.1.17-py3.10.egg-info/dependency_links.txt
[0.302s] -- Installing: /home/goblue/my_ws/install/nav2_common/local/lib/python3.10/dist-packages/nav2_common-1.1.17-py3.10.egg-info/PKG-INFO
[0.302s] -- Up-to-date: /home/goblue/my_ws/install/nav2_common/local/lib/python3.10/dist-packages/nav2_common
[0.302s] -- Up-to-date: /home/goblue/my_ws/install/nav2_common/local/lib/python3.10/dist-packages/nav2_common/__init__.py
[0.303s] -- Up-to-date: /home/goblue/my_ws/install/nav2_common/local/lib/python3.10/dist-packages/nav2_common/launch
[0.303s] -- Up-to-date: /home/goblue/my_ws/install/nav2_common/local/lib/python3.10/dist-packages/nav2_common/launch/__init__.py
[0.303s] -- Up-to-date: /home/goblue/my_ws/install/nav2_common/local/lib/python3.10/dist-packages/nav2_common/launch/rewritten_yaml.py
[0.303s] -- Up-to-date: /home/goblue/my_ws/install/nav2_common/local/lib/python3.10/dist-packages/nav2_common/launch/parse_multirobot_pose.py
[0.303s] -- Up-to-date: /home/goblue/my_ws/install/nav2_common/local/lib/python3.10/dist-packages/nav2_common/launch/has_node_params.py
[0.303s] -- Up-to-date: /home/goblue/my_ws/install/nav2_common/local/lib/python3.10/dist-packages/nav2_common/launch/replace_string.py
[0.328s] Listing '/home/goblue/my_ws/install/nav2_common/local/lib/python3.10/dist-packages/nav2_common'...
[0.328s] Listing '/home/goblue/my_ws/install/nav2_common/local/lib/python3.10/dist-packages/nav2_common/launch'...
[0.331s] -- Up-to-date: /home/goblue/my_ws/install/nav2_common/share/ament_index/resource_index/package_run_dependencies/nav2_common
[0.331s] -- Up-to-date: /home/goblue/my_ws/install/nav2_common/share/ament_index/resource_index/parent_prefix_path/nav2_common
[0.331s] -- Up-to-date: /home/goblue/my_ws/install/nav2_common/share/nav2_common/environment/ament_prefix_path.sh
[0.331s] -- Up-to-date: /home/goblue/my_ws/install/nav2_common/share/nav2_common/environment/ament_prefix_path.dsv
[0.332s] -- Up-to-date: /home/goblue/my_ws/install/nav2_common/share/nav2_common/environment/path.sh
[0.332s] -- Up-to-date: /home/goblue/my_ws/install/nav2_common/share/nav2_common/environment/path.dsv
[0.332s] -- Up-to-date: /home/goblue/my_ws/install/nav2_common/share/nav2_common/local_setup.bash
[0.332s] -- Up-to-date: /home/goblue/my_ws/install/nav2_common/share/nav2_common/local_setup.sh
[0.332s] -- Up-to-date: /home/goblue/my_ws/install/nav2_common/share/nav2_common/local_setup.zsh
[0.333s] -- Up-to-date: /home/goblue/my_ws/install/nav2_common/share/nav2_common/local_setup.dsv
[0.333s] -- Up-to-date: /home/goblue/my_ws/install/nav2_common/share/nav2_common/package.dsv
[0.333s] -- Up-to-date: /home/goblue/my_ws/install/nav2_common/share/ament_index/resource_index/packages/nav2_common
[0.333s] -- Up-to-date: /home/goblue/my_ws/install/nav2_common/share/nav2_common/cmake/nav2_common-extras.cmake
[0.334s] -- Up-to-date: /home/goblue/my_ws/install/nav2_common/share/nav2_common/cmake/nav2_commonConfig.cmake
[0.334s] -- Up-to-date: /home/goblue/my_ws/install/nav2_common/share/nav2_common/cmake/nav2_commonConfig-version.cmake
[0.334s] -- Up-to-date: /home/goblue/my_ws/install/nav2_common/share/nav2_common/package.xml
[0.334s] -- Up-to-date: /home/goblue/my_ws/install/nav2_common/share/nav2_common/cmake
[0.334s] -- Up-to-date: /home/goblue/my_ws/install/nav2_common/share/nav2_common/cmake/nav2_package.cmake
[0.335s] Invoked command in '/home/goblue/my_ws/build/nav2_common' returned '0': CMAKE_PREFIX_PATH=${CMAKE_PREFIX_PATH}:/home/goblue/interbotix_ws/install/interbotix_xs_modules:/home/goblue/interbotix_ws/install/interbotix_common_modules:/opt/ros/humble /usr/bin/cmake --install /home/goblue/my_ws/build/nav2_common
