[0.010s] Invoking command in '/home/goblue/my_ws/build/yuBot_cartographer': CMAKE_PREFIX_PATH=${CMAKE_PREFIX_PATH}:/home/goblue/interbotix_ws/install/interbotix_xs_modules:/home/goblue/interbotix_ws/install/interbotix_common_modules:/home/goblue/ros2_ws/install/rse_gaussian_filters:/opt/ros/humble /usr/bin/cmake /home/goblue/my_ws/yuBot_cartographer -DCMAKE_INSTALL_PREFIX=/home/goblue/my_ws/install/yuBot_cartographer
[0.227s] -- The C compiler identification is GNU 11.4.0
[0.803s] -- The CXX compiler identification is GNU 11.4.0
[1.202s] -- Detecting C compiler ABI info
[1.341s] -- Detecting C compiler ABI info - done
[1.345s] -- Check for working C compiler: /usr/bin/cc - skipped
[1.347s] -- Detecting C compile features
[1.347s] -- Detecting C compile features - done
[1.350s] -- Detecting CXX compiler ABI info
[1.479s] -- Detecting CXX compiler ABI info - done
[1.483s] -- Check for working CXX compiler: /usr/bin/c++ - skipped
[1.483s] -- Detecting CXX compile features
[1.484s] -- Detecting CXX compile features - done
[1.502s] -- Found ament_cmake: 1.3.10 (/opt/ros/humble/share/ament_cmake/cmake)
[1.602s] -- Found Python3: /usr/bin/python3 (found version "3.10.12") found components: Interpreter 
[1.689s] -- Found ament_lint_auto: 0.12.11 (/opt/ros/humble/share/ament_lint_auto/cmake)
[1.723s] WARNING: Package name "yuBot_cartographer" does not follow the naming conventions. It should start with a lower case letter and only contain lower case letters, digits, underscores, and dashes.
[1.761s] -- Added test 'cppcheck' to perform static code analysis on C / C++ code
[1.761s] -- Configured cppcheck include dirs: 
[1.761s] -- Configured cppcheck exclude dirs and/or files: 
[1.761s] -- Added test 'flake8' to check Python code syntax and style conventions
[1.764s] -- Added test 'lint_cmake' to check CMake code style
[1.765s] -- Added test 'pep257' to check Python code against some of the docstring style conventions in PEP 257
[1.767s] -- Added test 'uncrustify' to check C / C++ code style
[1.767s] -- Configured uncrustify additional arguments: 
[1.768s] -- Added test 'xmllint' to check XML markup files
[1.770s] -- Configuring done
[1.772s] -- Generating done
[1.773s] -- Build files have been written to: /home/goblue/my_ws/build/yuBot_cartographer
[1.775s] Invoked command in '/home/goblue/my_ws/build/yuBot_cartographer' returned '0': CMAKE_PREFIX_PATH=${CMAKE_PREFIX_PATH}:/home/goblue/interbotix_ws/install/interbotix_xs_modules:/home/goblue/interbotix_ws/install/interbotix_common_modules:/home/goblue/ros2_ws/install/rse_gaussian_filters:/opt/ros/humble /usr/bin/cmake /home/goblue/my_ws/yuBot_cartographer -DCMAKE_INSTALL_PREFIX=/home/goblue/my_ws/install/yuBot_cartographer
[1.777s] Invoking command in '/home/goblue/my_ws/build/yuBot_cartographer': CMAKE_PREFIX_PATH=${CMAKE_PREFIX_PATH}:/home/goblue/interbotix_ws/install/interbotix_xs_modules:/home/goblue/interbotix_ws/install/interbotix_common_modules:/home/goblue/ros2_ws/install/rse_gaussian_filters:/opt/ros/humble /usr/bin/cmake --build /home/goblue/my_ws/build/yuBot_cartographer -- -j20 -l20
[1.798s] Invoked command in '/home/goblue/my_ws/build/yuBot_cartographer' returned '0': CMAKE_PREFIX_PATH=${CMAKE_PREFIX_PATH}:/home/goblue/interbotix_ws/install/interbotix_xs_modules:/home/goblue/interbotix_ws/install/interbotix_common_modules:/home/goblue/ros2_ws/install/rse_gaussian_filters:/opt/ros/humble /usr/bin/cmake --build /home/goblue/my_ws/build/yuBot_cartographer -- -j20 -l20
[1.815s] Invoking command in '/home/goblue/my_ws/build/yuBot_cartographer': CMAKE_PREFIX_PATH=${CMAKE_PREFIX_PATH}:/home/goblue/interbotix_ws/install/interbotix_xs_modules:/home/goblue/interbotix_ws/install/interbotix_common_modules:/home/goblue/ros2_ws/install/rse_gaussian_filters:/opt/ros/humble /usr/bin/cmake --install /home/goblue/my_ws/build/yuBot_cartographer
[1.819s] -- Install configuration: ""
[1.819s] -- Installing: /home/goblue/my_ws/install/yuBot_cartographer/share/ament_index/resource_index/package_run_dependencies/yuBot_cartographer
[1.819s] -- Installing: /home/goblue/my_ws/install/yuBot_cartographer/share/ament_index/resource_index/parent_prefix_path/yuBot_cartographer
[1.820s] -- Installing: /home/goblue/my_ws/install/yuBot_cartographer/share/yuBot_cartographer/environment/ament_prefix_path.sh
[1.820s] -- Installing: /home/goblue/my_ws/install/yuBot_cartographer/share/yuBot_cartographer/environment/ament_prefix_path.dsv
[1.820s] -- Installing: /home/goblue/my_ws/install/yuBot_cartographer/share/yuBot_cartographer/environment/path.sh
[1.820s] -- Installing: /home/goblue/my_ws/install/yuBot_cartographer/share/yuBot_cartographer/environment/path.dsv
[1.820s] -- Installing: /home/goblue/my_ws/install/yuBot_cartographer/share/yuBot_cartographer/local_setup.bash
[1.820s] -- Installing: /home/goblue/my_ws/install/yuBot_cartographer/share/yuBot_cartographer/local_setup.sh
[1.820s] -- Installing: /home/goblue/my_ws/install/yuBot_cartographer/share/yuBot_cartographer/local_setup.zsh
[1.820s] -- Installing: /home/goblue/my_ws/install/yuBot_cartographer/share/yuBot_cartographer/local_setup.dsv
[1.820s] -- Installing: /home/goblue/my_ws/install/yuBot_cartographer/share/yuBot_cartographer/package.dsv
[1.820s] -- Installing: /home/goblue/my_ws/install/yuBot_cartographer/share/ament_index/resource_index/packages/yuBot_cartographer
[1.820s] -- Installing: /home/goblue/my_ws/install/yuBot_cartographer/share/yuBot_cartographer/cmake/yuBot_cartographerConfig.cmake
[1.820s] -- Installing: /home/goblue/my_ws/install/yuBot_cartographer/share/yuBot_cartographer/cmake/yuBot_cartographerConfig-version.cmake
[1.821s] -- Installing: /home/goblue/my_ws/install/yuBot_cartographer/share/yuBot_cartographer/package.xml
[1.821s] Invoked command in '/home/goblue/my_ws/build/yuBot_cartographer' returned '0': CMAKE_PREFIX_PATH=${CMAKE_PREFIX_PATH}:/home/goblue/interbotix_ws/install/interbotix_xs_modules:/home/goblue/interbotix_ws/install/interbotix_common_modules:/home/goblue/ros2_ws/install/rse_gaussian_filters:/opt/ros/humble /usr/bin/cmake --install /home/goblue/my_ws/build/yuBot_cartographer
