[0.403s] Invoking command in '/home/goblue/my_ws/build/nav2_util': AMENT_PREFIX_PATH=/home/goblue/my_ws/install/nav2_msgs:/home/goblue/my_ws/install/nav2_common:${AMENT_PREFIX_PATH} CMAKE_PREFIX_PATH=/home/goblue/my_ws/install/nav2_msgs:/home/goblue/my_ws/install/nav2_common:/home/goblue/interbotix_ws/install/interbotix_ros_xsarms_examples:/home/goblue/interbotix_ws/install/interbotix_xsarm_moveit_interface:/home/goblue/interbotix_ws/install/interbotix_moveit_interface:/home/goblue/interbotix_ws/install/moveit_visual_tools:/home/goblue/interbotix_ws/install/interbotix_ros_xsarms:/home/goblue/interbotix_ws/install/interbotix_xsarm_moveit:/home/goblue/interbotix_ws/install/interbotix_xsarm_sim:/home/goblue/interbotix_ws/install/interbotix_xsarm_ros_control:/home/goblue/interbotix_ws/install/interbotix_xsarm_puppet:/home/goblue/interbotix_ws/install/interbotix_xsarm_joy:/home/goblue/interbotix_ws/install/interbotix_xsarm_dual:/home/goblue/interbotix_ws/install/interbotix_xsarm_control:/home/goblue/interbotix_ws/install/interbotix_xsarm_descriptions:/home/goblue/interbotix_ws/install/interbotix_xs_toolbox:/home/goblue/interbotix_ws/install/interbotix_xs_rviz:/home/goblue/interbotix_ws/install/interbotix_ros_xseries:/home/goblue/interbotix_ws/install/interbotix_xs_sdk:/home/goblue/interbotix_ws/install/interbotix_xs_ros_control:/home/goblue/interbotix_ws/install/interbotix_xs_msgs:/home/goblue/interbotix_ws/install/interbotix_xs_driver:/home/goblue/interbotix_ws/install/interbotix_tf_tools:/home/goblue/interbotix_ws/install/interbotix_moveit_interface_msgs:/home/goblue/interbotix_ws/install/interbotix_common_toolbox:/home/goblue/interbotix_ws/install/interbotix_common_sim:/home/goblue/interbotix_ws/install/dynamixel_workbench_toolbox:/home/goblue/interbotix_ws/install/interbotix_xs_modules:/home/goblue/interbotix_ws/install/interbotix_common_modules:/opt/ros/humble LD_LIBRARY_PATH=/home/goblue/my_ws/install/nav2_msgs/lib:/home/goblue/interbotix_ws/install/moveit_visual_tools/lib:/home/goblue/interbotix_ws/install/interbotix_xs_rviz/lib:/home/goblue/interbotix_ws/install/interbotix_xs_ros_control/lib:/home/goblue/interbotix_ws/install/interbotix_xs_msgs/lib:/home/goblue/interbotix_ws/install/interbotix_xs_driver/lib:/home/goblue/interbotix_ws/install/interbotix_tf_tools/lib:/home/goblue/interbotix_ws/install/interbotix_moveit_interface_msgs/lib:/home/goblue/interbotix_ws/install/dynamixel_workbench_toolbox/lib:/usr/lib/x86_64-linux-gnu/gazebo-11/plugins:/opt/ros/humble/opt/rviz_ogre_vendor/lib:/opt/ros/humble/lib/x86_64-linux-gnu:/opt/ros/humble/lib:/usr/lib/x86_64-linux-gnu/gazebo-11/plugins:/usr/lib/x86_64-linux-gnu/gazebo-11/plugins:/usr/lib/x86_64-linux-gnu/gazebo-11/plugins PYTHONPATH=/home/goblue/my_ws/install/nav2_msgs/local/lib/python3.10/dist-packages:/home/goblue/my_ws/install/nav2_common/local/lib/python3.10/dist-packages:${PYTHONPATH} /usr/bin/cmake /home/goblue/my_ws/navigation2/nav2_util -DCMAKE_INSTALL_PREFIX=/home/goblue/my_ws/install/nav2_util
[0.420s] -- Found ament_cmake: 1.3.10 (/opt/ros/humble/share/ament_cmake/cmake)
[0.577s] -- Found nav2_common: 1.1.17 (/home/goblue/my_ws/install/nav2_common/share/nav2_common/cmake)
[0.577s] -- Found nav2_msgs: 1.1.17 (/home/goblue/my_ws/install/nav2_msgs/share/nav2_msgs/cmake)
[0.931s] -- Found rosidl_generator_c: 3.1.5 (/opt/ros/humble/share/rosidl_generator_c/cmake)
[0.934s] -- Found rosidl_adapter: 3.1.5 (/opt/ros/humble/share/rosidl_adapter/cmake)
[0.942s] -- Found rosidl_generator_cpp: 3.1.5 (/opt/ros/humble/share/rosidl_generator_cpp/cmake)
[0.958s] -- Using all available rosidl_typesupport_c: rosidl_typesupport_fastrtps_c;rosidl_typesupport_introspection_c
[0.974s] -- Using all available rosidl_typesupport_cpp: rosidl_typesupport_fastrtps_cpp;rosidl_typesupport_introspection_cpp
[1.070s] -- Found tf2_ros: 0.25.7 (/opt/ros/humble/share/tf2_ros/cmake)
[1.140s] -- Found rmw_implementation_cmake: 6.1.2 (/opt/ros/humble/share/rmw_implementation_cmake/cmake)
[1.144s] -- Found rmw_fastrtps_cpp: 6.2.7 (/opt/ros/humble/share/rmw_fastrtps_cpp/cmake)
[8.550s] -- Using RMW implementation 'rmw_fastrtps_cpp' as default
[8.634s] -- Found tf2_geometry_msgs: 0.25.7 (/opt/ros/humble/share/tf2_geometry_msgs/cmake)
[8.641s] -- Found eigen3_cmake_module: 0.1.1 (/opt/ros/humble/share/eigen3_cmake_module/cmake)
[8.642s] -- Ensuring Eigen3 include directory is part of orocos-kdl CMake target
[8.644s] -- Found lifecycle_msgs: 1.2.1 (/opt/ros/humble/share/lifecycle_msgs/cmake)
[8.655s] -- Found rclcpp_lifecycle: 16.0.10 (/opt/ros/humble/share/rclcpp_lifecycle/cmake)
[8.664s] -- Found bondcpp: 3.0.2 (/opt/ros/humble/share/bondcpp/cmake)
[8.701s] -- Found ament_lint_auto: 0.12.11 (/opt/ros/humble/share/ament_lint_auto/cmake)
[8.702s] -- Found ament_cmake_pytest: 1.3.10 (/opt/ros/humble/share/ament_cmake_pytest/cmake)
[8.705s] -- Found launch_testing_ament_cmake: 1.0.6 (/opt/ros/humble/share/launch_testing_ament_cmake/cmake)
[8.706s] -- Found python_cmake_module: 0.10.0 (/opt/ros/humble/share/python_cmake_module/cmake)
[8.724s] -- Using PYTHON_EXECUTABLE: /usr/bin/python3
[8.724s] -- Using PYTHON_INCLUDE_DIRS: /usr/include/python3.10
[8.724s] -- Using PYTHON_LIBRARIES: /usr/lib/x86_64-linux-gnu/libpython3.10.so
[14.487s] -- Found gtest sources under '/opt/ros/humble/src/gtest_vendor': C++ tests using 'Google Test' will be built
[15.901s] [31mCMake Error at test/CMakeLists.txt:7 (find_package):
[15.901s]   By not providing "Findtest_msgs.cmake" in CMAKE_MODULE_PATH this project
[15.901s]   has asked CMake to find a package configuration file provided by
[15.901s]   "test_msgs", but CMake did not find one.
[15.901s] 
[15.901s]   Could not find a package configuration file provided by "test_msgs" with
[15.901s]   any of the following names:
[15.901s] 
[15.901s]     test_msgsConfig.cmake
[15.901s]     test_msgs-config.cmake
[15.901s] 
[15.901s]   Add the installation prefix of "test_msgs" to CMAKE_PREFIX_PATH or set
[15.901s]   "test_msgs_DIR" to a directory containing one of the above files.  If
[15.901s]   "test_msgs" provides a separate development package or SDK, be sure it has
[15.901s]   been installed.
[15.901s] 
[15.901s] [0m
[15.901s] -- Configuring incomplete, errors occurred!
[15.901s] See also "/home/goblue/my_ws/build/nav2_util/CMakeFiles/CMakeOutput.log".
[15.908s] Invoked command in '/home/goblue/my_ws/build/nav2_util' returned '1': AMENT_PREFIX_PATH=/home/goblue/my_ws/install/nav2_msgs:/home/goblue/my_ws/install/nav2_common:${AMENT_PREFIX_PATH} CMAKE_PREFIX_PATH=/home/goblue/my_ws/install/nav2_msgs:/home/goblue/my_ws/install/nav2_common:/home/goblue/interbotix_ws/install/interbotix_ros_xsarms_examples:/home/goblue/interbotix_ws/install/interbotix_xsarm_moveit_interface:/home/goblue/interbotix_ws/install/interbotix_moveit_interface:/home/goblue/interbotix_ws/install/moveit_visual_tools:/home/goblue/interbotix_ws/install/interbotix_ros_xsarms:/home/goblue/interbotix_ws/install/interbotix_xsarm_moveit:/home/goblue/interbotix_ws/install/interbotix_xsarm_sim:/home/goblue/interbotix_ws/install/interbotix_xsarm_ros_control:/home/goblue/interbotix_ws/install/interbotix_xsarm_puppet:/home/goblue/interbotix_ws/install/interbotix_xsarm_joy:/home/goblue/interbotix_ws/install/interbotix_xsarm_dual:/home/goblue/interbotix_ws/install/interbotix_xsarm_control:/home/goblue/interbotix_ws/install/interbotix_xsarm_descriptions:/home/goblue/interbotix_ws/install/interbotix_xs_toolbox:/home/goblue/interbotix_ws/install/interbotix_xs_rviz:/home/goblue/interbotix_ws/install/interbotix_ros_xseries:/home/goblue/interbotix_ws/install/interbotix_xs_sdk:/home/goblue/interbotix_ws/install/interbotix_xs_ros_control:/home/goblue/interbotix_ws/install/interbotix_xs_msgs:/home/goblue/interbotix_ws/install/interbotix_xs_driver:/home/goblue/interbotix_ws/install/interbotix_tf_tools:/home/goblue/interbotix_ws/install/interbotix_moveit_interface_msgs:/home/goblue/interbotix_ws/install/interbotix_common_toolbox:/home/goblue/interbotix_ws/install/interbotix_common_sim:/home/goblue/interbotix_ws/install/dynamixel_workbench_toolbox:/home/goblue/interbotix_ws/install/interbotix_xs_modules:/home/goblue/interbotix_ws/install/interbotix_common_modules:/opt/ros/humble LD_LIBRARY_PATH=/home/goblue/my_ws/install/nav2_msgs/lib:/home/goblue/interbotix_ws/install/moveit_visual_tools/lib:/home/goblue/interbotix_ws/install/interbotix_xs_rviz/lib:/home/goblue/interbotix_ws/install/interbotix_xs_ros_control/lib:/home/goblue/interbotix_ws/install/interbotix_xs_msgs/lib:/home/goblue/interbotix_ws/install/interbotix_xs_driver/lib:/home/goblue/interbotix_ws/install/interbotix_tf_tools/lib:/home/goblue/interbotix_ws/install/interbotix_moveit_interface_msgs/lib:/home/goblue/interbotix_ws/install/dynamixel_workbench_toolbox/lib:/usr/lib/x86_64-linux-gnu/gazebo-11/plugins:/opt/ros/humble/opt/rviz_ogre_vendor/lib:/opt/ros/humble/lib/x86_64-linux-gnu:/opt/ros/humble/lib:/usr/lib/x86_64-linux-gnu/gazebo-11/plugins:/usr/lib/x86_64-linux-gnu/gazebo-11/plugins:/usr/lib/x86_64-linux-gnu/gazebo-11/plugins PYTHONPATH=/home/goblue/my_ws/install/nav2_msgs/local/lib/python3.10/dist-packages:/home/goblue/my_ws/install/nav2_common/local/lib/python3.10/dist-packages:${PYTHONPATH} /usr/bin/cmake /home/goblue/my_ws/navigation2/nav2_util -DCMAKE_INSTALL_PREFIX=/home/goblue/my_ws/install/nav2_util
