[0.335s] DEBUG:colcon:Command line arguments: ['/usr/bin/colcon', 'build']
[0.335s] DEBUG:colcon:Parsed command line arguments: Namespace(log_base=None, log_level=None, verb_name='build', build_base='build', install_base='install', merge_install=False, symlink_install=False, test_result_base=None, continue_on_error=False, executor='parallel', parallel_workers=20, event_handlers=None, ignore_user_meta=False, metas=['./colcon.meta'], base_paths=['.'], packages_ignore=None, packages_ignore_regex=None, paths=None, packages_up_to=None, packages_up_to_regex=None, packages_above=None, packages_above_and_dependencies=None, packages_above_depth=None, packages_select_by_dep=None, packages_skip_by_dep=None, packages_skip_up_to=None, packages_select_build_failed=False, packages_skip_build_finished=False, packages_select_test_failures=False, packages_skip_test_passed=False, packages_select=None, packages_skip=None, packages_select_regex=None, packages_skip_regex=None, packages_start=None, packages_end=None, allow_overriding=[], cmake_args=None, cmake_target=None, cmake_target_skip_unavailable=False, cmake_clean_cache=False, cmake_clean_first=False, cmake_force_configure=False, ament_cmake_args=None, catkin_cmake_args=None, catkin_skip_building_tests=False, mixin_files=None, mixin=None, verb_parser=<colcon_mixin.mixin.mixin_argument.MixinArgumentDecorator object at 0x7f13efe7e2c0>, verb_extension=<colcon_core.verb.build.BuildVerb object at 0x7f13efe7d7e0>, main=<bound method BuildVerb.main of <colcon_core.verb.build.BuildVerb object at 0x7f13efe7d7e0>>, mixin_verb=('build',))
[0.731s] Level 1:colcon.colcon_core.package_discovery:discover_packages(colcon_meta) check parameters
[0.731s] Level 1:colcon.colcon_core.package_discovery:discover_packages(recursive) check parameters
[0.731s] Level 1:colcon.colcon_core.package_discovery:discover_packages(ignore) check parameters
[0.731s] Level 1:colcon.colcon_core.package_discovery:discover_packages(path) check parameters
[0.731s] Level 1:colcon.colcon_core.package_discovery:discover_packages(colcon_meta) discover
[0.731s] Level 1:colcon.colcon_core.package_discovery:discover_packages(recursive) discover
[0.731s] INFO:colcon.colcon_core.package_discovery:Crawling recursively for packages in '/home/goblue/my_ws/Yubot_controller'
[0.731s] Level 1:colcon.colcon_core.package_identification:_identify(.) by extensions ['ignore', 'ignore_ament_install']
[0.732s] Level 1:colcon.colcon_core.package_identification:_identify(.) by extension 'ignore'
[0.732s] Level 1:colcon.colcon_core.package_identification:_identify(.) by extension 'ignore_ament_install'
[0.732s] Level 1:colcon.colcon_core.package_identification:_identify(.) by extensions ['colcon_pkg']
[0.732s] Level 1:colcon.colcon_core.package_identification:_identify(.) by extension 'colcon_pkg'
[0.732s] Level 1:colcon.colcon_core.package_identification:_identify(.) by extensions ['colcon_meta']
[0.732s] Level 1:colcon.colcon_core.package_identification:_identify(.) by extension 'colcon_meta'
[0.732s] Level 1:colcon.colcon_core.package_identification:_identify(.) by extensions ['ros']
[0.732s] Level 1:colcon.colcon_core.package_identification:_identify(.) by extension 'ros'
[0.746s] DEBUG:colcon.colcon_core.package_identification:Package '.' with type 'ros.ament_cmake' and name 'Yubot_controller'
[0.746s] Level 1:colcon.colcon_core.package_discovery:discover_packages(recursive) using defaults
[0.746s] Level 1:colcon.colcon_core.package_discovery:discover_packages(ignore) discover
[0.746s] Level 1:colcon.colcon_core.package_discovery:discover_packages(ignore) using defaults
[0.746s] Level 1:colcon.colcon_core.package_discovery:discover_packages(path) discover
[0.746s] Level 1:colcon.colcon_core.package_discovery:discover_packages(path) using defaults
[0.786s] Level 1:colcon.colcon_core.package_discovery:discover_packages(prefix_path) check parameters
[0.786s] Level 1:colcon.colcon_core.package_discovery:discover_packages(prefix_path) discover
[0.798s] DEBUG:colcon.colcon_installed_package_information.package_discovery:Found 27 installed packages in /home/goblue/interbotix_ws/install
[0.800s] DEBUG:colcon.colcon_installed_package_information.package_discovery:Found 394 installed packages in /opt/ros/humble
[0.801s] Level 1:colcon.colcon_core.package_discovery:discover_packages(prefix_path) using defaults
[0.859s] Level 5:colcon.colcon_core.verb:set package 'Yubot_controller' build argument 'cmake_args' from command line to 'None'
[0.859s] Level 5:colcon.colcon_core.verb:set package 'Yubot_controller' build argument 'cmake_target' from command line to 'None'
[0.859s] Level 5:colcon.colcon_core.verb:set package 'Yubot_controller' build argument 'cmake_target_skip_unavailable' from command line to 'False'
[0.859s] Level 5:colcon.colcon_core.verb:set package 'Yubot_controller' build argument 'cmake_clean_cache' from command line to 'False'
[0.859s] Level 5:colcon.colcon_core.verb:set package 'Yubot_controller' build argument 'cmake_clean_first' from command line to 'False'
[0.859s] Level 5:colcon.colcon_core.verb:set package 'Yubot_controller' build argument 'cmake_force_configure' from command line to 'False'
[0.859s] Level 5:colcon.colcon_core.verb:set package 'Yubot_controller' build argument 'ament_cmake_args' from command line to 'None'
[0.859s] Level 5:colcon.colcon_core.verb:set package 'Yubot_controller' build argument 'catkin_cmake_args' from command line to 'None'
[0.859s] Level 5:colcon.colcon_core.verb:set package 'Yubot_controller' build argument 'catkin_skip_building_tests' from command line to 'False'
[0.859s] DEBUG:colcon.colcon_core.verb:Building package 'Yubot_controller' with the following arguments: {'ament_cmake_args': None, 'build_base': '/home/goblue/my_ws/Yubot_controller/build/Yubot_controller', 'catkin_cmake_args': None, 'catkin_skip_building_tests': False, 'cmake_args': None, 'cmake_clean_cache': False, 'cmake_clean_first': False, 'cmake_force_configure': False, 'cmake_target': None, 'cmake_target_skip_unavailable': False, 'install_base': '/home/goblue/my_ws/Yubot_controller/install/Yubot_controller', 'merge_install': False, 'path': '/home/goblue/my_ws/Yubot_controller', 'symlink_install': False, 'test_result_base': None}
[0.859s] INFO:colcon.colcon_core.executor:Executing jobs using 'parallel' executor
[0.860s] DEBUG:colcon.colcon_parallel_executor.executor.parallel:run_until_complete
[0.861s] INFO:colcon.colcon_ros.task.ament_cmake.build:Building ROS package in '/home/goblue/my_ws/Yubot_controller' with build type 'ament_cmake'
[0.861s] INFO:colcon.colcon_cmake.task.cmake.build:Building CMake package in '/home/goblue/my_ws/Yubot_controller'
[0.867s] INFO:colcon.colcon_core.plugin_system:Skipping extension 'colcon_core.shell.bat': Not used on non-Windows systems
[0.868s] INFO:colcon.colcon_core.shell:Skip shell extension 'powershell' for command environment: Not usable outside of PowerShell
[0.868s] DEBUG:colcon.colcon_core.shell:Skip shell extension 'dsv' for command environment
[0.882s] DEBUG:colcon.colcon_core.event_handler.log_command:Invoking command in '/home/goblue/my_ws/Yubot_controller/build/Yubot_controller': CMAKE_PREFIX_PATH=${CMAKE_PREFIX_PATH}:/home/goblue/interbotix_ws/install/interbotix_xs_modules:/home/goblue/interbotix_ws/install/interbotix_common_modules:/opt/ros/humble /usr/bin/cmake --build /home/goblue/my_ws/Yubot_controller/build/Yubot_controller -- -j20 -l20
[1.060s] DEBUG:colcon.colcon_core.event_handler.log_command:Invoked command in '/home/goblue/my_ws/Yubot_controller/build/Yubot_controller' returned '0': CMAKE_PREFIX_PATH=${CMAKE_PREFIX_PATH}:/home/goblue/interbotix_ws/install/interbotix_xs_modules:/home/goblue/interbotix_ws/install/interbotix_common_modules:/opt/ros/humble /usr/bin/cmake --build /home/goblue/my_ws/Yubot_controller/build/Yubot_controller -- -j20 -l20
[1.092s] DEBUG:colcon.colcon_core.event_handler.log_command:Invoking command in '/home/goblue/my_ws/Yubot_controller/build/Yubot_controller': CMAKE_PREFIX_PATH=${CMAKE_PREFIX_PATH}:/home/goblue/interbotix_ws/install/interbotix_xs_modules:/home/goblue/interbotix_ws/install/interbotix_common_modules:/opt/ros/humble /usr/bin/cmake --install /home/goblue/my_ws/Yubot_controller/build/Yubot_controller
[1.105s] Level 1:colcon.colcon_core.environment:create_environment_scripts_only(Yubot_controller)
[1.106s] DEBUG:colcon.colcon_core.event_handler.log_command:Invoked command in '/home/goblue/my_ws/Yubot_controller/build/Yubot_controller' returned '0': CMAKE_PREFIX_PATH=${CMAKE_PREFIX_PATH}:/home/goblue/interbotix_ws/install/interbotix_xs_modules:/home/goblue/interbotix_ws/install/interbotix_common_modules:/opt/ros/humble /usr/bin/cmake --install /home/goblue/my_ws/Yubot_controller/build/Yubot_controller
[1.113s] Level 1:colcon.colcon_core.environment:checking '/home/goblue/my_ws/Yubot_controller/install/Yubot_controller' for CMake module files
[1.113s] Level 1:colcon.colcon_core.environment:checking '/home/goblue/my_ws/Yubot_controller/install/Yubot_controller' for CMake config files
[1.114s] Level 1:colcon.colcon_core.shell:create_environment_hook('Yubot_controller', 'cmake_prefix_path')
[1.114s] INFO:colcon.colcon_core.shell:Creating environment hook '/home/goblue/my_ws/Yubot_controller/install/Yubot_controller/share/Yubot_controller/hook/cmake_prefix_path.ps1'
[1.116s] INFO:colcon.colcon_core.shell:Creating environment descriptor '/home/goblue/my_ws/Yubot_controller/install/Yubot_controller/share/Yubot_controller/hook/cmake_prefix_path.dsv'
[1.116s] INFO:colcon.colcon_core.shell:Creating environment hook '/home/goblue/my_ws/Yubot_controller/install/Yubot_controller/share/Yubot_controller/hook/cmake_prefix_path.sh'
[1.117s] Level 1:colcon.colcon_core.environment:checking '/home/goblue/my_ws/Yubot_controller/install/Yubot_controller/lib'
[1.118s] Level 1:colcon.colcon_core.shell:create_environment_hook('Yubot_controller', 'ld_library_path_lib')
[1.118s] INFO:colcon.colcon_core.shell:Creating environment hook '/home/goblue/my_ws/Yubot_controller/install/Yubot_controller/share/Yubot_controller/hook/ld_library_path_lib.ps1'
[1.118s] INFO:colcon.colcon_core.shell:Creating environment descriptor '/home/goblue/my_ws/Yubot_controller/install/Yubot_controller/share/Yubot_controller/hook/ld_library_path_lib.dsv'
[1.119s] INFO:colcon.colcon_core.shell:Creating environment hook '/home/goblue/my_ws/Yubot_controller/install/Yubot_controller/share/Yubot_controller/hook/ld_library_path_lib.sh'
[1.119s] Level 1:colcon.colcon_core.environment:checking '/home/goblue/my_ws/Yubot_controller/install/Yubot_controller/bin'
[1.119s] Level 1:colcon.colcon_core.environment:checking '/home/goblue/my_ws/Yubot_controller/install/Yubot_controller/lib/pkgconfig/Yubot_controller.pc'
[1.119s] Level 1:colcon.colcon_core.environment:checking '/home/goblue/my_ws/Yubot_controller/install/Yubot_controller/lib/python3.10/site-packages'
[1.119s] Level 1:colcon.colcon_core.environment:checking '/home/goblue/my_ws/Yubot_controller/install/Yubot_controller/bin'
[1.120s] INFO:colcon.colcon_core.shell:Creating package script '/home/goblue/my_ws/Yubot_controller/install/Yubot_controller/share/Yubot_controller/package.ps1'
[1.121s] INFO:colcon.colcon_core.shell:Creating package descriptor '/home/goblue/my_ws/Yubot_controller/install/Yubot_controller/share/Yubot_controller/package.dsv'
[1.121s] INFO:colcon.colcon_core.shell:Creating package script '/home/goblue/my_ws/Yubot_controller/install/Yubot_controller/share/Yubot_controller/package.sh'
[1.123s] INFO:colcon.colcon_core.shell:Creating package script '/home/goblue/my_ws/Yubot_controller/install/Yubot_controller/share/Yubot_controller/package.bash'
[1.124s] INFO:colcon.colcon_core.shell:Creating package script '/home/goblue/my_ws/Yubot_controller/install/Yubot_controller/share/Yubot_controller/package.zsh'
[1.126s] Level 1:colcon.colcon_core.environment:create_file_with_runtime_dependencies(/home/goblue/my_ws/Yubot_controller/install/Yubot_controller/share/colcon-core/packages/Yubot_controller)
[1.146s] Level 1:colcon.colcon_core.environment:create_environment_scripts_only(Yubot_controller)
[1.146s] Level 1:colcon.colcon_core.environment:checking '/home/goblue/my_ws/Yubot_controller/install/Yubot_controller' for CMake module files
[1.147s] Level 1:colcon.colcon_core.environment:checking '/home/goblue/my_ws/Yubot_controller/install/Yubot_controller' for CMake config files
[1.147s] Level 1:colcon.colcon_core.shell:create_environment_hook('Yubot_controller', 'cmake_prefix_path')
[1.147s] INFO:colcon.colcon_core.shell:Creating environment hook '/home/goblue/my_ws/Yubot_controller/install/Yubot_controller/share/Yubot_controller/hook/cmake_prefix_path.ps1'
[1.148s] INFO:colcon.colcon_core.shell:Creating environment descriptor '/home/goblue/my_ws/Yubot_controller/install/Yubot_controller/share/Yubot_controller/hook/cmake_prefix_path.dsv'
[1.148s] INFO:colcon.colcon_core.shell:Creating environment hook '/home/goblue/my_ws/Yubot_controller/install/Yubot_controller/share/Yubot_controller/hook/cmake_prefix_path.sh'
[1.148s] Level 1:colcon.colcon_core.environment:checking '/home/goblue/my_ws/Yubot_controller/install/Yubot_controller/lib'
[1.148s] Level 1:colcon.colcon_core.shell:create_environment_hook('Yubot_controller', 'ld_library_path_lib')
[1.148s] INFO:colcon.colcon_core.shell:Creating environment hook '/home/goblue/my_ws/Yubot_controller/install/Yubot_controller/share/Yubot_controller/hook/ld_library_path_lib.ps1'
[1.149s] INFO:colcon.colcon_core.shell:Creating environment descriptor '/home/goblue/my_ws/Yubot_controller/install/Yubot_controller/share/Yubot_controller/hook/ld_library_path_lib.dsv'
[1.149s] INFO:colcon.colcon_core.shell:Creating environment hook '/home/goblue/my_ws/Yubot_controller/install/Yubot_controller/share/Yubot_controller/hook/ld_library_path_lib.sh'
[1.149s] Level 1:colcon.colcon_core.environment:checking '/home/goblue/my_ws/Yubot_controller/install/Yubot_controller/bin'
[1.149s] Level 1:colcon.colcon_core.environment:checking '/home/goblue/my_ws/Yubot_controller/install/Yubot_controller/lib/pkgconfig/Yubot_controller.pc'
[1.150s] Level 1:colcon.colcon_core.environment:checking '/home/goblue/my_ws/Yubot_controller/install/Yubot_controller/lib/python3.10/site-packages'
[1.150s] Level 1:colcon.colcon_core.environment:checking '/home/goblue/my_ws/Yubot_controller/install/Yubot_controller/bin'
[1.150s] INFO:colcon.colcon_core.shell:Creating package script '/home/goblue/my_ws/Yubot_controller/install/Yubot_controller/share/Yubot_controller/package.ps1'
[1.151s] INFO:colcon.colcon_core.shell:Creating package descriptor '/home/goblue/my_ws/Yubot_controller/install/Yubot_controller/share/Yubot_controller/package.dsv'
[1.151s] INFO:colcon.colcon_core.shell:Creating package script '/home/goblue/my_ws/Yubot_controller/install/Yubot_controller/share/Yubot_controller/package.sh'
[1.152s] INFO:colcon.colcon_core.shell:Creating package script '/home/goblue/my_ws/Yubot_controller/install/Yubot_controller/share/Yubot_controller/package.bash'
[1.152s] INFO:colcon.colcon_core.shell:Creating package script '/home/goblue/my_ws/Yubot_controller/install/Yubot_controller/share/Yubot_controller/package.zsh'
[1.152s] Level 1:colcon.colcon_core.environment:create_file_with_runtime_dependencies(/home/goblue/my_ws/Yubot_controller/install/Yubot_controller/share/colcon-core/packages/Yubot_controller)
[1.152s] DEBUG:colcon.colcon_parallel_executor.executor.parallel:closing loop
[1.153s] DEBUG:colcon.colcon_parallel_executor.executor.parallel:loop closed
[1.153s] DEBUG:colcon.colcon_parallel_executor.executor.parallel:run_until_complete finished with '0'
[1.153s] DEBUG:colcon.colcon_core.event_reactor:joining thread
[1.163s] INFO:colcon.colcon_core.plugin_system:Skipping extension 'colcon_notification.desktop_notification.terminal_notifier': Not used on non-Darwin systems
[1.164s] INFO:colcon.colcon_core.plugin_system:Skipping extension 'colcon_notification.desktop_notification.win32': Not used on non-Windows systems
[1.164s] INFO:colcon.colcon_notification.desktop_notification:Sending desktop notification using 'notify2'
[1.567s] DEBUG:colcon.colcon_core.event_reactor:joined thread
[1.567s] INFO:colcon.colcon_core.shell:Creating prefix script '/home/goblue/my_ws/Yubot_controller/install/local_setup.ps1'
[1.570s] INFO:colcon.colcon_core.shell:Creating prefix util module '/home/goblue/my_ws/Yubot_controller/install/_local_setup_util_ps1.py'
[1.573s] INFO:colcon.colcon_core.shell:Creating prefix chain script '/home/goblue/my_ws/Yubot_controller/install/setup.ps1'
[1.577s] INFO:colcon.colcon_core.shell:Creating prefix script '/home/goblue/my_ws/Yubot_controller/install/local_setup.sh'
[1.580s] INFO:colcon.colcon_core.shell:Creating prefix util module '/home/goblue/my_ws/Yubot_controller/install/_local_setup_util_sh.py'
[1.581s] INFO:colcon.colcon_core.shell:Creating prefix chain script '/home/goblue/my_ws/Yubot_controller/install/setup.sh'
[1.586s] INFO:colcon.colcon_core.shell:Creating prefix script '/home/goblue/my_ws/Yubot_controller/install/local_setup.bash'
[1.588s] INFO:colcon.colcon_core.shell:Creating prefix chain script '/home/goblue/my_ws/Yubot_controller/install/setup.bash'
[1.593s] INFO:colcon.colcon_core.shell:Creating prefix script '/home/goblue/my_ws/Yubot_controller/install/local_setup.zsh'
[1.594s] INFO:colcon.colcon_core.shell:Creating prefix chain script '/home/goblue/my_ws/Yubot_controller/install/setup.zsh'
