[0.876s] Invoking command in '/home/goblue/my_ws/navigation2/nav2_simple_commander': AMENT_PREFIX_PATH=/home/goblue/my_ws/install/nav2_msgs:/home/goblue/my_ws/install/nav2_common:${AMENT_PREFIX_PATH} CMAKE_PREFIX_PATH=/home/goblue/my_ws/install/nav2_msgs:/home/goblue/my_ws/install/nav2_common:${CMAKE_PREFIX_PATH} LD_LIBRARY_PATH=/home/goblue/my_ws/install/nav2_msgs/lib:/home/goblue/interbotix_ws/install/moveit_visual_tools/lib:/home/goblue/interbotix_ws/install/interbotix_xs_rviz/lib:/home/goblue/interbotix_ws/install/interbotix_xs_ros_control/lib:/home/goblue/interbotix_ws/install/interbotix_xs_msgs/lib:/home/goblue/interbotix_ws/install/interbotix_xs_driver/lib:/home/goblue/interbotix_ws/install/interbotix_tf_tools/lib:/home/goblue/interbotix_ws/install/interbotix_moveit_interface_msgs/lib:/home/goblue/interbotix_ws/install/dynamixel_workbench_toolbox/lib:/usr/lib/x86_64-linux-gnu/gazebo-11/plugins:/opt/ros/humble/opt/rviz_ogre_vendor/lib:/opt/ros/humble/lib/x86_64-linux-gnu:/opt/ros/humble/lib:/usr/lib/x86_64-linux-gnu/gazebo-11/plugins:/usr/lib/x86_64-linux-gnu/gazebo-11/plugins:/usr/lib/x86_64-linux-gnu/gazebo-11/plugins PYTHONPATH=/home/goblue/my_ws/build/nav2_simple_commander/prefix_override:/usr/lib/python3/dist-packages/colcon_core/task/python/colcon_distutils_commands:/home/goblue/my_ws/install/nav2_simple_commander/lib/python3.10/site-packages:/home/goblue/my_ws/install/nav2_msgs/local/lib/python3.10/dist-packages:/home/goblue/my_ws/install/nav2_common/local/lib/python3.10/dist-packages:${PYTHONPATH} /usr/bin/python3 -W ignore:setup.py install is deprecated setup.py egg_info --egg-base ../../build/nav2_simple_commander build --build-base /home/goblue/my_ws/build/nav2_simple_commander/build install --record /home/goblue/my_ws/build/nav2_simple_commander/install.log --single-version-externally-managed install_data
[1.013s] running egg_info
[1.014s] writing ../../build/nav2_simple_commander/nav2_simple_commander.egg-info/PKG-INFO
[1.015s] writing dependency_links to ../../build/nav2_simple_commander/nav2_simple_commander.egg-info/dependency_links.txt
[1.015s] writing entry points to ../../build/nav2_simple_commander/nav2_simple_commander.egg-info/entry_points.txt
[1.015s] writing requirements to ../../build/nav2_simple_commander/nav2_simple_commander.egg-info/requires.txt
[1.015s] writing top-level names to ../../build/nav2_simple_commander/nav2_simple_commander.egg-info/top_level.txt
[1.016s] reading manifest file '../../build/nav2_simple_commander/nav2_simple_commander.egg-info/SOURCES.txt'
[1.017s] writing manifest file '../../build/nav2_simple_commander/nav2_simple_commander.egg-info/SOURCES.txt'
[1.017s] running build
[1.017s] running build_py
[1.018s] running install
[1.018s] running install_lib
[1.019s] running install_data
[1.019s] running install_egg_info
[1.020s] removing '/home/goblue/my_ws/install/nav2_simple_commander/lib/python3.10/site-packages/nav2_simple_commander-1.0.0-py3.10.egg-info' (and everything under it)
[1.021s] Copying ../../build/nav2_simple_commander/nav2_simple_commander.egg-info to /home/goblue/my_ws/install/nav2_simple_commander/lib/python3.10/site-packages/nav2_simple_commander-1.0.0-py3.10.egg-info
[1.021s] running install_scripts
[1.034s] Installing demo_inspection script to /home/goblue/my_ws/install/nav2_simple_commander/lib/nav2_simple_commander
[1.035s] Installing demo_picking script to /home/goblue/my_ws/install/nav2_simple_commander/lib/nav2_simple_commander
[1.035s] Installing demo_recoveries script to /home/goblue/my_ws/install/nav2_simple_commander/lib/nav2_simple_commander
[1.035s] Installing demo_security script to /home/goblue/my_ws/install/nav2_simple_commander/lib/nav2_simple_commander
[1.035s] Installing example_assisted_teleop script to /home/goblue/my_ws/install/nav2_simple_commander/lib/nav2_simple_commander
[1.035s] Installing example_follow_path script to /home/goblue/my_ws/install/nav2_simple_commander/lib/nav2_simple_commander
[1.035s] Installing example_nav_through_poses script to /home/goblue/my_ws/install/nav2_simple_commander/lib/nav2_simple_commander
[1.035s] Installing example_nav_to_pose script to /home/goblue/my_ws/install/nav2_simple_commander/lib/nav2_simple_commander
[1.035s] Installing example_waypoint_follower script to /home/goblue/my_ws/install/nav2_simple_commander/lib/nav2_simple_commander
[1.036s] writing list of installed files to '/home/goblue/my_ws/build/nav2_simple_commander/install.log'
[1.050s] Invoked command in '/home/goblue/my_ws/navigation2/nav2_simple_commander' returned '0': AMENT_PREFIX_PATH=/home/goblue/my_ws/install/nav2_msgs:/home/goblue/my_ws/install/nav2_common:${AMENT_PREFIX_PATH} CMAKE_PREFIX_PATH=/home/goblue/my_ws/install/nav2_msgs:/home/goblue/my_ws/install/nav2_common:${CMAKE_PREFIX_PATH} LD_LIBRARY_PATH=/home/goblue/my_ws/install/nav2_msgs/lib:/home/goblue/interbotix_ws/install/moveit_visual_tools/lib:/home/goblue/interbotix_ws/install/interbotix_xs_rviz/lib:/home/goblue/interbotix_ws/install/interbotix_xs_ros_control/lib:/home/goblue/interbotix_ws/install/interbotix_xs_msgs/lib:/home/goblue/interbotix_ws/install/interbotix_xs_driver/lib:/home/goblue/interbotix_ws/install/interbotix_tf_tools/lib:/home/goblue/interbotix_ws/install/interbotix_moveit_interface_msgs/lib:/home/goblue/interbotix_ws/install/dynamixel_workbench_toolbox/lib:/usr/lib/x86_64-linux-gnu/gazebo-11/plugins:/opt/ros/humble/opt/rviz_ogre_vendor/lib:/opt/ros/humble/lib/x86_64-linux-gnu:/opt/ros/humble/lib:/usr/lib/x86_64-linux-gnu/gazebo-11/plugins:/usr/lib/x86_64-linux-gnu/gazebo-11/plugins:/usr/lib/x86_64-linux-gnu/gazebo-11/plugins PYTHONPATH=/home/goblue/my_ws/build/nav2_simple_commander/prefix_override:/usr/lib/python3/dist-packages/colcon_core/task/python/colcon_distutils_commands:/home/goblue/my_ws/install/nav2_simple_commander/lib/python3.10/site-packages:/home/goblue/my_ws/install/nav2_msgs/local/lib/python3.10/dist-packages:/home/goblue/my_ws/install/nav2_common/local/lib/python3.10/dist-packages:${PYTHONPATH} /usr/bin/python3 -W ignore:setup.py install is deprecated setup.py egg_info --egg-base ../../build/nav2_simple_commander build --build-base /home/goblue/my_ws/build/nav2_simple_commander/build install --record /home/goblue/my_ws/build/nav2_simple_commander/install.log --single-version-externally-managed install_data
