[0.257s] DEBUG:colcon:Command line arguments: ['/usr/bin/colcon', 'build']
[0.257s] DEBUG:colcon:Parsed command line arguments: Namespace(log_base=None, log_level=None, verb_name='build', build_base='build', install_base='install', merge_install=False, symlink_install=False, test_result_base=None, continue_on_error=False, executor='parallel', parallel_workers=20, event_handlers=None, ignore_user_meta=False, metas=['./colcon.meta'], base_paths=['.'], packages_ignore=None, packages_ignore_regex=None, paths=None, packages_up_to=None, packages_up_to_regex=None, packages_above=None, packages_above_and_dependencies=None, packages_above_depth=None, packages_select_by_dep=None, packages_skip_by_dep=None, packages_skip_up_to=None, packages_select_build_failed=False, packages_skip_build_finished=False, packages_select_test_failures=False, packages_skip_test_passed=False, packages_select=None, packages_skip=None, packages_select_regex=None, packages_skip_regex=None, packages_start=None, packages_end=None, allow_overriding=[], cmake_args=None, cmake_target=None, cmake_target_skip_unavailable=False, cmake_clean_cache=False, cmake_clean_first=False, cmake_force_configure=False, ament_cmake_args=None, catkin_cmake_args=None, catkin_skip_building_tests=False, mixin_files=None, mixin=None, verb_parser=<colcon_mixin.mixin.mixin_argument.MixinArgumentDecorator object at 0x7fb3580c22c0>, verb_extension=<colcon_core.verb.build.BuildVerb object at 0x7fb3580c17e0>, main=<bound method BuildVerb.main of <colcon_core.verb.build.BuildVerb object at 0x7fb3580c17e0>>, mixin_verb=('build',))
[0.402s] Level 1:colcon.colcon_core.package_discovery:discover_packages(colcon_meta) check parameters
[0.402s] Level 1:colcon.colcon_core.package_discovery:discover_packages(recursive) check parameters
[0.402s] Level 1:colcon.colcon_core.package_discovery:discover_packages(ignore) check parameters
[0.402s] Level 1:colcon.colcon_core.package_discovery:discover_packages(path) check parameters
[0.403s] Level 1:colcon.colcon_core.package_discovery:discover_packages(colcon_meta) discover
[0.403s] Level 1:colcon.colcon_core.package_discovery:discover_packages(recursive) discover
[0.403s] INFO:colcon.colcon_core.package_discovery:Crawling recursively for packages in '/home/goblue/my_ws/Yubot_controller'
[0.403s] Level 1:colcon.colcon_core.package_identification:_identify(.) by extensions ['ignore', 'ignore_ament_install']
[0.403s] Level 1:colcon.colcon_core.package_identification:_identify(.) by extension 'ignore'
[0.403s] Level 1:colcon.colcon_core.package_identification:_identify(.) by extension 'ignore_ament_install'
[0.403s] Level 1:colcon.colcon_core.package_identification:_identify(.) by extensions ['colcon_pkg']
[0.403s] Level 1:colcon.colcon_core.package_identification:_identify(.) by extension 'colcon_pkg'
[0.403s] Level 1:colcon.colcon_core.package_identification:_identify(.) by extensions ['colcon_meta']
[0.403s] Level 1:colcon.colcon_core.package_identification:_identify(.) by extension 'colcon_meta'
[0.403s] Level 1:colcon.colcon_core.package_identification:_identify(.) by extensions ['ros']
[0.403s] Level 1:colcon.colcon_core.package_identification:_identify(.) by extension 'ros'
[0.416s] DEBUG:colcon.colcon_core.package_identification:Package '.' with type 'ros.ament_cmake' and name 'Yubot_controller'
[0.416s] Level 1:colcon.colcon_core.package_discovery:discover_packages(recursive) using defaults
[0.416s] Level 1:colcon.colcon_core.package_discovery:discover_packages(ignore) discover
[0.416s] Level 1:colcon.colcon_core.package_discovery:discover_packages(ignore) using defaults
[0.416s] Level 1:colcon.colcon_core.package_discovery:discover_packages(path) discover
[0.416s] Level 1:colcon.colcon_core.package_discovery:discover_packages(path) using defaults
[0.443s] Level 1:colcon.colcon_core.package_discovery:discover_packages(prefix_path) check parameters
[0.443s] Level 1:colcon.colcon_core.package_discovery:discover_packages(prefix_path) discover
[0.445s] DEBUG:colcon.colcon_installed_package_information.package_discovery:Found 1 installed packages in /home/goblue/my_ws/Yubot_controller/install
[0.446s] DEBUG:colcon.colcon_installed_package_information.package_discovery:Found 27 installed packages in /home/goblue/interbotix_ws/install
[0.447s] DEBUG:colcon.colcon_installed_package_information.package_discovery:Found 394 installed packages in /opt/ros/humble
[0.449s] Level 1:colcon.colcon_core.package_discovery:discover_packages(prefix_path) using defaults
[0.489s] Level 5:colcon.colcon_core.verb:set package 'Yubot_controller' build argument 'cmake_args' from command line to 'None'
[0.489s] Level 5:colcon.colcon_core.verb:set package 'Yubot_controller' build argument 'cmake_target' from command line to 'None'
[0.489s] Level 5:colcon.colcon_core.verb:set package 'Yubot_controller' build argument 'cmake_target_skip_unavailable' from command line to 'False'
[0.489s] Level 5:colcon.colcon_core.verb:set package 'Yubot_controller' build argument 'cmake_clean_cache' from command line to 'False'
[0.489s] Level 5:colcon.colcon_core.verb:set package 'Yubot_controller' build argument 'cmake_clean_first' from command line to 'False'
[0.489s] Level 5:colcon.colcon_core.verb:set package 'Yubot_controller' build argument 'cmake_force_configure' from command line to 'False'
[0.489s] Level 5:colcon.colcon_core.verb:set package 'Yubot_controller' build argument 'ament_cmake_args' from command line to 'None'
[0.489s] Level 5:colcon.colcon_core.verb:set package 'Yubot_controller' build argument 'catkin_cmake_args' from command line to 'None'
[0.489s] Level 5:colcon.colcon_core.verb:set package 'Yubot_controller' build argument 'catkin_skip_building_tests' from command line to 'False'
[0.489s] DEBUG:colcon.colcon_core.verb:Building package 'Yubot_controller' with the following arguments: {'ament_cmake_args': None, 'build_base': '/home/goblue/my_ws/Yubot_controller/build/Yubot_controller', 'catkin_cmake_args': None, 'catkin_skip_building_tests': False, 'cmake_args': None, 'cmake_clean_cache': False, 'cmake_clean_first': False, 'cmake_force_configure': False, 'cmake_target': None, 'cmake_target_skip_unavailable': False, 'install_base': '/home/goblue/my_ws/Yubot_controller/install/Yubot_controller', 'merge_install': False, 'path': '/home/goblue/my_ws/Yubot_controller', 'symlink_install': False, 'test_result_base': None}
[0.489s] INFO:colcon.colcon_core.executor:Executing jobs using 'parallel' executor
[0.490s] DEBUG:colcon.colcon_parallel_executor.executor.parallel:run_until_complete
[0.491s] INFO:colcon.colcon_ros.task.ament_cmake.build:Building ROS package in '/home/goblue/my_ws/Yubot_controller' with build type 'ament_cmake'
[0.491s] INFO:colcon.colcon_cmake.task.cmake.build:Building CMake package in '/home/goblue/my_ws/Yubot_controller'
[0.493s] INFO:colcon.colcon_core.plugin_system:Skipping extension 'colcon_core.shell.bat': Not used on non-Windows systems
[0.494s] INFO:colcon.colcon_core.shell:Skip shell extension 'powershell' for command environment: Not usable outside of PowerShell
[0.494s] DEBUG:colcon.colcon_core.shell:Skip shell extension 'dsv' for command environment
[0.505s] DEBUG:colcon.colcon_core.event_handler.log_command:Invoking command in '/home/goblue/my_ws/Yubot_controller/build/Yubot_controller': CMAKE_PREFIX_PATH=${CMAKE_PREFIX_PATH}:/home/goblue/interbotix_ws/install/interbotix_xs_modules:/home/goblue/interbotix_ws/install/interbotix_common_modules:/opt/ros/humble /usr/bin/cmake --build /home/goblue/my_ws/Yubot_controller/build/Yubot_controller -- -j20 -l20
[0.569s] DEBUG:colcon.colcon_core.event_handler.log_command:Invoked command in '/home/goblue/my_ws/Yubot_controller/build/Yubot_controller' returned '0': CMAKE_PREFIX_PATH=${CMAKE_PREFIX_PATH}:/home/goblue/interbotix_ws/install/interbotix_xs_modules:/home/goblue/interbotix_ws/install/interbotix_common_modules:/opt/ros/humble /usr/bin/cmake --build /home/goblue/my_ws/Yubot_controller/build/Yubot_controller -- -j20 -l20
[0.596s] DEBUG:colcon.colcon_core.event_handler.log_command:Invoking command in '/home/goblue/my_ws/Yubot_controller/build/Yubot_controller': CMAKE_PREFIX_PATH=${CMAKE_PREFIX_PATH}:/home/goblue/interbotix_ws/install/interbotix_xs_modules:/home/goblue/interbotix_ws/install/interbotix_common_modules:/opt/ros/humble /usr/bin/cmake --install /home/goblue/my_ws/Yubot_controller/build/Yubot_controller
[0.607s] Level 1:colcon.colcon_core.environment:create_environment_scripts_only(Yubot_controller)
[0.609s] DEBUG:colcon.colcon_core.event_handler.log_command:Invoked command in '/home/goblue/my_ws/Yubot_controller/build/Yubot_controller' returned '0': CMAKE_PREFIX_PATH=${CMAKE_PREFIX_PATH}:/home/goblue/interbotix_ws/install/interbotix_xs_modules:/home/goblue/interbotix_ws/install/interbotix_common_modules:/opt/ros/humble /usr/bin/cmake --install /home/goblue/my_ws/Yubot_controller/build/Yubot_controller
[0.611s] Level 1:colcon.colcon_core.environment:checking '/home/goblue/my_ws/Yubot_controller/install/Yubot_controller' for CMake module files
[0.611s] Level 1:colcon.colcon_core.environment:checking '/home/goblue/my_ws/Yubot_controller/install/Yubot_controller' for CMake config files
[0.611s] Level 1:colcon.colcon_core.shell:create_environment_hook('Yubot_controller', 'cmake_prefix_path')
[0.611s] INFO:colcon.colcon_core.shell:Creating environment hook '/home/goblue/my_ws/Yubot_controller/install/Yubot_controller/share/Yubot_controller/hook/cmake_prefix_path.ps1'
[0.612s] INFO:colcon.colcon_core.shell:Creating environment descriptor '/home/goblue/my_ws/Yubot_controller/install/Yubot_controller/share/Yubot_controller/hook/cmake_prefix_path.dsv'
[0.613s] INFO:colcon.colcon_core.shell:Creating environment hook '/home/goblue/my_ws/Yubot_controller/install/Yubot_controller/share/Yubot_controller/hook/cmake_prefix_path.sh'
[0.614s] Level 1:colcon.colcon_core.environment:checking '/home/goblue/my_ws/Yubot_controller/install/Yubot_controller/lib'
[0.614s] Level 1:colcon.colcon_core.shell:create_environment_hook('Yubot_controller', 'ld_library_path_lib')
[0.614s] INFO:colcon.colcon_core.shell:Creating environment hook '/home/goblue/my_ws/Yubot_controller/install/Yubot_controller/share/Yubot_controller/hook/ld_library_path_lib.ps1'
[0.615s] INFO:colcon.colcon_core.shell:Creating environment descriptor '/home/goblue/my_ws/Yubot_controller/install/Yubot_controller/share/Yubot_controller/hook/ld_library_path_lib.dsv'
[0.615s] INFO:colcon.colcon_core.shell:Creating environment hook '/home/goblue/my_ws/Yubot_controller/install/Yubot_controller/share/Yubot_controller/hook/ld_library_path_lib.sh'
[0.615s] Level 1:colcon.colcon_core.environment:checking '/home/goblue/my_ws/Yubot_controller/install/Yubot_controller/bin'
[0.616s] Level 1:colcon.colcon_core.environment:checking '/home/goblue/my_ws/Yubot_controller/install/Yubot_controller/lib/pkgconfig/Yubot_controller.pc'
[0.616s] Level 1:colcon.colcon_core.environment:checking '/home/goblue/my_ws/Yubot_controller/install/Yubot_controller/lib/python3.10/site-packages'
[0.616s] Level 1:colcon.colcon_core.environment:checking '/home/goblue/my_ws/Yubot_controller/install/Yubot_controller/bin'
[0.616s] INFO:colcon.colcon_core.shell:Creating package script '/home/goblue/my_ws/Yubot_controller/install/Yubot_controller/share/Yubot_controller/package.ps1'
[0.617s] INFO:colcon.colcon_core.shell:Creating package descriptor '/home/goblue/my_ws/Yubot_controller/install/Yubot_controller/share/Yubot_controller/package.dsv'
[0.617s] INFO:colcon.colcon_core.shell:Creating package script '/home/goblue/my_ws/Yubot_controller/install/Yubot_controller/share/Yubot_controller/package.sh'
[0.618s] INFO:colcon.colcon_core.shell:Creating package script '/home/goblue/my_ws/Yubot_controller/install/Yubot_controller/share/Yubot_controller/package.bash'
[0.618s] INFO:colcon.colcon_core.shell:Creating package script '/home/goblue/my_ws/Yubot_controller/install/Yubot_controller/share/Yubot_controller/package.zsh'
[0.619s] Level 1:colcon.colcon_core.environment:create_file_with_runtime_dependencies(/home/goblue/my_ws/Yubot_controller/install/Yubot_controller/share/colcon-core/packages/Yubot_controller)
[0.639s] Level 1:colcon.colcon_core.environment:create_environment_scripts_only(Yubot_controller)
[0.640s] Level 1:colcon.colcon_core.environment:checking '/home/goblue/my_ws/Yubot_controller/install/Yubot_controller' for CMake module files
[0.640s] Level 1:colcon.colcon_core.environment:checking '/home/goblue/my_ws/Yubot_controller/install/Yubot_controller' for CMake config files
[0.640s] Level 1:colcon.colcon_core.shell:create_environment_hook('Yubot_controller', 'cmake_prefix_path')
[0.640s] INFO:colcon.colcon_core.shell:Creating environment hook '/home/goblue/my_ws/Yubot_controller/install/Yubot_controller/share/Yubot_controller/hook/cmake_prefix_path.ps1'
[0.641s] INFO:colcon.colcon_core.shell:Creating environment descriptor '/home/goblue/my_ws/Yubot_controller/install/Yubot_controller/share/Yubot_controller/hook/cmake_prefix_path.dsv'
[0.641s] INFO:colcon.colcon_core.shell:Creating environment hook '/home/goblue/my_ws/Yubot_controller/install/Yubot_controller/share/Yubot_controller/hook/cmake_prefix_path.sh'
[0.641s] Level 1:colcon.colcon_core.environment:checking '/home/goblue/my_ws/Yubot_controller/install/Yubot_controller/lib'
[0.641s] Level 1:colcon.colcon_core.shell:create_environment_hook('Yubot_controller', 'ld_library_path_lib')
[0.642s] INFO:colcon.colcon_core.shell:Creating environment hook '/home/goblue/my_ws/Yubot_controller/install/Yubot_controller/share/Yubot_controller/hook/ld_library_path_lib.ps1'
[0.642s] INFO:colcon.colcon_core.shell:Creating environment descriptor '/home/goblue/my_ws/Yubot_controller/install/Yubot_controller/share/Yubot_controller/hook/ld_library_path_lib.dsv'
[0.642s] INFO:colcon.colcon_core.shell:Creating environment hook '/home/goblue/my_ws/Yubot_controller/install/Yubot_controller/share/Yubot_controller/hook/ld_library_path_lib.sh'
[0.643s] Level 1:colcon.colcon_core.environment:checking '/home/goblue/my_ws/Yubot_controller/install/Yubot_controller/bin'
[0.643s] Level 1:colcon.colcon_core.environment:checking '/home/goblue/my_ws/Yubot_controller/install/Yubot_controller/lib/pkgconfig/Yubot_controller.pc'
[0.643s] Level 1:colcon.colcon_core.environment:checking '/home/goblue/my_ws/Yubot_controller/install/Yubot_controller/lib/python3.10/site-packages'
[0.643s] Level 1:colcon.colcon_core.environment:checking '/home/goblue/my_ws/Yubot_controller/install/Yubot_controller/bin'
[0.643s] INFO:colcon.colcon_core.shell:Creating package script '/home/goblue/my_ws/Yubot_controller/install/Yubot_controller/share/Yubot_controller/package.ps1'
[0.644s] INFO:colcon.colcon_core.shell:Creating package descriptor '/home/goblue/my_ws/Yubot_controller/install/Yubot_controller/share/Yubot_controller/package.dsv'
[0.644s] INFO:colcon.colcon_core.shell:Creating package script '/home/goblue/my_ws/Yubot_controller/install/Yubot_controller/share/Yubot_controller/package.sh'
[0.645s] INFO:colcon.colcon_core.shell:Creating package script '/home/goblue/my_ws/Yubot_controller/install/Yubot_controller/share/Yubot_controller/package.bash'
[0.645s] INFO:colcon.colcon_core.shell:Creating package script '/home/goblue/my_ws/Yubot_controller/install/Yubot_controller/share/Yubot_controller/package.zsh'
[0.645s] Level 1:colcon.colcon_core.environment:create_file_with_runtime_dependencies(/home/goblue/my_ws/Yubot_controller/install/Yubot_controller/share/colcon-core/packages/Yubot_controller)
[0.646s] DEBUG:colcon.colcon_parallel_executor.executor.parallel:closing loop
[0.646s] DEBUG:colcon.colcon_parallel_executor.executor.parallel:loop closed
[0.646s] DEBUG:colcon.colcon_parallel_executor.executor.parallel:run_until_complete finished with '0'
[0.646s] DEBUG:colcon.colcon_core.event_reactor:joining thread
[0.651s] INFO:colcon.colcon_core.plugin_system:Skipping extension 'colcon_notification.desktop_notification.terminal_notifier': Not used on non-Darwin systems
[0.651s] INFO:colcon.colcon_core.plugin_system:Skipping extension 'colcon_notification.desktop_notification.win32': Not used on non-Windows systems
[0.652s] INFO:colcon.colcon_notification.desktop_notification:Sending desktop notification using 'notify2'
[0.657s] DEBUG:colcon.colcon_core.event_reactor:joined thread
[0.658s] INFO:colcon.colcon_core.shell:Creating prefix script '/home/goblue/my_ws/Yubot_controller/install/local_setup.ps1'
[0.658s] INFO:colcon.colcon_core.shell:Creating prefix util module '/home/goblue/my_ws/Yubot_controller/install/_local_setup_util_ps1.py'
[0.659s] INFO:colcon.colcon_core.shell:Creating prefix chain script '/home/goblue/my_ws/Yubot_controller/install/setup.ps1'
[0.661s] INFO:colcon.colcon_core.shell:Creating prefix script '/home/goblue/my_ws/Yubot_controller/install/local_setup.sh'
[0.661s] INFO:colcon.colcon_core.shell:Creating prefix util module '/home/goblue/my_ws/Yubot_controller/install/_local_setup_util_sh.py'
[0.662s] INFO:colcon.colcon_core.shell:Creating prefix chain script '/home/goblue/my_ws/Yubot_controller/install/setup.sh'
[0.663s] INFO:colcon.colcon_core.shell:Creating prefix script '/home/goblue/my_ws/Yubot_controller/install/local_setup.bash'
[0.663s] INFO:colcon.colcon_core.shell:Creating prefix chain script '/home/goblue/my_ws/Yubot_controller/install/setup.bash'
[0.665s] INFO:colcon.colcon_core.shell:Creating prefix script '/home/goblue/my_ws/Yubot_controller/install/local_setup.zsh'
[0.666s] INFO:colcon.colcon_core.shell:Creating prefix chain script '/home/goblue/my_ws/Yubot_controller/install/setup.zsh'
