[0.076s] Invoking command in '/home/goblue/my_ws/build/nav2_voxel_grid': AMENT_PREFIX_PATH=/home/goblue/my_ws/install/nav2_common:${AMENT_PREFIX_PATH} CMAKE_PREFIX_PATH=/home/goblue/my_ws/install/nav2_common:/home/goblue/my_ws/install/yuBot_cartographer:/home/goblue/my_ws/yuBot_nav2/install/yuBot_nav2:/home/goblue/interbotix_ws/install/interbotix_ros_xsarms_examples:/home/goblue/interbotix_ws/install/interbotix_xsarm_moveit_interface:/home/goblue/interbotix_ws/install/interbotix_moveit_interface:/home/goblue/interbotix_ws/install/moveit_visual_tools:/home/goblue/interbotix_ws/install/interbotix_ros_xsarms:/home/goblue/interbotix_ws/install/interbotix_xsarm_moveit:/home/goblue/interbotix_ws/install/interbotix_xsarm_sim:/home/goblue/interbotix_ws/install/interbotix_xsarm_ros_control:/home/goblue/interbotix_ws/install/interbotix_xsarm_puppet:/home/goblue/interbotix_ws/install/interbotix_xsarm_joy:/home/goblue/interbotix_ws/install/interbotix_xsarm_dual:/home/goblue/interbotix_ws/install/interbotix_xsarm_control:/home/goblue/interbotix_ws/install/interbotix_xsarm_descriptions:/home/goblue/interbotix_ws/install/interbotix_xs_toolbox:/home/goblue/interbotix_ws/install/interbotix_xs_rviz:/home/goblue/interbotix_ws/install/interbotix_ros_xseries:/home/goblue/interbotix_ws/install/interbotix_xs_sdk:/home/goblue/interbotix_ws/install/interbotix_xs_ros_control:/home/goblue/interbotix_ws/install/interbotix_xs_msgs:/home/goblue/interbotix_ws/install/interbotix_xs_driver:/home/goblue/interbotix_ws/install/interbotix_tf_tools:/home/goblue/interbotix_ws/install/interbotix_moveit_interface_msgs:/home/goblue/interbotix_ws/install/interbotix_common_toolbox:/home/goblue/interbotix_ws/install/interbotix_common_sim:/home/goblue/interbotix_ws/install/dynamixel_workbench_toolbox:/home/goblue/my_ws/install/bot_description:/home/goblue/interbotix_ws/install/interbotix_xs_modules:/home/goblue/interbotix_ws/install/interbotix_common_modules:/home/goblue/ros2_ws/install/rse_gaussian_filters:/opt/ros/humble PYTHONPATH=/home/goblue/my_ws/install/nav2_common/local/lib/python3.10/dist-packages:${PYTHONPATH} /usr/bin/cmake /home/goblue/my_ws/navigation2/nav2_voxel_grid -DCMAKE_INSTALL_PREFIX=/home/goblue/my_ws/install/nav2_voxel_grid
[0.179s] -- The C compiler identification is GNU 11.4.0
[1.264s] -- The CXX compiler identification is GNU 11.4.0
[2.348s] -- Detecting C compiler ABI info
[2.523s] -- Detecting C compiler ABI info - done
[2.527s] -- Check for working C compiler: /usr/bin/cc - skipped
[2.527s] -- Detecting C compile features
[2.527s] -- Detecting C compile features - done
[2.529s] -- Detecting CXX compiler ABI info
[2.690s] -- Detecting CXX compiler ABI info - done
[2.694s] -- Check for working CXX compiler: /usr/bin/c++ - skipped
[2.694s] -- Detecting CXX compile features
[2.695s] -- Detecting CXX compile features - done
[2.700s] -- Found ament_cmake: 1.3.10 (/opt/ros/humble/share/ament_cmake/cmake)
[2.796s] -- Found Python3: /usr/bin/python3 (found version "3.10.12") found components: Interpreter 
[2.864s] -- Found nav2_common: 1.1.17 (/home/goblue/my_ws/install/nav2_common/share/nav2_common/cmake)
[2.869s] -- Found rclcpp: 16.0.10 (/opt/ros/humble/share/rclcpp/cmake)
[3.141s] -- Found rosidl_generator_c: 3.1.5 (/opt/ros/humble/share/rosidl_generator_c/cmake)
[3.145s] -- Found rosidl_adapter: 3.1.5 (/opt/ros/humble/share/rosidl_adapter/cmake)
[3.152s] -- Found rosidl_generator_cpp: 3.1.5 (/opt/ros/humble/share/rosidl_generator_cpp/cmake)
[3.162s] -- Using all available rosidl_typesupport_c: rosidl_typesupport_fastrtps_c;rosidl_typesupport_introspection_c
[3.174s] -- Using all available rosidl_typesupport_cpp: rosidl_typesupport_fastrtps_cpp;rosidl_typesupport_introspection_cpp
[3.229s] -- Found rmw_implementation_cmake: 6.1.2 (/opt/ros/humble/share/rmw_implementation_cmake/cmake)
[3.234s] -- Found rmw_fastrtps_cpp: 6.2.7 (/opt/ros/humble/share/rmw_fastrtps_cpp/cmake)
[6.118s] -- Found OpenSSL: /usr/lib/x86_64-linux-gnu/libcrypto.so (found version "3.0.2")  
[9.514s] -- Found FastRTPS: /opt/ros/humble/include  
[14.519s] -- Using RMW implementation 'rmw_fastrtps_cpp' as default
[14.594s] -- Looking for pthread.h
[14.888s] -- Looking for pthread.h - found
[14.889s] -- Performing Test CMAKE_HAVE_LIBC_PTHREAD
[15.158s] -- Performing Test CMAKE_HAVE_LIBC_PTHREAD - Success
[15.158s] -- Found Threads: TRUE  
[15.276s] -- Setting build type to Release as none was specified.
[15.284s] -- Found ament_lint_auto: 0.12.11 (/opt/ros/humble/share/ament_lint_auto/cmake)
[15.549s] -- Found gtest sources under '/opt/ros/humble/src/gtest_vendor': C++ tests using 'Google Test' will be built
[15.584s] -- Added test 'cppcheck' to perform static code analysis on C / C++ code
[15.585s] -- Configured cppcheck include dirs: /home/goblue/my_ws/navigation2/nav2_voxel_grid/include
[15.585s] -- Configured cppcheck exclude dirs and/or files: 
[15.587s] -- Added test 'cpplint' to check C / C++ code against the Google style
[15.587s] -- Configured cpplint exclude dirs and/or files: 
[15.589s] -- Added test 'lint_cmake' to check CMake code style
[15.593s] -- Added test 'uncrustify' to check C / C++ code style
[15.593s] -- Configured uncrustify additional arguments: 
[15.594s] -- Added test 'xmllint' to check XML markup files
[15.600s] -- Configuring done
[15.644s] -- Generating done
[15.652s] -- Build files have been written to: /home/goblue/my_ws/build/nav2_voxel_grid
[15.709s] Invoked command in '/home/goblue/my_ws/build/nav2_voxel_grid' returned '0': AMENT_PREFIX_PATH=/home/goblue/my_ws/install/nav2_common:${AMENT_PREFIX_PATH} CMAKE_PREFIX_PATH=/home/goblue/my_ws/install/nav2_common:/home/goblue/my_ws/install/yuBot_cartographer:/home/goblue/my_ws/yuBot_nav2/install/yuBot_nav2:/home/goblue/interbotix_ws/install/interbotix_ros_xsarms_examples:/home/goblue/interbotix_ws/install/interbotix_xsarm_moveit_interface:/home/goblue/interbotix_ws/install/interbotix_moveit_interface:/home/goblue/interbotix_ws/install/moveit_visual_tools:/home/goblue/interbotix_ws/install/interbotix_ros_xsarms:/home/goblue/interbotix_ws/install/interbotix_xsarm_moveit:/home/goblue/interbotix_ws/install/interbotix_xsarm_sim:/home/goblue/interbotix_ws/install/interbotix_xsarm_ros_control:/home/goblue/interbotix_ws/install/interbotix_xsarm_puppet:/home/goblue/interbotix_ws/install/interbotix_xsarm_joy:/home/goblue/interbotix_ws/install/interbotix_xsarm_dual:/home/goblue/interbotix_ws/install/interbotix_xsarm_control:/home/goblue/interbotix_ws/install/interbotix_xsarm_descriptions:/home/goblue/interbotix_ws/install/interbotix_xs_toolbox:/home/goblue/interbotix_ws/install/interbotix_xs_rviz:/home/goblue/interbotix_ws/install/interbotix_ros_xseries:/home/goblue/interbotix_ws/install/interbotix_xs_sdk:/home/goblue/interbotix_ws/install/interbotix_xs_ros_control:/home/goblue/interbotix_ws/install/interbotix_xs_msgs:/home/goblue/interbotix_ws/install/interbotix_xs_driver:/home/goblue/interbotix_ws/install/interbotix_tf_tools:/home/goblue/interbotix_ws/install/interbotix_moveit_interface_msgs:/home/goblue/interbotix_ws/install/interbotix_common_toolbox:/home/goblue/interbotix_ws/install/interbotix_common_sim:/home/goblue/interbotix_ws/install/dynamixel_workbench_toolbox:/home/goblue/my_ws/install/bot_description:/home/goblue/interbotix_ws/install/interbotix_xs_modules:/home/goblue/interbotix_ws/install/interbotix_common_modules:/home/goblue/ros2_ws/install/rse_gaussian_filters:/opt/ros/humble PYTHONPATH=/home/goblue/my_ws/install/nav2_common/local/lib/python3.10/dist-packages:${PYTHONPATH} /usr/bin/cmake /home/goblue/my_ws/navigation2/nav2_voxel_grid -DCMAKE_INSTALL_PREFIX=/home/goblue/my_ws/install/nav2_voxel_grid
[15.709s] Invoking command in '/home/goblue/my_ws/build/nav2_voxel_grid': AMENT_PREFIX_PATH=/home/goblue/my_ws/install/nav2_common:${AMENT_PREFIX_PATH} CMAKE_PREFIX_PATH=/home/goblue/my_ws/install/nav2_common:/home/goblue/my_ws/install/yuBot_cartographer:/home/goblue/my_ws/yuBot_nav2/install/yuBot_nav2:/home/goblue/interbotix_ws/install/interbotix_ros_xsarms_examples:/home/goblue/interbotix_ws/install/interbotix_xsarm_moveit_interface:/home/goblue/interbotix_ws/install/interbotix_moveit_interface:/home/goblue/interbotix_ws/install/moveit_visual_tools:/home/goblue/interbotix_ws/install/interbotix_ros_xsarms:/home/goblue/interbotix_ws/install/interbotix_xsarm_moveit:/home/goblue/interbotix_ws/install/interbotix_xsarm_sim:/home/goblue/interbotix_ws/install/interbotix_xsarm_ros_control:/home/goblue/interbotix_ws/install/interbotix_xsarm_puppet:/home/goblue/interbotix_ws/install/interbotix_xsarm_joy:/home/goblue/interbotix_ws/install/interbotix_xsarm_dual:/home/goblue/interbotix_ws/install/interbotix_xsarm_control:/home/goblue/interbotix_ws/install/interbotix_xsarm_descriptions:/home/goblue/interbotix_ws/install/interbotix_xs_toolbox:/home/goblue/interbotix_ws/install/interbotix_xs_rviz:/home/goblue/interbotix_ws/install/interbotix_ros_xseries:/home/goblue/interbotix_ws/install/interbotix_xs_sdk:/home/goblue/interbotix_ws/install/interbotix_xs_ros_control:/home/goblue/interbotix_ws/install/interbotix_xs_msgs:/home/goblue/interbotix_ws/install/interbotix_xs_driver:/home/goblue/interbotix_ws/install/interbotix_tf_tools:/home/goblue/interbotix_ws/install/interbotix_moveit_interface_msgs:/home/goblue/interbotix_ws/install/interbotix_common_toolbox:/home/goblue/interbotix_ws/install/interbotix_common_sim:/home/goblue/interbotix_ws/install/dynamixel_workbench_toolbox:/home/goblue/my_ws/install/bot_description:/home/goblue/interbotix_ws/install/interbotix_xs_modules:/home/goblue/interbotix_ws/install/interbotix_common_modules:/home/goblue/ros2_ws/install/rse_gaussian_filters:/opt/ros/humble PYTHONPATH=/home/goblue/my_ws/install/nav2_common/local/lib/python3.10/dist-packages:${PYTHONPATH} /usr/bin/cmake --build /home/goblue/my_ws/build/nav2_voxel_grid -- -j20 -l20
[15.787s] [ 10%] [32mBuilding CXX object gtest/CMakeFiles/gtest_main.dir/src/gtest_main.cc.o[0m
[15.788s] [ 20%] [32mBuilding CXX object CMakeFiles/voxel_grid.dir/src/voxel_grid.cpp.o[0m
[15.855s] [ 30%] [32mBuilding CXX object gtest/CMakeFiles/gtest.dir/src/gtest-all.cc.o[0m
[17.289s] [ 40%] [32m[1mLinking CXX static library libgtest_main.a[0m
[17.453s] [ 40%] Built target gtest_main
[19.161s] [ 50%] [32m[1mLinking CXX shared library libvoxel_grid.so[0m
[19.448s] [ 50%] Built target voxel_grid
[22.239s] [ 60%] [32m[1mLinking CXX static library libgtest.a[0m
[22.262s] [ 60%] Built target gtest
[22.274s] [ 80%] [32mBuilding CXX object test/CMakeFiles/voxel_grid_tests.dir/voxel_grid_tests.cpp.o[0m
[22.274s] [ 80%] [32mBuilding CXX object test/CMakeFiles/voxel_grid_bresenham_3d.dir/voxel_grid_bresenham_3d.cpp.o[0m
[24.893s] [ 90%] [32m[1mLinking CXX executable voxel_grid_bresenham_3d[0m
[24.978s] [100%] [32m[1mLinking CXX executable voxel_grid_tests[0m
[25.204s] [100%] Built target voxel_grid_bresenham_3d
[25.274s] [100%] Built target voxel_grid_tests
[25.281s] Invoked command in '/home/goblue/my_ws/build/nav2_voxel_grid' returned '0': AMENT_PREFIX_PATH=/home/goblue/my_ws/install/nav2_common:${AMENT_PREFIX_PATH} CMAKE_PREFIX_PATH=/home/goblue/my_ws/install/nav2_common:/home/goblue/my_ws/install/yuBot_cartographer:/home/goblue/my_ws/yuBot_nav2/install/yuBot_nav2:/home/goblue/interbotix_ws/install/interbotix_ros_xsarms_examples:/home/goblue/interbotix_ws/install/interbotix_xsarm_moveit_interface:/home/goblue/interbotix_ws/install/interbotix_moveit_interface:/home/goblue/interbotix_ws/install/moveit_visual_tools:/home/goblue/interbotix_ws/install/interbotix_ros_xsarms:/home/goblue/interbotix_ws/install/interbotix_xsarm_moveit:/home/goblue/interbotix_ws/install/interbotix_xsarm_sim:/home/goblue/interbotix_ws/install/interbotix_xsarm_ros_control:/home/goblue/interbotix_ws/install/interbotix_xsarm_puppet:/home/goblue/interbotix_ws/install/interbotix_xsarm_joy:/home/goblue/interbotix_ws/install/interbotix_xsarm_dual:/home/goblue/interbotix_ws/install/interbotix_xsarm_control:/home/goblue/interbotix_ws/install/interbotix_xsarm_descriptions:/home/goblue/interbotix_ws/install/interbotix_xs_toolbox:/home/goblue/interbotix_ws/install/interbotix_xs_rviz:/home/goblue/interbotix_ws/install/interbotix_ros_xseries:/home/goblue/interbotix_ws/install/interbotix_xs_sdk:/home/goblue/interbotix_ws/install/interbotix_xs_ros_control:/home/goblue/interbotix_ws/install/interbotix_xs_msgs:/home/goblue/interbotix_ws/install/interbotix_xs_driver:/home/goblue/interbotix_ws/install/interbotix_tf_tools:/home/goblue/interbotix_ws/install/interbotix_moveit_interface_msgs:/home/goblue/interbotix_ws/install/interbotix_common_toolbox:/home/goblue/interbotix_ws/install/interbotix_common_sim:/home/goblue/interbotix_ws/install/dynamixel_workbench_toolbox:/home/goblue/my_ws/install/bot_description:/home/goblue/interbotix_ws/install/interbotix_xs_modules:/home/goblue/interbotix_ws/install/interbotix_common_modules:/home/goblue/ros2_ws/install/rse_gaussian_filters:/opt/ros/humble PYTHONPATH=/home/goblue/my_ws/install/nav2_common/local/lib/python3.10/dist-packages:${PYTHONPATH} /usr/bin/cmake --build /home/goblue/my_ws/build/nav2_voxel_grid -- -j20 -l20
[25.298s] Invoking command in '/home/goblue/my_ws/build/nav2_voxel_grid': AMENT_PREFIX_PATH=/home/goblue/my_ws/install/nav2_common:${AMENT_PREFIX_PATH} CMAKE_PREFIX_PATH=/home/goblue/my_ws/install/nav2_common:/home/goblue/my_ws/install/yuBot_cartographer:/home/goblue/my_ws/yuBot_nav2/install/yuBot_nav2:/home/goblue/interbotix_ws/install/interbotix_ros_xsarms_examples:/home/goblue/interbotix_ws/install/interbotix_xsarm_moveit_interface:/home/goblue/interbotix_ws/install/interbotix_moveit_interface:/home/goblue/interbotix_ws/install/moveit_visual_tools:/home/goblue/interbotix_ws/install/interbotix_ros_xsarms:/home/goblue/interbotix_ws/install/interbotix_xsarm_moveit:/home/goblue/interbotix_ws/install/interbotix_xsarm_sim:/home/goblue/interbotix_ws/install/interbotix_xsarm_ros_control:/home/goblue/interbotix_ws/install/interbotix_xsarm_puppet:/home/goblue/interbotix_ws/install/interbotix_xsarm_joy:/home/goblue/interbotix_ws/install/interbotix_xsarm_dual:/home/goblue/interbotix_ws/install/interbotix_xsarm_control:/home/goblue/interbotix_ws/install/interbotix_xsarm_descriptions:/home/goblue/interbotix_ws/install/interbotix_xs_toolbox:/home/goblue/interbotix_ws/install/interbotix_xs_rviz:/home/goblue/interbotix_ws/install/interbotix_ros_xseries:/home/goblue/interbotix_ws/install/interbotix_xs_sdk:/home/goblue/interbotix_ws/install/interbotix_xs_ros_control:/home/goblue/interbotix_ws/install/interbotix_xs_msgs:/home/goblue/interbotix_ws/install/interbotix_xs_driver:/home/goblue/interbotix_ws/install/interbotix_tf_tools:/home/goblue/interbotix_ws/install/interbotix_moveit_interface_msgs:/home/goblue/interbotix_ws/install/interbotix_common_toolbox:/home/goblue/interbotix_ws/install/interbotix_common_sim:/home/goblue/interbotix_ws/install/dynamixel_workbench_toolbox:/home/goblue/my_ws/install/bot_description:/home/goblue/interbotix_ws/install/interbotix_xs_modules:/home/goblue/interbotix_ws/install/interbotix_common_modules:/home/goblue/ros2_ws/install/rse_gaussian_filters:/opt/ros/humble PYTHONPATH=/home/goblue/my_ws/install/nav2_common/local/lib/python3.10/dist-packages:${PYTHONPATH} /usr/bin/cmake --install /home/goblue/my_ws/build/nav2_voxel_grid
[25.302s] -- Install configuration: "Release"
[25.302s] -- Installing: /home/goblue/my_ws/install/nav2_voxel_grid/lib/libvoxel_grid.so
[25.302s] -- Set runtime path of "/home/goblue/my_ws/install/nav2_voxel_grid/lib/libvoxel_grid.so" to ""
[25.302s] -- Installing: /home/goblue/my_ws/install/nav2_voxel_grid/include
[25.302s] -- Installing: /home/goblue/my_ws/install/nav2_voxel_grid/include/nav2_voxel_grid
[25.303s] -- Installing: /home/goblue/my_ws/install/nav2_voxel_grid/include/nav2_voxel_grid/voxel_grid.hpp
[25.303s] -- Installing: /home/goblue/my_ws/install/nav2_voxel_grid/share/nav2_voxel_grid/environment/library_path.sh
[25.303s] -- Installing: /home/goblue/my_ws/install/nav2_voxel_grid/share/nav2_voxel_grid/environment/library_path.dsv
[25.303s] -- Installing: /home/goblue/my_ws/install/nav2_voxel_grid/share/ament_index/resource_index/package_run_dependencies/nav2_voxel_grid
[25.303s] -- Installing: /home/goblue/my_ws/install/nav2_voxel_grid/share/ament_index/resource_index/parent_prefix_path/nav2_voxel_grid
[25.303s] -- Installing: /home/goblue/my_ws/install/nav2_voxel_grid/share/nav2_voxel_grid/environment/ament_prefix_path.sh
[25.304s] -- Installing: /home/goblue/my_ws/install/nav2_voxel_grid/share/nav2_voxel_grid/environment/ament_prefix_path.dsv
[25.304s] -- Installing: /home/goblue/my_ws/install/nav2_voxel_grid/share/nav2_voxel_grid/environment/path.sh
[25.304s] -- Installing: /home/goblue/my_ws/install/nav2_voxel_grid/share/nav2_voxel_grid/environment/path.dsv
[25.304s] -- Installing: /home/goblue/my_ws/install/nav2_voxel_grid/share/nav2_voxel_grid/local_setup.bash
[25.304s] -- Installing: /home/goblue/my_ws/install/nav2_voxel_grid/share/nav2_voxel_grid/local_setup.sh
[25.304s] -- Installing: /home/goblue/my_ws/install/nav2_voxel_grid/share/nav2_voxel_grid/local_setup.zsh
[25.304s] -- Installing: /home/goblue/my_ws/install/nav2_voxel_grid/share/nav2_voxel_grid/local_setup.dsv
[25.304s] -- Installing: /home/goblue/my_ws/install/nav2_voxel_grid/share/nav2_voxel_grid/package.dsv
[25.304s] -- Installing: /home/goblue/my_ws/install/nav2_voxel_grid/share/ament_index/resource_index/packages/nav2_voxel_grid
[25.304s] -- Installing: /home/goblue/my_ws/install/nav2_voxel_grid/share/nav2_voxel_grid/cmake/ament_cmake_export_dependencies-extras.cmake
[25.305s] -- Installing: /home/goblue/my_ws/install/nav2_voxel_grid/share/nav2_voxel_grid/cmake/ament_cmake_export_include_directories-extras.cmake
[25.305s] -- Installing: /home/goblue/my_ws/install/nav2_voxel_grid/share/nav2_voxel_grid/cmake/ament_cmake_export_libraries-extras.cmake
[25.305s] -- Installing: /home/goblue/my_ws/install/nav2_voxel_grid/share/nav2_voxel_grid/cmake/nav2_voxel_gridConfig.cmake
[25.305s] -- Installing: /home/goblue/my_ws/install/nav2_voxel_grid/share/nav2_voxel_grid/cmake/nav2_voxel_gridConfig-version.cmake
[25.305s] -- Installing: /home/goblue/my_ws/install/nav2_voxel_grid/share/nav2_voxel_grid/package.xml
[25.307s] Invoked command in '/home/goblue/my_ws/build/nav2_voxel_grid' returned '0': AMENT_PREFIX_PATH=/home/goblue/my_ws/install/nav2_common:${AMENT_PREFIX_PATH} CMAKE_PREFIX_PATH=/home/goblue/my_ws/install/nav2_common:/home/goblue/my_ws/install/yuBot_cartographer:/home/goblue/my_ws/yuBot_nav2/install/yuBot_nav2:/home/goblue/interbotix_ws/install/interbotix_ros_xsarms_examples:/home/goblue/interbotix_ws/install/interbotix_xsarm_moveit_interface:/home/goblue/interbotix_ws/install/interbotix_moveit_interface:/home/goblue/interbotix_ws/install/moveit_visual_tools:/home/goblue/interbotix_ws/install/interbotix_ros_xsarms:/home/goblue/interbotix_ws/install/interbotix_xsarm_moveit:/home/goblue/interbotix_ws/install/interbotix_xsarm_sim:/home/goblue/interbotix_ws/install/interbotix_xsarm_ros_control:/home/goblue/interbotix_ws/install/interbotix_xsarm_puppet:/home/goblue/interbotix_ws/install/interbotix_xsarm_joy:/home/goblue/interbotix_ws/install/interbotix_xsarm_dual:/home/goblue/interbotix_ws/install/interbotix_xsarm_control:/home/goblue/interbotix_ws/install/interbotix_xsarm_descriptions:/home/goblue/interbotix_ws/install/interbotix_xs_toolbox:/home/goblue/interbotix_ws/install/interbotix_xs_rviz:/home/goblue/interbotix_ws/install/interbotix_ros_xseries:/home/goblue/interbotix_ws/install/interbotix_xs_sdk:/home/goblue/interbotix_ws/install/interbotix_xs_ros_control:/home/goblue/interbotix_ws/install/interbotix_xs_msgs:/home/goblue/interbotix_ws/install/interbotix_xs_driver:/home/goblue/interbotix_ws/install/interbotix_tf_tools:/home/goblue/interbotix_ws/install/interbotix_moveit_interface_msgs:/home/goblue/interbotix_ws/install/interbotix_common_toolbox:/home/goblue/interbotix_ws/install/interbotix_common_sim:/home/goblue/interbotix_ws/install/dynamixel_workbench_toolbox:/home/goblue/my_ws/install/bot_description:/home/goblue/interbotix_ws/install/interbotix_xs_modules:/home/goblue/interbotix_ws/install/interbotix_common_modules:/home/goblue/ros2_ws/install/rse_gaussian_filters:/opt/ros/humble PYTHONPATH=/home/goblue/my_ws/install/nav2_common/local/lib/python3.10/dist-packages:${PYTHONPATH} /usr/bin/cmake --install /home/goblue/my_ws/build/nav2_voxel_grid
