[0.181s] DEBUG:colcon:Command line arguments: ['/usr/bin/colcon', 'build']
[0.181s] DEBUG:colcon:Parsed command line arguments: Namespace(log_base=None, log_level=None, verb_name='build', build_base='build', install_base='install', merge_install=False, symlink_install=False, test_result_base=None, continue_on_error=False, executor='parallel', parallel_workers=20, event_handlers=None, ignore_user_meta=False, metas=['./colcon.meta'], base_paths=['.'], packages_ignore=None, packages_ignore_regex=None, paths=None, packages_up_to=None, packages_up_to_regex=None, packages_above=None, packages_above_and_dependencies=None, packages_above_depth=None, packages_select_by_dep=None, packages_skip_by_dep=None, packages_skip_up_to=None, packages_select_build_failed=False, packages_skip_build_finished=False, packages_select_test_failures=False, packages_skip_test_passed=False, packages_select=None, packages_skip=None, packages_select_regex=None, packages_skip_regex=None, packages_start=None, packages_end=None, allow_overriding=[], cmake_args=None, cmake_target=None, cmake_target_skip_unavailable=False, cmake_clean_cache=False, cmake_clean_first=False, cmake_force_configure=False, ament_cmake_args=None, catkin_cmake_args=None, catkin_skip_building_tests=False, mixin_files=None, mixin=None, verb_parser=<colcon_mixin.mixin.mixin_argument.MixinArgumentDecorator object at 0x7ffaad7467a0>, verb_extension=<colcon_core.verb.build.BuildVerb object at 0x7ffaad745cc0>, main=<bound method BuildVerb.main of <colcon_core.verb.build.BuildVerb object at 0x7ffaad745cc0>>, mixin_verb=('build',))
[0.276s] Level 1:colcon.colcon_core.package_discovery:discover_packages(colcon_meta) check parameters
[0.276s] Level 1:colcon.colcon_core.package_discovery:discover_packages(recursive) check parameters
[0.276s] Level 1:colcon.colcon_core.package_discovery:discover_packages(ignore) check parameters
[0.276s] Level 1:colcon.colcon_core.package_discovery:discover_packages(path) check parameters
[0.276s] Level 1:colcon.colcon_core.package_discovery:discover_packages(colcon_meta) discover
[0.277s] Level 1:colcon.colcon_core.package_discovery:discover_packages(recursive) discover
[0.277s] INFO:colcon.colcon_core.package_discovery:Crawling recursively for packages in '/home/goblue/my_ws/yuBot_cartographer'
[0.277s] Level 1:colcon.colcon_core.package_identification:_identify(.) by extensions ['ignore', 'ignore_ament_install']
[0.277s] Level 1:colcon.colcon_core.package_identification:_identify(.) by extension 'ignore'
[0.277s] Level 1:colcon.colcon_core.package_identification:_identify(.) by extension 'ignore_ament_install'
[0.277s] Level 1:colcon.colcon_core.package_identification:_identify(.) by extensions ['colcon_pkg']
[0.277s] Level 1:colcon.colcon_core.package_identification:_identify(.) by extension 'colcon_pkg'
[0.277s] Level 1:colcon.colcon_core.package_identification:_identify(.) by extensions ['colcon_meta']
[0.277s] Level 1:colcon.colcon_core.package_identification:_identify(.) by extension 'colcon_meta'
[0.277s] Level 1:colcon.colcon_core.package_identification:_identify(.) by extensions ['ros']
[0.277s] Level 1:colcon.colcon_core.package_identification:_identify(.) by extension 'ros'
[0.286s] DEBUG:colcon.colcon_core.package_identification:Package '.' with type 'ros.ament_cmake' and name 'yuBot_cartographer'
[0.286s] Level 1:colcon.colcon_core.package_discovery:discover_packages(recursive) using defaults
[0.286s] Level 1:colcon.colcon_core.package_discovery:discover_packages(ignore) discover
[0.286s] Level 1:colcon.colcon_core.package_discovery:discover_packages(ignore) using defaults
[0.286s] Level 1:colcon.colcon_core.package_discovery:discover_packages(path) discover
[0.286s] Level 1:colcon.colcon_core.package_discovery:discover_packages(path) using defaults
[0.301s] Level 1:colcon.colcon_core.package_discovery:discover_packages(prefix_path) check parameters
[0.301s] Level 1:colcon.colcon_core.package_discovery:discover_packages(prefix_path) discover
[0.310s] DEBUG:colcon.colcon_installed_package_information.package_discovery:Found 27 installed packages in /home/goblue/interbotix_ws/install
[0.310s] DEBUG:colcon.colcon_installed_package_information.package_discovery:Found 1 installed packages in /home/goblue/ros2_ws/install
[0.311s] DEBUG:colcon.colcon_installed_package_information.package_discovery:Found 398 installed packages in /opt/ros/humble
[0.312s] Level 1:colcon.colcon_core.package_discovery:discover_packages(prefix_path) using defaults
[0.339s] Level 5:colcon.colcon_core.verb:set package 'yuBot_cartographer' build argument 'cmake_args' from command line to 'None'
[0.339s] Level 5:colcon.colcon_core.verb:set package 'yuBot_cartographer' build argument 'cmake_target' from command line to 'None'
[0.339s] Level 5:colcon.colcon_core.verb:set package 'yuBot_cartographer' build argument 'cmake_target_skip_unavailable' from command line to 'False'
[0.339s] Level 5:colcon.colcon_core.verb:set package 'yuBot_cartographer' build argument 'cmake_clean_cache' from command line to 'False'
[0.339s] Level 5:colcon.colcon_core.verb:set package 'yuBot_cartographer' build argument 'cmake_clean_first' from command line to 'False'
[0.339s] Level 5:colcon.colcon_core.verb:set package 'yuBot_cartographer' build argument 'cmake_force_configure' from command line to 'False'
[0.339s] Level 5:colcon.colcon_core.verb:set package 'yuBot_cartographer' build argument 'ament_cmake_args' from command line to 'None'
[0.339s] Level 5:colcon.colcon_core.verb:set package 'yuBot_cartographer' build argument 'catkin_cmake_args' from command line to 'None'
[0.339s] Level 5:colcon.colcon_core.verb:set package 'yuBot_cartographer' build argument 'catkin_skip_building_tests' from command line to 'False'
[0.339s] DEBUG:colcon.colcon_core.verb:Building package 'yuBot_cartographer' with the following arguments: {'ament_cmake_args': None, 'build_base': '/home/goblue/my_ws/yuBot_cartographer/build/yuBot_cartographer', 'catkin_cmake_args': None, 'catkin_skip_building_tests': False, 'cmake_args': None, 'cmake_clean_cache': False, 'cmake_clean_first': False, 'cmake_force_configure': False, 'cmake_target': None, 'cmake_target_skip_unavailable': False, 'install_base': '/home/goblue/my_ws/yuBot_cartographer/install/yuBot_cartographer', 'merge_install': False, 'path': '/home/goblue/my_ws/yuBot_cartographer', 'symlink_install': False, 'test_result_base': None}
[0.340s] INFO:colcon.colcon_core.executor:Executing jobs using 'parallel' executor
[0.340s] DEBUG:colcon.colcon_parallel_executor.executor.parallel:run_until_complete
[0.341s] INFO:colcon.colcon_ros.task.ament_cmake.build:Building ROS package in '/home/goblue/my_ws/yuBot_cartographer' with build type 'ament_cmake'
[0.341s] INFO:colcon.colcon_cmake.task.cmake.build:Building CMake package in '/home/goblue/my_ws/yuBot_cartographer'
[0.342s] INFO:colcon.colcon_core.plugin_system:Skipping extension 'colcon_core.shell.bat': Not used on non-Windows systems
[0.342s] INFO:colcon.colcon_core.shell:Skip shell extension 'powershell' for command environment: Not usable outside of PowerShell
[0.342s] DEBUG:colcon.colcon_core.shell:Skip shell extension 'dsv' for command environment
[0.353s] DEBUG:colcon.colcon_core.event_handler.log_command:Invoking command in '/home/goblue/my_ws/yuBot_cartographer/build/yuBot_cartographer': CMAKE_PREFIX_PATH=${CMAKE_PREFIX_PATH}:/home/goblue/interbotix_ws/install/interbotix_xs_modules:/home/goblue/interbotix_ws/install/interbotix_common_modules:/home/goblue/ros2_ws/install/rse_gaussian_filters:/opt/ros/humble /usr/bin/cmake /home/goblue/my_ws/yuBot_cartographer -DCMAKE_INSTALL_PREFIX=/home/goblue/my_ws/yuBot_cartographer/install/yuBot_cartographer
[2.086s] DEBUG:colcon.colcon_core.event_handler.log_command:Invoked command in '/home/goblue/my_ws/yuBot_cartographer/build/yuBot_cartographer' returned '0': CMAKE_PREFIX_PATH=${CMAKE_PREFIX_PATH}:/home/goblue/interbotix_ws/install/interbotix_xs_modules:/home/goblue/interbotix_ws/install/interbotix_common_modules:/home/goblue/ros2_ws/install/rse_gaussian_filters:/opt/ros/humble /usr/bin/cmake /home/goblue/my_ws/yuBot_cartographer -DCMAKE_INSTALL_PREFIX=/home/goblue/my_ws/yuBot_cartographer/install/yuBot_cartographer
[2.087s] DEBUG:colcon.colcon_core.event_handler.log_command:Invoking command in '/home/goblue/my_ws/yuBot_cartographer/build/yuBot_cartographer': CMAKE_PREFIX_PATH=${CMAKE_PREFIX_PATH}:/home/goblue/interbotix_ws/install/interbotix_xs_modules:/home/goblue/interbotix_ws/install/interbotix_common_modules:/home/goblue/ros2_ws/install/rse_gaussian_filters:/opt/ros/humble /usr/bin/cmake --build /home/goblue/my_ws/yuBot_cartographer/build/yuBot_cartographer -- -j20 -l20
[2.107s] DEBUG:colcon.colcon_core.event_handler.log_command:Invoked command in '/home/goblue/my_ws/yuBot_cartographer/build/yuBot_cartographer' returned '0': CMAKE_PREFIX_PATH=${CMAKE_PREFIX_PATH}:/home/goblue/interbotix_ws/install/interbotix_xs_modules:/home/goblue/interbotix_ws/install/interbotix_common_modules:/home/goblue/ros2_ws/install/rse_gaussian_filters:/opt/ros/humble /usr/bin/cmake --build /home/goblue/my_ws/yuBot_cartographer/build/yuBot_cartographer -- -j20 -l20
[2.126s] DEBUG:colcon.colcon_core.event_handler.log_command:Invoking command in '/home/goblue/my_ws/yuBot_cartographer/build/yuBot_cartographer': CMAKE_PREFIX_PATH=${CMAKE_PREFIX_PATH}:/home/goblue/interbotix_ws/install/interbotix_xs_modules:/home/goblue/interbotix_ws/install/interbotix_common_modules:/home/goblue/ros2_ws/install/rse_gaussian_filters:/opt/ros/humble /usr/bin/cmake --install /home/goblue/my_ws/yuBot_cartographer/build/yuBot_cartographer
[2.133s] Level 1:colcon.colcon_core.environment:create_environment_scripts_only(yuBot_cartographer)
[2.133s] DEBUG:colcon.colcon_core.event_handler.log_command:Invoked command in '/home/goblue/my_ws/yuBot_cartographer/build/yuBot_cartographer' returned '0': CMAKE_PREFIX_PATH=${CMAKE_PREFIX_PATH}:/home/goblue/interbotix_ws/install/interbotix_xs_modules:/home/goblue/interbotix_ws/install/interbotix_common_modules:/home/goblue/ros2_ws/install/rse_gaussian_filters:/opt/ros/humble /usr/bin/cmake --install /home/goblue/my_ws/yuBot_cartographer/build/yuBot_cartographer
[2.134s] Level 1:colcon.colcon_core.environment:checking '/home/goblue/my_ws/yuBot_cartographer/install/yuBot_cartographer' for CMake module files
[2.135s] Level 1:colcon.colcon_core.environment:checking '/home/goblue/my_ws/yuBot_cartographer/install/yuBot_cartographer' for CMake config files
[2.135s] Level 1:colcon.colcon_core.shell:create_environment_hook('yuBot_cartographer', 'cmake_prefix_path')
[2.135s] INFO:colcon.colcon_core.shell:Creating environment hook '/home/goblue/my_ws/yuBot_cartographer/install/yuBot_cartographer/share/yuBot_cartographer/hook/cmake_prefix_path.ps1'
[2.135s] INFO:colcon.colcon_core.shell:Creating environment descriptor '/home/goblue/my_ws/yuBot_cartographer/install/yuBot_cartographer/share/yuBot_cartographer/hook/cmake_prefix_path.dsv'
[2.136s] INFO:colcon.colcon_core.shell:Creating environment hook '/home/goblue/my_ws/yuBot_cartographer/install/yuBot_cartographer/share/yuBot_cartographer/hook/cmake_prefix_path.sh'
[2.136s] Level 1:colcon.colcon_core.environment:checking '/home/goblue/my_ws/yuBot_cartographer/install/yuBot_cartographer/bin'
[2.136s] Level 1:colcon.colcon_core.environment:checking '/home/goblue/my_ws/yuBot_cartographer/install/yuBot_cartographer/lib/pkgconfig/yuBot_cartographer.pc'
[2.136s] Level 1:colcon.colcon_core.environment:checking '/home/goblue/my_ws/yuBot_cartographer/install/yuBot_cartographer/lib/python3.10/site-packages'
[2.137s] Level 1:colcon.colcon_core.environment:checking '/home/goblue/my_ws/yuBot_cartographer/install/yuBot_cartographer/bin'
[2.137s] INFO:colcon.colcon_core.shell:Creating package script '/home/goblue/my_ws/yuBot_cartographer/install/yuBot_cartographer/share/yuBot_cartographer/package.ps1'
[2.137s] INFO:colcon.colcon_core.shell:Creating package descriptor '/home/goblue/my_ws/yuBot_cartographer/install/yuBot_cartographer/share/yuBot_cartographer/package.dsv'
[2.137s] INFO:colcon.colcon_core.shell:Creating package script '/home/goblue/my_ws/yuBot_cartographer/install/yuBot_cartographer/share/yuBot_cartographer/package.sh'
[2.138s] INFO:colcon.colcon_core.shell:Creating package script '/home/goblue/my_ws/yuBot_cartographer/install/yuBot_cartographer/share/yuBot_cartographer/package.bash'
[2.138s] INFO:colcon.colcon_core.shell:Creating package script '/home/goblue/my_ws/yuBot_cartographer/install/yuBot_cartographer/share/yuBot_cartographer/package.zsh'
[2.138s] Level 1:colcon.colcon_core.environment:create_file_with_runtime_dependencies(/home/goblue/my_ws/yuBot_cartographer/install/yuBot_cartographer/share/colcon-core/packages/yuBot_cartographer)
[2.151s] Level 1:colcon.colcon_core.environment:create_environment_scripts_only(yuBot_cartographer)
[2.152s] Level 1:colcon.colcon_core.environment:checking '/home/goblue/my_ws/yuBot_cartographer/install/yuBot_cartographer' for CMake module files
[2.152s] Level 1:colcon.colcon_core.environment:checking '/home/goblue/my_ws/yuBot_cartographer/install/yuBot_cartographer' for CMake config files
[2.152s] Level 1:colcon.colcon_core.shell:create_environment_hook('yuBot_cartographer', 'cmake_prefix_path')
[2.152s] INFO:colcon.colcon_core.shell:Creating environment hook '/home/goblue/my_ws/yuBot_cartographer/install/yuBot_cartographer/share/yuBot_cartographer/hook/cmake_prefix_path.ps1'
[2.152s] INFO:colcon.colcon_core.shell:Creating environment descriptor '/home/goblue/my_ws/yuBot_cartographer/install/yuBot_cartographer/share/yuBot_cartographer/hook/cmake_prefix_path.dsv'
[2.153s] INFO:colcon.colcon_core.shell:Creating environment hook '/home/goblue/my_ws/yuBot_cartographer/install/yuBot_cartographer/share/yuBot_cartographer/hook/cmake_prefix_path.sh'
[2.153s] Level 1:colcon.colcon_core.environment:checking '/home/goblue/my_ws/yuBot_cartographer/install/yuBot_cartographer/bin'
[2.153s] Level 1:colcon.colcon_core.environment:checking '/home/goblue/my_ws/yuBot_cartographer/install/yuBot_cartographer/lib/pkgconfig/yuBot_cartographer.pc'
[2.153s] Level 1:colcon.colcon_core.environment:checking '/home/goblue/my_ws/yuBot_cartographer/install/yuBot_cartographer/lib/python3.10/site-packages'
[2.153s] Level 1:colcon.colcon_core.environment:checking '/home/goblue/my_ws/yuBot_cartographer/install/yuBot_cartographer/bin'
[2.154s] INFO:colcon.colcon_core.shell:Creating package script '/home/goblue/my_ws/yuBot_cartographer/install/yuBot_cartographer/share/yuBot_cartographer/package.ps1'
[2.154s] INFO:colcon.colcon_core.shell:Creating package descriptor '/home/goblue/my_ws/yuBot_cartographer/install/yuBot_cartographer/share/yuBot_cartographer/package.dsv'
[2.154s] INFO:colcon.colcon_core.shell:Creating package script '/home/goblue/my_ws/yuBot_cartographer/install/yuBot_cartographer/share/yuBot_cartographer/package.sh'
[2.154s] INFO:colcon.colcon_core.shell:Creating package script '/home/goblue/my_ws/yuBot_cartographer/install/yuBot_cartographer/share/yuBot_cartographer/package.bash'
[2.155s] INFO:colcon.colcon_core.shell:Creating package script '/home/goblue/my_ws/yuBot_cartographer/install/yuBot_cartographer/share/yuBot_cartographer/package.zsh'
[2.155s] Level 1:colcon.colcon_core.environment:create_file_with_runtime_dependencies(/home/goblue/my_ws/yuBot_cartographer/install/yuBot_cartographer/share/colcon-core/packages/yuBot_cartographer)
[2.155s] DEBUG:colcon.colcon_parallel_executor.executor.parallel:closing loop
[2.155s] DEBUG:colcon.colcon_parallel_executor.executor.parallel:loop closed
[2.156s] DEBUG:colcon.colcon_parallel_executor.executor.parallel:run_until_complete finished with '0'
[2.156s] DEBUG:colcon.colcon_core.event_reactor:joining thread
[2.160s] INFO:colcon.colcon_core.plugin_system:Skipping extension 'colcon_notification.desktop_notification.terminal_notifier': Not used on non-Darwin systems
[2.160s] INFO:colcon.colcon_core.plugin_system:Skipping extension 'colcon_notification.desktop_notification.win32': Not used on non-Windows systems
[2.160s] INFO:colcon.colcon_notification.desktop_notification:Sending desktop notification using 'notify2'
[2.165s] DEBUG:colcon.colcon_core.event_reactor:joined thread
[2.165s] INFO:colcon.colcon_core.shell:Creating prefix script '/home/goblue/my_ws/yuBot_cartographer/install/local_setup.ps1'
[2.166s] INFO:colcon.colcon_core.shell:Creating prefix util module '/home/goblue/my_ws/yuBot_cartographer/install/_local_setup_util_ps1.py'
[2.166s] INFO:colcon.colcon_core.shell:Creating prefix chain script '/home/goblue/my_ws/yuBot_cartographer/install/setup.ps1'
[2.167s] INFO:colcon.colcon_core.shell:Creating prefix script '/home/goblue/my_ws/yuBot_cartographer/install/local_setup.sh'
[2.168s] INFO:colcon.colcon_core.shell:Creating prefix util module '/home/goblue/my_ws/yuBot_cartographer/install/_local_setup_util_sh.py'
[2.168s] INFO:colcon.colcon_core.shell:Creating prefix chain script '/home/goblue/my_ws/yuBot_cartographer/install/setup.sh'
[2.169s] INFO:colcon.colcon_core.shell:Creating prefix script '/home/goblue/my_ws/yuBot_cartographer/install/local_setup.bash'
[2.169s] INFO:colcon.colcon_core.shell:Creating prefix chain script '/home/goblue/my_ws/yuBot_cartographer/install/setup.bash'
[2.170s] INFO:colcon.colcon_core.shell:Creating prefix script '/home/goblue/my_ws/yuBot_cartographer/install/local_setup.zsh'
[2.170s] INFO:colcon.colcon_core.shell:Creating prefix chain script '/home/goblue/my_ws/yuBot_cartographer/install/setup.zsh'
