[0.068s] Invoking command in '/home/goblue/my_ws/build/nav2_voxel_grid': AMENT_PREFIX_PATH=/home/goblue/my_ws/install/nav2_common:${AMENT_PREFIX_PATH} CMAKE_PREFIX_PATH=/home/goblue/my_ws/install/nav2_common:/home/goblue/interbotix_ws/install/interbotix_ros_xsarms_examples:/home/goblue/interbotix_ws/install/interbotix_xsarm_moveit_interface:/home/goblue/interbotix_ws/install/interbotix_moveit_interface:/home/goblue/interbotix_ws/install/moveit_visual_tools:/home/goblue/interbotix_ws/install/interbotix_ros_xsarms:/home/goblue/interbotix_ws/install/interbotix_xsarm_moveit:/home/goblue/interbotix_ws/install/interbotix_xsarm_sim:/home/goblue/interbotix_ws/install/interbotix_xsarm_ros_control:/home/goblue/interbotix_ws/install/interbotix_xsarm_puppet:/home/goblue/interbotix_ws/install/interbotix_xsarm_joy:/home/goblue/interbotix_ws/install/interbotix_xsarm_dual:/home/goblue/interbotix_ws/install/interbotix_xsarm_control:/home/goblue/interbotix_ws/install/interbotix_xsarm_descriptions:/home/goblue/interbotix_ws/install/interbotix_xs_toolbox:/home/goblue/interbotix_ws/install/interbotix_xs_rviz:/home/goblue/interbotix_ws/install/interbotix_ros_xseries:/home/goblue/interbotix_ws/install/interbotix_xs_sdk:/home/goblue/interbotix_ws/install/interbotix_xs_ros_control:/home/goblue/interbotix_ws/install/interbotix_xs_msgs:/home/goblue/interbotix_ws/install/interbotix_xs_driver:/home/goblue/interbotix_ws/install/interbotix_tf_tools:/home/goblue/interbotix_ws/install/interbotix_moveit_interface_msgs:/home/goblue/interbotix_ws/install/interbotix_common_toolbox:/home/goblue/interbotix_ws/install/interbotix_common_sim:/home/goblue/interbotix_ws/install/dynamixel_workbench_toolbox:/home/goblue/interbotix_ws/install/interbotix_xs_modules:/home/goblue/interbotix_ws/install/interbotix_common_modules:/opt/ros/humble PYTHONPATH=/home/goblue/my_ws/install/nav2_common/local/lib/python3.10/dist-packages:${PYTHONPATH} /usr/bin/cmake --build /home/goblue/my_ws/build/nav2_voxel_grid -- -j20 -l20
[0.107s] [35m[1mConsolidate compiler generated dependencies of target gtest_main[0m
[0.108s] [35m[1mConsolidate compiler generated dependencies of target voxel_grid[0m
[0.108s] [35m[1mConsolidate compiler generated dependencies of target gtest[0m
[0.123s] [ 20%] Built target gtest_main
[0.123s] [ 40%] Built target gtest
[0.134s] [ 60%] Built target voxel_grid
[0.142s] [35m[1mConsolidate compiler generated dependencies of target voxel_grid_tests[0m
[0.149s] [35m[1mConsolidate compiler generated dependencies of target voxel_grid_bresenham_3d[0m
[0.161s] [ 80%] Built target voxel_grid_tests
[0.164s] [100%] Built target voxel_grid_bresenham_3d
[0.174s] Invoked command in '/home/goblue/my_ws/build/nav2_voxel_grid' returned '0': AMENT_PREFIX_PATH=/home/goblue/my_ws/install/nav2_common:${AMENT_PREFIX_PATH} CMAKE_PREFIX_PATH=/home/goblue/my_ws/install/nav2_common:/home/goblue/interbotix_ws/install/interbotix_ros_xsarms_examples:/home/goblue/interbotix_ws/install/interbotix_xsarm_moveit_interface:/home/goblue/interbotix_ws/install/interbotix_moveit_interface:/home/goblue/interbotix_ws/install/moveit_visual_tools:/home/goblue/interbotix_ws/install/interbotix_ros_xsarms:/home/goblue/interbotix_ws/install/interbotix_xsarm_moveit:/home/goblue/interbotix_ws/install/interbotix_xsarm_sim:/home/goblue/interbotix_ws/install/interbotix_xsarm_ros_control:/home/goblue/interbotix_ws/install/interbotix_xsarm_puppet:/home/goblue/interbotix_ws/install/interbotix_xsarm_joy:/home/goblue/interbotix_ws/install/interbotix_xsarm_dual:/home/goblue/interbotix_ws/install/interbotix_xsarm_control:/home/goblue/interbotix_ws/install/interbotix_xsarm_descriptions:/home/goblue/interbotix_ws/install/interbotix_xs_toolbox:/home/goblue/interbotix_ws/install/interbotix_xs_rviz:/home/goblue/interbotix_ws/install/interbotix_ros_xseries:/home/goblue/interbotix_ws/install/interbotix_xs_sdk:/home/goblue/interbotix_ws/install/interbotix_xs_ros_control:/home/goblue/interbotix_ws/install/interbotix_xs_msgs:/home/goblue/interbotix_ws/install/interbotix_xs_driver:/home/goblue/interbotix_ws/install/interbotix_tf_tools:/home/goblue/interbotix_ws/install/interbotix_moveit_interface_msgs:/home/goblue/interbotix_ws/install/interbotix_common_toolbox:/home/goblue/interbotix_ws/install/interbotix_common_sim:/home/goblue/interbotix_ws/install/dynamixel_workbench_toolbox:/home/goblue/interbotix_ws/install/interbotix_xs_modules:/home/goblue/interbotix_ws/install/interbotix_common_modules:/opt/ros/humble PYTHONPATH=/home/goblue/my_ws/install/nav2_common/local/lib/python3.10/dist-packages:${PYTHONPATH} /usr/bin/cmake --build /home/goblue/my_ws/build/nav2_voxel_grid -- -j20 -l20
[0.199s] Invoking command in '/home/goblue/my_ws/build/nav2_voxel_grid': AMENT_PREFIX_PATH=/home/goblue/my_ws/install/nav2_common:${AMENT_PREFIX_PATH} CMAKE_PREFIX_PATH=/home/goblue/my_ws/install/nav2_common:/home/goblue/interbotix_ws/install/interbotix_ros_xsarms_examples:/home/goblue/interbotix_ws/install/interbotix_xsarm_moveit_interface:/home/goblue/interbotix_ws/install/interbotix_moveit_interface:/home/goblue/interbotix_ws/install/moveit_visual_tools:/home/goblue/interbotix_ws/install/interbotix_ros_xsarms:/home/goblue/interbotix_ws/install/interbotix_xsarm_moveit:/home/goblue/interbotix_ws/install/interbotix_xsarm_sim:/home/goblue/interbotix_ws/install/interbotix_xsarm_ros_control:/home/goblue/interbotix_ws/install/interbotix_xsarm_puppet:/home/goblue/interbotix_ws/install/interbotix_xsarm_joy:/home/goblue/interbotix_ws/install/interbotix_xsarm_dual:/home/goblue/interbotix_ws/install/interbotix_xsarm_control:/home/goblue/interbotix_ws/install/interbotix_xsarm_descriptions:/home/goblue/interbotix_ws/install/interbotix_xs_toolbox:/home/goblue/interbotix_ws/install/interbotix_xs_rviz:/home/goblue/interbotix_ws/install/interbotix_ros_xseries:/home/goblue/interbotix_ws/install/interbotix_xs_sdk:/home/goblue/interbotix_ws/install/interbotix_xs_ros_control:/home/goblue/interbotix_ws/install/interbotix_xs_msgs:/home/goblue/interbotix_ws/install/interbotix_xs_driver:/home/goblue/interbotix_ws/install/interbotix_tf_tools:/home/goblue/interbotix_ws/install/interbotix_moveit_interface_msgs:/home/goblue/interbotix_ws/install/interbotix_common_toolbox:/home/goblue/interbotix_ws/install/interbotix_common_sim:/home/goblue/interbotix_ws/install/dynamixel_workbench_toolbox:/home/goblue/interbotix_ws/install/interbotix_xs_modules:/home/goblue/interbotix_ws/install/interbotix_common_modules:/opt/ros/humble PYTHONPATH=/home/goblue/my_ws/install/nav2_common/local/lib/python3.10/dist-packages:${PYTHONPATH} /usr/bin/cmake --install /home/goblue/my_ws/build/nav2_voxel_grid
[0.207s] -- Install configuration: "Release"
[0.207s] -- Up-to-date: /home/goblue/my_ws/install/nav2_voxel_grid/lib/libvoxel_grid.so
[0.207s] -- Up-to-date: /home/goblue/my_ws/install/nav2_voxel_grid/include
[0.208s] -- Up-to-date: /home/goblue/my_ws/install/nav2_voxel_grid/include/nav2_voxel_grid
[0.208s] -- Up-to-date: /home/goblue/my_ws/install/nav2_voxel_grid/include/nav2_voxel_grid/voxel_grid.hpp
[0.208s] -- Up-to-date: /home/goblue/my_ws/install/nav2_voxel_grid/share/nav2_voxel_grid/environment/library_path.sh
[0.208s] -- Up-to-date: /home/goblue/my_ws/install/nav2_voxel_grid/share/nav2_voxel_grid/environment/library_path.dsv
[0.209s] -- Up-to-date: /home/goblue/my_ws/install/nav2_voxel_grid/share/ament_index/resource_index/package_run_dependencies/nav2_voxel_grid
[0.209s] -- Up-to-date: /home/goblue/my_ws/install/nav2_voxel_grid/share/ament_index/resource_index/parent_prefix_path/nav2_voxel_grid
[0.209s] -- Up-to-date: /home/goblue/my_ws/install/nav2_voxel_grid/share/nav2_voxel_grid/environment/ament_prefix_path.sh
[0.209s] -- Up-to-date: /home/goblue/my_ws/install/nav2_voxel_grid/share/nav2_voxel_grid/environment/ament_prefix_path.dsv
[0.209s] -- Up-to-date: /home/goblue/my_ws/install/nav2_voxel_grid/share/nav2_voxel_grid/environment/path.sh
[0.210s] -- Up-to-date: /home/goblue/my_ws/install/nav2_voxel_grid/share/nav2_voxel_grid/environment/path.dsv
[0.210s] -- Up-to-date: /home/goblue/my_ws/install/nav2_voxel_grid/share/nav2_voxel_grid/local_setup.bash
[0.210s] -- Up-to-date: /home/goblue/my_ws/install/nav2_voxel_grid/share/nav2_voxel_grid/local_setup.sh
[0.210s] -- Up-to-date: /home/goblue/my_ws/install/nav2_voxel_grid/share/nav2_voxel_grid/local_setup.zsh
[0.211s] -- Up-to-date: /home/goblue/my_ws/install/nav2_voxel_grid/share/nav2_voxel_grid/local_setup.dsv
[0.211s] -- Installing: /home/goblue/my_ws/install/nav2_voxel_grid/share/nav2_voxel_grid/package.dsv
[0.211s] -- Up-to-date: /home/goblue/my_ws/install/nav2_voxel_grid/share/ament_index/resource_index/packages/nav2_voxel_grid
[0.212s] -- Up-to-date: /home/goblue/my_ws/install/nav2_voxel_grid/share/nav2_voxel_grid/cmake/ament_cmake_export_dependencies-extras.cmake
[0.212s] -- Up-to-date: /home/goblue/my_ws/install/nav2_voxel_grid/share/nav2_voxel_grid/cmake/ament_cmake_export_include_directories-extras.cmake
[0.213s] -- Up-to-date: /home/goblue/my_ws/install/nav2_voxel_grid/share/nav2_voxel_grid/cmake/ament_cmake_export_libraries-extras.cmake
[0.213s] -- Up-to-date: /home/goblue/my_ws/install/nav2_voxel_grid/share/nav2_voxel_grid/cmake/nav2_voxel_gridConfig.cmake
[0.213s] -- Up-to-date: /home/goblue/my_ws/install/nav2_voxel_grid/share/nav2_voxel_grid/cmake/nav2_voxel_gridConfig-version.cmake
[0.213s] -- Up-to-date: /home/goblue/my_ws/install/nav2_voxel_grid/share/nav2_voxel_grid/package.xml
[0.215s] Invoked command in '/home/goblue/my_ws/build/nav2_voxel_grid' returned '0': AMENT_PREFIX_PATH=/home/goblue/my_ws/install/nav2_common:${AMENT_PREFIX_PATH} CMAKE_PREFIX_PATH=/home/goblue/my_ws/install/nav2_common:/home/goblue/interbotix_ws/install/interbotix_ros_xsarms_examples:/home/goblue/interbotix_ws/install/interbotix_xsarm_moveit_interface:/home/goblue/interbotix_ws/install/interbotix_moveit_interface:/home/goblue/interbotix_ws/install/moveit_visual_tools:/home/goblue/interbotix_ws/install/interbotix_ros_xsarms:/home/goblue/interbotix_ws/install/interbotix_xsarm_moveit:/home/goblue/interbotix_ws/install/interbotix_xsarm_sim:/home/goblue/interbotix_ws/install/interbotix_xsarm_ros_control:/home/goblue/interbotix_ws/install/interbotix_xsarm_puppet:/home/goblue/interbotix_ws/install/interbotix_xsarm_joy:/home/goblue/interbotix_ws/install/interbotix_xsarm_dual:/home/goblue/interbotix_ws/install/interbotix_xsarm_control:/home/goblue/interbotix_ws/install/interbotix_xsarm_descriptions:/home/goblue/interbotix_ws/install/interbotix_xs_toolbox:/home/goblue/interbotix_ws/install/interbotix_xs_rviz:/home/goblue/interbotix_ws/install/interbotix_ros_xseries:/home/goblue/interbotix_ws/install/interbotix_xs_sdk:/home/goblue/interbotix_ws/install/interbotix_xs_ros_control:/home/goblue/interbotix_ws/install/interbotix_xs_msgs:/home/goblue/interbotix_ws/install/interbotix_xs_driver:/home/goblue/interbotix_ws/install/interbotix_tf_tools:/home/goblue/interbotix_ws/install/interbotix_moveit_interface_msgs:/home/goblue/interbotix_ws/install/interbotix_common_toolbox:/home/goblue/interbotix_ws/install/interbotix_common_sim:/home/goblue/interbotix_ws/install/dynamixel_workbench_toolbox:/home/goblue/interbotix_ws/install/interbotix_xs_modules:/home/goblue/interbotix_ws/install/interbotix_common_modules:/opt/ros/humble PYTHONPATH=/home/goblue/my_ws/install/nav2_common/local/lib/python3.10/dist-packages:${PYTHONPATH} /usr/bin/cmake --install /home/goblue/my_ws/build/nav2_voxel_grid
