running develop
Removing /home/goblue/my_ws/bot_description/install/bot_description/lib/python3.10/site-packages/bot-description.egg-link (link to .)
running egg_info
writing build/bot_description/bot_description.egg-info/PKG-INFO
writing dependency_links to build/bot_description/bot_description.egg-info/dependency_links.txt
writing entry points to build/bot_description/bot_description.egg-info/entry_points.txt
writing requirements to build/bot_description/bot_description.egg-info/requires.txt
writing top-level names to build/bot_description/bot_description.egg-info/top_level.txt
reading manifest file 'build/bot_description/bot_description.egg-info/SOURCES.txt'
writing manifest file 'build/bot_description/bot_description.egg-info/SOURCES.txt'
running build
running build_py
creating /home/goblue/my_ws/bot_description/build/bot_description/build
creating /home/goblue/my_ws/bot_description/build/bot_description/build/lib
creating /home/goblue/my_ws/bot_description/build/bot_description/build/lib/bot_description
copying bot_description/__init__.py -> /home/goblue/my_ws/bot_description/build/bot_description/build/lib/bot_description
copying bot_description/wheel_control.py -> /home/goblue/my_ws/bot_description/build/bot_description/build/lib/bot_description
running install
running install_lib
creating /home/goblue/my_ws/bot_description/install/bot_description/lib/python3.10/site-packages/bot_description
copying /home/goblue/my_ws/bot_description/build/bot_description/build/lib/bot_description/__init__.py -> /home/goblue/my_ws/bot_description/install/bot_description/lib/python3.10/site-packages/bot_description
copying /home/goblue/my_ws/bot_description/build/bot_description/build/lib/bot_description/wheel_control.py -> /home/goblue/my_ws/bot_description/install/bot_description/lib/python3.10/site-packages/bot_description
byte-compiling /home/goblue/my_ws/bot_description/install/bot_description/lib/python3.10/site-packages/bot_description/__init__.py to __init__.cpython-310.pyc
byte-compiling /home/goblue/my_ws/bot_description/install/bot_description/lib/python3.10/site-packages/bot_description/wheel_control.py to wheel_control.cpython-310.pyc
running install_data
copying resource/bot_description -> /home/goblue/my_ws/bot_description/install/bot_description/share/ament_index/resource_index/packages
copying package.xml -> /home/goblue/my_ws/bot_description/install/bot_description/share/bot_description
copying launch/display_robot_rviz2.launch.py -> /home/goblue/my_ws/bot_description/install/bot_description/share/bot_description/launch
