[0.429s] Invoking command in '/home/goblue/my_ws/bot_description/build/bot_description': PYTHONPATH=/home/goblue/my_ws/bot_description/build/bot_description/prefix_override:/usr/lib/python3/dist-packages/colcon_core/task/python/colcon_distutils_commands:/home/goblue/my_ws/bot_description/install/bot_description/lib/python3.10/site-packages:${PYTHONPATH} /usr/bin/python3 -W ignore:setup.py install is deprecated setup.py develop --uninstall --editable --build-directory /home/goblue/my_ws/bot_description/build/bot_description/build
[0.579s] running develop
[0.579s] /usr/lib/python3/dist-packages/setuptools/command/easy_install.py:158: EasyInstallDeprecationWarning: easy_install command is deprecated. Use build and pip and other standards-based tools.
[0.579s]   warnings.warn(
[0.670s] Removing /home/goblue/my_ws/bot_description/install/bot_description/lib/python3.10/site-packages/bot-description.egg-link (link to .)
[0.690s] Invoked command in '/home/goblue/my_ws/bot_description/build/bot_description' returned '0': PYTHONPATH=/home/goblue/my_ws/bot_description/build/bot_description/prefix_override:/usr/lib/python3/dist-packages/colcon_core/task/python/colcon_distutils_commands:/home/goblue/my_ws/bot_description/install/bot_description/lib/python3.10/site-packages:${PYTHONPATH} /usr/bin/python3 -W ignore:setup.py install is deprecated setup.py develop --uninstall --editable --build-directory /home/goblue/my_ws/bot_description/build/bot_description/build
[0.690s] Invoking command in '/home/goblue/my_ws/bot_description': PYTHONPATH=/home/goblue/my_ws/bot_description/build/bot_description/prefix_override:/usr/lib/python3/dist-packages/colcon_core/task/python/colcon_distutils_commands:/home/goblue/my_ws/bot_description/install/bot_description/lib/python3.10/site-packages:${PYTHONPATH} /usr/bin/python3 -W ignore:setup.py install is deprecated setup.py egg_info --egg-base build/bot_description build --build-base /home/goblue/my_ws/bot_description/build/bot_description/build install --record /home/goblue/my_ws/bot_description/build/bot_description/install.log --single-version-externally-managed install_data --force
[0.828s] running egg_info
[0.829s] writing build/bot_description/bot_description.egg-info/PKG-INFO
[0.830s] writing dependency_links to build/bot_description/bot_description.egg-info/dependency_links.txt
[0.830s] writing entry points to build/bot_description/bot_description.egg-info/entry_points.txt
[0.830s] writing requirements to build/bot_description/bot_description.egg-info/requires.txt
[0.830s] writing top-level names to build/bot_description/bot_description.egg-info/top_level.txt
[0.832s] reading manifest file 'build/bot_description/bot_description.egg-info/SOURCES.txt'
[0.832s] writing manifest file 'build/bot_description/bot_description.egg-info/SOURCES.txt'
[0.833s] running build
[0.833s] running build_py
[0.833s] creating /home/goblue/my_ws/bot_description/build/bot_description/build
[0.833s] creating /home/goblue/my_ws/bot_description/build/bot_description/build/lib
[0.833s] creating /home/goblue/my_ws/bot_description/build/bot_description/build/lib/bot_description
[0.834s] copying bot_description/__init__.py -> /home/goblue/my_ws/bot_description/build/bot_description/build/lib/bot_description
[0.834s] copying bot_description/wheel_control.py -> /home/goblue/my_ws/bot_description/build/bot_description/build/lib/bot_description
[0.834s] running install
[0.834s] running install_lib
[0.835s] creating /home/goblue/my_ws/bot_description/install/bot_description/lib/python3.10/site-packages/bot_description
[0.835s] copying /home/goblue/my_ws/bot_description/build/bot_description/build/lib/bot_description/__init__.py -> /home/goblue/my_ws/bot_description/install/bot_description/lib/python3.10/site-packages/bot_description
[0.835s] copying /home/goblue/my_ws/bot_description/build/bot_description/build/lib/bot_description/wheel_control.py -> /home/goblue/my_ws/bot_description/install/bot_description/lib/python3.10/site-packages/bot_description
[0.835s] byte-compiling /home/goblue/my_ws/bot_description/install/bot_description/lib/python3.10/site-packages/bot_description/__init__.py to __init__.cpython-310.pyc
[0.835s] byte-compiling /home/goblue/my_ws/bot_description/install/bot_description/lib/python3.10/site-packages/bot_description/wheel_control.py to wheel_control.cpython-310.pyc
[0.836s] running install_data
[0.836s] copying resource/bot_description -> /home/goblue/my_ws/bot_description/install/bot_description/share/ament_index/resource_index/packages
[0.837s] copying package.xml -> /home/goblue/my_ws/bot_description/install/bot_description/share/bot_description
[0.838s] copying launch/display_robot_rviz2.launch.py -> /home/goblue/my_ws/bot_description/install/bot_description/share/bot_description/launch
[0.838s] error: can't copy 'urdf/build': doesn't exist or not a regular file
[0.850s] Invoked command in '/home/goblue/my_ws/bot_description' returned '1': PYTHONPATH=/home/goblue/my_ws/bot_description/build/bot_description/prefix_override:/usr/lib/python3/dist-packages/colcon_core/task/python/colcon_distutils_commands:/home/goblue/my_ws/bot_description/install/bot_description/lib/python3.10/site-packages:${PYTHONPATH} /usr/bin/python3 -W ignore:setup.py install is deprecated setup.py egg_info --egg-base build/bot_description build --build-base /home/goblue/my_ws/bot_description/build/bot_description/build install --record /home/goblue/my_ws/bot_description/build/bot_description/install.log --single-version-externally-managed install_data --force
