[0.249s] DEBUG:colcon:Command line arguments: ['/usr/bin/colcon', 'build']
[0.249s] DEBUG:colcon:Parsed command line arguments: Namespace(log_base=None, log_level=None, verb_name='build', build_base='build', install_base='install', merge_install=False, symlink_install=False, test_result_base=None, continue_on_error=False, executor='parallel', parallel_workers=20, event_handlers=None, ignore_user_meta=False, metas=['./colcon.meta'], base_paths=['.'], packages_ignore=None, packages_ignore_regex=None, paths=None, packages_up_to=None, packages_up_to_regex=None, packages_above=None, packages_above_and_dependencies=None, packages_above_depth=None, packages_select_by_dep=None, packages_skip_by_dep=None, packages_skip_up_to=None, packages_select_build_failed=False, packages_skip_build_finished=False, packages_select_test_failures=False, packages_skip_test_passed=False, packages_select=None, packages_skip=None, packages_select_regex=None, packages_skip_regex=None, packages_start=None, packages_end=None, allow_overriding=[], cmake_args=None, cmake_target=None, cmake_target_skip_unavailable=False, cmake_clean_cache=False, cmake_clean_first=False, cmake_force_configure=False, ament_cmake_args=None, catkin_cmake_args=None, catkin_skip_building_tests=False, mixin_files=None, mixin=None, verb_parser=<colcon_mixin.mixin.mixin_argument.MixinArgumentDecorator object at 0x7f0db636a2c0>, verb_extension=<colcon_core.verb.build.BuildVerb object at 0x7f0db63697e0>, main=<bound method BuildVerb.main of <colcon_core.verb.build.BuildVerb object at 0x7f0db63697e0>>, mixin_verb=('build',))
[0.410s] Level 1:colcon.colcon_core.package_discovery:discover_packages(colcon_meta) check parameters
[0.410s] Level 1:colcon.colcon_core.package_discovery:discover_packages(recursive) check parameters
[0.410s] Level 1:colcon.colcon_core.package_discovery:discover_packages(ignore) check parameters
[0.410s] Level 1:colcon.colcon_core.package_discovery:discover_packages(path) check parameters
[0.410s] Level 1:colcon.colcon_core.package_discovery:discover_packages(colcon_meta) discover
[0.410s] Level 1:colcon.colcon_core.package_discovery:discover_packages(recursive) discover
[0.410s] INFO:colcon.colcon_core.package_discovery:Crawling recursively for packages in '/home/goblue/my_ws/yubot_controller'
[0.410s] Level 1:colcon.colcon_core.package_identification:_identify(.) by extensions ['ignore', 'ignore_ament_install']
[0.411s] Level 1:colcon.colcon_core.package_identification:_identify(.) by extension 'ignore'
[0.411s] Level 1:colcon.colcon_core.package_identification:_identify(.) by extension 'ignore_ament_install'
[0.411s] Level 1:colcon.colcon_core.package_identification:_identify(.) by extensions ['colcon_pkg']
[0.411s] Level 1:colcon.colcon_core.package_identification:_identify(.) by extension 'colcon_pkg'
[0.411s] Level 1:colcon.colcon_core.package_identification:_identify(.) by extensions ['colcon_meta']
[0.411s] Level 1:colcon.colcon_core.package_identification:_identify(.) by extension 'colcon_meta'
[0.411s] Level 1:colcon.colcon_core.package_identification:_identify(.) by extensions ['ros']
[0.411s] Level 1:colcon.colcon_core.package_identification:_identify(.) by extension 'ros'
[0.429s] DEBUG:colcon.colcon_core.package_identification:Package '.' with type 'ros.ament_cmake' and name 'yubot_controller'
[0.429s] Level 1:colcon.colcon_core.package_discovery:discover_packages(recursive) using defaults
[0.429s] Level 1:colcon.colcon_core.package_discovery:discover_packages(ignore) discover
[0.429s] Level 1:colcon.colcon_core.package_discovery:discover_packages(ignore) using defaults
[0.429s] Level 1:colcon.colcon_core.package_discovery:discover_packages(path) discover
[0.430s] Level 1:colcon.colcon_core.package_discovery:discover_packages(path) using defaults
[0.464s] Level 1:colcon.colcon_core.package_discovery:discover_packages(prefix_path) check parameters
[0.464s] Level 1:colcon.colcon_core.package_discovery:discover_packages(prefix_path) discover
[0.465s] WARNING:colcon.colcon_core.prefix_path.colcon:The path '/home/goblue/my_ws/Yubot_controller/install' in the environment variable COLCON_PREFIX_PATH doesn't exist
[0.466s] WARNING:colcon.colcon_ros.prefix_path.ament:The path '/home/goblue/my_ws/Yubot_controller/install/Yubot_controller' in the environment variable AMENT_PREFIX_PATH doesn't exist
[0.467s] WARNING:colcon.colcon_ros.prefix_path.catkin:The path '/home/goblue/my_ws/Yubot_controller/install/Yubot_controller' in the environment variable CMAKE_PREFIX_PATH doesn't exist
[0.468s] DEBUG:colcon.colcon_installed_package_information.package_discovery:Found 27 installed packages in /home/goblue/interbotix_ws/install
[0.469s] DEBUG:colcon.colcon_installed_package_information.package_discovery:Found 394 installed packages in /opt/ros/humble
[0.471s] Level 1:colcon.colcon_core.package_discovery:discover_packages(prefix_path) using defaults
[0.518s] Level 5:colcon.colcon_core.verb:set package 'yubot_controller' build argument 'cmake_args' from command line to 'None'
[0.518s] Level 5:colcon.colcon_core.verb:set package 'yubot_controller' build argument 'cmake_target' from command line to 'None'
[0.518s] Level 5:colcon.colcon_core.verb:set package 'yubot_controller' build argument 'cmake_target_skip_unavailable' from command line to 'False'
[0.518s] Level 5:colcon.colcon_core.verb:set package 'yubot_controller' build argument 'cmake_clean_cache' from command line to 'False'
[0.518s] Level 5:colcon.colcon_core.verb:set package 'yubot_controller' build argument 'cmake_clean_first' from command line to 'False'
[0.518s] Level 5:colcon.colcon_core.verb:set package 'yubot_controller' build argument 'cmake_force_configure' from command line to 'False'
[0.518s] Level 5:colcon.colcon_core.verb:set package 'yubot_controller' build argument 'ament_cmake_args' from command line to 'None'
[0.518s] Level 5:colcon.colcon_core.verb:set package 'yubot_controller' build argument 'catkin_cmake_args' from command line to 'None'
[0.518s] Level 5:colcon.colcon_core.verb:set package 'yubot_controller' build argument 'catkin_skip_building_tests' from command line to 'False'
[0.518s] DEBUG:colcon.colcon_core.verb:Building package 'yubot_controller' with the following arguments: {'ament_cmake_args': None, 'build_base': '/home/goblue/my_ws/yubot_controller/build/yubot_controller', 'catkin_cmake_args': None, 'catkin_skip_building_tests': False, 'cmake_args': None, 'cmake_clean_cache': False, 'cmake_clean_first': False, 'cmake_force_configure': False, 'cmake_target': None, 'cmake_target_skip_unavailable': False, 'install_base': '/home/goblue/my_ws/yubot_controller/install/yubot_controller', 'merge_install': False, 'path': '/home/goblue/my_ws/yubot_controller', 'symlink_install': False, 'test_result_base': None}
[0.518s] INFO:colcon.colcon_core.executor:Executing jobs using 'parallel' executor
[0.519s] DEBUG:colcon.colcon_parallel_executor.executor.parallel:run_until_complete
[0.519s] INFO:colcon.colcon_ros.task.ament_cmake.build:Building ROS package in '/home/goblue/my_ws/yubot_controller' with build type 'ament_cmake'
[0.519s] INFO:colcon.colcon_cmake.task.cmake.build:Building CMake package in '/home/goblue/my_ws/yubot_controller'
[0.522s] INFO:colcon.colcon_core.plugin_system:Skipping extension 'colcon_core.shell.bat': Not used on non-Windows systems
[0.522s] INFO:colcon.colcon_core.shell:Skip shell extension 'powershell' for command environment: Not usable outside of PowerShell
[0.522s] DEBUG:colcon.colcon_core.shell:Skip shell extension 'dsv' for command environment
[0.533s] DEBUG:colcon.colcon_core.event_handler.log_command:Invoking command in '/home/goblue/my_ws/yubot_controller/build/yubot_controller': CMAKE_PREFIX_PATH=${CMAKE_PREFIX_PATH}:/home/goblue/interbotix_ws/install/interbotix_xs_modules:/home/goblue/interbotix_ws/install/interbotix_common_modules:/opt/ros/humble /usr/bin/cmake /home/goblue/my_ws/yubot_controller -DCMAKE_INSTALL_PREFIX=/home/goblue/my_ws/yubot_controller/install/yubot_controller
[18.394s] DEBUG:colcon.colcon_core.event_handler.log_command:Invoked command in '/home/goblue/my_ws/yubot_controller/build/yubot_controller' returned '0': CMAKE_PREFIX_PATH=${CMAKE_PREFIX_PATH}:/home/goblue/interbotix_ws/install/interbotix_xs_modules:/home/goblue/interbotix_ws/install/interbotix_common_modules:/opt/ros/humble /usr/bin/cmake /home/goblue/my_ws/yubot_controller -DCMAKE_INSTALL_PREFIX=/home/goblue/my_ws/yubot_controller/install/yubot_controller
[18.396s] DEBUG:colcon.colcon_core.event_handler.log_command:Invoking command in '/home/goblue/my_ws/yubot_controller/build/yubot_controller': CMAKE_PREFIX_PATH=${CMAKE_PREFIX_PATH}:/home/goblue/interbotix_ws/install/interbotix_xs_modules:/home/goblue/interbotix_ws/install/interbotix_common_modules:/opt/ros/humble /usr/bin/cmake --build /home/goblue/my_ws/yubot_controller/build/yubot_controller -- -j20 -l20
[27.301s] DEBUG:colcon.colcon_core.event_handler.log_command:Invoked command in '/home/goblue/my_ws/yubot_controller/build/yubot_controller' returned '0': CMAKE_PREFIX_PATH=${CMAKE_PREFIX_PATH}:/home/goblue/interbotix_ws/install/interbotix_xs_modules:/home/goblue/interbotix_ws/install/interbotix_common_modules:/opt/ros/humble /usr/bin/cmake --build /home/goblue/my_ws/yubot_controller/build/yubot_controller -- -j20 -l20
[27.342s] DEBUG:colcon.colcon_core.event_handler.log_command:Invoking command in '/home/goblue/my_ws/yubot_controller/build/yubot_controller': CMAKE_PREFIX_PATH=${CMAKE_PREFIX_PATH}:/home/goblue/interbotix_ws/install/interbotix_xs_modules:/home/goblue/interbotix_ws/install/interbotix_common_modules:/opt/ros/humble /usr/bin/cmake --install /home/goblue/my_ws/yubot_controller/build/yubot_controller
[27.357s] Level 1:colcon.colcon_core.environment:create_environment_scripts_only(yubot_controller)
[27.357s] DEBUG:colcon.colcon_core.event_handler.log_command:Invoked command in '/home/goblue/my_ws/yubot_controller/build/yubot_controller' returned '0': CMAKE_PREFIX_PATH=${CMAKE_PREFIX_PATH}:/home/goblue/interbotix_ws/install/interbotix_xs_modules:/home/goblue/interbotix_ws/install/interbotix_common_modules:/opt/ros/humble /usr/bin/cmake --install /home/goblue/my_ws/yubot_controller/build/yubot_controller
[27.360s] Level 1:colcon.colcon_core.environment:checking '/home/goblue/my_ws/yubot_controller/install/yubot_controller' for CMake module files
[27.360s] Level 1:colcon.colcon_core.environment:checking '/home/goblue/my_ws/yubot_controller/install/yubot_controller' for CMake config files
[27.361s] Level 1:colcon.colcon_core.shell:create_environment_hook('yubot_controller', 'cmake_prefix_path')
[27.361s] INFO:colcon.colcon_core.shell:Creating environment hook '/home/goblue/my_ws/yubot_controller/install/yubot_controller/share/yubot_controller/hook/cmake_prefix_path.ps1'
[27.362s] INFO:colcon.colcon_core.shell:Creating environment descriptor '/home/goblue/my_ws/yubot_controller/install/yubot_controller/share/yubot_controller/hook/cmake_prefix_path.dsv'
[27.362s] INFO:colcon.colcon_core.shell:Creating environment hook '/home/goblue/my_ws/yubot_controller/install/yubot_controller/share/yubot_controller/hook/cmake_prefix_path.sh'
[27.363s] Level 1:colcon.colcon_core.environment:checking '/home/goblue/my_ws/yubot_controller/install/yubot_controller/lib'
[27.363s] Level 1:colcon.colcon_core.shell:create_environment_hook('yubot_controller', 'ld_library_path_lib')
[27.363s] INFO:colcon.colcon_core.shell:Creating environment hook '/home/goblue/my_ws/yubot_controller/install/yubot_controller/share/yubot_controller/hook/ld_library_path_lib.ps1'
[27.364s] INFO:colcon.colcon_core.shell:Creating environment descriptor '/home/goblue/my_ws/yubot_controller/install/yubot_controller/share/yubot_controller/hook/ld_library_path_lib.dsv'
[27.364s] INFO:colcon.colcon_core.shell:Creating environment hook '/home/goblue/my_ws/yubot_controller/install/yubot_controller/share/yubot_controller/hook/ld_library_path_lib.sh'
[27.364s] Level 1:colcon.colcon_core.environment:checking '/home/goblue/my_ws/yubot_controller/install/yubot_controller/bin'
[27.364s] Level 1:colcon.colcon_core.environment:checking '/home/goblue/my_ws/yubot_controller/install/yubot_controller/lib/pkgconfig/yubot_controller.pc'
[27.364s] Level 1:colcon.colcon_core.environment:checking '/home/goblue/my_ws/yubot_controller/install/yubot_controller/lib/python3.10/site-packages'
[27.365s] Level 1:colcon.colcon_core.environment:checking '/home/goblue/my_ws/yubot_controller/install/yubot_controller/bin'
[27.365s] INFO:colcon.colcon_core.shell:Creating package script '/home/goblue/my_ws/yubot_controller/install/yubot_controller/share/yubot_controller/package.ps1'
[27.365s] INFO:colcon.colcon_core.shell:Creating package descriptor '/home/goblue/my_ws/yubot_controller/install/yubot_controller/share/yubot_controller/package.dsv'
[27.366s] INFO:colcon.colcon_core.shell:Creating package script '/home/goblue/my_ws/yubot_controller/install/yubot_controller/share/yubot_controller/package.sh'
[27.366s] INFO:colcon.colcon_core.shell:Creating package script '/home/goblue/my_ws/yubot_controller/install/yubot_controller/share/yubot_controller/package.bash'
[27.367s] INFO:colcon.colcon_core.shell:Creating package script '/home/goblue/my_ws/yubot_controller/install/yubot_controller/share/yubot_controller/package.zsh'
[27.368s] Level 1:colcon.colcon_core.environment:create_file_with_runtime_dependencies(/home/goblue/my_ws/yubot_controller/install/yubot_controller/share/colcon-core/packages/yubot_controller)
[27.391s] Level 1:colcon.colcon_core.environment:create_environment_scripts_only(yubot_controller)
[27.392s] Level 1:colcon.colcon_core.environment:checking '/home/goblue/my_ws/yubot_controller/install/yubot_controller' for CMake module files
[27.392s] Level 1:colcon.colcon_core.environment:checking '/home/goblue/my_ws/yubot_controller/install/yubot_controller' for CMake config files
[27.393s] Level 1:colcon.colcon_core.shell:create_environment_hook('yubot_controller', 'cmake_prefix_path')
[27.393s] INFO:colcon.colcon_core.shell:Creating environment hook '/home/goblue/my_ws/yubot_controller/install/yubot_controller/share/yubot_controller/hook/cmake_prefix_path.ps1'
[27.393s] INFO:colcon.colcon_core.shell:Creating environment descriptor '/home/goblue/my_ws/yubot_controller/install/yubot_controller/share/yubot_controller/hook/cmake_prefix_path.dsv'
[27.394s] INFO:colcon.colcon_core.shell:Creating environment hook '/home/goblue/my_ws/yubot_controller/install/yubot_controller/share/yubot_controller/hook/cmake_prefix_path.sh'
[27.394s] Level 1:colcon.colcon_core.environment:checking '/home/goblue/my_ws/yubot_controller/install/yubot_controller/lib'
[27.394s] Level 1:colcon.colcon_core.shell:create_environment_hook('yubot_controller', 'ld_library_path_lib')
[27.394s] INFO:colcon.colcon_core.shell:Creating environment hook '/home/goblue/my_ws/yubot_controller/install/yubot_controller/share/yubot_controller/hook/ld_library_path_lib.ps1'
[27.395s] INFO:colcon.colcon_core.shell:Creating environment descriptor '/home/goblue/my_ws/yubot_controller/install/yubot_controller/share/yubot_controller/hook/ld_library_path_lib.dsv'
[27.395s] INFO:colcon.colcon_core.shell:Creating environment hook '/home/goblue/my_ws/yubot_controller/install/yubot_controller/share/yubot_controller/hook/ld_library_path_lib.sh'
[27.395s] Level 1:colcon.colcon_core.environment:checking '/home/goblue/my_ws/yubot_controller/install/yubot_controller/bin'
[27.395s] Level 1:colcon.colcon_core.environment:checking '/home/goblue/my_ws/yubot_controller/install/yubot_controller/lib/pkgconfig/yubot_controller.pc'
[27.396s] Level 1:colcon.colcon_core.environment:checking '/home/goblue/my_ws/yubot_controller/install/yubot_controller/lib/python3.10/site-packages'
[27.396s] Level 1:colcon.colcon_core.environment:checking '/home/goblue/my_ws/yubot_controller/install/yubot_controller/bin'
[27.396s] INFO:colcon.colcon_core.shell:Creating package script '/home/goblue/my_ws/yubot_controller/install/yubot_controller/share/yubot_controller/package.ps1'
[27.396s] INFO:colcon.colcon_core.shell:Creating package descriptor '/home/goblue/my_ws/yubot_controller/install/yubot_controller/share/yubot_controller/package.dsv'
[27.397s] INFO:colcon.colcon_core.shell:Creating package script '/home/goblue/my_ws/yubot_controller/install/yubot_controller/share/yubot_controller/package.sh'
[27.397s] INFO:colcon.colcon_core.shell:Creating package script '/home/goblue/my_ws/yubot_controller/install/yubot_controller/share/yubot_controller/package.bash'
[27.398s] INFO:colcon.colcon_core.shell:Creating package script '/home/goblue/my_ws/yubot_controller/install/yubot_controller/share/yubot_controller/package.zsh'
[27.398s] Level 1:colcon.colcon_core.environment:create_file_with_runtime_dependencies(/home/goblue/my_ws/yubot_controller/install/yubot_controller/share/colcon-core/packages/yubot_controller)
[27.398s] DEBUG:colcon.colcon_parallel_executor.executor.parallel:closing loop
[27.399s] DEBUG:colcon.colcon_parallel_executor.executor.parallel:loop closed
[27.399s] DEBUG:colcon.colcon_parallel_executor.executor.parallel:run_until_complete finished with '0'
[27.399s] DEBUG:colcon.colcon_core.event_reactor:joining thread
[27.404s] INFO:colcon.colcon_core.plugin_system:Skipping extension 'colcon_notification.desktop_notification.terminal_notifier': Not used on non-Darwin systems
[27.405s] INFO:colcon.colcon_core.plugin_system:Skipping extension 'colcon_notification.desktop_notification.win32': Not used on non-Windows systems
[27.405s] INFO:colcon.colcon_notification.desktop_notification:Sending desktop notification using 'notify2'
[27.412s] DEBUG:colcon.colcon_core.event_reactor:joined thread
[27.412s] INFO:colcon.colcon_core.shell:Creating prefix script '/home/goblue/my_ws/yubot_controller/install/local_setup.ps1'
[27.413s] INFO:colcon.colcon_core.shell:Creating prefix util module '/home/goblue/my_ws/yubot_controller/install/_local_setup_util_ps1.py'
[27.415s] INFO:colcon.colcon_core.shell:Creating prefix chain script '/home/goblue/my_ws/yubot_controller/install/setup.ps1'
[27.416s] INFO:colcon.colcon_core.shell:Creating prefix script '/home/goblue/my_ws/yubot_controller/install/local_setup.sh'
[27.417s] INFO:colcon.colcon_core.shell:Creating prefix util module '/home/goblue/my_ws/yubot_controller/install/_local_setup_util_sh.py'
[27.417s] INFO:colcon.colcon_core.shell:Creating prefix chain script '/home/goblue/my_ws/yubot_controller/install/setup.sh'
[27.418s] INFO:colcon.colcon_core.shell:Creating prefix script '/home/goblue/my_ws/yubot_controller/install/local_setup.bash'
[27.419s] INFO:colcon.colcon_core.shell:Creating prefix chain script '/home/goblue/my_ws/yubot_controller/install/setup.bash'
[27.420s] INFO:colcon.colcon_core.shell:Creating prefix script '/home/goblue/my_ws/yubot_controller/install/local_setup.zsh'
[27.421s] INFO:colcon.colcon_core.shell:Creating prefix chain script '/home/goblue/my_ws/yubot_controller/install/setup.zsh'
