[0.019s] Invoking command in '/home/goblue/my_ws/yubot_purepursuit_controller/build/yubot_purepursuit_controller': CMAKE_PREFIX_PATH=${CMAKE_PREFIX_PATH}:/home/goblue/interbotix_ws/install/interbotix_xs_modules:/home/goblue/interbotix_ws/install/interbotix_common_modules:/opt/ros/humble /usr/bin/cmake /home/goblue/my_ws/yubot_purepursuit_controller -DCMAKE_INSTALL_PREFIX=/home/goblue/my_ws/yubot_purepursuit_controller/install/yubot_purepursuit_controller
[0.536s] -- The C compiler identification is GNU 11.4.0
[1.650s] -- The CXX compiler identification is GNU 11.4.0
[2.423s] -- Detecting C compiler ABI info
[2.669s] -- Detecting C compiler ABI info - done
[2.675s] -- Check for working C compiler: /usr/bin/cc - skipped
[2.677s] -- Detecting C compile features
[2.677s] -- Detecting C compile features - done
[2.681s] -- Detecting CXX compiler ABI info
[2.901s] -- Detecting CXX compiler ABI info - done
[2.911s] -- Check for working CXX compiler: /usr/bin/c++ - skipped
[2.912s] -- Detecting CXX compile features
[2.914s] -- Detecting CXX compile features - done
[2.946s] -- Found ament_cmake: 1.3.10 (/opt/ros/humble/share/ament_cmake/cmake)
[3.112s] -- Found Python3: /usr/bin/python3 (found version "3.10.12") found components: Interpreter 
[3.261s] -- Found nav2_common: 1.1.17 (/opt/ros/humble/share/nav2_common/cmake)
[3.266s] -- Found nav2_core: 1.1.17 (/opt/ros/humble/share/nav2_core/cmake)
[3.627s] -- Found rosidl_generator_c: 3.1.5 (/opt/ros/humble/share/rosidl_generator_c/cmake)
[3.637s] -- Found rosidl_adapter: 3.1.5 (/opt/ros/humble/share/rosidl_adapter/cmake)
[3.652s] -- Found rosidl_generator_cpp: 3.1.5 (/opt/ros/humble/share/rosidl_generator_cpp/cmake)
[3.673s] -- Using all available rosidl_typesupport_c: rosidl_typesupport_fastrtps_c;rosidl_typesupport_introspection_c
[3.700s] -- Using all available rosidl_typesupport_cpp: rosidl_typesupport_fastrtps_cpp;rosidl_typesupport_introspection_cpp
[3.774s] -- Found rmw_implementation_cmake: 6.1.2 (/opt/ros/humble/share/rmw_implementation_cmake/cmake)
[3.781s] -- Found rmw_fastrtps_cpp: 6.2.7 (/opt/ros/humble/share/rmw_fastrtps_cpp/cmake)
[6.550s] -- Found OpenSSL: /usr/lib/x86_64-linux-gnu/libcrypto.so (found version "3.0.2")  
[9.591s] -- Found FastRTPS: /opt/ros/humble/include  
[15.698s] -- Using RMW implementation 'rmw_fastrtps_cpp' as default
[15.731s] -- Looking for pthread.h
[15.995s] -- Looking for pthread.h - found
[15.995s] -- Performing Test CMAKE_HAVE_LIBC_PTHREAD
[16.171s] -- Performing Test CMAKE_HAVE_LIBC_PTHREAD - Success
[16.173s] -- Found Threads: TRUE  
[16.665s] -- Found Eigen3: TRUE (found version "3.4.0") 
[16.665s] -- Ensuring Eigen3 include directory is part of orocos-kdl CMake target
[19.502s] -- Found nav2_bringup: 1.1.17 (/opt/ros/humble/share/nav2_bringup/cmake)
[19.502s] -- Setting build type to Release as none was specified.
[19.568s] -- Found ament_lint_auto: 0.12.11 (/opt/ros/humble/share/ament_lint_auto/cmake)
[19.737s] -- Added test 'cppcheck' to perform static code analysis on C / C++ code
[19.737s] -- Configured cppcheck include dirs: /home/goblue/my_ws/yubot_purepursuit_controller/include
[19.737s] -- Configured cppcheck exclude dirs and/or files: 
[19.742s] -- Added test 'cpplint' to check C / C++ code against the Google style
[19.743s] -- Configured cpplint exclude dirs and/or files: 
[19.744s] -- Added test 'flake8' to check Python code syntax and style conventions
[19.746s] -- Added test 'lint_cmake' to check CMake code style
[19.748s] -- Added test 'pep257' to check Python code against some of the docstring style conventions in PEP 257
[19.751s] -- Added test 'uncrustify' to check C / C++ code style
[19.752s] -- Configured uncrustify additional arguments: 
[19.753s] -- Added test 'xmllint' to check XML markup files
[19.759s] -- Configuring done
[19.901s] -- Generating done
[19.904s] -- Build files have been written to: /home/goblue/my_ws/yubot_purepursuit_controller/build/yubot_purepursuit_controller
[19.917s] Invoked command in '/home/goblue/my_ws/yubot_purepursuit_controller/build/yubot_purepursuit_controller' returned '0': CMAKE_PREFIX_PATH=${CMAKE_PREFIX_PATH}:/home/goblue/interbotix_ws/install/interbotix_xs_modules:/home/goblue/interbotix_ws/install/interbotix_common_modules:/opt/ros/humble /usr/bin/cmake /home/goblue/my_ws/yubot_purepursuit_controller -DCMAKE_INSTALL_PREFIX=/home/goblue/my_ws/yubot_purepursuit_controller/install/yubot_purepursuit_controller
[19.919s] Invoking command in '/home/goblue/my_ws/yubot_purepursuit_controller/build/yubot_purepursuit_controller': CMAKE_PREFIX_PATH=${CMAKE_PREFIX_PATH}:/home/goblue/interbotix_ws/install/interbotix_xs_modules:/home/goblue/interbotix_ws/install/interbotix_common_modules:/opt/ros/humble /usr/bin/cmake --build /home/goblue/my_ws/yubot_purepursuit_controller/build/yubot_purepursuit_controller -- -j20 -l20
[19.966s] [ 50%] [32mBuilding CXX object CMakeFiles/yubot_purepursuit_controller.dir/src/pure_controller.cpp.o[0m
[28.757s] [100%] [32m[1mLinking CXX shared library libyubot_purepursuit_controller.so[0m
[29.319s] [100%] Built target yubot_purepursuit_controller
[29.331s] Invoked command in '/home/goblue/my_ws/yubot_purepursuit_controller/build/yubot_purepursuit_controller' returned '0': CMAKE_PREFIX_PATH=${CMAKE_PREFIX_PATH}:/home/goblue/interbotix_ws/install/interbotix_xs_modules:/home/goblue/interbotix_ws/install/interbotix_common_modules:/opt/ros/humble /usr/bin/cmake --build /home/goblue/my_ws/yubot_purepursuit_controller/build/yubot_purepursuit_controller -- -j20 -l20
[29.371s] Invoking command in '/home/goblue/my_ws/yubot_purepursuit_controller/build/yubot_purepursuit_controller': CMAKE_PREFIX_PATH=${CMAKE_PREFIX_PATH}:/home/goblue/interbotix_ws/install/interbotix_xs_modules:/home/goblue/interbotix_ws/install/interbotix_common_modules:/opt/ros/humble /usr/bin/cmake --install /home/goblue/my_ws/yubot_purepursuit_controller/build/yubot_purepursuit_controller
[29.378s] -- Install configuration: "Release"
[29.379s] -- Installing: /home/goblue/my_ws/yubot_purepursuit_controller/install/yubot_purepursuit_controller/lib/libyubot_purepursuit_controller.so
[29.379s] -- Set runtime path of "/home/goblue/my_ws/yubot_purepursuit_controller/install/yubot_purepursuit_controller/lib/libyubot_purepursuit_controller.so" to ""
[29.380s] -- Installing: /home/goblue/my_ws/yubot_purepursuit_controller/install/yubot_purepursuit_controller/include/
[29.380s] -- Installing: /home/goblue/my_ws/yubot_purepursuit_controller/install/yubot_purepursuit_controller/include//yubot_purepursuit_controller
[29.380s] -- Installing: /home/goblue/my_ws/yubot_purepursuit_controller/install/yubot_purepursuit_controller/share/yubot_purepursuit_controller/launch
[29.380s] -- Installing: /home/goblue/my_ws/yubot_purepursuit_controller/install/yubot_purepursuit_controller/share/yubot_purepursuit_controller/launch/nav2_bringup.launch.py
[29.382s] -- Installing: /home/goblue/my_ws/yubot_purepursuit_controller/install/yubot_purepursuit_controller/share/yubot_purepursuit_controller/params
[29.382s] -- Installing: /home/goblue/my_ws/yubot_purepursuit_controller/install/yubot_purepursuit_controller/share/yubot_purepursuit_controller/params/yuBot_nav2.yaml
[29.382s] [31mCMake Error at cmake_install.cmake:73 (file):
[29.382s]   file INSTALL cannot find
[29.383s]   "/home/goblue/my_ws/yubot_purepursuit_controller/maps": No such file or
[29.383s]   directory.
[29.383s] 
[29.383s] [0m
[29.386s] Invoked command in '/home/goblue/my_ws/yubot_purepursuit_controller/build/yubot_purepursuit_controller' returned '1': CMAKE_PREFIX_PATH=${CMAKE_PREFIX_PATH}:/home/goblue/interbotix_ws/install/interbotix_xs_modules:/home/goblue/interbotix_ws/install/interbotix_common_modules:/opt/ros/humble /usr/bin/cmake --install /home/goblue/my_ws/yubot_purepursuit_controller/build/yubot_purepursuit_controller
