[0.273s] DEBUG:colcon:Command line arguments: ['/usr/bin/colcon', 'build', '--packages-select', 'yuBot_cartographer']
[0.273s] DEBUG:colcon:Parsed command line arguments: Namespace(log_base=None, log_level=None, verb_name='build', build_base='build', install_base='install', merge_install=False, symlink_install=False, test_result_base=None, continue_on_error=False, executor='parallel', parallel_workers=20, event_handlers=None, ignore_user_meta=False, metas=['./colcon.meta'], base_paths=['.'], packages_ignore=None, packages_ignore_regex=None, paths=None, packages_up_to=None, packages_up_to_regex=None, packages_above=None, packages_above_and_dependencies=None, packages_above_depth=None, packages_select_by_dep=None, packages_skip_by_dep=None, packages_skip_up_to=None, packages_select_build_failed=False, packages_skip_build_finished=False, packages_select_test_failures=False, packages_skip_test_passed=False, packages_select=['yuBot_cartographer'], packages_skip=None, packages_select_regex=None, packages_skip_regex=None, packages_start=None, packages_end=None, allow_overriding=[], cmake_args=None, cmake_target=None, cmake_target_skip_unavailable=False, cmake_clean_cache=False, cmake_clean_first=False, cmake_force_configure=False, ament_cmake_args=None, catkin_cmake_args=None, catkin_skip_building_tests=False, mixin_files=None, mixin=None, verb_parser=<colcon_mixin.mixin.mixin_argument.MixinArgumentDecorator object at 0x7fa774f266e0>, verb_extension=<colcon_core.verb.build.BuildVerb object at 0x7fa774f25c00>, main=<bound method BuildVerb.main of <colcon_core.verb.build.BuildVerb object at 0x7fa774f25c00>>, mixin_verb=('build',))
[0.547s] Level 1:colcon.colcon_core.package_discovery:discover_packages(colcon_meta) check parameters
[0.547s] Level 1:colcon.colcon_core.package_discovery:discover_packages(recursive) check parameters
[0.547s] Level 1:colcon.colcon_core.package_discovery:discover_packages(ignore) check parameters
[0.547s] Level 1:colcon.colcon_core.package_discovery:discover_packages(path) check parameters
[0.547s] Level 1:colcon.colcon_core.package_discovery:discover_packages(colcon_meta) discover
[0.547s] Level 1:colcon.colcon_core.package_discovery:discover_packages(recursive) discover
[0.547s] INFO:colcon.colcon_core.package_discovery:Crawling recursively for packages in '/home/goblue/my_ws'
[0.547s] Level 1:colcon.colcon_core.package_identification:_identify(.) by extensions ['ignore', 'ignore_ament_install']
[0.547s] Level 1:colcon.colcon_core.package_identification:_identify(.) by extension 'ignore'
[0.547s] Level 1:colcon.colcon_core.package_identification:_identify(.) by extension 'ignore_ament_install'
[0.547s] Level 1:colcon.colcon_core.package_identification:_identify(.) by extensions ['colcon_pkg']
[0.547s] Level 1:colcon.colcon_core.package_identification:_identify(.) by extension 'colcon_pkg'
[0.547s] Level 1:colcon.colcon_core.package_identification:_identify(.) by extensions ['colcon_meta']
[0.547s] Level 1:colcon.colcon_core.package_identification:_identify(.) by extension 'colcon_meta'
[0.547s] Level 1:colcon.colcon_core.package_identification:_identify(.) by extensions ['ros']
[0.547s] Level 1:colcon.colcon_core.package_identification:_identify(.) by extension 'ros'
[0.558s] Level 1:colcon.colcon_core.package_identification:_identify(.) by extensions ['cmake', 'python']
[0.558s] Level 1:colcon.colcon_core.package_identification:_identify(.) by extension 'cmake'
[0.558s] Level 1:colcon.colcon_core.package_identification:_identify(.) by extension 'python'
[0.558s] Level 1:colcon.colcon_core.package_identification:_identify(.) by extensions ['python_setup_py']
[0.558s] Level 1:colcon.colcon_core.package_identification:_identify(.) by extension 'python_setup_py'
[0.559s] Level 1:colcon.colcon_core.package_identification:_identify(bot_description) by extensions ['ignore', 'ignore_ament_install']
[0.559s] Level 1:colcon.colcon_core.package_identification:_identify(bot_description) by extension 'ignore'
[0.559s] Level 1:colcon.colcon_core.package_identification:_identify(bot_description) by extension 'ignore_ament_install'
[0.559s] Level 1:colcon.colcon_core.package_identification:_identify(bot_description) by extensions ['colcon_pkg']
[0.559s] Level 1:colcon.colcon_core.package_identification:_identify(bot_description) by extension 'colcon_pkg'
[0.559s] Level 1:colcon.colcon_core.package_identification:_identify(bot_description) by extensions ['colcon_meta']
[0.559s] Level 1:colcon.colcon_core.package_identification:_identify(bot_description) by extension 'colcon_meta'
[0.559s] Level 1:colcon.colcon_core.package_identification:_identify(bot_description) by extensions ['ros']
[0.559s] Level 1:colcon.colcon_core.package_identification:_identify(bot_description) by extension 'ros'
[0.561s] DEBUG:colcon.colcon_core.package_identification:Package 'bot_description' with type 'ros.ament_python' and name 'bot_description'
[0.562s] Level 1:colcon.colcon_core.package_identification:_identify(build) by extensions ['ignore', 'ignore_ament_install']
[0.562s] Level 1:colcon.colcon_core.package_identification:_identify(build) by extension 'ignore'
[0.562s] Level 1:colcon.colcon_core.package_identification:_identify(build) ignored
[0.562s] Level 1:colcon.colcon_core.package_identification:_identify(install) by extensions ['ignore', 'ignore_ament_install']
[0.562s] Level 1:colcon.colcon_core.package_identification:_identify(install) by extension 'ignore'
[0.562s] Level 1:colcon.colcon_core.package_identification:_identify(install) ignored
[0.562s] Level 1:colcon.colcon_core.package_identification:_identify(log) by extensions ['ignore', 'ignore_ament_install']
[0.562s] Level 1:colcon.colcon_core.package_identification:_identify(log) by extension 'ignore'
[0.562s] Level 1:colcon.colcon_core.package_identification:_identify(log) ignored
[0.562s] Level 1:colcon.colcon_core.package_identification:_identify(yuBot_cartographer) by extensions ['ignore', 'ignore_ament_install']
[0.563s] Level 1:colcon.colcon_core.package_identification:_identify(yuBot_cartographer) by extension 'ignore'
[0.563s] Level 1:colcon.colcon_core.package_identification:_identify(yuBot_cartographer) by extension 'ignore_ament_install'
[0.563s] Level 1:colcon.colcon_core.package_identification:_identify(yuBot_cartographer) by extensions ['colcon_pkg']
[0.563s] Level 1:colcon.colcon_core.package_identification:_identify(yuBot_cartographer) by extension 'colcon_pkg'
[0.563s] Level 1:colcon.colcon_core.package_identification:_identify(yuBot_cartographer) by extensions ['colcon_meta']
[0.563s] Level 1:colcon.colcon_core.package_identification:_identify(yuBot_cartographer) by extension 'colcon_meta'
[0.563s] Level 1:colcon.colcon_core.package_identification:_identify(yuBot_cartographer) by extensions ['ros']
[0.563s] Level 1:colcon.colcon_core.package_identification:_identify(yuBot_cartographer) by extension 'ros'
[0.563s] DEBUG:colcon.colcon_core.package_identification:Package 'yuBot_cartographer' with type 'ros.ament_cmake' and name 'yuBot_cartographer'
[0.563s] Level 1:colcon.colcon_core.package_discovery:discover_packages(recursive) using defaults
[0.563s] Level 1:colcon.colcon_core.package_discovery:discover_packages(ignore) discover
[0.563s] Level 1:colcon.colcon_core.package_discovery:discover_packages(ignore) using defaults
[0.563s] Level 1:colcon.colcon_core.package_discovery:discover_packages(path) discover
[0.563s] Level 1:colcon.colcon_core.package_discovery:discover_packages(path) using defaults
[0.588s] INFO:colcon.colcon_core.package_selection:Skipping not selected package 'bot_description' in 'bot_description'
[0.588s] Level 1:colcon.colcon_core.package_discovery:discover_packages(prefix_path) check parameters
[0.588s] Level 1:colcon.colcon_core.package_discovery:discover_packages(prefix_path) discover
[0.604s] DEBUG:colcon.colcon_installed_package_information.package_discovery:Found 27 installed packages in /home/goblue/interbotix_ws/install
[0.605s] DEBUG:colcon.colcon_installed_package_information.package_discovery:Found 1 installed packages in /home/goblue/ros2_ws/install
[0.606s] DEBUG:colcon.colcon_installed_package_information.package_discovery:Found 398 installed packages in /opt/ros/humble
[0.607s] Level 1:colcon.colcon_core.package_discovery:discover_packages(prefix_path) using defaults
[0.701s] Level 5:colcon.colcon_core.verb:set package 'yuBot_cartographer' build argument 'cmake_args' from command line to 'None'
[0.701s] Level 5:colcon.colcon_core.verb:set package 'yuBot_cartographer' build argument 'cmake_target' from command line to 'None'
[0.701s] Level 5:colcon.colcon_core.verb:set package 'yuBot_cartographer' build argument 'cmake_target_skip_unavailable' from command line to 'False'
[0.701s] Level 5:colcon.colcon_core.verb:set package 'yuBot_cartographer' build argument 'cmake_clean_cache' from command line to 'False'
[0.701s] Level 5:colcon.colcon_core.verb:set package 'yuBot_cartographer' build argument 'cmake_clean_first' from command line to 'False'
[0.701s] Level 5:colcon.colcon_core.verb:set package 'yuBot_cartographer' build argument 'cmake_force_configure' from command line to 'False'
[0.701s] Level 5:colcon.colcon_core.verb:set package 'yuBot_cartographer' build argument 'ament_cmake_args' from command line to 'None'
[0.701s] Level 5:colcon.colcon_core.verb:set package 'yuBot_cartographer' build argument 'catkin_cmake_args' from command line to 'None'
[0.701s] Level 5:colcon.colcon_core.verb:set package 'yuBot_cartographer' build argument 'catkin_skip_building_tests' from command line to 'False'
[0.701s] DEBUG:colcon.colcon_core.verb:Building package 'yuBot_cartographer' with the following arguments: {'ament_cmake_args': None, 'build_base': '/home/goblue/my_ws/build/yuBot_cartographer', 'catkin_cmake_args': None, 'catkin_skip_building_tests': False, 'cmake_args': None, 'cmake_clean_cache': False, 'cmake_clean_first': False, 'cmake_force_configure': False, 'cmake_target': None, 'cmake_target_skip_unavailable': False, 'install_base': '/home/goblue/my_ws/install/yuBot_cartographer', 'merge_install': False, 'path': '/home/goblue/my_ws/yuBot_cartographer', 'symlink_install': False, 'test_result_base': None}
[0.701s] INFO:colcon.colcon_core.executor:Executing jobs using 'parallel' executor
[0.702s] DEBUG:colcon.colcon_parallel_executor.executor.parallel:run_until_complete
[0.702s] INFO:colcon.colcon_ros.task.ament_cmake.build:Building ROS package in '/home/goblue/my_ws/yuBot_cartographer' with build type 'ament_cmake'
[0.702s] INFO:colcon.colcon_cmake.task.cmake.build:Building CMake package in '/home/goblue/my_ws/yuBot_cartographer'
[0.707s] INFO:colcon.colcon_core.plugin_system:Skipping extension 'colcon_core.shell.bat': Not used on non-Windows systems
[0.707s] INFO:colcon.colcon_core.shell:Skip shell extension 'powershell' for command environment: Not usable outside of PowerShell
[0.707s] DEBUG:colcon.colcon_core.shell:Skip shell extension 'dsv' for command environment
[0.714s] DEBUG:colcon.colcon_core.event_handler.log_command:Invoking command in '/home/goblue/my_ws/build/yuBot_cartographer': CMAKE_PREFIX_PATH=${CMAKE_PREFIX_PATH}:/home/goblue/interbotix_ws/install/interbotix_xs_modules:/home/goblue/interbotix_ws/install/interbotix_common_modules:/home/goblue/ros2_ws/install/rse_gaussian_filters:/opt/ros/humble /usr/bin/cmake /home/goblue/my_ws/yuBot_cartographer -DCMAKE_INSTALL_PREFIX=/home/goblue/my_ws/install/yuBot_cartographer
[2.479s] DEBUG:colcon.colcon_core.event_handler.log_command:Invoked command in '/home/goblue/my_ws/build/yuBot_cartographer' returned '0': CMAKE_PREFIX_PATH=${CMAKE_PREFIX_PATH}:/home/goblue/interbotix_ws/install/interbotix_xs_modules:/home/goblue/interbotix_ws/install/interbotix_common_modules:/home/goblue/ros2_ws/install/rse_gaussian_filters:/opt/ros/humble /usr/bin/cmake /home/goblue/my_ws/yuBot_cartographer -DCMAKE_INSTALL_PREFIX=/home/goblue/my_ws/install/yuBot_cartographer
[2.480s] DEBUG:colcon.colcon_core.event_handler.log_command:Invoking command in '/home/goblue/my_ws/build/yuBot_cartographer': CMAKE_PREFIX_PATH=${CMAKE_PREFIX_PATH}:/home/goblue/interbotix_ws/install/interbotix_xs_modules:/home/goblue/interbotix_ws/install/interbotix_common_modules:/home/goblue/ros2_ws/install/rse_gaussian_filters:/opt/ros/humble /usr/bin/cmake --build /home/goblue/my_ws/build/yuBot_cartographer -- -j20 -l20
[2.501s] DEBUG:colcon.colcon_core.event_handler.log_command:Invoked command in '/home/goblue/my_ws/build/yuBot_cartographer' returned '0': CMAKE_PREFIX_PATH=${CMAKE_PREFIX_PATH}:/home/goblue/interbotix_ws/install/interbotix_xs_modules:/home/goblue/interbotix_ws/install/interbotix_common_modules:/home/goblue/ros2_ws/install/rse_gaussian_filters:/opt/ros/humble /usr/bin/cmake --build /home/goblue/my_ws/build/yuBot_cartographer -- -j20 -l20
[2.519s] DEBUG:colcon.colcon_core.event_handler.log_command:Invoking command in '/home/goblue/my_ws/build/yuBot_cartographer': CMAKE_PREFIX_PATH=${CMAKE_PREFIX_PATH}:/home/goblue/interbotix_ws/install/interbotix_xs_modules:/home/goblue/interbotix_ws/install/interbotix_common_modules:/home/goblue/ros2_ws/install/rse_gaussian_filters:/opt/ros/humble /usr/bin/cmake --install /home/goblue/my_ws/build/yuBot_cartographer
[2.525s] Level 1:colcon.colcon_core.environment:create_environment_scripts_only(yuBot_cartographer)
[2.525s] DEBUG:colcon.colcon_core.event_handler.log_command:Invoked command in '/home/goblue/my_ws/build/yuBot_cartographer' returned '0': CMAKE_PREFIX_PATH=${CMAKE_PREFIX_PATH}:/home/goblue/interbotix_ws/install/interbotix_xs_modules:/home/goblue/interbotix_ws/install/interbotix_common_modules:/home/goblue/ros2_ws/install/rse_gaussian_filters:/opt/ros/humble /usr/bin/cmake --install /home/goblue/my_ws/build/yuBot_cartographer
[2.530s] Level 1:colcon.colcon_core.environment:checking '/home/goblue/my_ws/install/yuBot_cartographer' for CMake module files
[2.530s] Level 1:colcon.colcon_core.environment:checking '/home/goblue/my_ws/install/yuBot_cartographer' for CMake config files
[2.530s] Level 1:colcon.colcon_core.shell:create_environment_hook('yuBot_cartographer', 'cmake_prefix_path')
[2.530s] INFO:colcon.colcon_core.shell:Creating environment hook '/home/goblue/my_ws/install/yuBot_cartographer/share/yuBot_cartographer/hook/cmake_prefix_path.ps1'
[2.531s] INFO:colcon.colcon_core.shell:Creating environment descriptor '/home/goblue/my_ws/install/yuBot_cartographer/share/yuBot_cartographer/hook/cmake_prefix_path.dsv'
[2.531s] INFO:colcon.colcon_core.shell:Creating environment hook '/home/goblue/my_ws/install/yuBot_cartographer/share/yuBot_cartographer/hook/cmake_prefix_path.sh'
[2.532s] Level 1:colcon.colcon_core.environment:checking '/home/goblue/my_ws/install/yuBot_cartographer/bin'
[2.532s] Level 1:colcon.colcon_core.environment:checking '/home/goblue/my_ws/install/yuBot_cartographer/lib/pkgconfig/yuBot_cartographer.pc'
[2.532s] Level 1:colcon.colcon_core.environment:checking '/home/goblue/my_ws/install/yuBot_cartographer/lib/python3.10/site-packages'
[2.532s] Level 1:colcon.colcon_core.environment:checking '/home/goblue/my_ws/install/yuBot_cartographer/bin'
[2.532s] INFO:colcon.colcon_core.shell:Creating package script '/home/goblue/my_ws/install/yuBot_cartographer/share/yuBot_cartographer/package.ps1'
[2.533s] INFO:colcon.colcon_core.shell:Creating package descriptor '/home/goblue/my_ws/install/yuBot_cartographer/share/yuBot_cartographer/package.dsv'
[2.534s] INFO:colcon.colcon_core.shell:Creating package script '/home/goblue/my_ws/install/yuBot_cartographer/share/yuBot_cartographer/package.sh'
[2.534s] INFO:colcon.colcon_core.shell:Creating package script '/home/goblue/my_ws/install/yuBot_cartographer/share/yuBot_cartographer/package.bash'
[2.535s] INFO:colcon.colcon_core.shell:Creating package script '/home/goblue/my_ws/install/yuBot_cartographer/share/yuBot_cartographer/package.zsh'
[2.535s] Level 1:colcon.colcon_core.environment:create_file_with_runtime_dependencies(/home/goblue/my_ws/install/yuBot_cartographer/share/colcon-core/packages/yuBot_cartographer)
[2.548s] Level 1:colcon.colcon_core.environment:create_environment_scripts_only(yuBot_cartographer)
[2.548s] Level 1:colcon.colcon_core.environment:checking '/home/goblue/my_ws/install/yuBot_cartographer' for CMake module files
[2.548s] Level 1:colcon.colcon_core.environment:checking '/home/goblue/my_ws/install/yuBot_cartographer' for CMake config files
[2.548s] Level 1:colcon.colcon_core.shell:create_environment_hook('yuBot_cartographer', 'cmake_prefix_path')
[2.548s] INFO:colcon.colcon_core.shell:Creating environment hook '/home/goblue/my_ws/install/yuBot_cartographer/share/yuBot_cartographer/hook/cmake_prefix_path.ps1'
[2.548s] INFO:colcon.colcon_core.shell:Creating environment descriptor '/home/goblue/my_ws/install/yuBot_cartographer/share/yuBot_cartographer/hook/cmake_prefix_path.dsv'
[2.549s] INFO:colcon.colcon_core.shell:Creating environment hook '/home/goblue/my_ws/install/yuBot_cartographer/share/yuBot_cartographer/hook/cmake_prefix_path.sh'
[2.549s] Level 1:colcon.colcon_core.environment:checking '/home/goblue/my_ws/install/yuBot_cartographer/bin'
[2.549s] Level 1:colcon.colcon_core.environment:checking '/home/goblue/my_ws/install/yuBot_cartographer/lib/pkgconfig/yuBot_cartographer.pc'
[2.549s] Level 1:colcon.colcon_core.environment:checking '/home/goblue/my_ws/install/yuBot_cartographer/lib/python3.10/site-packages'
[2.549s] Level 1:colcon.colcon_core.environment:checking '/home/goblue/my_ws/install/yuBot_cartographer/bin'
[2.549s] INFO:colcon.colcon_core.shell:Creating package script '/home/goblue/my_ws/install/yuBot_cartographer/share/yuBot_cartographer/package.ps1'
[2.550s] INFO:colcon.colcon_core.shell:Creating package descriptor '/home/goblue/my_ws/install/yuBot_cartographer/share/yuBot_cartographer/package.dsv'
[2.550s] INFO:colcon.colcon_core.shell:Creating package script '/home/goblue/my_ws/install/yuBot_cartographer/share/yuBot_cartographer/package.sh'
[2.550s] INFO:colcon.colcon_core.shell:Creating package script '/home/goblue/my_ws/install/yuBot_cartographer/share/yuBot_cartographer/package.bash'
[2.550s] INFO:colcon.colcon_core.shell:Creating package script '/home/goblue/my_ws/install/yuBot_cartographer/share/yuBot_cartographer/package.zsh'
[2.550s] Level 1:colcon.colcon_core.environment:create_file_with_runtime_dependencies(/home/goblue/my_ws/install/yuBot_cartographer/share/colcon-core/packages/yuBot_cartographer)
[2.551s] DEBUG:colcon.colcon_parallel_executor.executor.parallel:closing loop
[2.551s] DEBUG:colcon.colcon_parallel_executor.executor.parallel:loop closed
[2.551s] DEBUG:colcon.colcon_parallel_executor.executor.parallel:run_until_complete finished with '0'
[2.551s] DEBUG:colcon.colcon_core.event_reactor:joining thread
[2.560s] INFO:colcon.colcon_core.plugin_system:Skipping extension 'colcon_notification.desktop_notification.terminal_notifier': Not used on non-Darwin systems
[2.560s] INFO:colcon.colcon_core.plugin_system:Skipping extension 'colcon_notification.desktop_notification.win32': Not used on non-Windows systems
[2.560s] INFO:colcon.colcon_notification.desktop_notification:Sending desktop notification using 'notify2'
[2.884s] DEBUG:colcon.colcon_core.event_reactor:joined thread
[2.884s] INFO:colcon.colcon_core.shell:Creating prefix script '/home/goblue/my_ws/install/local_setup.ps1'
[2.885s] INFO:colcon.colcon_core.shell:Creating prefix util module '/home/goblue/my_ws/install/_local_setup_util_ps1.py'
[2.886s] INFO:colcon.colcon_core.shell:Creating prefix chain script '/home/goblue/my_ws/install/setup.ps1'
[2.887s] INFO:colcon.colcon_core.shell:Creating prefix script '/home/goblue/my_ws/install/local_setup.sh'
[2.888s] INFO:colcon.colcon_core.shell:Creating prefix util module '/home/goblue/my_ws/install/_local_setup_util_sh.py'
[2.888s] INFO:colcon.colcon_core.shell:Creating prefix chain script '/home/goblue/my_ws/install/setup.sh'
[2.890s] INFO:colcon.colcon_core.shell:Creating prefix script '/home/goblue/my_ws/install/local_setup.bash'
[2.890s] INFO:colcon.colcon_core.shell:Creating prefix chain script '/home/goblue/my_ws/install/setup.bash'
[2.891s] INFO:colcon.colcon_core.shell:Creating prefix script '/home/goblue/my_ws/install/local_setup.zsh'
[2.892s] INFO:colcon.colcon_core.shell:Creating prefix chain script '/home/goblue/my_ws/install/setup.zsh'
