[0.141s] Invoking command in '/home/goblue/my_ws/build/dwb_msgs': AMENT_PREFIX_PATH=/home/goblue/my_ws/install/nav_2d_msgs:${AMENT_PREFIX_PATH} CMAKE_PREFIX_PATH=/home/goblue/my_ws/install/nav_2d_msgs:/home/goblue/interbotix_ws/install/interbotix_ros_xsarms_examples:/home/goblue/interbotix_ws/install/interbotix_xsarm_moveit_interface:/home/goblue/interbotix_ws/install/interbotix_moveit_interface:/home/goblue/interbotix_ws/install/moveit_visual_tools:/home/goblue/interbotix_ws/install/interbotix_ros_xsarms:/home/goblue/interbotix_ws/install/interbotix_xsarm_moveit:/home/goblue/interbotix_ws/install/interbotix_xsarm_sim:/home/goblue/interbotix_ws/install/interbotix_xsarm_ros_control:/home/goblue/interbotix_ws/install/interbotix_xsarm_puppet:/home/goblue/interbotix_ws/install/interbotix_xsarm_joy:/home/goblue/interbotix_ws/install/interbotix_xsarm_dual:/home/goblue/interbotix_ws/install/interbotix_xsarm_control:/home/goblue/interbotix_ws/install/interbotix_xsarm_descriptions:/home/goblue/interbotix_ws/install/interbotix_xs_toolbox:/home/goblue/interbotix_ws/install/interbotix_xs_rviz:/home/goblue/interbotix_ws/install/interbotix_ros_xseries:/home/goblue/interbotix_ws/install/interbotix_xs_sdk:/home/goblue/interbotix_ws/install/interbotix_xs_ros_control:/home/goblue/interbotix_ws/install/interbotix_xs_msgs:/home/goblue/interbotix_ws/install/interbotix_xs_driver:/home/goblue/interbotix_ws/install/interbotix_tf_tools:/home/goblue/interbotix_ws/install/interbotix_moveit_interface_msgs:/home/goblue/interbotix_ws/install/interbotix_common_toolbox:/home/goblue/interbotix_ws/install/interbotix_common_sim:/home/goblue/interbotix_ws/install/dynamixel_workbench_toolbox:/home/goblue/interbotix_ws/install/interbotix_xs_modules:/home/goblue/interbotix_ws/install/interbotix_common_modules:/opt/ros/humble LD_LIBRARY_PATH=/home/goblue/my_ws/install/nav_2d_msgs/lib:/home/goblue/interbotix_ws/install/moveit_visual_tools/lib:/home/goblue/interbotix_ws/install/interbotix_xs_rviz/lib:/home/goblue/interbotix_ws/install/interbotix_xs_ros_control/lib:/home/goblue/interbotix_ws/install/interbotix_xs_msgs/lib:/home/goblue/interbotix_ws/install/interbotix_xs_driver/lib:/home/goblue/interbotix_ws/install/interbotix_tf_tools/lib:/home/goblue/interbotix_ws/install/interbotix_moveit_interface_msgs/lib:/home/goblue/interbotix_ws/install/dynamixel_workbench_toolbox/lib:/usr/lib/x86_64-linux-gnu/gazebo-11/plugins:/opt/ros/humble/opt/rviz_ogre_vendor/lib:/opt/ros/humble/lib/x86_64-linux-gnu:/opt/ros/humble/lib:/usr/lib/x86_64-linux-gnu/gazebo-11/plugins:/usr/lib/x86_64-linux-gnu/gazebo-11/plugins:/usr/lib/x86_64-linux-gnu/gazebo-11/plugins PYTHONPATH=/home/goblue/my_ws/install/nav_2d_msgs/local/lib/python3.10/dist-packages:${PYTHONPATH} /usr/bin/cmake --build /home/goblue/my_ws/build/dwb_msgs -- -j20 -l20
[0.168s] [35m[1mConsolidate compiler generated dependencies of target dwb_msgs__rosidl_generator_c[0m
[0.173s] [  1%] Built target dwb_msgs__cpp
[0.181s] [ 12%] Built target dwb_msgs__rosidl_generator_c
[0.182s] [ 12%] Built target ament_cmake_python_copy_dwb_msgs
[0.182s] [35m[1mConsolidate compiler generated dependencies of target dwb_msgs__rosidl_typesupport_cpp[0m
[0.183s] [35m[1mConsolidate compiler generated dependencies of target dwb_msgs__rosidl_typesupport_introspection_cpp[0m
[0.185s] [35m[1mConsolidate compiler generated dependencies of target dwb_msgs__rosidl_typesupport_fastrtps_cpp[0m
[0.191s] [35m[1mConsolidate compiler generated dependencies of target dwb_msgs__rosidl_typesupport_c[0m
[0.191s] [35m[1mConsolidate compiler generated dependencies of target dwb_msgs__rosidl_typesupport_fastrtps_c[0m
[0.192s] [35m[1mConsolidate compiler generated dependencies of target dwb_msgs__rosidl_typesupport_introspection_c[0m
[0.199s] [ 24%] Built target dwb_msgs__rosidl_typesupport_cpp
[0.199s] [ 35%] Built target dwb_msgs__rosidl_typesupport_introspection_cpp
[0.201s] [ 47%] Built target dwb_msgs__rosidl_typesupport_introspection_c
[0.203s] [ 60%] Built target dwb_msgs__rosidl_typesupport_c
[0.203s] [ 70%] Built target dwb_msgs__rosidl_typesupport_fastrtps_cpp
[0.209s] [ 82%] Built target dwb_msgs__rosidl_typesupport_fastrtps_c
[0.229s] [ 82%] Built target dwb_msgs
[0.244s] [ 83%] Built target dwb_msgs__py
[0.253s] [35m[1mConsolidate compiler generated dependencies of target dwb_msgs__rosidl_generator_py[0m
[0.266s] [ 93%] Built target dwb_msgs__rosidl_generator_py
[0.273s] [35m[1mConsolidate compiler generated dependencies of target dwb_msgs__rosidl_typesupport_fastrtps_c__pyext[0m
[0.276s] [35m[1mConsolidate compiler generated dependencies of target dwb_msgs__rosidl_typesupport_introspection_c__pyext[0m
[0.276s] [35m[1mConsolidate compiler generated dependencies of target dwb_msgs__rosidl_typesupport_c__pyext[0m
[0.283s] [ 95%] Built target dwb_msgs__rosidl_typesupport_fastrtps_c__pyext
[0.286s] [100%] Built target dwb_msgs__rosidl_typesupport_introspection_c__pyext
[0.287s] [100%] Built target dwb_msgs__rosidl_typesupport_c__pyext
[0.349s] running egg_info
[0.350s] writing dwb_msgs.egg-info/PKG-INFO
[0.350s] writing dependency_links to dwb_msgs.egg-info/dependency_links.txt
[0.350s] writing top-level names to dwb_msgs.egg-info/top_level.txt
[0.352s] reading manifest file 'dwb_msgs.egg-info/SOURCES.txt'
[0.352s] writing manifest file 'dwb_msgs.egg-info/SOURCES.txt'
[0.374s] [100%] Built target ament_cmake_python_build_dwb_msgs_egg
[0.381s] Invoked command in '/home/goblue/my_ws/build/dwb_msgs' returned '0': AMENT_PREFIX_PATH=/home/goblue/my_ws/install/nav_2d_msgs:${AMENT_PREFIX_PATH} CMAKE_PREFIX_PATH=/home/goblue/my_ws/install/nav_2d_msgs:/home/goblue/interbotix_ws/install/interbotix_ros_xsarms_examples:/home/goblue/interbotix_ws/install/interbotix_xsarm_moveit_interface:/home/goblue/interbotix_ws/install/interbotix_moveit_interface:/home/goblue/interbotix_ws/install/moveit_visual_tools:/home/goblue/interbotix_ws/install/interbotix_ros_xsarms:/home/goblue/interbotix_ws/install/interbotix_xsarm_moveit:/home/goblue/interbotix_ws/install/interbotix_xsarm_sim:/home/goblue/interbotix_ws/install/interbotix_xsarm_ros_control:/home/goblue/interbotix_ws/install/interbotix_xsarm_puppet:/home/goblue/interbotix_ws/install/interbotix_xsarm_joy:/home/goblue/interbotix_ws/install/interbotix_xsarm_dual:/home/goblue/interbotix_ws/install/interbotix_xsarm_control:/home/goblue/interbotix_ws/install/interbotix_xsarm_descriptions:/home/goblue/interbotix_ws/install/interbotix_xs_toolbox:/home/goblue/interbotix_ws/install/interbotix_xs_rviz:/home/goblue/interbotix_ws/install/interbotix_ros_xseries:/home/goblue/interbotix_ws/install/interbotix_xs_sdk:/home/goblue/interbotix_ws/install/interbotix_xs_ros_control:/home/goblue/interbotix_ws/install/interbotix_xs_msgs:/home/goblue/interbotix_ws/install/interbotix_xs_driver:/home/goblue/interbotix_ws/install/interbotix_tf_tools:/home/goblue/interbotix_ws/install/interbotix_moveit_interface_msgs:/home/goblue/interbotix_ws/install/interbotix_common_toolbox:/home/goblue/interbotix_ws/install/interbotix_common_sim:/home/goblue/interbotix_ws/install/dynamixel_workbench_toolbox:/home/goblue/interbotix_ws/install/interbotix_xs_modules:/home/goblue/interbotix_ws/install/interbotix_common_modules:/opt/ros/humble LD_LIBRARY_PATH=/home/goblue/my_ws/install/nav_2d_msgs/lib:/home/goblue/interbotix_ws/install/moveit_visual_tools/lib:/home/goblue/interbotix_ws/install/interbotix_xs_rviz/lib:/home/goblue/interbotix_ws/install/interbotix_xs_ros_control/lib:/home/goblue/interbotix_ws/install/interbotix_xs_msgs/lib:/home/goblue/interbotix_ws/install/interbotix_xs_driver/lib:/home/goblue/interbotix_ws/install/interbotix_tf_tools/lib:/home/goblue/interbotix_ws/install/interbotix_moveit_interface_msgs/lib:/home/goblue/interbotix_ws/install/dynamixel_workbench_toolbox/lib:/usr/lib/x86_64-linux-gnu/gazebo-11/plugins:/opt/ros/humble/opt/rviz_ogre_vendor/lib:/opt/ros/humble/lib/x86_64-linux-gnu:/opt/ros/humble/lib:/usr/lib/x86_64-linux-gnu/gazebo-11/plugins:/usr/lib/x86_64-linux-gnu/gazebo-11/plugins:/usr/lib/x86_64-linux-gnu/gazebo-11/plugins PYTHONPATH=/home/goblue/my_ws/install/nav_2d_msgs/local/lib/python3.10/dist-packages:${PYTHONPATH} /usr/bin/cmake --build /home/goblue/my_ws/build/dwb_msgs -- -j20 -l20
[0.533s] Invoking command in '/home/goblue/my_ws/build/dwb_msgs': AMENT_PREFIX_PATH=/home/goblue/my_ws/install/nav_2d_msgs:${AMENT_PREFIX_PATH} CMAKE_PREFIX_PATH=/home/goblue/my_ws/install/nav_2d_msgs:/home/goblue/interbotix_ws/install/interbotix_ros_xsarms_examples:/home/goblue/interbotix_ws/install/interbotix_xsarm_moveit_interface:/home/goblue/interbotix_ws/install/interbotix_moveit_interface:/home/goblue/interbotix_ws/install/moveit_visual_tools:/home/goblue/interbotix_ws/install/interbotix_ros_xsarms:/home/goblue/interbotix_ws/install/interbotix_xsarm_moveit:/home/goblue/interbotix_ws/install/interbotix_xsarm_sim:/home/goblue/interbotix_ws/install/interbotix_xsarm_ros_control:/home/goblue/interbotix_ws/install/interbotix_xsarm_puppet:/home/goblue/interbotix_ws/install/interbotix_xsarm_joy:/home/goblue/interbotix_ws/install/interbotix_xsarm_dual:/home/goblue/interbotix_ws/install/interbotix_xsarm_control:/home/goblue/interbotix_ws/install/interbotix_xsarm_descriptions:/home/goblue/interbotix_ws/install/interbotix_xs_toolbox:/home/goblue/interbotix_ws/install/interbotix_xs_rviz:/home/goblue/interbotix_ws/install/interbotix_ros_xseries:/home/goblue/interbotix_ws/install/interbotix_xs_sdk:/home/goblue/interbotix_ws/install/interbotix_xs_ros_control:/home/goblue/interbotix_ws/install/interbotix_xs_msgs:/home/goblue/interbotix_ws/install/interbotix_xs_driver:/home/goblue/interbotix_ws/install/interbotix_tf_tools:/home/goblue/interbotix_ws/install/interbotix_moveit_interface_msgs:/home/goblue/interbotix_ws/install/interbotix_common_toolbox:/home/goblue/interbotix_ws/install/interbotix_common_sim:/home/goblue/interbotix_ws/install/dynamixel_workbench_toolbox:/home/goblue/interbotix_ws/install/interbotix_xs_modules:/home/goblue/interbotix_ws/install/interbotix_common_modules:/opt/ros/humble LD_LIBRARY_PATH=/home/goblue/my_ws/install/nav_2d_msgs/lib:/home/goblue/interbotix_ws/install/moveit_visual_tools/lib:/home/goblue/interbotix_ws/install/interbotix_xs_rviz/lib:/home/goblue/interbotix_ws/install/interbotix_xs_ros_control/lib:/home/goblue/interbotix_ws/install/interbotix_xs_msgs/lib:/home/goblue/interbotix_ws/install/interbotix_xs_driver/lib:/home/goblue/interbotix_ws/install/interbotix_tf_tools/lib:/home/goblue/interbotix_ws/install/interbotix_moveit_interface_msgs/lib:/home/goblue/interbotix_ws/install/dynamixel_workbench_toolbox/lib:/usr/lib/x86_64-linux-gnu/gazebo-11/plugins:/opt/ros/humble/opt/rviz_ogre_vendor/lib:/opt/ros/humble/lib/x86_64-linux-gnu:/opt/ros/humble/lib:/usr/lib/x86_64-linux-gnu/gazebo-11/plugins:/usr/lib/x86_64-linux-gnu/gazebo-11/plugins:/usr/lib/x86_64-linux-gnu/gazebo-11/plugins PYTHONPATH=/home/goblue/my_ws/install/nav_2d_msgs/local/lib/python3.10/dist-packages:${PYTHONPATH} /usr/bin/cmake --install /home/goblue/my_ws/build/dwb_msgs
[0.538s] -- Install configuration: ""
[0.538s] -- Up-to-date: /home/goblue/my_ws/install/dwb_msgs/share/ament_index/resource_index/rosidl_interfaces/dwb_msgs
[0.539s] -- Up-to-date: /home/goblue/my_ws/install/dwb_msgs/include/dwb_msgs/dwb_msgs
[0.539s] -- Up-to-date: /home/goblue/my_ws/install/dwb_msgs/include/dwb_msgs/dwb_msgs/msg
[0.540s] -- Up-to-date: /home/goblue/my_ws/install/dwb_msgs/include/dwb_msgs/dwb_msgs/msg/trajectory2_d.h
[0.540s] -- Up-to-date: /home/goblue/my_ws/install/dwb_msgs/include/dwb_msgs/dwb_msgs/msg/rosidl_generator_c__visibility_control.h
[0.540s] -- Up-to-date: /home/goblue/my_ws/install/dwb_msgs/include/dwb_msgs/dwb_msgs/msg/critic_score.h
[0.541s] -- Up-to-date: /home/goblue/my_ws/install/dwb_msgs/include/dwb_msgs/dwb_msgs/msg/local_plan_evaluation.h
[0.541s] -- Up-to-date: /home/goblue/my_ws/install/dwb_msgs/include/dwb_msgs/dwb_msgs/msg/detail
[0.541s] -- Up-to-date: /home/goblue/my_ws/install/dwb_msgs/include/dwb_msgs/dwb_msgs/msg/detail/trajectory2_d__struct.h
[0.541s] -- Up-to-date: /home/goblue/my_ws/install/dwb_msgs/include/dwb_msgs/dwb_msgs/msg/detail/trajectory_score__functions.h
[0.541s] -- Up-to-date: /home/goblue/my_ws/install/dwb_msgs/include/dwb_msgs/dwb_msgs/msg/detail/local_plan_evaluation__functions.h
[0.542s] -- Up-to-date: /home/goblue/my_ws/install/dwb_msgs/include/dwb_msgs/dwb_msgs/msg/detail/critic_score__type_support.h
[0.542s] -- Up-to-date: /home/goblue/my_ws/install/dwb_msgs/include/dwb_msgs/dwb_msgs/msg/detail/local_plan_evaluation__type_support.h
[0.542s] -- Up-to-date: /home/goblue/my_ws/install/dwb_msgs/include/dwb_msgs/dwb_msgs/msg/detail/trajectory_score__type_support.h
[0.543s] -- Up-to-date: /home/goblue/my_ws/install/dwb_msgs/include/dwb_msgs/dwb_msgs/msg/detail/local_plan_evaluation__struct.h
[0.543s] -- Up-to-date: /home/goblue/my_ws/install/dwb_msgs/include/dwb_msgs/dwb_msgs/msg/detail/trajectory2_d__functions.h
[0.543s] -- Up-to-date: /home/goblue/my_ws/install/dwb_msgs/include/dwb_msgs/dwb_msgs/msg/detail/local_plan_evaluation__functions.c
[0.543s] -- Up-to-date: /home/goblue/my_ws/install/dwb_msgs/include/dwb_msgs/dwb_msgs/msg/detail/trajectory_score__functions.c
[0.543s] -- Up-to-date: /home/goblue/my_ws/install/dwb_msgs/include/dwb_msgs/dwb_msgs/msg/detail/trajectory2_d__functions.c
[0.543s] -- Up-to-date: /home/goblue/my_ws/install/dwb_msgs/include/dwb_msgs/dwb_msgs/msg/detail/trajectory2_d__type_support.h
[0.544s] -- Up-to-date: /home/goblue/my_ws/install/dwb_msgs/include/dwb_msgs/dwb_msgs/msg/detail/critic_score__functions.c
[0.544s] -- Up-to-date: /home/goblue/my_ws/install/dwb_msgs/include/dwb_msgs/dwb_msgs/msg/detail/critic_score__functions.h
[0.544s] -- Up-to-date: /home/goblue/my_ws/install/dwb_msgs/include/dwb_msgs/dwb_msgs/msg/detail/trajectory_score__struct.h
[0.544s] -- Up-to-date: /home/goblue/my_ws/install/dwb_msgs/include/dwb_msgs/dwb_msgs/msg/detail/critic_score__struct.h
[0.544s] -- Up-to-date: /home/goblue/my_ws/install/dwb_msgs/include/dwb_msgs/dwb_msgs/msg/trajectory_score.h
[0.545s] -- Up-to-date: /home/goblue/my_ws/install/dwb_msgs/include/dwb_msgs/dwb_msgs/srv
[0.545s] -- Up-to-date: /home/goblue/my_ws/install/dwb_msgs/include/dwb_msgs/dwb_msgs/srv/generate_twists.h
[0.545s] -- Up-to-date: /home/goblue/my_ws/install/dwb_msgs/include/dwb_msgs/dwb_msgs/srv/score_trajectory.h
[0.545s] -- Up-to-date: /home/goblue/my_ws/install/dwb_msgs/include/dwb_msgs/dwb_msgs/srv/debug_local_plan.h
[0.545s] -- Up-to-date: /home/goblue/my_ws/install/dwb_msgs/include/dwb_msgs/dwb_msgs/srv/detail
[0.545s] -- Up-to-date: /home/goblue/my_ws/install/dwb_msgs/include/dwb_msgs/dwb_msgs/srv/detail/score_trajectory__functions.c
[0.546s] -- Up-to-date: /home/goblue/my_ws/install/dwb_msgs/include/dwb_msgs/dwb_msgs/srv/detail/debug_local_plan__functions.c
[0.546s] -- Up-to-date: /home/goblue/my_ws/install/dwb_msgs/include/dwb_msgs/dwb_msgs/srv/detail/debug_local_plan__struct.h
[0.546s] -- Up-to-date: /home/goblue/my_ws/install/dwb_msgs/include/dwb_msgs/dwb_msgs/srv/detail/debug_local_plan__functions.h
[0.546s] -- Up-to-date: /home/goblue/my_ws/install/dwb_msgs/include/dwb_msgs/dwb_msgs/srv/detail/generate_twists__functions.h
[0.546s] -- Up-to-date: /home/goblue/my_ws/install/dwb_msgs/include/dwb_msgs/dwb_msgs/srv/detail/debug_local_plan__type_support.h
[0.546s] -- Up-to-date: /home/goblue/my_ws/install/dwb_msgs/include/dwb_msgs/dwb_msgs/srv/detail/generate_twists__struct.h
[0.546s] -- Up-to-date: /home/goblue/my_ws/install/dwb_msgs/include/dwb_msgs/dwb_msgs/srv/detail/get_critic_score__functions.h
[0.547s] -- Up-to-date: /home/goblue/my_ws/install/dwb_msgs/include/dwb_msgs/dwb_msgs/srv/detail/generate_trajectory__functions.h
[0.547s] -- Up-to-date: /home/goblue/my_ws/install/dwb_msgs/include/dwb_msgs/dwb_msgs/srv/detail/score_trajectory__type_support.h
[0.547s] -- Up-to-date: /home/goblue/my_ws/install/dwb_msgs/include/dwb_msgs/dwb_msgs/srv/detail/score_trajectory__struct.h
[0.547s] -- Up-to-date: /home/goblue/my_ws/install/dwb_msgs/include/dwb_msgs/dwb_msgs/srv/detail/generate_trajectory__struct.h
[0.547s] -- Up-to-date: /home/goblue/my_ws/install/dwb_msgs/include/dwb_msgs/dwb_msgs/srv/detail/get_critic_score__functions.c
[0.547s] -- Up-to-date: /home/goblue/my_ws/install/dwb_msgs/include/dwb_msgs/dwb_msgs/srv/detail/generate_twists__functions.c
[0.547s] -- Up-to-date: /home/goblue/my_ws/install/dwb_msgs/include/dwb_msgs/dwb_msgs/srv/detail/generate_trajectory__type_support.h
[0.547s] -- Up-to-date: /home/goblue/my_ws/install/dwb_msgs/include/dwb_msgs/dwb_msgs/srv/detail/score_trajectory__functions.h
[0.547s] -- Up-to-date: /home/goblue/my_ws/install/dwb_msgs/include/dwb_msgs/dwb_msgs/srv/detail/get_critic_score__struct.h
[0.547s] -- Up-to-date: /home/goblue/my_ws/install/dwb_msgs/include/dwb_msgs/dwb_msgs/srv/detail/generate_trajectory__functions.c
[0.547s] -- Up-to-date: /home/goblue/my_ws/install/dwb_msgs/include/dwb_msgs/dwb_msgs/srv/detail/generate_twists__type_support.h
[0.547s] -- Up-to-date: /home/goblue/my_ws/install/dwb_msgs/include/dwb_msgs/dwb_msgs/srv/detail/get_critic_score__type_support.h
[0.547s] -- Up-to-date: /home/goblue/my_ws/install/dwb_msgs/include/dwb_msgs/dwb_msgs/srv/generate_trajectory.h
[0.547s] -- Up-to-date: /home/goblue/my_ws/install/dwb_msgs/include/dwb_msgs/dwb_msgs/srv/get_critic_score.h
[0.547s] -- Up-to-date: /home/goblue/my_ws/install/dwb_msgs/share/dwb_msgs/environment/library_path.sh
[0.547s] -- Up-to-date: /home/goblue/my_ws/install/dwb_msgs/share/dwb_msgs/environment/library_path.dsv
[0.547s] -- Up-to-date: /home/goblue/my_ws/install/dwb_msgs/lib/libdwb_msgs__rosidl_generator_c.so
[0.548s] -- Up-to-date: /home/goblue/my_ws/install/dwb_msgs/include/dwb_msgs/dwb_msgs
[0.548s] -- Up-to-date: /home/goblue/my_ws/install/dwb_msgs/include/dwb_msgs/dwb_msgs/msg
[0.548s] -- Up-to-date: /home/goblue/my_ws/install/dwb_msgs/include/dwb_msgs/dwb_msgs/msg/detail
[0.548s] -- Up-to-date: /home/goblue/my_ws/install/dwb_msgs/include/dwb_msgs/dwb_msgs/msg/detail/critic_score__rosidl_typesupport_fastrtps_c.h
[0.548s] -- Up-to-date: /home/goblue/my_ws/install/dwb_msgs/include/dwb_msgs/dwb_msgs/msg/detail/trajectory2_d__rosidl_typesupport_fastrtps_c.h
[0.548s] -- Up-to-date: /home/goblue/my_ws/install/dwb_msgs/include/dwb_msgs/dwb_msgs/msg/detail/trajectory_score__rosidl_typesupport_fastrtps_c.h
[0.548s] -- Up-to-date: /home/goblue/my_ws/install/dwb_msgs/include/dwb_msgs/dwb_msgs/msg/detail/local_plan_evaluation__rosidl_typesupport_fastrtps_c.h
[0.548s] -- Up-to-date: /home/goblue/my_ws/install/dwb_msgs/include/dwb_msgs/dwb_msgs/msg/rosidl_typesupport_fastrtps_c__visibility_control.h
[0.548s] -- Up-to-date: /home/goblue/my_ws/install/dwb_msgs/include/dwb_msgs/dwb_msgs/srv
[0.548s] -- Up-to-date: /home/goblue/my_ws/install/dwb_msgs/include/dwb_msgs/dwb_msgs/srv/detail
[0.548s] -- Up-to-date: /home/goblue/my_ws/install/dwb_msgs/include/dwb_msgs/dwb_msgs/srv/detail/generate_trajectory__rosidl_typesupport_fastrtps_c.h
[0.548s] -- Up-to-date: /home/goblue/my_ws/install/dwb_msgs/include/dwb_msgs/dwb_msgs/srv/detail/get_critic_score__rosidl_typesupport_fastrtps_c.h
[0.549s] -- Up-to-date: /home/goblue/my_ws/install/dwb_msgs/include/dwb_msgs/dwb_msgs/srv/detail/generate_twists__rosidl_typesupport_fastrtps_c.h
[0.549s] -- Up-to-date: /home/goblue/my_ws/install/dwb_msgs/include/dwb_msgs/dwb_msgs/srv/detail/score_trajectory__rosidl_typesupport_fastrtps_c.h
[0.549s] -- Up-to-date: /home/goblue/my_ws/install/dwb_msgs/include/dwb_msgs/dwb_msgs/srv/detail/debug_local_plan__rosidl_typesupport_fastrtps_c.h
[0.549s] -- Up-to-date: /home/goblue/my_ws/install/dwb_msgs/lib/libdwb_msgs__rosidl_typesupport_fastrtps_c.so
[0.549s] -- Up-to-date: /home/goblue/my_ws/install/dwb_msgs/include/dwb_msgs/dwb_msgs
[0.549s] -- Up-to-date: /home/goblue/my_ws/install/dwb_msgs/include/dwb_msgs/dwb_msgs/msg
[0.549s] -- Up-to-date: /home/goblue/my_ws/install/dwb_msgs/include/dwb_msgs/dwb_msgs/msg/trajectory2_d.hpp
[0.549s] -- Up-to-date: /home/goblue/my_ws/install/dwb_msgs/include/dwb_msgs/dwb_msgs/msg/detail
[0.549s] -- Up-to-date: /home/goblue/my_ws/install/dwb_msgs/include/dwb_msgs/dwb_msgs/msg/detail/local_plan_evaluation__struct.hpp
[0.549s] -- Up-to-date: /home/goblue/my_ws/install/dwb_msgs/include/dwb_msgs/dwb_msgs/msg/detail/critic_score__traits.hpp
[0.550s] -- Up-to-date: /home/goblue/my_ws/install/dwb_msgs/include/dwb_msgs/dwb_msgs/msg/detail/local_plan_evaluation__builder.hpp
[0.550s] -- Up-to-date: /home/goblue/my_ws/install/dwb_msgs/include/dwb_msgs/dwb_msgs/msg/detail/trajectory_score__traits.hpp
[0.550s] -- Up-to-date: /home/goblue/my_ws/install/dwb_msgs/include/dwb_msgs/dwb_msgs/msg/detail/trajectory2_d__struct.hpp
[0.550s] -- Up-to-date: /home/goblue/my_ws/install/dwb_msgs/include/dwb_msgs/dwb_msgs/msg/detail/critic_score__builder.hpp
[0.550s] -- Up-to-date: /home/goblue/my_ws/install/dwb_msgs/include/dwb_msgs/dwb_msgs/msg/detail/local_plan_evaluation__traits.hpp
[0.550s] -- Up-to-date: /home/goblue/my_ws/install/dwb_msgs/include/dwb_msgs/dwb_msgs/msg/detail/critic_score__struct.hpp
[0.550s] -- Up-to-date: /home/goblue/my_ws/install/dwb_msgs/include/dwb_msgs/dwb_msgs/msg/detail/trajectory_score__builder.hpp
[0.550s] -- Up-to-date: /home/goblue/my_ws/install/dwb_msgs/include/dwb_msgs/dwb_msgs/msg/detail/trajectory2_d__traits.hpp
[0.550s] -- Up-to-date: /home/goblue/my_ws/install/dwb_msgs/include/dwb_msgs/dwb_msgs/msg/detail/trajectory_score__struct.hpp
[0.551s] -- Up-to-date: /home/goblue/my_ws/install/dwb_msgs/include/dwb_msgs/dwb_msgs/msg/detail/trajectory2_d__builder.hpp
[0.551s] -- Up-to-date: /home/goblue/my_ws/install/dwb_msgs/include/dwb_msgs/dwb_msgs/msg/critic_score.hpp
[0.551s] -- Up-to-date: /home/goblue/my_ws/install/dwb_msgs/include/dwb_msgs/dwb_msgs/msg/local_plan_evaluation.hpp
[0.551s] -- Up-to-date: /home/goblue/my_ws/install/dwb_msgs/include/dwb_msgs/dwb_msgs/msg/trajectory_score.hpp
[0.551s] -- Up-to-date: /home/goblue/my_ws/install/dwb_msgs/include/dwb_msgs/dwb_msgs/srv
[0.551s] -- Up-to-date: /home/goblue/my_ws/install/dwb_msgs/include/dwb_msgs/dwb_msgs/srv/generate_twists.hpp
[0.551s] -- Up-to-date: /home/goblue/my_ws/install/dwb_msgs/include/dwb_msgs/dwb_msgs/srv/score_trajectory.hpp
[0.551s] -- Up-to-date: /home/goblue/my_ws/install/dwb_msgs/include/dwb_msgs/dwb_msgs/srv/get_critic_score.hpp
[0.551s] -- Up-to-date: /home/goblue/my_ws/install/dwb_msgs/include/dwb_msgs/dwb_msgs/srv/detail
[0.551s] -- Up-to-date: /home/goblue/my_ws/install/dwb_msgs/include/dwb_msgs/dwb_msgs/srv/detail/generate_twists__struct.hpp
[0.551s] -- Up-to-date: /home/goblue/my_ws/install/dwb_msgs/include/dwb_msgs/dwb_msgs/srv/detail/debug_local_plan__traits.hpp
[0.552s] -- Up-to-date: /home/goblue/my_ws/install/dwb_msgs/include/dwb_msgs/dwb_msgs/srv/detail/score_trajectory__traits.hpp
[0.552s] -- Up-to-date: /home/goblue/my_ws/install/dwb_msgs/include/dwb_msgs/dwb_msgs/srv/detail/debug_local_plan__struct.hpp
[0.552s] -- Up-to-date: /home/goblue/my_ws/install/dwb_msgs/include/dwb_msgs/dwb_msgs/srv/detail/get_critic_score__builder.hpp
[0.552s] -- Up-to-date: /home/goblue/my_ws/install/dwb_msgs/include/dwb_msgs/dwb_msgs/srv/detail/score_trajectory__struct.hpp
[0.552s] -- Up-to-date: /home/goblue/my_ws/install/dwb_msgs/include/dwb_msgs/dwb_msgs/srv/detail/generate_trajectory__traits.hpp
[0.552s] -- Up-to-date: /home/goblue/my_ws/install/dwb_msgs/include/dwb_msgs/dwb_msgs/srv/detail/generate_trajectory__struct.hpp
[0.552s] -- Up-to-date: /home/goblue/my_ws/install/dwb_msgs/include/dwb_msgs/dwb_msgs/srv/detail/generate_twists__traits.hpp
[0.552s] -- Up-to-date: /home/goblue/my_ws/install/dwb_msgs/include/dwb_msgs/dwb_msgs/srv/detail/get_critic_score__struct.hpp
[0.552s] -- Up-to-date: /home/goblue/my_ws/install/dwb_msgs/include/dwb_msgs/dwb_msgs/srv/detail/generate_twists__builder.hpp
[0.552s] -- Up-to-date: /home/goblue/my_ws/install/dwb_msgs/include/dwb_msgs/dwb_msgs/srv/detail/score_trajectory__builder.hpp
[0.553s] -- Up-to-date: /home/goblue/my_ws/install/dwb_msgs/include/dwb_msgs/dwb_msgs/srv/detail/generate_trajectory__builder.hpp
[0.553s] -- Up-to-date: /home/goblue/my_ws/install/dwb_msgs/include/dwb_msgs/dwb_msgs/srv/detail/debug_local_plan__builder.hpp
[0.553s] -- Up-to-date: /home/goblue/my_ws/install/dwb_msgs/include/dwb_msgs/dwb_msgs/srv/detail/get_critic_score__traits.hpp
[0.553s] -- Up-to-date: /home/goblue/my_ws/install/dwb_msgs/include/dwb_msgs/dwb_msgs/srv/debug_local_plan.hpp
[0.553s] -- Up-to-date: /home/goblue/my_ws/install/dwb_msgs/include/dwb_msgs/dwb_msgs/srv/generate_trajectory.hpp
[0.553s] -- Up-to-date: /home/goblue/my_ws/install/dwb_msgs/include/dwb_msgs/dwb_msgs
[0.553s] -- Up-to-date: /home/goblue/my_ws/install/dwb_msgs/include/dwb_msgs/dwb_msgs/msg
[0.554s] -- Up-to-date: /home/goblue/my_ws/install/dwb_msgs/include/dwb_msgs/dwb_msgs/msg/rosidl_typesupport_fastrtps_cpp__visibility_control.h
[0.554s] -- Up-to-date: /home/goblue/my_ws/install/dwb_msgs/include/dwb_msgs/dwb_msgs/msg/detail
[0.554s] -- Up-to-date: /home/goblue/my_ws/install/dwb_msgs/include/dwb_msgs/dwb_msgs/msg/detail/local_plan_evaluation__rosidl_typesupport_fastrtps_cpp.hpp
[0.554s] -- Up-to-date: /home/goblue/my_ws/install/dwb_msgs/include/dwb_msgs/dwb_msgs/msg/detail/trajectory_score__rosidl_typesupport_fastrtps_cpp.hpp
[0.554s] -- Up-to-date: /home/goblue/my_ws/install/dwb_msgs/include/dwb_msgs/dwb_msgs/msg/detail/critic_score__rosidl_typesupport_fastrtps_cpp.hpp
[0.554s] -- Up-to-date: /home/goblue/my_ws/install/dwb_msgs/include/dwb_msgs/dwb_msgs/msg/detail/dds_fastrtps
[0.554s] -- Up-to-date: /home/goblue/my_ws/install/dwb_msgs/include/dwb_msgs/dwb_msgs/msg/detail/trajectory2_d__rosidl_typesupport_fastrtps_cpp.hpp
[0.554s] -- Up-to-date: /home/goblue/my_ws/install/dwb_msgs/include/dwb_msgs/dwb_msgs/srv
[0.554s] -- Up-to-date: /home/goblue/my_ws/install/dwb_msgs/include/dwb_msgs/dwb_msgs/srv/detail
[0.554s] -- Up-to-date: /home/goblue/my_ws/install/dwb_msgs/include/dwb_msgs/dwb_msgs/srv/detail/generate_trajectory__rosidl_typesupport_fastrtps_cpp.hpp
[0.554s] -- Up-to-date: /home/goblue/my_ws/install/dwb_msgs/include/dwb_msgs/dwb_msgs/srv/detail/score_trajectory__rosidl_typesupport_fastrtps_cpp.hpp
[0.554s] -- Up-to-date: /home/goblue/my_ws/install/dwb_msgs/include/dwb_msgs/dwb_msgs/srv/detail/debug_local_plan__rosidl_typesupport_fastrtps_cpp.hpp
[0.554s] -- Up-to-date: /home/goblue/my_ws/install/dwb_msgs/include/dwb_msgs/dwb_msgs/srv/detail/dds_fastrtps
[0.554s] -- Up-to-date: /home/goblue/my_ws/install/dwb_msgs/include/dwb_msgs/dwb_msgs/srv/detail/get_critic_score__rosidl_typesupport_fastrtps_cpp.hpp
[0.554s] -- Up-to-date: /home/goblue/my_ws/install/dwb_msgs/include/dwb_msgs/dwb_msgs/srv/detail/generate_twists__rosidl_typesupport_fastrtps_cpp.hpp
[0.554s] -- Up-to-date: /home/goblue/my_ws/install/dwb_msgs/lib/libdwb_msgs__rosidl_typesupport_fastrtps_cpp.so
[0.554s] -- Up-to-date: /home/goblue/my_ws/install/dwb_msgs/include/dwb_msgs/dwb_msgs
[0.554s] -- Up-to-date: /home/goblue/my_ws/install/dwb_msgs/include/dwb_msgs/dwb_msgs/msg
[0.554s] -- Up-to-date: /home/goblue/my_ws/install/dwb_msgs/include/dwb_msgs/dwb_msgs/msg/rosidl_typesupport_introspection_c__visibility_control.h
[0.554s] -- Up-to-date: /home/goblue/my_ws/install/dwb_msgs/include/dwb_msgs/dwb_msgs/msg/detail
[0.554s] -- Up-to-date: /home/goblue/my_ws/install/dwb_msgs/include/dwb_msgs/dwb_msgs/msg/detail/critic_score__type_support.c
[0.554s] -- Up-to-date: /home/goblue/my_ws/install/dwb_msgs/include/dwb_msgs/dwb_msgs/msg/detail/local_plan_evaluation__rosidl_typesupport_introspection_c.h
[0.555s] -- Up-to-date: /home/goblue/my_ws/install/dwb_msgs/include/dwb_msgs/dwb_msgs/msg/detail/critic_score__rosidl_typesupport_introspection_c.h
[0.555s] -- Up-to-date: /home/goblue/my_ws/install/dwb_msgs/include/dwb_msgs/dwb_msgs/msg/detail/local_plan_evaluation__type_support.c
[0.555s] -- Up-to-date: /home/goblue/my_ws/install/dwb_msgs/include/dwb_msgs/dwb_msgs/msg/detail/trajectory_score__type_support.c
[0.555s] -- Up-to-date: /home/goblue/my_ws/install/dwb_msgs/include/dwb_msgs/dwb_msgs/msg/detail/trajectory2_d__type_support.c
[0.555s] -- Up-to-date: /home/goblue/my_ws/install/dwb_msgs/include/dwb_msgs/dwb_msgs/msg/detail/trajectory_score__rosidl_typesupport_introspection_c.h
[0.555s] -- Up-to-date: /home/goblue/my_ws/install/dwb_msgs/include/dwb_msgs/dwb_msgs/msg/detail/trajectory2_d__rosidl_typesupport_introspection_c.h
[0.555s] -- Up-to-date: /home/goblue/my_ws/install/dwb_msgs/include/dwb_msgs/dwb_msgs/srv
[0.555s] -- Up-to-date: /home/goblue/my_ws/install/dwb_msgs/include/dwb_msgs/dwb_msgs/srv/detail
[0.555s] -- Up-to-date: /home/goblue/my_ws/install/dwb_msgs/include/dwb_msgs/dwb_msgs/srv/detail/debug_local_plan__rosidl_typesupport_introspection_c.h
[0.555s] -- Up-to-date: /home/goblue/my_ws/install/dwb_msgs/include/dwb_msgs/dwb_msgs/srv/detail/score_trajectory__rosidl_typesupport_introspection_c.h
[0.555s] -- Up-to-date: /home/goblue/my_ws/install/dwb_msgs/include/dwb_msgs/dwb_msgs/srv/detail/generate_trajectory__rosidl_typesupport_introspection_c.h
[0.555s] -- Up-to-date: /home/goblue/my_ws/install/dwb_msgs/include/dwb_msgs/dwb_msgs/srv/detail/generate_twists__type_support.c
[0.556s] -- Up-to-date: /home/goblue/my_ws/install/dwb_msgs/include/dwb_msgs/dwb_msgs/srv/detail/get_critic_score__rosidl_typesupport_introspection_c.h
[0.556s] -- Up-to-date: /home/goblue/my_ws/install/dwb_msgs/include/dwb_msgs/dwb_msgs/srv/detail/score_trajectory__type_support.c
[0.556s] -- Up-to-date: /home/goblue/my_ws/install/dwb_msgs/include/dwb_msgs/dwb_msgs/srv/detail/generate_trajectory__type_support.c
[0.556s] -- Up-to-date: /home/goblue/my_ws/install/dwb_msgs/include/dwb_msgs/dwb_msgs/srv/detail/debug_local_plan__type_support.c
[0.556s] -- Up-to-date: /home/goblue/my_ws/install/dwb_msgs/include/dwb_msgs/dwb_msgs/srv/detail/get_critic_score__type_support.c
[0.556s] -- Up-to-date: /home/goblue/my_ws/install/dwb_msgs/include/dwb_msgs/dwb_msgs/srv/detail/generate_twists__rosidl_typesupport_introspection_c.h
[0.556s] -- Up-to-date: /home/goblue/my_ws/install/dwb_msgs/lib/libdwb_msgs__rosidl_typesupport_introspection_c.so
[0.556s] -- Up-to-date: /home/goblue/my_ws/install/dwb_msgs/lib/libdwb_msgs__rosidl_typesupport_c.so
[0.556s] -- Up-to-date: /home/goblue/my_ws/install/dwb_msgs/include/dwb_msgs/dwb_msgs
[0.556s] -- Up-to-date: /home/goblue/my_ws/install/dwb_msgs/include/dwb_msgs/dwb_msgs/msg
[0.556s] -- Up-to-date: /home/goblue/my_ws/install/dwb_msgs/include/dwb_msgs/dwb_msgs/msg/detail
[0.556s] -- Up-to-date: /home/goblue/my_ws/install/dwb_msgs/include/dwb_msgs/dwb_msgs/msg/detail/trajectory2_d__type_support.cpp
[0.556s] -- Up-to-date: /home/goblue/my_ws/install/dwb_msgs/include/dwb_msgs/dwb_msgs/msg/detail/critic_score__type_support.cpp
[0.556s] -- Up-to-date: /home/goblue/my_ws/install/dwb_msgs/include/dwb_msgs/dwb_msgs/msg/detail/local_plan_evaluation__type_support.cpp
[0.556s] -- Up-to-date: /home/goblue/my_ws/install/dwb_msgs/include/dwb_msgs/dwb_msgs/msg/detail/trajectory2_d__rosidl_typesupport_introspection_cpp.hpp
[0.556s] -- Up-to-date: /home/goblue/my_ws/install/dwb_msgs/include/dwb_msgs/dwb_msgs/msg/detail/trajectory_score__type_support.cpp
[0.556s] -- Up-to-date: /home/goblue/my_ws/install/dwb_msgs/include/dwb_msgs/dwb_msgs/msg/detail/trajectory_score__rosidl_typesupport_introspection_cpp.hpp
[0.556s] -- Up-to-date: /home/goblue/my_ws/install/dwb_msgs/include/dwb_msgs/dwb_msgs/msg/detail/critic_score__rosidl_typesupport_introspection_cpp.hpp
[0.556s] -- Up-to-date: /home/goblue/my_ws/install/dwb_msgs/include/dwb_msgs/dwb_msgs/msg/detail/local_plan_evaluation__rosidl_typesupport_introspection_cpp.hpp
[0.557s] -- Up-to-date: /home/goblue/my_ws/install/dwb_msgs/include/dwb_msgs/dwb_msgs/srv
[0.557s] -- Up-to-date: /home/goblue/my_ws/install/dwb_msgs/include/dwb_msgs/dwb_msgs/srv/detail
[0.557s] -- Up-to-date: /home/goblue/my_ws/install/dwb_msgs/include/dwb_msgs/dwb_msgs/srv/detail/generate_twists__rosidl_typesupport_introspection_cpp.hpp
[0.557s] -- Up-to-date: /home/goblue/my_ws/install/dwb_msgs/include/dwb_msgs/dwb_msgs/srv/detail/debug_local_plan__rosidl_typesupport_introspection_cpp.hpp
[0.557s] -- Up-to-date: /home/goblue/my_ws/install/dwb_msgs/include/dwb_msgs/dwb_msgs/srv/detail/get_critic_score__type_support.cpp
[0.557s] -- Up-to-date: /home/goblue/my_ws/install/dwb_msgs/include/dwb_msgs/dwb_msgs/srv/detail/get_critic_score__rosidl_typesupport_introspection_cpp.hpp
[0.558s] -- Up-to-date: /home/goblue/my_ws/install/dwb_msgs/include/dwb_msgs/dwb_msgs/srv/detail/score_trajectory__rosidl_typesupport_introspection_cpp.hpp
[0.558s] -- Up-to-date: /home/goblue/my_ws/install/dwb_msgs/include/dwb_msgs/dwb_msgs/srv/detail/generate_trajectory__type_support.cpp
[0.558s] -- Up-to-date: /home/goblue/my_ws/install/dwb_msgs/include/dwb_msgs/dwb_msgs/srv/detail/score_trajectory__type_support.cpp
[0.558s] -- Up-to-date: /home/goblue/my_ws/install/dwb_msgs/include/dwb_msgs/dwb_msgs/srv/detail/generate_trajectory__rosidl_typesupport_introspection_cpp.hpp
[0.558s] -- Up-to-date: /home/goblue/my_ws/install/dwb_msgs/include/dwb_msgs/dwb_msgs/srv/detail/generate_twists__type_support.cpp
[0.558s] -- Up-to-date: /home/goblue/my_ws/install/dwb_msgs/include/dwb_msgs/dwb_msgs/srv/detail/debug_local_plan__type_support.cpp
[0.558s] -- Up-to-date: /home/goblue/my_ws/install/dwb_msgs/lib/libdwb_msgs__rosidl_typesupport_introspection_cpp.so
[0.558s] -- Up-to-date: /home/goblue/my_ws/install/dwb_msgs/lib/libdwb_msgs__rosidl_typesupport_cpp.so
[0.558s] -- Up-to-date: /home/goblue/my_ws/install/dwb_msgs/share/dwb_msgs/environment/pythonpath.sh
[0.558s] -- Up-to-date: /home/goblue/my_ws/install/dwb_msgs/share/dwb_msgs/environment/pythonpath.dsv
[0.558s] -- Up-to-date: /home/goblue/my_ws/install/dwb_msgs/local/lib/python3.10/dist-packages/dwb_msgs-1.1.17-py3.10.egg-info
[0.558s] -- Installing: /home/goblue/my_ws/install/dwb_msgs/local/lib/python3.10/dist-packages/dwb_msgs-1.1.17-py3.10.egg-info/top_level.txt
[0.558s] -- Installing: /home/goblue/my_ws/install/dwb_msgs/local/lib/python3.10/dist-packages/dwb_msgs-1.1.17-py3.10.egg-info/SOURCES.txt
[0.558s] -- Installing: /home/goblue/my_ws/install/dwb_msgs/local/lib/python3.10/dist-packages/dwb_msgs-1.1.17-py3.10.egg-info/dependency_links.txt
[0.559s] -- Installing: /home/goblue/my_ws/install/dwb_msgs/local/lib/python3.10/dist-packages/dwb_msgs-1.1.17-py3.10.egg-info/PKG-INFO
[0.559s] -- Up-to-date: /home/goblue/my_ws/install/dwb_msgs/local/lib/python3.10/dist-packages/dwb_msgs
[0.559s] -- Up-to-date: /home/goblue/my_ws/install/dwb_msgs/local/lib/python3.10/dist-packages/dwb_msgs/__init__.py
[0.559s] -- Up-to-date: /home/goblue/my_ws/install/dwb_msgs/local/lib/python3.10/dist-packages/dwb_msgs/_dwb_msgs_s.ep.rosidl_typesupport_fastrtps_c.c
[0.559s] -- Up-to-date: /home/goblue/my_ws/install/dwb_msgs/local/lib/python3.10/dist-packages/dwb_msgs/libdwb_msgs__rosidl_generator_py.so
[0.559s] -- Up-to-date: /home/goblue/my_ws/install/dwb_msgs/local/lib/python3.10/dist-packages/dwb_msgs/dwb_msgs_s__rosidl_typesupport_introspection_c.cpython-310-x86_64-linux-gnu.so
[0.559s] -- Up-to-date: /home/goblue/my_ws/install/dwb_msgs/local/lib/python3.10/dist-packages/dwb_msgs/msg
[0.559s] -- Up-to-date: /home/goblue/my_ws/install/dwb_msgs/local/lib/python3.10/dist-packages/dwb_msgs/msg/__init__.py
[0.559s] -- Up-to-date: /home/goblue/my_ws/install/dwb_msgs/local/lib/python3.10/dist-packages/dwb_msgs/msg/_critic_score_s.c
[0.560s] -- Up-to-date: /home/goblue/my_ws/install/dwb_msgs/local/lib/python3.10/dist-packages/dwb_msgs/msg/_critic_score.py
[0.560s] -- Up-to-date: /home/goblue/my_ws/install/dwb_msgs/local/lib/python3.10/dist-packages/dwb_msgs/msg/_local_plan_evaluation_s.c
[0.560s] -- Up-to-date: /home/goblue/my_ws/install/dwb_msgs/local/lib/python3.10/dist-packages/dwb_msgs/msg/_trajectory_score_s.c
[0.560s] -- Up-to-date: /home/goblue/my_ws/install/dwb_msgs/local/lib/python3.10/dist-packages/dwb_msgs/msg/_trajectory2_d.py
[0.560s] -- Up-to-date: /home/goblue/my_ws/install/dwb_msgs/local/lib/python3.10/dist-packages/dwb_msgs/msg/_trajectory2_d_s.c
[0.560s] -- Up-to-date: /home/goblue/my_ws/install/dwb_msgs/local/lib/python3.10/dist-packages/dwb_msgs/msg/_local_plan_evaluation.py
[0.560s] -- Up-to-date: /home/goblue/my_ws/install/dwb_msgs/local/lib/python3.10/dist-packages/dwb_msgs/msg/_trajectory_score.py
[0.560s] -- Up-to-date: /home/goblue/my_ws/install/dwb_msgs/local/lib/python3.10/dist-packages/dwb_msgs/srv
[0.560s] -- Up-to-date: /home/goblue/my_ws/install/dwb_msgs/local/lib/python3.10/dist-packages/dwb_msgs/srv/__init__.py
[0.561s] -- Up-to-date: /home/goblue/my_ws/install/dwb_msgs/local/lib/python3.10/dist-packages/dwb_msgs/srv/_get_critic_score.py
[0.561s] -- Up-to-date: /home/goblue/my_ws/install/dwb_msgs/local/lib/python3.10/dist-packages/dwb_msgs/srv/_score_trajectory.py
[0.561s] -- Up-to-date: /home/goblue/my_ws/install/dwb_msgs/local/lib/python3.10/dist-packages/dwb_msgs/srv/_debug_local_plan.py
[0.561s] -- Up-to-date: /home/goblue/my_ws/install/dwb_msgs/local/lib/python3.10/dist-packages/dwb_msgs/srv/_debug_local_plan_s.c
[0.561s] -- Up-to-date: /home/goblue/my_ws/install/dwb_msgs/local/lib/python3.10/dist-packages/dwb_msgs/srv/_generate_twists_s.c
[0.561s] -- Up-to-date: /home/goblue/my_ws/install/dwb_msgs/local/lib/python3.10/dist-packages/dwb_msgs/srv/_generate_trajectory.py
[0.561s] -- Up-to-date: /home/goblue/my_ws/install/dwb_msgs/local/lib/python3.10/dist-packages/dwb_msgs/srv/_generate_twists.py
[0.561s] -- Up-to-date: /home/goblue/my_ws/install/dwb_msgs/local/lib/python3.10/dist-packages/dwb_msgs/srv/_get_critic_score_s.c
[0.561s] -- Up-to-date: /home/goblue/my_ws/install/dwb_msgs/local/lib/python3.10/dist-packages/dwb_msgs/srv/_score_trajectory_s.c
[0.561s] -- Up-to-date: /home/goblue/my_ws/install/dwb_msgs/local/lib/python3.10/dist-packages/dwb_msgs/srv/_generate_trajectory_s.c
[0.561s] -- Up-to-date: /home/goblue/my_ws/install/dwb_msgs/local/lib/python3.10/dist-packages/dwb_msgs/dwb_msgs_s__rosidl_typesupport_c.cpython-310-x86_64-linux-gnu.so
[0.561s] -- Up-to-date: /home/goblue/my_ws/install/dwb_msgs/local/lib/python3.10/dist-packages/dwb_msgs/_dwb_msgs_s.ep.rosidl_typesupport_introspection_c.c
[0.561s] -- Up-to-date: /home/goblue/my_ws/install/dwb_msgs/local/lib/python3.10/dist-packages/dwb_msgs/dwb_msgs_s__rosidl_typesupport_fastrtps_c.cpython-310-x86_64-linux-gnu.so
[0.561s] -- Up-to-date: /home/goblue/my_ws/install/dwb_msgs/local/lib/python3.10/dist-packages/dwb_msgs/_dwb_msgs_s.ep.rosidl_typesupport_c.c
[0.572s] Listing '/home/goblue/my_ws/install/dwb_msgs/local/lib/python3.10/dist-packages/dwb_msgs'...
[0.572s] Listing '/home/goblue/my_ws/install/dwb_msgs/local/lib/python3.10/dist-packages/dwb_msgs/msg'...
[0.572s] Listing '/home/goblue/my_ws/install/dwb_msgs/local/lib/python3.10/dist-packages/dwb_msgs/srv'...
[0.575s] -- Up-to-date: /home/goblue/my_ws/install/dwb_msgs/local/lib/python3.10/dist-packages/dwb_msgs/dwb_msgs_s__rosidl_typesupport_fastrtps_c.cpython-310-x86_64-linux-gnu.so
[0.576s] -- Up-to-date: /home/goblue/my_ws/install/dwb_msgs/local/lib/python3.10/dist-packages/dwb_msgs/dwb_msgs_s__rosidl_typesupport_introspection_c.cpython-310-x86_64-linux-gnu.so
[0.576s] -- Up-to-date: /home/goblue/my_ws/install/dwb_msgs/local/lib/python3.10/dist-packages/dwb_msgs/dwb_msgs_s__rosidl_typesupport_c.cpython-310-x86_64-linux-gnu.so
[0.577s] -- Up-to-date: /home/goblue/my_ws/install/dwb_msgs/lib/libdwb_msgs__rosidl_generator_py.so
[0.577s] -- Up-to-date: /home/goblue/my_ws/install/dwb_msgs/share/dwb_msgs/msg/CriticScore.idl
[0.577s] -- Up-to-date: /home/goblue/my_ws/install/dwb_msgs/share/dwb_msgs/msg/LocalPlanEvaluation.idl
[0.578s] -- Up-to-date: /home/goblue/my_ws/install/dwb_msgs/share/dwb_msgs/msg/Trajectory2D.idl
[0.578s] -- Up-to-date: /home/goblue/my_ws/install/dwb_msgs/share/dwb_msgs/msg/TrajectoryScore.idl
[0.579s] -- Up-to-date: /home/goblue/my_ws/install/dwb_msgs/share/dwb_msgs/srv/DebugLocalPlan.idl
[0.579s] -- Up-to-date: /home/goblue/my_ws/install/dwb_msgs/share/dwb_msgs/srv/GenerateTrajectory.idl
[0.579s] -- Up-to-date: /home/goblue/my_ws/install/dwb_msgs/share/dwb_msgs/srv/GenerateTwists.idl
[0.579s] -- Up-to-date: /home/goblue/my_ws/install/dwb_msgs/share/dwb_msgs/srv/GetCriticScore.idl
[0.579s] -- Up-to-date: /home/goblue/my_ws/install/dwb_msgs/share/dwb_msgs/srv/ScoreTrajectory.idl
[0.579s] -- Up-to-date: /home/goblue/my_ws/install/dwb_msgs/share/dwb_msgs/msg/CriticScore.msg
[0.579s] -- Up-to-date: /home/goblue/my_ws/install/dwb_msgs/share/dwb_msgs/msg/LocalPlanEvaluation.msg
[0.579s] -- Up-to-date: /home/goblue/my_ws/install/dwb_msgs/share/dwb_msgs/msg/Trajectory2D.msg
[0.579s] -- Up-to-date: /home/goblue/my_ws/install/dwb_msgs/share/dwb_msgs/msg/TrajectoryScore.msg
[0.580s] -- Up-to-date: /home/goblue/my_ws/install/dwb_msgs/share/dwb_msgs/srv/DebugLocalPlan.srv
[0.580s] -- Up-to-date: /home/goblue/my_ws/install/dwb_msgs/share/dwb_msgs/srv/DebugLocalPlan_Request.msg
[0.580s] -- Up-to-date: /home/goblue/my_ws/install/dwb_msgs/share/dwb_msgs/srv/DebugLocalPlan_Response.msg
[0.581s] -- Up-to-date: /home/goblue/my_ws/install/dwb_msgs/share/dwb_msgs/srv/GenerateTrajectory.srv
[0.581s] -- Up-to-date: /home/goblue/my_ws/install/dwb_msgs/share/dwb_msgs/srv/GenerateTrajectory_Request.msg
[0.581s] -- Up-to-date: /home/goblue/my_ws/install/dwb_msgs/share/dwb_msgs/srv/GenerateTrajectory_Response.msg
[0.581s] -- Up-to-date: /home/goblue/my_ws/install/dwb_msgs/share/dwb_msgs/srv/GenerateTwists.srv
[0.581s] -- Up-to-date: /home/goblue/my_ws/install/dwb_msgs/share/dwb_msgs/srv/GenerateTwists_Request.msg
[0.581s] -- Up-to-date: /home/goblue/my_ws/install/dwb_msgs/share/dwb_msgs/srv/GenerateTwists_Response.msg
[0.581s] -- Up-to-date: /home/goblue/my_ws/install/dwb_msgs/share/dwb_msgs/srv/GetCriticScore.srv
[0.581s] -- Up-to-date: /home/goblue/my_ws/install/dwb_msgs/share/dwb_msgs/srv/GetCriticScore_Request.msg
[0.581s] -- Up-to-date: /home/goblue/my_ws/install/dwb_msgs/share/dwb_msgs/srv/GetCriticScore_Response.msg
[0.581s] -- Up-to-date: /home/goblue/my_ws/install/dwb_msgs/share/dwb_msgs/srv/ScoreTrajectory.srv
[0.581s] -- Up-to-date: /home/goblue/my_ws/install/dwb_msgs/share/dwb_msgs/srv/ScoreTrajectory_Request.msg
[0.582s] -- Up-to-date: /home/goblue/my_ws/install/dwb_msgs/share/dwb_msgs/srv/ScoreTrajectory_Response.msg
[0.582s] -- Up-to-date: /home/goblue/my_ws/install/dwb_msgs/share/ament_index/resource_index/package_run_dependencies/dwb_msgs
[0.582s] -- Up-to-date: /home/goblue/my_ws/install/dwb_msgs/share/ament_index/resource_index/parent_prefix_path/dwb_msgs
[0.582s] -- Up-to-date: /home/goblue/my_ws/install/dwb_msgs/share/dwb_msgs/environment/ament_prefix_path.sh
[0.582s] -- Up-to-date: /home/goblue/my_ws/install/dwb_msgs/share/dwb_msgs/environment/ament_prefix_path.dsv
[0.582s] -- Up-to-date: /home/goblue/my_ws/install/dwb_msgs/share/dwb_msgs/environment/path.sh
[0.582s] -- Up-to-date: /home/goblue/my_ws/install/dwb_msgs/share/dwb_msgs/environment/path.dsv
[0.582s] -- Up-to-date: /home/goblue/my_ws/install/dwb_msgs/share/dwb_msgs/local_setup.bash
[0.582s] -- Up-to-date: /home/goblue/my_ws/install/dwb_msgs/share/dwb_msgs/local_setup.sh
[0.583s] -- Up-to-date: /home/goblue/my_ws/install/dwb_msgs/share/dwb_msgs/local_setup.zsh
[0.583s] -- Up-to-date: /home/goblue/my_ws/install/dwb_msgs/share/dwb_msgs/local_setup.dsv
[0.583s] -- Installing: /home/goblue/my_ws/install/dwb_msgs/share/dwb_msgs/package.dsv
[0.583s] -- Up-to-date: /home/goblue/my_ws/install/dwb_msgs/share/ament_index/resource_index/packages/dwb_msgs
[0.583s] -- Up-to-date: /home/goblue/my_ws/install/dwb_msgs/share/dwb_msgs/cmake/export_dwb_msgs__rosidl_generator_cExport.cmake
[0.583s] -- Up-to-date: /home/goblue/my_ws/install/dwb_msgs/share/dwb_msgs/cmake/export_dwb_msgs__rosidl_generator_cExport-noconfig.cmake
[0.584s] -- Up-to-date: /home/goblue/my_ws/install/dwb_msgs/share/dwb_msgs/cmake/export_dwb_msgs__rosidl_typesupport_fastrtps_cExport.cmake
[0.584s] -- Up-to-date: /home/goblue/my_ws/install/dwb_msgs/share/dwb_msgs/cmake/export_dwb_msgs__rosidl_typesupport_fastrtps_cExport-noconfig.cmake
[0.584s] -- Up-to-date: /home/goblue/my_ws/install/dwb_msgs/share/dwb_msgs/cmake/export_dwb_msgs__rosidl_generator_cppExport.cmake
[0.584s] -- Up-to-date: /home/goblue/my_ws/install/dwb_msgs/share/dwb_msgs/cmake/export_dwb_msgs__rosidl_typesupport_fastrtps_cppExport.cmake
[0.584s] -- Up-to-date: /home/goblue/my_ws/install/dwb_msgs/share/dwb_msgs/cmake/export_dwb_msgs__rosidl_typesupport_fastrtps_cppExport-noconfig.cmake
[0.584s] -- Up-to-date: /home/goblue/my_ws/install/dwb_msgs/share/dwb_msgs/cmake/dwb_msgs__rosidl_typesupport_introspection_cExport.cmake
[0.584s] -- Up-to-date: /home/goblue/my_ws/install/dwb_msgs/share/dwb_msgs/cmake/dwb_msgs__rosidl_typesupport_introspection_cExport-noconfig.cmake
[0.585s] -- Up-to-date: /home/goblue/my_ws/install/dwb_msgs/share/dwb_msgs/cmake/dwb_msgs__rosidl_typesupport_cExport.cmake
[0.585s] -- Up-to-date: /home/goblue/my_ws/install/dwb_msgs/share/dwb_msgs/cmake/dwb_msgs__rosidl_typesupport_cExport-noconfig.cmake
[0.585s] -- Up-to-date: /home/goblue/my_ws/install/dwb_msgs/share/dwb_msgs/cmake/dwb_msgs__rosidl_typesupport_introspection_cppExport.cmake
[0.585s] -- Up-to-date: /home/goblue/my_ws/install/dwb_msgs/share/dwb_msgs/cmake/dwb_msgs__rosidl_typesupport_introspection_cppExport-noconfig.cmake
[0.585s] -- Up-to-date: /home/goblue/my_ws/install/dwb_msgs/share/dwb_msgs/cmake/dwb_msgs__rosidl_typesupport_cppExport.cmake
[0.585s] -- Up-to-date: /home/goblue/my_ws/install/dwb_msgs/share/dwb_msgs/cmake/dwb_msgs__rosidl_typesupport_cppExport-noconfig.cmake
[0.585s] -- Up-to-date: /home/goblue/my_ws/install/dwb_msgs/share/dwb_msgs/cmake/export_dwb_msgs__rosidl_generator_pyExport.cmake
[0.586s] -- Up-to-date: /home/goblue/my_ws/install/dwb_msgs/share/dwb_msgs/cmake/export_dwb_msgs__rosidl_generator_pyExport-noconfig.cmake
[0.586s] -- Up-to-date: /home/goblue/my_ws/install/dwb_msgs/share/dwb_msgs/cmake/rosidl_cmake-extras.cmake
[0.586s] -- Up-to-date: /home/goblue/my_ws/install/dwb_msgs/share/dwb_msgs/cmake/ament_cmake_export_dependencies-extras.cmake
[0.586s] -- Up-to-date: /home/goblue/my_ws/install/dwb_msgs/share/dwb_msgs/cmake/ament_cmake_export_include_directories-extras.cmake
[0.586s] -- Up-to-date: /home/goblue/my_ws/install/dwb_msgs/share/dwb_msgs/cmake/ament_cmake_export_libraries-extras.cmake
[0.586s] -- Up-to-date: /home/goblue/my_ws/install/dwb_msgs/share/dwb_msgs/cmake/ament_cmake_export_targets-extras.cmake
[0.586s] -- Up-to-date: /home/goblue/my_ws/install/dwb_msgs/share/dwb_msgs/cmake/rosidl_cmake_export_typesupport_targets-extras.cmake
[0.586s] -- Up-to-date: /home/goblue/my_ws/install/dwb_msgs/share/dwb_msgs/cmake/rosidl_cmake_export_typesupport_libraries-extras.cmake
[0.586s] -- Up-to-date: /home/goblue/my_ws/install/dwb_msgs/share/dwb_msgs/cmake/dwb_msgsConfig.cmake
[0.586s] -- Up-to-date: /home/goblue/my_ws/install/dwb_msgs/share/dwb_msgs/cmake/dwb_msgsConfig-version.cmake
[0.587s] -- Up-to-date: /home/goblue/my_ws/install/dwb_msgs/share/dwb_msgs/package.xml
[0.587s] Invoked command in '/home/goblue/my_ws/build/dwb_msgs' returned '0': AMENT_PREFIX_PATH=/home/goblue/my_ws/install/nav_2d_msgs:${AMENT_PREFIX_PATH} CMAKE_PREFIX_PATH=/home/goblue/my_ws/install/nav_2d_msgs:/home/goblue/interbotix_ws/install/interbotix_ros_xsarms_examples:/home/goblue/interbotix_ws/install/interbotix_xsarm_moveit_interface:/home/goblue/interbotix_ws/install/interbotix_moveit_interface:/home/goblue/interbotix_ws/install/moveit_visual_tools:/home/goblue/interbotix_ws/install/interbotix_ros_xsarms:/home/goblue/interbotix_ws/install/interbotix_xsarm_moveit:/home/goblue/interbotix_ws/install/interbotix_xsarm_sim:/home/goblue/interbotix_ws/install/interbotix_xsarm_ros_control:/home/goblue/interbotix_ws/install/interbotix_xsarm_puppet:/home/goblue/interbotix_ws/install/interbotix_xsarm_joy:/home/goblue/interbotix_ws/install/interbotix_xsarm_dual:/home/goblue/interbotix_ws/install/interbotix_xsarm_control:/home/goblue/interbotix_ws/install/interbotix_xsarm_descriptions:/home/goblue/interbotix_ws/install/interbotix_xs_toolbox:/home/goblue/interbotix_ws/install/interbotix_xs_rviz:/home/goblue/interbotix_ws/install/interbotix_ros_xseries:/home/goblue/interbotix_ws/install/interbotix_xs_sdk:/home/goblue/interbotix_ws/install/interbotix_xs_ros_control:/home/goblue/interbotix_ws/install/interbotix_xs_msgs:/home/goblue/interbotix_ws/install/interbotix_xs_driver:/home/goblue/interbotix_ws/install/interbotix_tf_tools:/home/goblue/interbotix_ws/install/interbotix_moveit_interface_msgs:/home/goblue/interbotix_ws/install/interbotix_common_toolbox:/home/goblue/interbotix_ws/install/interbotix_common_sim:/home/goblue/interbotix_ws/install/dynamixel_workbench_toolbox:/home/goblue/interbotix_ws/install/interbotix_xs_modules:/home/goblue/interbotix_ws/install/interbotix_common_modules:/opt/ros/humble LD_LIBRARY_PATH=/home/goblue/my_ws/install/nav_2d_msgs/lib:/home/goblue/interbotix_ws/install/moveit_visual_tools/lib:/home/goblue/interbotix_ws/install/interbotix_xs_rviz/lib:/home/goblue/interbotix_ws/install/interbotix_xs_ros_control/lib:/home/goblue/interbotix_ws/install/interbotix_xs_msgs/lib:/home/goblue/interbotix_ws/install/interbotix_xs_driver/lib:/home/goblue/interbotix_ws/install/interbotix_tf_tools/lib:/home/goblue/interbotix_ws/install/interbotix_moveit_interface_msgs/lib:/home/goblue/interbotix_ws/install/dynamixel_workbench_toolbox/lib:/usr/lib/x86_64-linux-gnu/gazebo-11/plugins:/opt/ros/humble/opt/rviz_ogre_vendor/lib:/opt/ros/humble/lib/x86_64-linux-gnu:/opt/ros/humble/lib:/usr/lib/x86_64-linux-gnu/gazebo-11/plugins:/usr/lib/x86_64-linux-gnu/gazebo-11/plugins:/usr/lib/x86_64-linux-gnu/gazebo-11/plugins PYTHONPATH=/home/goblue/my_ws/install/nav_2d_msgs/local/lib/python3.10/dist-packages:${PYTHONPATH} /usr/bin/cmake --install /home/goblue/my_ws/build/dwb_msgs
