[0.477s] DEBUG:colcon:Command line arguments: ['/usr/bin/colcon', 'build']
[0.477s] DEBUG:colcon:Parsed command line arguments: Namespace(log_base=None, log_level=None, verb_name='build', build_base='build', install_base='install', merge_install=False, symlink_install=False, test_result_base=None, continue_on_error=False, executor='parallel', parallel_workers=20, event_handlers=None, ignore_user_meta=False, metas=['./colcon.meta'], base_paths=['.'], packages_ignore=None, packages_ignore_regex=None, paths=None, packages_up_to=None, packages_up_to_regex=None, packages_above=None, packages_above_and_dependencies=None, packages_above_depth=None, packages_select_by_dep=None, packages_skip_by_dep=None, packages_skip_up_to=None, packages_select_build_failed=False, packages_skip_build_finished=False, packages_select_test_failures=False, packages_skip_test_passed=False, packages_select=None, packages_skip=None, packages_select_regex=None, packages_skip_regex=None, packages_start=None, packages_end=None, allow_overriding=[], cmake_args=None, cmake_target=None, cmake_target_skip_unavailable=False, cmake_clean_cache=False, cmake_clean_first=False, cmake_force_configure=False, ament_cmake_args=None, catkin_cmake_args=None, catkin_skip_building_tests=False, mixin_files=None, mixin=None, verb_parser=<colcon_mixin.mixin.mixin_argument.MixinArgumentDecorator object at 0x7f73696d62c0>, verb_extension=<colcon_core.verb.build.BuildVerb object at 0x7f73696d57e0>, main=<bound method BuildVerb.main of <colcon_core.verb.build.BuildVerb object at 0x7f73696d57e0>>, mixin_verb=('build',))
[0.640s] Level 1:colcon.colcon_core.package_discovery:discover_packages(colcon_meta) check parameters
[0.640s] Level 1:colcon.colcon_core.package_discovery:discover_packages(recursive) check parameters
[0.640s] Level 1:colcon.colcon_core.package_discovery:discover_packages(ignore) check parameters
[0.640s] Level 1:colcon.colcon_core.package_discovery:discover_packages(path) check parameters
[0.640s] Level 1:colcon.colcon_core.package_discovery:discover_packages(colcon_meta) discover
[0.640s] Level 1:colcon.colcon_core.package_discovery:discover_packages(recursive) discover
[0.640s] INFO:colcon.colcon_core.package_discovery:Crawling recursively for packages in '/home/goblue/my_ws/yubot_purepursuit_controller'
[0.640s] Level 1:colcon.colcon_core.package_identification:_identify(.) by extensions ['ignore', 'ignore_ament_install']
[0.640s] Level 1:colcon.colcon_core.package_identification:_identify(.) by extension 'ignore'
[0.640s] Level 1:colcon.colcon_core.package_identification:_identify(.) by extension 'ignore_ament_install'
[0.640s] Level 1:colcon.colcon_core.package_identification:_identify(.) by extensions ['colcon_pkg']
[0.640s] Level 1:colcon.colcon_core.package_identification:_identify(.) by extension 'colcon_pkg'
[0.640s] Level 1:colcon.colcon_core.package_identification:_identify(.) by extensions ['colcon_meta']
[0.640s] Level 1:colcon.colcon_core.package_identification:_identify(.) by extension 'colcon_meta'
[0.640s] Level 1:colcon.colcon_core.package_identification:_identify(.) by extensions ['ros']
[0.640s] Level 1:colcon.colcon_core.package_identification:_identify(.) by extension 'ros'
[0.652s] DEBUG:colcon.colcon_core.package_identification:Package '.' with type 'ros.ament_cmake' and name 'yubot_purepursuit_controller'
[0.652s] Level 1:colcon.colcon_core.package_discovery:discover_packages(recursive) using defaults
[0.652s] Level 1:colcon.colcon_core.package_discovery:discover_packages(ignore) discover
[0.652s] Level 1:colcon.colcon_core.package_discovery:discover_packages(ignore) using defaults
[0.652s] Level 1:colcon.colcon_core.package_discovery:discover_packages(path) discover
[0.652s] Level 1:colcon.colcon_core.package_discovery:discover_packages(path) using defaults
[0.679s] Level 1:colcon.colcon_core.package_discovery:discover_packages(prefix_path) check parameters
[0.679s] Level 1:colcon.colcon_core.package_discovery:discover_packages(prefix_path) discover
[0.682s] DEBUG:colcon.colcon_installed_package_information.package_discovery:Found 27 installed packages in /home/goblue/interbotix_ws/install
[0.684s] DEBUG:colcon.colcon_installed_package_information.package_discovery:Found 394 installed packages in /opt/ros/humble
[0.686s] Level 1:colcon.colcon_core.package_discovery:discover_packages(prefix_path) using defaults
[0.728s] Level 5:colcon.colcon_core.verb:set package 'yubot_purepursuit_controller' build argument 'cmake_args' from command line to 'None'
[0.729s] Level 5:colcon.colcon_core.verb:set package 'yubot_purepursuit_controller' build argument 'cmake_target' from command line to 'None'
[0.729s] Level 5:colcon.colcon_core.verb:set package 'yubot_purepursuit_controller' build argument 'cmake_target_skip_unavailable' from command line to 'False'
[0.729s] Level 5:colcon.colcon_core.verb:set package 'yubot_purepursuit_controller' build argument 'cmake_clean_cache' from command line to 'False'
[0.729s] Level 5:colcon.colcon_core.verb:set package 'yubot_purepursuit_controller' build argument 'cmake_clean_first' from command line to 'False'
[0.729s] Level 5:colcon.colcon_core.verb:set package 'yubot_purepursuit_controller' build argument 'cmake_force_configure' from command line to 'False'
[0.729s] Level 5:colcon.colcon_core.verb:set package 'yubot_purepursuit_controller' build argument 'ament_cmake_args' from command line to 'None'
[0.729s] Level 5:colcon.colcon_core.verb:set package 'yubot_purepursuit_controller' build argument 'catkin_cmake_args' from command line to 'None'
[0.729s] Level 5:colcon.colcon_core.verb:set package 'yubot_purepursuit_controller' build argument 'catkin_skip_building_tests' from command line to 'False'
[0.729s] DEBUG:colcon.colcon_core.verb:Building package 'yubot_purepursuit_controller' with the following arguments: {'ament_cmake_args': None, 'build_base': '/home/goblue/my_ws/yubot_purepursuit_controller/build/yubot_purepursuit_controller', 'catkin_cmake_args': None, 'catkin_skip_building_tests': False, 'cmake_args': None, 'cmake_clean_cache': False, 'cmake_clean_first': False, 'cmake_force_configure': False, 'cmake_target': None, 'cmake_target_skip_unavailable': False, 'install_base': '/home/goblue/my_ws/yubot_purepursuit_controller/install/yubot_purepursuit_controller', 'merge_install': False, 'path': '/home/goblue/my_ws/yubot_purepursuit_controller', 'symlink_install': False, 'test_result_base': None}
[0.729s] INFO:colcon.colcon_core.executor:Executing jobs using 'parallel' executor
[0.731s] DEBUG:colcon.colcon_parallel_executor.executor.parallel:run_until_complete
[0.731s] INFO:colcon.colcon_ros.task.ament_cmake.build:Building ROS package in '/home/goblue/my_ws/yubot_purepursuit_controller' with build type 'ament_cmake'
[0.731s] INFO:colcon.colcon_cmake.task.cmake.build:Building CMake package in '/home/goblue/my_ws/yubot_purepursuit_controller'
[0.734s] INFO:colcon.colcon_core.plugin_system:Skipping extension 'colcon_core.shell.bat': Not used on non-Windows systems
[0.734s] INFO:colcon.colcon_core.shell:Skip shell extension 'powershell' for command environment: Not usable outside of PowerShell
[0.734s] DEBUG:colcon.colcon_core.shell:Skip shell extension 'dsv' for command environment
[0.746s] DEBUG:colcon.colcon_core.event_handler.log_command:Invoking command in '/home/goblue/my_ws/yubot_purepursuit_controller/build/yubot_purepursuit_controller': CMAKE_PREFIX_PATH=${CMAKE_PREFIX_PATH}:/home/goblue/interbotix_ws/install/interbotix_xs_modules:/home/goblue/interbotix_ws/install/interbotix_common_modules:/opt/ros/humble /usr/bin/cmake --build /home/goblue/my_ws/yubot_purepursuit_controller/build/yubot_purepursuit_controller -- -j20 -l20
[17.519s] DEBUG:colcon.colcon_core.event_handler.log_command:Invoked command in '/home/goblue/my_ws/yubot_purepursuit_controller/build/yubot_purepursuit_controller' returned '0': CMAKE_PREFIX_PATH=${CMAKE_PREFIX_PATH}:/home/goblue/interbotix_ws/install/interbotix_xs_modules:/home/goblue/interbotix_ws/install/interbotix_common_modules:/opt/ros/humble /usr/bin/cmake --build /home/goblue/my_ws/yubot_purepursuit_controller/build/yubot_purepursuit_controller -- -j20 -l20
[17.546s] DEBUG:colcon.colcon_core.event_handler.log_command:Invoking command in '/home/goblue/my_ws/yubot_purepursuit_controller/build/yubot_purepursuit_controller': CMAKE_PREFIX_PATH=${CMAKE_PREFIX_PATH}:/home/goblue/interbotix_ws/install/interbotix_xs_modules:/home/goblue/interbotix_ws/install/interbotix_common_modules:/opt/ros/humble /usr/bin/cmake --install /home/goblue/my_ws/yubot_purepursuit_controller/build/yubot_purepursuit_controller
[17.557s] Level 1:colcon.colcon_core.environment:create_environment_scripts_only(yubot_purepursuit_controller)
[17.558s] DEBUG:colcon.colcon_core.event_handler.log_command:Invoked command in '/home/goblue/my_ws/yubot_purepursuit_controller/build/yubot_purepursuit_controller' returned '0': CMAKE_PREFIX_PATH=${CMAKE_PREFIX_PATH}:/home/goblue/interbotix_ws/install/interbotix_xs_modules:/home/goblue/interbotix_ws/install/interbotix_common_modules:/opt/ros/humble /usr/bin/cmake --install /home/goblue/my_ws/yubot_purepursuit_controller/build/yubot_purepursuit_controller
[17.560s] Level 1:colcon.colcon_core.environment:checking '/home/goblue/my_ws/yubot_purepursuit_controller/install/yubot_purepursuit_controller' for CMake module files
[17.560s] Level 1:colcon.colcon_core.environment:checking '/home/goblue/my_ws/yubot_purepursuit_controller/install/yubot_purepursuit_controller' for CMake config files
[17.561s] Level 1:colcon.colcon_core.shell:create_environment_hook('yubot_purepursuit_controller', 'cmake_prefix_path')
[17.561s] INFO:colcon.colcon_core.shell:Creating environment hook '/home/goblue/my_ws/yubot_purepursuit_controller/install/yubot_purepursuit_controller/share/yubot_purepursuit_controller/hook/cmake_prefix_path.ps1'
[17.561s] INFO:colcon.colcon_core.shell:Creating environment descriptor '/home/goblue/my_ws/yubot_purepursuit_controller/install/yubot_purepursuit_controller/share/yubot_purepursuit_controller/hook/cmake_prefix_path.dsv'
[17.562s] INFO:colcon.colcon_core.shell:Creating environment hook '/home/goblue/my_ws/yubot_purepursuit_controller/install/yubot_purepursuit_controller/share/yubot_purepursuit_controller/hook/cmake_prefix_path.sh'
[17.562s] Level 1:colcon.colcon_core.environment:checking '/home/goblue/my_ws/yubot_purepursuit_controller/install/yubot_purepursuit_controller/lib'
[17.563s] Level 1:colcon.colcon_core.shell:create_environment_hook('yubot_purepursuit_controller', 'ld_library_path_lib')
[17.563s] INFO:colcon.colcon_core.shell:Creating environment hook '/home/goblue/my_ws/yubot_purepursuit_controller/install/yubot_purepursuit_controller/share/yubot_purepursuit_controller/hook/ld_library_path_lib.ps1'
[17.563s] INFO:colcon.colcon_core.shell:Creating environment descriptor '/home/goblue/my_ws/yubot_purepursuit_controller/install/yubot_purepursuit_controller/share/yubot_purepursuit_controller/hook/ld_library_path_lib.dsv'
[17.563s] INFO:colcon.colcon_core.shell:Creating environment hook '/home/goblue/my_ws/yubot_purepursuit_controller/install/yubot_purepursuit_controller/share/yubot_purepursuit_controller/hook/ld_library_path_lib.sh'
[17.564s] Level 1:colcon.colcon_core.environment:checking '/home/goblue/my_ws/yubot_purepursuit_controller/install/yubot_purepursuit_controller/bin'
[17.564s] Level 1:colcon.colcon_core.environment:checking '/home/goblue/my_ws/yubot_purepursuit_controller/install/yubot_purepursuit_controller/lib/pkgconfig/yubot_purepursuit_controller.pc'
[17.564s] Level 1:colcon.colcon_core.environment:checking '/home/goblue/my_ws/yubot_purepursuit_controller/install/yubot_purepursuit_controller/lib/python3.10/site-packages'
[17.564s] Level 1:colcon.colcon_core.environment:checking '/home/goblue/my_ws/yubot_purepursuit_controller/install/yubot_purepursuit_controller/bin'
[17.565s] INFO:colcon.colcon_core.shell:Creating package script '/home/goblue/my_ws/yubot_purepursuit_controller/install/yubot_purepursuit_controller/share/yubot_purepursuit_controller/package.ps1'
[17.565s] INFO:colcon.colcon_core.shell:Creating package descriptor '/home/goblue/my_ws/yubot_purepursuit_controller/install/yubot_purepursuit_controller/share/yubot_purepursuit_controller/package.dsv'
[17.566s] INFO:colcon.colcon_core.shell:Creating package script '/home/goblue/my_ws/yubot_purepursuit_controller/install/yubot_purepursuit_controller/share/yubot_purepursuit_controller/package.sh'
[17.566s] INFO:colcon.colcon_core.shell:Creating package script '/home/goblue/my_ws/yubot_purepursuit_controller/install/yubot_purepursuit_controller/share/yubot_purepursuit_controller/package.bash'
[17.567s] INFO:colcon.colcon_core.shell:Creating package script '/home/goblue/my_ws/yubot_purepursuit_controller/install/yubot_purepursuit_controller/share/yubot_purepursuit_controller/package.zsh'
[17.567s] Level 1:colcon.colcon_core.environment:create_file_with_runtime_dependencies(/home/goblue/my_ws/yubot_purepursuit_controller/install/yubot_purepursuit_controller/share/colcon-core/packages/yubot_purepursuit_controller)
[17.587s] Level 1:colcon.colcon_core.environment:create_environment_scripts_only(yubot_purepursuit_controller)
[17.587s] Level 1:colcon.colcon_core.environment:checking '/home/goblue/my_ws/yubot_purepursuit_controller/install/yubot_purepursuit_controller' for CMake module files
[17.588s] Level 1:colcon.colcon_core.environment:checking '/home/goblue/my_ws/yubot_purepursuit_controller/install/yubot_purepursuit_controller' for CMake config files
[17.588s] Level 1:colcon.colcon_core.shell:create_environment_hook('yubot_purepursuit_controller', 'cmake_prefix_path')
[17.588s] INFO:colcon.colcon_core.shell:Creating environment hook '/home/goblue/my_ws/yubot_purepursuit_controller/install/yubot_purepursuit_controller/share/yubot_purepursuit_controller/hook/cmake_prefix_path.ps1'
[17.588s] INFO:colcon.colcon_core.shell:Creating environment descriptor '/home/goblue/my_ws/yubot_purepursuit_controller/install/yubot_purepursuit_controller/share/yubot_purepursuit_controller/hook/cmake_prefix_path.dsv'
[17.589s] INFO:colcon.colcon_core.shell:Creating environment hook '/home/goblue/my_ws/yubot_purepursuit_controller/install/yubot_purepursuit_controller/share/yubot_purepursuit_controller/hook/cmake_prefix_path.sh'
[17.589s] Level 1:colcon.colcon_core.environment:checking '/home/goblue/my_ws/yubot_purepursuit_controller/install/yubot_purepursuit_controller/lib'
[17.589s] Level 1:colcon.colcon_core.shell:create_environment_hook('yubot_purepursuit_controller', 'ld_library_path_lib')
[17.589s] INFO:colcon.colcon_core.shell:Creating environment hook '/home/goblue/my_ws/yubot_purepursuit_controller/install/yubot_purepursuit_controller/share/yubot_purepursuit_controller/hook/ld_library_path_lib.ps1'
[17.590s] INFO:colcon.colcon_core.shell:Creating environment descriptor '/home/goblue/my_ws/yubot_purepursuit_controller/install/yubot_purepursuit_controller/share/yubot_purepursuit_controller/hook/ld_library_path_lib.dsv'
[17.590s] INFO:colcon.colcon_core.shell:Creating environment hook '/home/goblue/my_ws/yubot_purepursuit_controller/install/yubot_purepursuit_controller/share/yubot_purepursuit_controller/hook/ld_library_path_lib.sh'
[17.590s] Level 1:colcon.colcon_core.environment:checking '/home/goblue/my_ws/yubot_purepursuit_controller/install/yubot_purepursuit_controller/bin'
[17.590s] Level 1:colcon.colcon_core.environment:checking '/home/goblue/my_ws/yubot_purepursuit_controller/install/yubot_purepursuit_controller/lib/pkgconfig/yubot_purepursuit_controller.pc'
[17.590s] Level 1:colcon.colcon_core.environment:checking '/home/goblue/my_ws/yubot_purepursuit_controller/install/yubot_purepursuit_controller/lib/python3.10/site-packages'
[17.591s] Level 1:colcon.colcon_core.environment:checking '/home/goblue/my_ws/yubot_purepursuit_controller/install/yubot_purepursuit_controller/bin'
[17.591s] INFO:colcon.colcon_core.shell:Creating package script '/home/goblue/my_ws/yubot_purepursuit_controller/install/yubot_purepursuit_controller/share/yubot_purepursuit_controller/package.ps1'
[17.591s] INFO:colcon.colcon_core.shell:Creating package descriptor '/home/goblue/my_ws/yubot_purepursuit_controller/install/yubot_purepursuit_controller/share/yubot_purepursuit_controller/package.dsv'
[17.592s] INFO:colcon.colcon_core.shell:Creating package script '/home/goblue/my_ws/yubot_purepursuit_controller/install/yubot_purepursuit_controller/share/yubot_purepursuit_controller/package.sh'
[17.592s] INFO:colcon.colcon_core.shell:Creating package script '/home/goblue/my_ws/yubot_purepursuit_controller/install/yubot_purepursuit_controller/share/yubot_purepursuit_controller/package.bash'
[17.592s] INFO:colcon.colcon_core.shell:Creating package script '/home/goblue/my_ws/yubot_purepursuit_controller/install/yubot_purepursuit_controller/share/yubot_purepursuit_controller/package.zsh'
[17.593s] Level 1:colcon.colcon_core.environment:create_file_with_runtime_dependencies(/home/goblue/my_ws/yubot_purepursuit_controller/install/yubot_purepursuit_controller/share/colcon-core/packages/yubot_purepursuit_controller)
[17.593s] DEBUG:colcon.colcon_parallel_executor.executor.parallel:closing loop
[17.593s] DEBUG:colcon.colcon_parallel_executor.executor.parallel:loop closed
[17.594s] DEBUG:colcon.colcon_parallel_executor.executor.parallel:run_until_complete finished with '0'
[17.594s] DEBUG:colcon.colcon_core.event_reactor:joining thread
[17.599s] INFO:colcon.colcon_core.plugin_system:Skipping extension 'colcon_notification.desktop_notification.terminal_notifier': Not used on non-Darwin systems
[17.599s] INFO:colcon.colcon_core.plugin_system:Skipping extension 'colcon_notification.desktop_notification.win32': Not used on non-Windows systems
[17.599s] INFO:colcon.colcon_notification.desktop_notification:Sending desktop notification using 'notify2'
[17.604s] DEBUG:colcon.colcon_core.event_reactor:joined thread
[17.604s] INFO:colcon.colcon_core.shell:Creating prefix script '/home/goblue/my_ws/yubot_purepursuit_controller/install/local_setup.ps1'
[17.605s] INFO:colcon.colcon_core.shell:Creating prefix util module '/home/goblue/my_ws/yubot_purepursuit_controller/install/_local_setup_util_ps1.py'
[17.606s] INFO:colcon.colcon_core.shell:Creating prefix chain script '/home/goblue/my_ws/yubot_purepursuit_controller/install/setup.ps1'
[17.607s] INFO:colcon.colcon_core.shell:Creating prefix script '/home/goblue/my_ws/yubot_purepursuit_controller/install/local_setup.sh'
[17.608s] INFO:colcon.colcon_core.shell:Creating prefix util module '/home/goblue/my_ws/yubot_purepursuit_controller/install/_local_setup_util_sh.py'
[17.608s] INFO:colcon.colcon_core.shell:Creating prefix chain script '/home/goblue/my_ws/yubot_purepursuit_controller/install/setup.sh'
[17.610s] INFO:colcon.colcon_core.shell:Creating prefix script '/home/goblue/my_ws/yubot_purepursuit_controller/install/local_setup.bash'
[17.610s] INFO:colcon.colcon_core.shell:Creating prefix chain script '/home/goblue/my_ws/yubot_purepursuit_controller/install/setup.bash'
[17.612s] INFO:colcon.colcon_core.shell:Creating prefix script '/home/goblue/my_ws/yubot_purepursuit_controller/install/local_setup.zsh'
[17.612s] INFO:colcon.colcon_core.shell:Creating prefix chain script '/home/goblue/my_ws/yubot_purepursuit_controller/install/setup.zsh'
