[0.231s] Invoking command in '/home/goblue/my_ws/build/yuBot_cartographer': CMAKE_PREFIX_PATH=${CMAKE_PREFIX_PATH}:/home/goblue/interbotix_ws/install/interbotix_xs_modules:/home/goblue/interbotix_ws/install/interbotix_common_modules:/home/goblue/ros2_ws/install/rse_gaussian_filters:/opt/ros/humble /usr/bin/cmake --build /home/goblue/my_ws/build/yuBot_cartographer -- -j20 -l20
[0.253s] -- Found ament_cmake: 1.3.10 (/opt/ros/humble/share/ament_cmake/cmake)
[0.370s] -- Found ament_lint_auto: 0.12.11 (/opt/ros/humble/share/ament_lint_auto/cmake)
[0.416s] WARNING: Package name "yuBot_cartographer" does not follow the naming conventions. It should start with a lower case letter and only contain lower case letters, digits, underscores, and dashes.
[0.433s] -- Added test 'cppcheck' to perform static code analysis on C / C++ code
[0.433s] -- Configured cppcheck include dirs: 
[0.433s] -- Configured cppcheck exclude dirs and/or files: 
[0.434s] -- Added test 'flake8' to check Python code syntax and style conventions
[0.436s] -- Added test 'lint_cmake' to check CMake code style
[0.437s] -- Added test 'pep257' to check Python code against some of the docstring style conventions in PEP 257
[0.441s] -- Added test 'uncrustify' to check C / C++ code style
[0.441s] -- Configured uncrustify additional arguments: 
[0.442s] -- Added test 'xmllint' to check XML markup files
[0.443s] -- Configuring done
[0.446s] -- Generating done
[0.446s] -- Build files have been written to: /home/goblue/my_ws/build/yuBot_cartographer
[0.464s] Invoked command in '/home/goblue/my_ws/build/yuBot_cartographer' returned '0': CMAKE_PREFIX_PATH=${CMAKE_PREFIX_PATH}:/home/goblue/interbotix_ws/install/interbotix_xs_modules:/home/goblue/interbotix_ws/install/interbotix_common_modules:/home/goblue/ros2_ws/install/rse_gaussian_filters:/opt/ros/humble /usr/bin/cmake --build /home/goblue/my_ws/build/yuBot_cartographer -- -j20 -l20
[0.489s] Invoking command in '/home/goblue/my_ws/build/yuBot_cartographer': CMAKE_PREFIX_PATH=${CMAKE_PREFIX_PATH}:/home/goblue/interbotix_ws/install/interbotix_xs_modules:/home/goblue/interbotix_ws/install/interbotix_common_modules:/home/goblue/ros2_ws/install/rse_gaussian_filters:/opt/ros/humble /usr/bin/cmake --install /home/goblue/my_ws/build/yuBot_cartographer
[0.496s] -- Install configuration: ""
[0.497s] -- Installing: /home/goblue/my_ws/install/yuBot_cartographer/share/yuBot_cartographer/config
[0.497s] -- Installing: /home/goblue/my_ws/install/yuBot_cartographer/share/yuBot_cartographer/config/yuBot_2d.lua
[0.497s] -- Installing: /home/goblue/my_ws/install/yuBot_cartographer/share/yuBot_cartographer/launch
[0.497s] -- Installing: /home/goblue/my_ws/install/yuBot_cartographer/share/yuBot_cartographer/launch/__pycache__
[0.498s] -- Installing: /home/goblue/my_ws/install/yuBot_cartographer/share/yuBot_cartographer/launch/__pycache__/cartographer.launch.cpython-310.pyc
[0.498s] -- Installing: /home/goblue/my_ws/install/yuBot_cartographer/share/yuBot_cartographer/launch/cartographer.launch.py
[0.498s] -- Installing: /home/goblue/my_ws/install/yuBot_cartographer/share/yuBot_cartographer/rviz
[0.498s] -- Up-to-date: /home/goblue/my_ws/install/yuBot_cartographer/share/ament_index/resource_index/package_run_dependencies/yuBot_cartographer
[0.498s] -- Up-to-date: /home/goblue/my_ws/install/yuBot_cartographer/share/ament_index/resource_index/parent_prefix_path/yuBot_cartographer
[0.498s] -- Up-to-date: /home/goblue/my_ws/install/yuBot_cartographer/share/yuBot_cartographer/environment/ament_prefix_path.sh
[0.499s] -- Installing: /home/goblue/my_ws/install/yuBot_cartographer/share/yuBot_cartographer/environment/ament_prefix_path.dsv
[0.499s] -- Up-to-date: /home/goblue/my_ws/install/yuBot_cartographer/share/yuBot_cartographer/environment/path.sh
[0.499s] -- Installing: /home/goblue/my_ws/install/yuBot_cartographer/share/yuBot_cartographer/environment/path.dsv
[0.499s] -- Up-to-date: /home/goblue/my_ws/install/yuBot_cartographer/share/yuBot_cartographer/local_setup.bash
[0.499s] -- Up-to-date: /home/goblue/my_ws/install/yuBot_cartographer/share/yuBot_cartographer/local_setup.sh
[0.499s] -- Up-to-date: /home/goblue/my_ws/install/yuBot_cartographer/share/yuBot_cartographer/local_setup.zsh
[0.499s] -- Installing: /home/goblue/my_ws/install/yuBot_cartographer/share/yuBot_cartographer/local_setup.dsv
[0.499s] -- Installing: /home/goblue/my_ws/install/yuBot_cartographer/share/yuBot_cartographer/package.dsv
[0.499s] -- Up-to-date: /home/goblue/my_ws/install/yuBot_cartographer/share/ament_index/resource_index/packages/yuBot_cartographer
[0.499s] -- Up-to-date: /home/goblue/my_ws/install/yuBot_cartographer/share/yuBot_cartographer/cmake/yuBot_cartographerConfig.cmake
[0.499s] -- Up-to-date: /home/goblue/my_ws/install/yuBot_cartographer/share/yuBot_cartographer/cmake/yuBot_cartographerConfig-version.cmake
[0.499s] -- Up-to-date: /home/goblue/my_ws/install/yuBot_cartographer/share/yuBot_cartographer/package.xml
[0.501s] Invoked command in '/home/goblue/my_ws/build/yuBot_cartographer' returned '0': CMAKE_PREFIX_PATH=${CMAKE_PREFIX_PATH}:/home/goblue/interbotix_ws/install/interbotix_xs_modules:/home/goblue/interbotix_ws/install/interbotix_common_modules:/home/goblue/ros2_ws/install/rse_gaussian_filters:/opt/ros/humble /usr/bin/cmake --install /home/goblue/my_ws/build/yuBot_cartographer
