[0.008s] Invoking command in '/home/goblue/my_ws/yuBot_nav2/build/yuBot_nav2': CMAKE_PREFIX_PATH=${CMAKE_PREFIX_PATH}:/home/goblue/interbotix_ws/install/interbotix_xs_modules:/home/goblue/interbotix_ws/install/interbotix_common_modules:/home/goblue/ros2_ws/install/rse_gaussian_filters:/opt/ros/humble /usr/bin/cmake --build /home/goblue/my_ws/yuBot_nav2/build/yuBot_nav2 -- -j20 -l20
[0.022s] -- Found ament_cmake: 1.3.10 (/opt/ros/humble/share/ament_cmake/cmake)
[0.102s] -- Found nav2_bringup: 1.1.17 (/opt/ros/humble/share/nav2_bringup/cmake)
[0.102s] -- Found ament_lint_auto: 0.12.11 (/opt/ros/humble/share/ament_lint_auto/cmake)
[0.137s] WARNING: Package name "yuBot_nav2" does not follow the naming conventions. It should start with a lower case letter and only contain lower case letters, digits, underscores, and dashes.
[0.149s] -- Added test 'cppcheck' to perform static code analysis on C / C++ code
[0.149s] -- Configured cppcheck include dirs: 
[0.149s] -- Configured cppcheck exclude dirs and/or files: 
[0.150s] -- Added test 'flake8' to check Python code syntax and style conventions
[0.151s] -- Added test 'lint_cmake' to check CMake code style
[0.151s] -- Added test 'pep257' to check Python code against some of the docstring style conventions in PEP 257
[0.156s] -- Added test 'uncrustify' to check C / C++ code style
[0.156s] -- Configured uncrustify additional arguments: 
[0.156s] -- Added test 'xmllint' to check XML markup files
[0.157s] -- Configuring done
[0.159s] -- Generating done
[0.159s] -- Build files have been written to: /home/goblue/my_ws/yuBot_nav2/build/yuBot_nav2
[0.172s] Invoked command in '/home/goblue/my_ws/yuBot_nav2/build/yuBot_nav2' returned '0': CMAKE_PREFIX_PATH=${CMAKE_PREFIX_PATH}:/home/goblue/interbotix_ws/install/interbotix_xs_modules:/home/goblue/interbotix_ws/install/interbotix_common_modules:/home/goblue/ros2_ws/install/rse_gaussian_filters:/opt/ros/humble /usr/bin/cmake --build /home/goblue/my_ws/yuBot_nav2/build/yuBot_nav2 -- -j20 -l20
[0.189s] Invoking command in '/home/goblue/my_ws/yuBot_nav2/build/yuBot_nav2': CMAKE_PREFIX_PATH=${CMAKE_PREFIX_PATH}:/home/goblue/interbotix_ws/install/interbotix_xs_modules:/home/goblue/interbotix_ws/install/interbotix_common_modules:/home/goblue/ros2_ws/install/rse_gaussian_filters:/opt/ros/humble /usr/bin/cmake --install /home/goblue/my_ws/yuBot_nav2/build/yuBot_nav2
[0.193s] -- Install configuration: ""
[0.193s] -- Up-to-date: /home/goblue/my_ws/yuBot_nav2/install/yuBot_nav2/share/yuBot_nav2/launch
[0.193s] -- Up-to-date: /home/goblue/my_ws/yuBot_nav2/install/yuBot_nav2/share/yuBot_nav2/launch/yuBot_nav2.launch.py
[0.193s] -- Installing: /home/goblue/my_ws/yuBot_nav2/install/yuBot_nav2/share/yuBot_nav2/params
[0.193s] -- Installing: /home/goblue/my_ws/yuBot_nav2/install/yuBot_nav2/share/yuBot_nav2/params/yuBot_nav2.yaml
[0.193s] -- Up-to-date: /home/goblue/my_ws/yuBot_nav2/install/yuBot_nav2/share/yuBot_nav2/maps
[0.193s] -- Up-to-date: /home/goblue/my_ws/yuBot_nav2/install/yuBot_nav2/share/yuBot_nav2/maps/firstMap.pgm
[0.193s] -- Up-to-date: /home/goblue/my_ws/yuBot_nav2/install/yuBot_nav2/share/yuBot_nav2/maps/firstMap.yaml
[0.193s] -- Up-to-date: /home/goblue/my_ws/yuBot_nav2/install/yuBot_nav2/share/ament_index/resource_index/package_run_dependencies/yuBot_nav2
[0.193s] -- Up-to-date: /home/goblue/my_ws/yuBot_nav2/install/yuBot_nav2/share/ament_index/resource_index/parent_prefix_path/yuBot_nav2
[0.194s] -- Up-to-date: /home/goblue/my_ws/yuBot_nav2/install/yuBot_nav2/share/yuBot_nav2/environment/ament_prefix_path.sh
[0.194s] -- Installing: /home/goblue/my_ws/yuBot_nav2/install/yuBot_nav2/share/yuBot_nav2/environment/ament_prefix_path.dsv
[0.194s] -- Up-to-date: /home/goblue/my_ws/yuBot_nav2/install/yuBot_nav2/share/yuBot_nav2/environment/path.sh
[0.194s] -- Installing: /home/goblue/my_ws/yuBot_nav2/install/yuBot_nav2/share/yuBot_nav2/environment/path.dsv
[0.194s] -- Up-to-date: /home/goblue/my_ws/yuBot_nav2/install/yuBot_nav2/share/yuBot_nav2/local_setup.bash
[0.194s] -- Up-to-date: /home/goblue/my_ws/yuBot_nav2/install/yuBot_nav2/share/yuBot_nav2/local_setup.sh
[0.194s] -- Up-to-date: /home/goblue/my_ws/yuBot_nav2/install/yuBot_nav2/share/yuBot_nav2/local_setup.zsh
[0.194s] -- Installing: /home/goblue/my_ws/yuBot_nav2/install/yuBot_nav2/share/yuBot_nav2/local_setup.dsv
[0.194s] -- Installing: /home/goblue/my_ws/yuBot_nav2/install/yuBot_nav2/share/yuBot_nav2/package.dsv
[0.194s] -- Up-to-date: /home/goblue/my_ws/yuBot_nav2/install/yuBot_nav2/share/ament_index/resource_index/packages/yuBot_nav2
[0.195s] -- Up-to-date: /home/goblue/my_ws/yuBot_nav2/install/yuBot_nav2/share/yuBot_nav2/cmake/yuBot_nav2Config.cmake
[0.195s] -- Up-to-date: /home/goblue/my_ws/yuBot_nav2/install/yuBot_nav2/share/yuBot_nav2/cmake/yuBot_nav2Config-version.cmake
[0.195s] -- Up-to-date: /home/goblue/my_ws/yuBot_nav2/install/yuBot_nav2/share/yuBot_nav2/package.xml
[0.196s] Invoked command in '/home/goblue/my_ws/yuBot_nav2/build/yuBot_nav2' returned '0': CMAKE_PREFIX_PATH=${CMAKE_PREFIX_PATH}:/home/goblue/interbotix_ws/install/interbotix_xs_modules:/home/goblue/interbotix_ws/install/interbotix_common_modules:/home/goblue/ros2_ws/install/rse_gaussian_filters:/opt/ros/humble /usr/bin/cmake --install /home/goblue/my_ws/yuBot_nav2/build/yuBot_nav2
