[0.293s] DEBUG:colcon:Command line arguments: ['/usr/bin/colcon', 'build']
[0.293s] DEBUG:colcon:Parsed command line arguments: Namespace(log_base=None, log_level=None, verb_name='build', build_base='build', install_base='install', merge_install=False, symlink_install=False, test_result_base=None, continue_on_error=False, executor='parallel', parallel_workers=20, event_handlers=None, ignore_user_meta=False, metas=['./colcon.meta'], base_paths=['.'], packages_ignore=None, packages_ignore_regex=None, paths=None, packages_up_to=None, packages_up_to_regex=None, packages_above=None, packages_above_and_dependencies=None, packages_above_depth=None, packages_select_by_dep=None, packages_skip_by_dep=None, packages_skip_up_to=None, packages_select_build_failed=False, packages_skip_build_finished=False, packages_select_test_failures=False, packages_skip_test_passed=False, packages_select=None, packages_skip=None, packages_select_regex=None, packages_skip_regex=None, packages_start=None, packages_end=None, allow_overriding=[], cmake_args=None, cmake_target=None, cmake_target_skip_unavailable=False, cmake_clean_cache=False, cmake_clean_first=False, cmake_force_configure=False, ament_cmake_args=None, catkin_cmake_args=None, catkin_skip_building_tests=False, mixin_files=None, mixin=None, verb_parser=<colcon_mixin.mixin.mixin_argument.MixinArgumentDecorator object at 0x7f563259e3b0>, verb_extension=<colcon_core.verb.build.BuildVerb object at 0x7f563259d8d0>, main=<bound method BuildVerb.main of <colcon_core.verb.build.BuildVerb object at 0x7f563259d8d0>>, mixin_verb=('build',))
[0.400s] Level 1:colcon.colcon_core.package_discovery:discover_packages(colcon_meta) check parameters
[0.400s] Level 1:colcon.colcon_core.package_discovery:discover_packages(recursive) check parameters
[0.400s] Level 1:colcon.colcon_core.package_discovery:discover_packages(ignore) check parameters
[0.400s] Level 1:colcon.colcon_core.package_discovery:discover_packages(path) check parameters
[0.400s] Level 1:colcon.colcon_core.package_discovery:discover_packages(colcon_meta) discover
[0.401s] Level 1:colcon.colcon_core.package_discovery:discover_packages(recursive) discover
[0.401s] INFO:colcon.colcon_core.package_discovery:Crawling recursively for packages in '/home/goblue/my_ws/Yubot_controller'
[0.401s] Level 1:colcon.colcon_core.package_identification:_identify(.) by extensions ['ignore', 'ignore_ament_install']
[0.401s] Level 1:colcon.colcon_core.package_identification:_identify(.) by extension 'ignore'
[0.401s] Level 1:colcon.colcon_core.package_identification:_identify(.) by extension 'ignore_ament_install'
[0.401s] Level 1:colcon.colcon_core.package_identification:_identify(.) by extensions ['colcon_pkg']
[0.401s] Level 1:colcon.colcon_core.package_identification:_identify(.) by extension 'colcon_pkg'
[0.401s] Level 1:colcon.colcon_core.package_identification:_identify(.) by extensions ['colcon_meta']
[0.401s] Level 1:colcon.colcon_core.package_identification:_identify(.) by extension 'colcon_meta'
[0.401s] Level 1:colcon.colcon_core.package_identification:_identify(.) by extensions ['ros']
[0.401s] Level 1:colcon.colcon_core.package_identification:_identify(.) by extension 'ros'
[0.413s] DEBUG:colcon.colcon_core.package_identification:Package '.' with type 'ros.ament_cmake' and name 'Yubot_controller'
[0.413s] Level 1:colcon.colcon_core.package_discovery:discover_packages(recursive) using defaults
[0.413s] Level 1:colcon.colcon_core.package_discovery:discover_packages(ignore) discover
[0.413s] Level 1:colcon.colcon_core.package_discovery:discover_packages(ignore) using defaults
[0.413s] Level 1:colcon.colcon_core.package_discovery:discover_packages(path) discover
[0.413s] Level 1:colcon.colcon_core.package_discovery:discover_packages(path) using defaults
[0.447s] Level 1:colcon.colcon_core.package_discovery:discover_packages(prefix_path) check parameters
[0.447s] Level 1:colcon.colcon_core.package_discovery:discover_packages(prefix_path) discover
[0.466s] DEBUG:colcon.colcon_installed_package_information.package_discovery:Found 27 installed packages in /home/goblue/interbotix_ws/install
[0.467s] DEBUG:colcon.colcon_installed_package_information.package_discovery:Found 394 installed packages in /opt/ros/humble
[0.468s] Level 1:colcon.colcon_core.package_discovery:discover_packages(prefix_path) using defaults
[0.522s] Level 5:colcon.colcon_core.verb:set package 'Yubot_controller' build argument 'cmake_args' from command line to 'None'
[0.522s] Level 5:colcon.colcon_core.verb:set package 'Yubot_controller' build argument 'cmake_target' from command line to 'None'
[0.522s] Level 5:colcon.colcon_core.verb:set package 'Yubot_controller' build argument 'cmake_target_skip_unavailable' from command line to 'False'
[0.522s] Level 5:colcon.colcon_core.verb:set package 'Yubot_controller' build argument 'cmake_clean_cache' from command line to 'False'
[0.522s] Level 5:colcon.colcon_core.verb:set package 'Yubot_controller' build argument 'cmake_clean_first' from command line to 'False'
[0.522s] Level 5:colcon.colcon_core.verb:set package 'Yubot_controller' build argument 'cmake_force_configure' from command line to 'False'
[0.522s] Level 5:colcon.colcon_core.verb:set package 'Yubot_controller' build argument 'ament_cmake_args' from command line to 'None'
[0.522s] Level 5:colcon.colcon_core.verb:set package 'Yubot_controller' build argument 'catkin_cmake_args' from command line to 'None'
[0.522s] Level 5:colcon.colcon_core.verb:set package 'Yubot_controller' build argument 'catkin_skip_building_tests' from command line to 'False'
[0.522s] DEBUG:colcon.colcon_core.verb:Building package 'Yubot_controller' with the following arguments: {'ament_cmake_args': None, 'build_base': '/home/goblue/my_ws/Yubot_controller/build/Yubot_controller', 'catkin_cmake_args': None, 'catkin_skip_building_tests': False, 'cmake_args': None, 'cmake_clean_cache': False, 'cmake_clean_first': False, 'cmake_force_configure': False, 'cmake_target': None, 'cmake_target_skip_unavailable': False, 'install_base': '/home/goblue/my_ws/Yubot_controller/install/Yubot_controller', 'merge_install': False, 'path': '/home/goblue/my_ws/Yubot_controller', 'symlink_install': False, 'test_result_base': None}
[0.523s] INFO:colcon.colcon_core.executor:Executing jobs using 'parallel' executor
[0.523s] DEBUG:colcon.colcon_parallel_executor.executor.parallel:run_until_complete
[0.523s] INFO:colcon.colcon_ros.task.ament_cmake.build:Building ROS package in '/home/goblue/my_ws/Yubot_controller' with build type 'ament_cmake'
[0.524s] INFO:colcon.colcon_cmake.task.cmake.build:Building CMake package in '/home/goblue/my_ws/Yubot_controller'
[0.529s] INFO:colcon.colcon_core.plugin_system:Skipping extension 'colcon_core.shell.bat': Not used on non-Windows systems
[0.529s] INFO:colcon.colcon_core.shell:Skip shell extension 'powershell' for command environment: Not usable outside of PowerShell
[0.529s] DEBUG:colcon.colcon_core.shell:Skip shell extension 'dsv' for command environment
[0.540s] DEBUG:colcon.colcon_core.event_handler.log_command:Invoking command in '/home/goblue/my_ws/Yubot_controller/build/Yubot_controller': CMAKE_PREFIX_PATH=${CMAKE_PREFIX_PATH}:/home/goblue/interbotix_ws/install/interbotix_xs_modules:/home/goblue/interbotix_ws/install/interbotix_common_modules:/opt/ros/humble /usr/bin/cmake --build /home/goblue/my_ws/Yubot_controller/build/Yubot_controller -- -j20 -l20
[0.734s] DEBUG:colcon.colcon_core.event_handler.log_command:Invoked command in '/home/goblue/my_ws/Yubot_controller/build/Yubot_controller' returned '0': CMAKE_PREFIX_PATH=${CMAKE_PREFIX_PATH}:/home/goblue/interbotix_ws/install/interbotix_xs_modules:/home/goblue/interbotix_ws/install/interbotix_common_modules:/opt/ros/humble /usr/bin/cmake --build /home/goblue/my_ws/Yubot_controller/build/Yubot_controller -- -j20 -l20
[0.756s] DEBUG:colcon.colcon_core.event_handler.log_command:Invoking command in '/home/goblue/my_ws/Yubot_controller/build/Yubot_controller': CMAKE_PREFIX_PATH=${CMAKE_PREFIX_PATH}:/home/goblue/interbotix_ws/install/interbotix_xs_modules:/home/goblue/interbotix_ws/install/interbotix_common_modules:/opt/ros/humble /usr/bin/cmake --install /home/goblue/my_ws/Yubot_controller/build/Yubot_controller
[0.766s] Level 1:colcon.colcon_core.environment:create_environment_scripts_only(Yubot_controller)
[0.766s] DEBUG:colcon.colcon_core.event_handler.log_command:Invoked command in '/home/goblue/my_ws/Yubot_controller/build/Yubot_controller' returned '0': CMAKE_PREFIX_PATH=${CMAKE_PREFIX_PATH}:/home/goblue/interbotix_ws/install/interbotix_xs_modules:/home/goblue/interbotix_ws/install/interbotix_common_modules:/opt/ros/humble /usr/bin/cmake --install /home/goblue/my_ws/Yubot_controller/build/Yubot_controller
[0.771s] Level 1:colcon.colcon_core.environment:checking '/home/goblue/my_ws/Yubot_controller/install/Yubot_controller' for CMake module files
[0.773s] Level 1:colcon.colcon_core.environment:checking '/home/goblue/my_ws/Yubot_controller/install/Yubot_controller' for CMake config files
[0.774s] Level 1:colcon.colcon_core.shell:create_environment_hook('Yubot_controller', 'cmake_prefix_path')
[0.774s] INFO:colcon.colcon_core.shell:Creating environment hook '/home/goblue/my_ws/Yubot_controller/install/Yubot_controller/share/Yubot_controller/hook/cmake_prefix_path.ps1'
[0.775s] INFO:colcon.colcon_core.shell:Creating environment descriptor '/home/goblue/my_ws/Yubot_controller/install/Yubot_controller/share/Yubot_controller/hook/cmake_prefix_path.dsv'
[0.776s] INFO:colcon.colcon_core.shell:Creating environment hook '/home/goblue/my_ws/Yubot_controller/install/Yubot_controller/share/Yubot_controller/hook/cmake_prefix_path.sh'
[0.777s] Level 1:colcon.colcon_core.environment:checking '/home/goblue/my_ws/Yubot_controller/install/Yubot_controller/lib'
[0.777s] Level 1:colcon.colcon_core.shell:create_environment_hook('Yubot_controller', 'ld_library_path_lib')
[0.777s] INFO:colcon.colcon_core.shell:Creating environment hook '/home/goblue/my_ws/Yubot_controller/install/Yubot_controller/share/Yubot_controller/hook/ld_library_path_lib.ps1'
[0.777s] INFO:colcon.colcon_core.shell:Creating environment descriptor '/home/goblue/my_ws/Yubot_controller/install/Yubot_controller/share/Yubot_controller/hook/ld_library_path_lib.dsv'
[0.777s] INFO:colcon.colcon_core.shell:Creating environment hook '/home/goblue/my_ws/Yubot_controller/install/Yubot_controller/share/Yubot_controller/hook/ld_library_path_lib.sh'
[0.778s] Level 1:colcon.colcon_core.environment:checking '/home/goblue/my_ws/Yubot_controller/install/Yubot_controller/bin'
[0.778s] Level 1:colcon.colcon_core.environment:checking '/home/goblue/my_ws/Yubot_controller/install/Yubot_controller/lib/pkgconfig/Yubot_controller.pc'
[0.778s] Level 1:colcon.colcon_core.environment:checking '/home/goblue/my_ws/Yubot_controller/install/Yubot_controller/lib/python3.10/site-packages'
[0.778s] Level 1:colcon.colcon_core.environment:checking '/home/goblue/my_ws/Yubot_controller/install/Yubot_controller/bin'
[0.778s] INFO:colcon.colcon_core.shell:Creating package script '/home/goblue/my_ws/Yubot_controller/install/Yubot_controller/share/Yubot_controller/package.ps1'
[0.779s] INFO:colcon.colcon_core.shell:Creating package descriptor '/home/goblue/my_ws/Yubot_controller/install/Yubot_controller/share/Yubot_controller/package.dsv'
[0.780s] INFO:colcon.colcon_core.shell:Creating package script '/home/goblue/my_ws/Yubot_controller/install/Yubot_controller/share/Yubot_controller/package.sh'
[0.781s] INFO:colcon.colcon_core.shell:Creating package script '/home/goblue/my_ws/Yubot_controller/install/Yubot_controller/share/Yubot_controller/package.bash'
[0.781s] INFO:colcon.colcon_core.shell:Creating package script '/home/goblue/my_ws/Yubot_controller/install/Yubot_controller/share/Yubot_controller/package.zsh'
[0.782s] Level 1:colcon.colcon_core.environment:create_file_with_runtime_dependencies(/home/goblue/my_ws/Yubot_controller/install/Yubot_controller/share/colcon-core/packages/Yubot_controller)
[0.799s] Level 1:colcon.colcon_core.environment:create_environment_scripts_only(Yubot_controller)
[0.799s] Level 1:colcon.colcon_core.environment:checking '/home/goblue/my_ws/Yubot_controller/install/Yubot_controller' for CMake module files
[0.799s] Level 1:colcon.colcon_core.environment:checking '/home/goblue/my_ws/Yubot_controller/install/Yubot_controller' for CMake config files
[0.799s] Level 1:colcon.colcon_core.shell:create_environment_hook('Yubot_controller', 'cmake_prefix_path')
[0.800s] INFO:colcon.colcon_core.shell:Creating environment hook '/home/goblue/my_ws/Yubot_controller/install/Yubot_controller/share/Yubot_controller/hook/cmake_prefix_path.ps1'
[0.800s] INFO:colcon.colcon_core.shell:Creating environment descriptor '/home/goblue/my_ws/Yubot_controller/install/Yubot_controller/share/Yubot_controller/hook/cmake_prefix_path.dsv'
[0.800s] INFO:colcon.colcon_core.shell:Creating environment hook '/home/goblue/my_ws/Yubot_controller/install/Yubot_controller/share/Yubot_controller/hook/cmake_prefix_path.sh'
[0.800s] Level 1:colcon.colcon_core.environment:checking '/home/goblue/my_ws/Yubot_controller/install/Yubot_controller/lib'
[0.800s] Level 1:colcon.colcon_core.shell:create_environment_hook('Yubot_controller', 'ld_library_path_lib')
[0.801s] INFO:colcon.colcon_core.shell:Creating environment hook '/home/goblue/my_ws/Yubot_controller/install/Yubot_controller/share/Yubot_controller/hook/ld_library_path_lib.ps1'
[0.801s] INFO:colcon.colcon_core.shell:Creating environment descriptor '/home/goblue/my_ws/Yubot_controller/install/Yubot_controller/share/Yubot_controller/hook/ld_library_path_lib.dsv'
[0.801s] INFO:colcon.colcon_core.shell:Creating environment hook '/home/goblue/my_ws/Yubot_controller/install/Yubot_controller/share/Yubot_controller/hook/ld_library_path_lib.sh'
[0.801s] Level 1:colcon.colcon_core.environment:checking '/home/goblue/my_ws/Yubot_controller/install/Yubot_controller/bin'
[0.801s] Level 1:colcon.colcon_core.environment:checking '/home/goblue/my_ws/Yubot_controller/install/Yubot_controller/lib/pkgconfig/Yubot_controller.pc'
[0.801s] Level 1:colcon.colcon_core.environment:checking '/home/goblue/my_ws/Yubot_controller/install/Yubot_controller/lib/python3.10/site-packages'
[0.801s] Level 1:colcon.colcon_core.environment:checking '/home/goblue/my_ws/Yubot_controller/install/Yubot_controller/bin'
[0.802s] INFO:colcon.colcon_core.shell:Creating package script '/home/goblue/my_ws/Yubot_controller/install/Yubot_controller/share/Yubot_controller/package.ps1'
[0.802s] INFO:colcon.colcon_core.shell:Creating package descriptor '/home/goblue/my_ws/Yubot_controller/install/Yubot_controller/share/Yubot_controller/package.dsv'
[0.802s] INFO:colcon.colcon_core.shell:Creating package script '/home/goblue/my_ws/Yubot_controller/install/Yubot_controller/share/Yubot_controller/package.sh'
[0.802s] INFO:colcon.colcon_core.shell:Creating package script '/home/goblue/my_ws/Yubot_controller/install/Yubot_controller/share/Yubot_controller/package.bash'
[0.803s] INFO:colcon.colcon_core.shell:Creating package script '/home/goblue/my_ws/Yubot_controller/install/Yubot_controller/share/Yubot_controller/package.zsh'
[0.803s] Level 1:colcon.colcon_core.environment:create_file_with_runtime_dependencies(/home/goblue/my_ws/Yubot_controller/install/Yubot_controller/share/colcon-core/packages/Yubot_controller)
[0.803s] DEBUG:colcon.colcon_parallel_executor.executor.parallel:closing loop
[0.803s] DEBUG:colcon.colcon_parallel_executor.executor.parallel:loop closed
[0.804s] DEBUG:colcon.colcon_parallel_executor.executor.parallel:run_until_complete finished with '0'
[0.804s] DEBUG:colcon.colcon_core.event_reactor:joining thread
[0.812s] INFO:colcon.colcon_core.plugin_system:Skipping extension 'colcon_notification.desktop_notification.terminal_notifier': Not used on non-Darwin systems
[0.812s] INFO:colcon.colcon_core.plugin_system:Skipping extension 'colcon_notification.desktop_notification.win32': Not used on non-Windows systems
[0.812s] INFO:colcon.colcon_notification.desktop_notification:Sending desktop notification using 'notify2'
[1.403s] DEBUG:colcon.colcon_core.event_reactor:joined thread
[1.403s] INFO:colcon.colcon_core.shell:Creating prefix script '/home/goblue/my_ws/Yubot_controller/install/local_setup.ps1'
[1.404s] INFO:colcon.colcon_core.shell:Creating prefix util module '/home/goblue/my_ws/Yubot_controller/install/_local_setup_util_ps1.py'
[1.405s] INFO:colcon.colcon_core.shell:Creating prefix chain script '/home/goblue/my_ws/Yubot_controller/install/setup.ps1'
[1.406s] INFO:colcon.colcon_core.shell:Creating prefix script '/home/goblue/my_ws/Yubot_controller/install/local_setup.sh'
[1.407s] INFO:colcon.colcon_core.shell:Creating prefix util module '/home/goblue/my_ws/Yubot_controller/install/_local_setup_util_sh.py'
[1.407s] INFO:colcon.colcon_core.shell:Creating prefix chain script '/home/goblue/my_ws/Yubot_controller/install/setup.sh'
[1.409s] INFO:colcon.colcon_core.shell:Creating prefix script '/home/goblue/my_ws/Yubot_controller/install/local_setup.bash'
[1.409s] INFO:colcon.colcon_core.shell:Creating prefix chain script '/home/goblue/my_ws/Yubot_controller/install/setup.bash'
[1.410s] INFO:colcon.colcon_core.shell:Creating prefix script '/home/goblue/my_ws/Yubot_controller/install/local_setup.zsh'
[1.411s] INFO:colcon.colcon_core.shell:Creating prefix chain script '/home/goblue/my_ws/Yubot_controller/install/setup.zsh'
