[0.020s] Invoking command in '/home/goblue/my_ws/build/nav_2d_msgs': CMAKE_PREFIX_PATH=${CMAKE_PREFIX_PATH}:/home/goblue/interbotix_ws/install/interbotix_xs_modules:/home/goblue/interbotix_ws/install/interbotix_common_modules:/opt/ros/humble /usr/bin/cmake --build /home/goblue/my_ws/build/nav_2d_msgs -- -j20 -l20
[0.201s] [35m[1mConsolidate compiler generated dependencies of target nav_2d_msgs__rosidl_generator_c[0m
[0.201s] [  1%] Built target nav_2d_msgs__cpp
[0.201s] [35m[1mConsolidate compiler generated dependencies of target nav_2d_msgs__rosidl_typesupport_cpp[0m
[0.201s] [35m[1mConsolidate compiler generated dependencies of target nav_2d_msgs__rosidl_typesupport_introspection_cpp[0m
[0.201s] [35m[1mConsolidate compiler generated dependencies of target nav_2d_msgs__rosidl_typesupport_fastrtps_cpp[0m
[0.201s] [  1%] Built target ament_cmake_python_copy_nav_2d_msgs
[0.201s] [ 12%] Built target nav_2d_msgs__rosidl_generator_c
[0.201s] [35m[1mConsolidate compiler generated dependencies of target nav_2d_msgs__rosidl_typesupport_introspection_c[0m
[0.201s] [35m[1mConsolidate compiler generated dependencies of target nav_2d_msgs__rosidl_typesupport_c[0m
[0.201s] [35m[1mConsolidate compiler generated dependencies of target nav_2d_msgs__rosidl_typesupport_fastrtps_c[0m
[0.201s] [ 23%] Built target nav_2d_msgs__rosidl_typesupport_introspection_cpp
[0.201s] [ 35%] Built target nav_2d_msgs__rosidl_typesupport_fastrtps_cpp
[0.201s] [ 46%] Built target nav_2d_msgs__rosidl_typesupport_introspection_c
[0.202s] [ 57%] Built target nav_2d_msgs__rosidl_typesupport_c
[0.202s] [ 69%] Built target nav_2d_msgs__rosidl_typesupport_cpp
[0.202s] [ 80%] Built target nav_2d_msgs__rosidl_typesupport_fastrtps_c
[0.202s] [ 80%] Built target nav_2d_msgs
[0.202s] [ 81%] Built target nav_2d_msgs__py
[0.202s] [35m[1mConsolidate compiler generated dependencies of target nav_2d_msgs__rosidl_generator_py[0m
[0.202s] [ 91%] Built target nav_2d_msgs__rosidl_generator_py
[0.203s] [35m[1mConsolidate compiler generated dependencies of target nav_2d_msgs__rosidl_typesupport_fastrtps_c__pyext[0m
[0.203s] [35m[1mConsolidate compiler generated dependencies of target nav_2d_msgs__rosidl_typesupport_introspection_c__pyext[0m
[0.203s] [35m[1mConsolidate compiler generated dependencies of target nav_2d_msgs__rosidl_typesupport_c__pyext[0m
[0.209s] [ 94%] Built target nav_2d_msgs__rosidl_typesupport_fastrtps_c__pyext
[0.210s] [ 97%] Built target nav_2d_msgs__rosidl_typesupport_introspection_c__pyext
[0.210s] [100%] Built target nav_2d_msgs__rosidl_typesupport_c__pyext
[0.267s] running egg_info
[0.268s] writing nav_2d_msgs.egg-info/PKG-INFO
[0.269s] writing dependency_links to nav_2d_msgs.egg-info/dependency_links.txt
[0.269s] writing top-level names to nav_2d_msgs.egg-info/top_level.txt
[0.270s] reading manifest file 'nav_2d_msgs.egg-info/SOURCES.txt'
[0.271s] writing manifest file 'nav_2d_msgs.egg-info/SOURCES.txt'
[0.289s] [100%] Built target ament_cmake_python_build_nav_2d_msgs_egg
[0.296s] Invoked command in '/home/goblue/my_ws/build/nav_2d_msgs' returned '0': CMAKE_PREFIX_PATH=${CMAKE_PREFIX_PATH}:/home/goblue/interbotix_ws/install/interbotix_xs_modules:/home/goblue/interbotix_ws/install/interbotix_common_modules:/opt/ros/humble /usr/bin/cmake --build /home/goblue/my_ws/build/nav_2d_msgs -- -j20 -l20
[0.400s] Invoking command in '/home/goblue/my_ws/build/nav_2d_msgs': CMAKE_PREFIX_PATH=${CMAKE_PREFIX_PATH}:/home/goblue/interbotix_ws/install/interbotix_xs_modules:/home/goblue/interbotix_ws/install/interbotix_common_modules:/opt/ros/humble /usr/bin/cmake --install /home/goblue/my_ws/build/nav_2d_msgs
[0.404s] -- Install configuration: ""
[0.405s] -- Up-to-date: /home/goblue/my_ws/install/nav_2d_msgs/share/ament_index/resource_index/rosidl_interfaces/nav_2d_msgs
[0.405s] -- Up-to-date: /home/goblue/my_ws/install/nav_2d_msgs/include/nav_2d_msgs/nav_2d_msgs
[0.405s] -- Up-to-date: /home/goblue/my_ws/install/nav_2d_msgs/include/nav_2d_msgs/nav_2d_msgs/msg
[0.405s] -- Up-to-date: /home/goblue/my_ws/install/nav_2d_msgs/include/nav_2d_msgs/nav_2d_msgs/msg/twist2_d.h
[0.405s] -- Up-to-date: /home/goblue/my_ws/install/nav_2d_msgs/include/nav_2d_msgs/nav_2d_msgs/msg/rosidl_generator_c__visibility_control.h
[0.405s] -- Up-to-date: /home/goblue/my_ws/install/nav_2d_msgs/include/nav_2d_msgs/nav_2d_msgs/msg/twist2_d32.h
[0.405s] -- Up-to-date: /home/goblue/my_ws/install/nav_2d_msgs/include/nav_2d_msgs/nav_2d_msgs/msg/pose2_d32.h
[0.405s] -- Up-to-date: /home/goblue/my_ws/install/nav_2d_msgs/include/nav_2d_msgs/nav_2d_msgs/msg/path2_d.h
[0.405s] -- Up-to-date: /home/goblue/my_ws/install/nav_2d_msgs/include/nav_2d_msgs/nav_2d_msgs/msg/detail
[0.405s] -- Up-to-date: /home/goblue/my_ws/install/nav_2d_msgs/include/nav_2d_msgs/nav_2d_msgs/msg/detail/twist2_d__functions.h
[0.405s] -- Up-to-date: /home/goblue/my_ws/install/nav_2d_msgs/include/nav_2d_msgs/nav_2d_msgs/msg/detail/pose2_d_stamped__struct.h
[0.405s] -- Up-to-date: /home/goblue/my_ws/install/nav_2d_msgs/include/nav_2d_msgs/nav_2d_msgs/msg/detail/pose2_d_stamped__type_support.h
[0.405s] -- Up-to-date: /home/goblue/my_ws/install/nav_2d_msgs/include/nav_2d_msgs/nav_2d_msgs/msg/detail/twist2_d32__struct.h
[0.405s] -- Up-to-date: /home/goblue/my_ws/install/nav_2d_msgs/include/nav_2d_msgs/nav_2d_msgs/msg/detail/path2_d__struct.h
[0.405s] -- Up-to-date: /home/goblue/my_ws/install/nav_2d_msgs/include/nav_2d_msgs/nav_2d_msgs/msg/detail/twist2_d__struct.h
[0.405s] -- Up-to-date: /home/goblue/my_ws/install/nav_2d_msgs/include/nav_2d_msgs/nav_2d_msgs/msg/detail/twist2_d__functions.c
[0.405s] -- Up-to-date: /home/goblue/my_ws/install/nav_2d_msgs/include/nav_2d_msgs/nav_2d_msgs/msg/detail/twist2_d_stamped__functions.c
[0.405s] -- Up-to-date: /home/goblue/my_ws/install/nav_2d_msgs/include/nav_2d_msgs/nav_2d_msgs/msg/detail/twist2_d_stamped__struct.h
[0.405s] -- Up-to-date: /home/goblue/my_ws/install/nav_2d_msgs/include/nav_2d_msgs/nav_2d_msgs/msg/detail/pose2_d32__functions.c
[0.406s] -- Up-to-date: /home/goblue/my_ws/install/nav_2d_msgs/include/nav_2d_msgs/nav_2d_msgs/msg/detail/pose2_d_stamped__functions.c
[0.406s] -- Up-to-date: /home/goblue/my_ws/install/nav_2d_msgs/include/nav_2d_msgs/nav_2d_msgs/msg/detail/twist2_d__type_support.h
[0.406s] -- Up-to-date: /home/goblue/my_ws/install/nav_2d_msgs/include/nav_2d_msgs/nav_2d_msgs/msg/detail/twist2_d_stamped__functions.h
[0.406s] -- Up-to-date: /home/goblue/my_ws/install/nav_2d_msgs/include/nav_2d_msgs/nav_2d_msgs/msg/detail/path2_d__functions.h
[0.406s] -- Up-to-date: /home/goblue/my_ws/install/nav_2d_msgs/include/nav_2d_msgs/nav_2d_msgs/msg/detail/path2_d__type_support.h
[0.406s] -- Up-to-date: /home/goblue/my_ws/install/nav_2d_msgs/include/nav_2d_msgs/nav_2d_msgs/msg/detail/pose2_d32__type_support.h
[0.407s] -- Up-to-date: /home/goblue/my_ws/install/nav_2d_msgs/include/nav_2d_msgs/nav_2d_msgs/msg/detail/pose2_d32__functions.h
[0.407s] -- Up-to-date: /home/goblue/my_ws/install/nav_2d_msgs/include/nav_2d_msgs/nav_2d_msgs/msg/detail/twist2_d32__functions.h
[0.407s] -- Up-to-date: /home/goblue/my_ws/install/nav_2d_msgs/include/nav_2d_msgs/nav_2d_msgs/msg/detail/path2_d__functions.c
[0.407s] -- Up-to-date: /home/goblue/my_ws/install/nav_2d_msgs/include/nav_2d_msgs/nav_2d_msgs/msg/detail/pose2_d_stamped__functions.h
[0.407s] -- Up-to-date: /home/goblue/my_ws/install/nav_2d_msgs/include/nav_2d_msgs/nav_2d_msgs/msg/detail/pose2_d32__struct.h
[0.407s] -- Up-to-date: /home/goblue/my_ws/install/nav_2d_msgs/include/nav_2d_msgs/nav_2d_msgs/msg/detail/twist2_d_stamped__type_support.h
[0.407s] -- Up-to-date: /home/goblue/my_ws/install/nav_2d_msgs/include/nav_2d_msgs/nav_2d_msgs/msg/detail/twist2_d32__functions.c
[0.407s] -- Up-to-date: /home/goblue/my_ws/install/nav_2d_msgs/include/nav_2d_msgs/nav_2d_msgs/msg/detail/twist2_d32__type_support.h
[0.407s] -- Up-to-date: /home/goblue/my_ws/install/nav_2d_msgs/include/nav_2d_msgs/nav_2d_msgs/msg/twist2_d_stamped.h
[0.407s] -- Up-to-date: /home/goblue/my_ws/install/nav_2d_msgs/include/nav_2d_msgs/nav_2d_msgs/msg/pose2_d_stamped.h
[0.407s] -- Up-to-date: /home/goblue/my_ws/install/nav_2d_msgs/share/nav_2d_msgs/environment/library_path.sh
[0.407s] -- Up-to-date: /home/goblue/my_ws/install/nav_2d_msgs/share/nav_2d_msgs/environment/library_path.dsv
[0.407s] -- Up-to-date: /home/goblue/my_ws/install/nav_2d_msgs/lib/libnav_2d_msgs__rosidl_generator_c.so
[0.408s] -- Up-to-date: /home/goblue/my_ws/install/nav_2d_msgs/include/nav_2d_msgs/nav_2d_msgs
[0.408s] -- Up-to-date: /home/goblue/my_ws/install/nav_2d_msgs/include/nav_2d_msgs/nav_2d_msgs/msg
[0.408s] -- Up-to-date: /home/goblue/my_ws/install/nav_2d_msgs/include/nav_2d_msgs/nav_2d_msgs/msg/detail
[0.408s] -- Up-to-date: /home/goblue/my_ws/install/nav_2d_msgs/include/nav_2d_msgs/nav_2d_msgs/msg/detail/twist2_d32__rosidl_typesupport_fastrtps_c.h
[0.408s] -- Up-to-date: /home/goblue/my_ws/install/nav_2d_msgs/include/nav_2d_msgs/nav_2d_msgs/msg/detail/pose2_d32__rosidl_typesupport_fastrtps_c.h
[0.408s] -- Up-to-date: /home/goblue/my_ws/install/nav_2d_msgs/include/nav_2d_msgs/nav_2d_msgs/msg/detail/twist2_d__rosidl_typesupport_fastrtps_c.h
[0.408s] -- Up-to-date: /home/goblue/my_ws/install/nav_2d_msgs/include/nav_2d_msgs/nav_2d_msgs/msg/detail/twist2_d_stamped__rosidl_typesupport_fastrtps_c.h
[0.408s] -- Up-to-date: /home/goblue/my_ws/install/nav_2d_msgs/include/nav_2d_msgs/nav_2d_msgs/msg/detail/pose2_d_stamped__rosidl_typesupport_fastrtps_c.h
[0.409s] -- Up-to-date: /home/goblue/my_ws/install/nav_2d_msgs/include/nav_2d_msgs/nav_2d_msgs/msg/detail/path2_d__rosidl_typesupport_fastrtps_c.h
[0.409s] -- Up-to-date: /home/goblue/my_ws/install/nav_2d_msgs/include/nav_2d_msgs/nav_2d_msgs/msg/rosidl_typesupport_fastrtps_c__visibility_control.h
[0.409s] -- Up-to-date: /home/goblue/my_ws/install/nav_2d_msgs/lib/libnav_2d_msgs__rosidl_typesupport_fastrtps_c.so
[0.409s] -- Up-to-date: /home/goblue/my_ws/install/nav_2d_msgs/include/nav_2d_msgs/nav_2d_msgs
[0.409s] -- Up-to-date: /home/goblue/my_ws/install/nav_2d_msgs/include/nav_2d_msgs/nav_2d_msgs/msg
[0.409s] -- Up-to-date: /home/goblue/my_ws/install/nav_2d_msgs/include/nav_2d_msgs/nav_2d_msgs/msg/twist2_d32.hpp
[0.409s] -- Up-to-date: /home/goblue/my_ws/install/nav_2d_msgs/include/nav_2d_msgs/nav_2d_msgs/msg/twist2_d_stamped.hpp
[0.409s] -- Up-to-date: /home/goblue/my_ws/install/nav_2d_msgs/include/nav_2d_msgs/nav_2d_msgs/msg/pose2_d_stamped.hpp
[0.410s] -- Up-to-date: /home/goblue/my_ws/install/nav_2d_msgs/include/nav_2d_msgs/nav_2d_msgs/msg/path2_d.hpp
[0.410s] -- Up-to-date: /home/goblue/my_ws/install/nav_2d_msgs/include/nav_2d_msgs/nav_2d_msgs/msg/pose2_d32.hpp
[0.410s] -- Up-to-date: /home/goblue/my_ws/install/nav_2d_msgs/include/nav_2d_msgs/nav_2d_msgs/msg/detail
[0.410s] -- Up-to-date: /home/goblue/my_ws/install/nav_2d_msgs/include/nav_2d_msgs/nav_2d_msgs/msg/detail/twist2_d__traits.hpp
[0.410s] -- Up-to-date: /home/goblue/my_ws/install/nav_2d_msgs/include/nav_2d_msgs/nav_2d_msgs/msg/detail/pose2_d_stamped__builder.hpp
[0.410s] -- Up-to-date: /home/goblue/my_ws/install/nav_2d_msgs/include/nav_2d_msgs/nav_2d_msgs/msg/detail/path2_d__struct.hpp
[0.411s] -- Up-to-date: /home/goblue/my_ws/install/nav_2d_msgs/include/nav_2d_msgs/nav_2d_msgs/msg/detail/twist2_d_stamped__traits.hpp
[0.412s] -- Up-to-date: /home/goblue/my_ws/install/nav_2d_msgs/include/nav_2d_msgs/nav_2d_msgs/msg/detail/twist2_d32__struct.hpp
[0.412s] -- Up-to-date: /home/goblue/my_ws/install/nav_2d_msgs/include/nav_2d_msgs/nav_2d_msgs/msg/detail/pose2_d32__builder.hpp
[0.412s] -- Up-to-date: /home/goblue/my_ws/install/nav_2d_msgs/include/nav_2d_msgs/nav_2d_msgs/msg/detail/twist2_d__builder.hpp
[0.413s] -- Up-to-date: /home/goblue/my_ws/install/nav_2d_msgs/include/nav_2d_msgs/nav_2d_msgs/msg/detail/twist2_d32__builder.hpp
[0.413s] -- Up-to-date: /home/goblue/my_ws/install/nav_2d_msgs/include/nav_2d_msgs/nav_2d_msgs/msg/detail/pose2_d_stamped__traits.hpp
[0.413s] -- Up-to-date: /home/goblue/my_ws/install/nav_2d_msgs/include/nav_2d_msgs/nav_2d_msgs/msg/detail/twist2_d32__traits.hpp
[0.413s] -- Up-to-date: /home/goblue/my_ws/install/nav_2d_msgs/include/nav_2d_msgs/nav_2d_msgs/msg/detail/pose2_d_stamped__struct.hpp
[0.413s] -- Up-to-date: /home/goblue/my_ws/install/nav_2d_msgs/include/nav_2d_msgs/nav_2d_msgs/msg/detail/twist2_d_stamped__builder.hpp
[0.413s] -- Up-to-date: /home/goblue/my_ws/install/nav_2d_msgs/include/nav_2d_msgs/nav_2d_msgs/msg/detail/pose2_d32__traits.hpp
[0.414s] -- Up-to-date: /home/goblue/my_ws/install/nav_2d_msgs/include/nav_2d_msgs/nav_2d_msgs/msg/detail/path2_d__traits.hpp
[0.414s] -- Up-to-date: /home/goblue/my_ws/install/nav_2d_msgs/include/nav_2d_msgs/nav_2d_msgs/msg/detail/twist2_d_stamped__struct.hpp
[0.414s] -- Up-to-date: /home/goblue/my_ws/install/nav_2d_msgs/include/nav_2d_msgs/nav_2d_msgs/msg/detail/pose2_d32__struct.hpp
[0.414s] -- Up-to-date: /home/goblue/my_ws/install/nav_2d_msgs/include/nav_2d_msgs/nav_2d_msgs/msg/detail/twist2_d__struct.hpp
[0.414s] -- Up-to-date: /home/goblue/my_ws/install/nav_2d_msgs/include/nav_2d_msgs/nav_2d_msgs/msg/detail/path2_d__builder.hpp
[0.414s] -- Up-to-date: /home/goblue/my_ws/install/nav_2d_msgs/include/nav_2d_msgs/nav_2d_msgs/msg/twist2_d.hpp
[0.414s] -- Up-to-date: /home/goblue/my_ws/install/nav_2d_msgs/include/nav_2d_msgs/nav_2d_msgs
[0.414s] -- Up-to-date: /home/goblue/my_ws/install/nav_2d_msgs/include/nav_2d_msgs/nav_2d_msgs/msg
[0.414s] -- Up-to-date: /home/goblue/my_ws/install/nav_2d_msgs/include/nav_2d_msgs/nav_2d_msgs/msg/rosidl_typesupport_fastrtps_cpp__visibility_control.h
[0.414s] -- Up-to-date: /home/goblue/my_ws/install/nav_2d_msgs/include/nav_2d_msgs/nav_2d_msgs/msg/detail
[0.414s] -- Up-to-date: /home/goblue/my_ws/install/nav_2d_msgs/include/nav_2d_msgs/nav_2d_msgs/msg/detail/path2_d__rosidl_typesupport_fastrtps_cpp.hpp
[0.415s] -- Up-to-date: /home/goblue/my_ws/install/nav_2d_msgs/include/nav_2d_msgs/nav_2d_msgs/msg/detail/pose2_d_stamped__rosidl_typesupport_fastrtps_cpp.hpp
[0.415s] -- Up-to-date: /home/goblue/my_ws/install/nav_2d_msgs/include/nav_2d_msgs/nav_2d_msgs/msg/detail/twist2_d__rosidl_typesupport_fastrtps_cpp.hpp
[0.415s] -- Up-to-date: /home/goblue/my_ws/install/nav_2d_msgs/include/nav_2d_msgs/nav_2d_msgs/msg/detail/pose2_d32__rosidl_typesupport_fastrtps_cpp.hpp
[0.415s] -- Up-to-date: /home/goblue/my_ws/install/nav_2d_msgs/include/nav_2d_msgs/nav_2d_msgs/msg/detail/dds_fastrtps
[0.415s] -- Up-to-date: /home/goblue/my_ws/install/nav_2d_msgs/include/nav_2d_msgs/nav_2d_msgs/msg/detail/twist2_d32__rosidl_typesupport_fastrtps_cpp.hpp
[0.415s] -- Up-to-date: /home/goblue/my_ws/install/nav_2d_msgs/include/nav_2d_msgs/nav_2d_msgs/msg/detail/twist2_d_stamped__rosidl_typesupport_fastrtps_cpp.hpp
[0.415s] -- Up-to-date: /home/goblue/my_ws/install/nav_2d_msgs/lib/libnav_2d_msgs__rosidl_typesupport_fastrtps_cpp.so
[0.415s] -- Up-to-date: /home/goblue/my_ws/install/nav_2d_msgs/include/nav_2d_msgs/nav_2d_msgs
[0.416s] -- Up-to-date: /home/goblue/my_ws/install/nav_2d_msgs/include/nav_2d_msgs/nav_2d_msgs/msg
[0.416s] -- Up-to-date: /home/goblue/my_ws/install/nav_2d_msgs/include/nav_2d_msgs/nav_2d_msgs/msg/rosidl_typesupport_introspection_c__visibility_control.h
[0.416s] -- Up-to-date: /home/goblue/my_ws/install/nav_2d_msgs/include/nav_2d_msgs/nav_2d_msgs/msg/detail
[0.416s] -- Up-to-date: /home/goblue/my_ws/install/nav_2d_msgs/include/nav_2d_msgs/nav_2d_msgs/msg/detail/twist2_d32__rosidl_typesupport_introspection_c.h
[0.416s] -- Up-to-date: /home/goblue/my_ws/install/nav_2d_msgs/include/nav_2d_msgs/nav_2d_msgs/msg/detail/path2_d__rosidl_typesupport_introspection_c.h
[0.416s] -- Up-to-date: /home/goblue/my_ws/install/nav_2d_msgs/include/nav_2d_msgs/nav_2d_msgs/msg/detail/pose2_d32__type_support.c
[0.417s] -- Up-to-date: /home/goblue/my_ws/install/nav_2d_msgs/include/nav_2d_msgs/nav_2d_msgs/msg/detail/twist2_d_stamped__rosidl_typesupport_introspection_c.h
[0.417s] -- Up-to-date: /home/goblue/my_ws/install/nav_2d_msgs/include/nav_2d_msgs/nav_2d_msgs/msg/detail/twist2_d__type_support.c
[0.417s] -- Up-to-date: /home/goblue/my_ws/install/nav_2d_msgs/include/nav_2d_msgs/nav_2d_msgs/msg/detail/twist2_d_stamped__type_support.c
[0.417s] -- Up-to-date: /home/goblue/my_ws/install/nav_2d_msgs/include/nav_2d_msgs/nav_2d_msgs/msg/detail/pose2_d32__rosidl_typesupport_introspection_c.h
[0.417s] -- Up-to-date: /home/goblue/my_ws/install/nav_2d_msgs/include/nav_2d_msgs/nav_2d_msgs/msg/detail/twist2_d32__type_support.c
[0.417s] -- Up-to-date: /home/goblue/my_ws/install/nav_2d_msgs/include/nav_2d_msgs/nav_2d_msgs/msg/detail/path2_d__type_support.c
[0.417s] -- Up-to-date: /home/goblue/my_ws/install/nav_2d_msgs/include/nav_2d_msgs/nav_2d_msgs/msg/detail/twist2_d__rosidl_typesupport_introspection_c.h
[0.417s] -- Up-to-date: /home/goblue/my_ws/install/nav_2d_msgs/include/nav_2d_msgs/nav_2d_msgs/msg/detail/pose2_d_stamped__type_support.c
[0.417s] -- Up-to-date: /home/goblue/my_ws/install/nav_2d_msgs/include/nav_2d_msgs/nav_2d_msgs/msg/detail/pose2_d_stamped__rosidl_typesupport_introspection_c.h
[0.417s] -- Up-to-date: /home/goblue/my_ws/install/nav_2d_msgs/lib/libnav_2d_msgs__rosidl_typesupport_introspection_c.so
[0.418s] -- Up-to-date: /home/goblue/my_ws/install/nav_2d_msgs/lib/libnav_2d_msgs__rosidl_typesupport_c.so
[0.418s] -- Up-to-date: /home/goblue/my_ws/install/nav_2d_msgs/include/nav_2d_msgs/nav_2d_msgs
[0.418s] -- Up-to-date: /home/goblue/my_ws/install/nav_2d_msgs/include/nav_2d_msgs/nav_2d_msgs/msg
[0.418s] -- Up-to-date: /home/goblue/my_ws/install/nav_2d_msgs/include/nav_2d_msgs/nav_2d_msgs/msg/detail
[0.418s] -- Up-to-date: /home/goblue/my_ws/install/nav_2d_msgs/include/nav_2d_msgs/nav_2d_msgs/msg/detail/twist2_d32__type_support.cpp
[0.418s] -- Up-to-date: /home/goblue/my_ws/install/nav_2d_msgs/include/nav_2d_msgs/nav_2d_msgs/msg/detail/twist2_d__rosidl_typesupport_introspection_cpp.hpp
[0.418s] -- Up-to-date: /home/goblue/my_ws/install/nav_2d_msgs/include/nav_2d_msgs/nav_2d_msgs/msg/detail/path2_d__rosidl_typesupport_introspection_cpp.hpp
[0.418s] -- Up-to-date: /home/goblue/my_ws/install/nav_2d_msgs/include/nav_2d_msgs/nav_2d_msgs/msg/detail/pose2_d_stamped__type_support.cpp
[0.418s] -- Up-to-date: /home/goblue/my_ws/install/nav_2d_msgs/include/nav_2d_msgs/nav_2d_msgs/msg/detail/twist2_d32__rosidl_typesupport_introspection_cpp.hpp
[0.418s] -- Up-to-date: /home/goblue/my_ws/install/nav_2d_msgs/include/nav_2d_msgs/nav_2d_msgs/msg/detail/pose2_d32__rosidl_typesupport_introspection_cpp.hpp
[0.420s] -- Up-to-date: /home/goblue/my_ws/install/nav_2d_msgs/include/nav_2d_msgs/nav_2d_msgs/msg/detail/twist2_d_stamped__type_support.cpp
[0.420s] -- Up-to-date: /home/goblue/my_ws/install/nav_2d_msgs/include/nav_2d_msgs/nav_2d_msgs/msg/detail/pose2_d_stamped__rosidl_typesupport_introspection_cpp.hpp
[0.421s] -- Up-to-date: /home/goblue/my_ws/install/nav_2d_msgs/include/nav_2d_msgs/nav_2d_msgs/msg/detail/path2_d__type_support.cpp
[0.421s] -- Up-to-date: /home/goblue/my_ws/install/nav_2d_msgs/include/nav_2d_msgs/nav_2d_msgs/msg/detail/pose2_d32__type_support.cpp
[0.421s] -- Up-to-date: /home/goblue/my_ws/install/nav_2d_msgs/include/nav_2d_msgs/nav_2d_msgs/msg/detail/twist2_d__type_support.cpp
[0.421s] -- Up-to-date: /home/goblue/my_ws/install/nav_2d_msgs/include/nav_2d_msgs/nav_2d_msgs/msg/detail/twist2_d_stamped__rosidl_typesupport_introspection_cpp.hpp
[0.421s] -- Up-to-date: /home/goblue/my_ws/install/nav_2d_msgs/lib/libnav_2d_msgs__rosidl_typesupport_introspection_cpp.so
[0.421s] -- Up-to-date: /home/goblue/my_ws/install/nav_2d_msgs/lib/libnav_2d_msgs__rosidl_typesupport_cpp.so
[0.421s] -- Up-to-date: /home/goblue/my_ws/install/nav_2d_msgs/share/nav_2d_msgs/environment/pythonpath.sh
[0.422s] -- Up-to-date: /home/goblue/my_ws/install/nav_2d_msgs/share/nav_2d_msgs/environment/pythonpath.dsv
[0.422s] -- Up-to-date: /home/goblue/my_ws/install/nav_2d_msgs/local/lib/python3.10/dist-packages/nav_2d_msgs-1.1.17-py3.10.egg-info
[0.422s] -- Installing: /home/goblue/my_ws/install/nav_2d_msgs/local/lib/python3.10/dist-packages/nav_2d_msgs-1.1.17-py3.10.egg-info/top_level.txt
[0.422s] -- Installing: /home/goblue/my_ws/install/nav_2d_msgs/local/lib/python3.10/dist-packages/nav_2d_msgs-1.1.17-py3.10.egg-info/SOURCES.txt
[0.422s] -- Installing: /home/goblue/my_ws/install/nav_2d_msgs/local/lib/python3.10/dist-packages/nav_2d_msgs-1.1.17-py3.10.egg-info/dependency_links.txt
[0.422s] -- Installing: /home/goblue/my_ws/install/nav_2d_msgs/local/lib/python3.10/dist-packages/nav_2d_msgs-1.1.17-py3.10.egg-info/PKG-INFO
[0.422s] -- Up-to-date: /home/goblue/my_ws/install/nav_2d_msgs/local/lib/python3.10/dist-packages/nav_2d_msgs
[0.422s] -- Up-to-date: /home/goblue/my_ws/install/nav_2d_msgs/local/lib/python3.10/dist-packages/nav_2d_msgs/__init__.py
[0.422s] -- Up-to-date: /home/goblue/my_ws/install/nav_2d_msgs/local/lib/python3.10/dist-packages/nav_2d_msgs/nav_2d_msgs_s__rosidl_typesupport_fastrtps_c.cpython-310-x86_64-linux-gnu.so
[0.423s] -- Up-to-date: /home/goblue/my_ws/install/nav_2d_msgs/local/lib/python3.10/dist-packages/nav_2d_msgs/_nav_2d_msgs_s.ep.rosidl_typesupport_c.c
[0.423s] -- Up-to-date: /home/goblue/my_ws/install/nav_2d_msgs/local/lib/python3.10/dist-packages/nav_2d_msgs/_nav_2d_msgs_s.ep.rosidl_typesupport_introspection_c.c
[0.423s] -- Up-to-date: /home/goblue/my_ws/install/nav_2d_msgs/local/lib/python3.10/dist-packages/nav_2d_msgs/libnav_2d_msgs__rosidl_generator_py.so
[0.423s] -- Up-to-date: /home/goblue/my_ws/install/nav_2d_msgs/local/lib/python3.10/dist-packages/nav_2d_msgs/msg
[0.423s] -- Up-to-date: /home/goblue/my_ws/install/nav_2d_msgs/local/lib/python3.10/dist-packages/nav_2d_msgs/msg/__init__.py
[0.423s] -- Up-to-date: /home/goblue/my_ws/install/nav_2d_msgs/local/lib/python3.10/dist-packages/nav_2d_msgs/msg/_pose2_d32_s.c
[0.423s] -- Up-to-date: /home/goblue/my_ws/install/nav_2d_msgs/local/lib/python3.10/dist-packages/nav_2d_msgs/msg/_twist2_d.py
[0.423s] -- Up-to-date: /home/goblue/my_ws/install/nav_2d_msgs/local/lib/python3.10/dist-packages/nav_2d_msgs/msg/_pose2_d32.py
[0.424s] -- Up-to-date: /home/goblue/my_ws/install/nav_2d_msgs/local/lib/python3.10/dist-packages/nav_2d_msgs/msg/_twist2_d32_s.c
[0.424s] -- Up-to-date: /home/goblue/my_ws/install/nav_2d_msgs/local/lib/python3.10/dist-packages/nav_2d_msgs/msg/_pose2_d_stamped_s.c
[0.424s] -- Up-to-date: /home/goblue/my_ws/install/nav_2d_msgs/local/lib/python3.10/dist-packages/nav_2d_msgs/msg/_twist2_d_stamped_s.c
[0.424s] -- Up-to-date: /home/goblue/my_ws/install/nav_2d_msgs/local/lib/python3.10/dist-packages/nav_2d_msgs/msg/_path2_d_s.c
[0.424s] -- Up-to-date: /home/goblue/my_ws/install/nav_2d_msgs/local/lib/python3.10/dist-packages/nav_2d_msgs/msg/_twist2_d32.py
[0.424s] -- Up-to-date: /home/goblue/my_ws/install/nav_2d_msgs/local/lib/python3.10/dist-packages/nav_2d_msgs/msg/_twist2_d_s.c
[0.424s] -- Up-to-date: /home/goblue/my_ws/install/nav_2d_msgs/local/lib/python3.10/dist-packages/nav_2d_msgs/msg/_pose2_d_stamped.py
[0.424s] -- Up-to-date: /home/goblue/my_ws/install/nav_2d_msgs/local/lib/python3.10/dist-packages/nav_2d_msgs/msg/_path2_d.py
[0.424s] -- Up-to-date: /home/goblue/my_ws/install/nav_2d_msgs/local/lib/python3.10/dist-packages/nav_2d_msgs/msg/_twist2_d_stamped.py
[0.424s] -- Up-to-date: /home/goblue/my_ws/install/nav_2d_msgs/local/lib/python3.10/dist-packages/nav_2d_msgs/_nav_2d_msgs_s.ep.rosidl_typesupport_fastrtps_c.c
[0.424s] -- Up-to-date: /home/goblue/my_ws/install/nav_2d_msgs/local/lib/python3.10/dist-packages/nav_2d_msgs/nav_2d_msgs_s__rosidl_typesupport_introspection_c.cpython-310-x86_64-linux-gnu.so
[0.424s] -- Up-to-date: /home/goblue/my_ws/install/nav_2d_msgs/local/lib/python3.10/dist-packages/nav_2d_msgs/nav_2d_msgs_s__rosidl_typesupport_c.cpython-310-x86_64-linux-gnu.so
[0.432s] Listing '/home/goblue/my_ws/install/nav_2d_msgs/local/lib/python3.10/dist-packages/nav_2d_msgs'...
[0.432s] Listing '/home/goblue/my_ws/install/nav_2d_msgs/local/lib/python3.10/dist-packages/nav_2d_msgs/msg'...
[0.438s] -- Up-to-date: /home/goblue/my_ws/install/nav_2d_msgs/local/lib/python3.10/dist-packages/nav_2d_msgs/nav_2d_msgs_s__rosidl_typesupport_fastrtps_c.cpython-310-x86_64-linux-gnu.so
[0.438s] -- Up-to-date: /home/goblue/my_ws/install/nav_2d_msgs/local/lib/python3.10/dist-packages/nav_2d_msgs/nav_2d_msgs_s__rosidl_typesupport_introspection_c.cpython-310-x86_64-linux-gnu.so
[0.438s] -- Up-to-date: /home/goblue/my_ws/install/nav_2d_msgs/local/lib/python3.10/dist-packages/nav_2d_msgs/nav_2d_msgs_s__rosidl_typesupport_c.cpython-310-x86_64-linux-gnu.so
[0.438s] -- Up-to-date: /home/goblue/my_ws/install/nav_2d_msgs/lib/libnav_2d_msgs__rosidl_generator_py.so
[0.439s] -- Up-to-date: /home/goblue/my_ws/install/nav_2d_msgs/share/nav_2d_msgs/msg/Path2D.idl
[0.439s] -- Up-to-date: /home/goblue/my_ws/install/nav_2d_msgs/share/nav_2d_msgs/msg/Pose2D32.idl
[0.440s] -- Up-to-date: /home/goblue/my_ws/install/nav_2d_msgs/share/nav_2d_msgs/msg/Pose2DStamped.idl
[0.440s] -- Up-to-date: /home/goblue/my_ws/install/nav_2d_msgs/share/nav_2d_msgs/msg/Twist2D.idl
[0.440s] -- Up-to-date: /home/goblue/my_ws/install/nav_2d_msgs/share/nav_2d_msgs/msg/Twist2D32.idl
[0.441s] -- Up-to-date: /home/goblue/my_ws/install/nav_2d_msgs/share/nav_2d_msgs/msg/Twist2DStamped.idl
[0.442s] -- Up-to-date: /home/goblue/my_ws/install/nav_2d_msgs/share/nav_2d_msgs/msg/Path2D.msg
[0.442s] -- Up-to-date: /home/goblue/my_ws/install/nav_2d_msgs/share/nav_2d_msgs/msg/Pose2D32.msg
[0.442s] -- Up-to-date: /home/goblue/my_ws/install/nav_2d_msgs/share/nav_2d_msgs/msg/Pose2DStamped.msg
[0.443s] -- Up-to-date: /home/goblue/my_ws/install/nav_2d_msgs/share/nav_2d_msgs/msg/Twist2D.msg
[0.443s] -- Up-to-date: /home/goblue/my_ws/install/nav_2d_msgs/share/nav_2d_msgs/msg/Twist2D32.msg
[0.443s] -- Up-to-date: /home/goblue/my_ws/install/nav_2d_msgs/share/nav_2d_msgs/msg/Twist2DStamped.msg
[0.443s] -- Up-to-date: /home/goblue/my_ws/install/nav_2d_msgs/share/ament_index/resource_index/package_run_dependencies/nav_2d_msgs
[0.443s] -- Up-to-date: /home/goblue/my_ws/install/nav_2d_msgs/share/ament_index/resource_index/parent_prefix_path/nav_2d_msgs
[0.444s] -- Up-to-date: /home/goblue/my_ws/install/nav_2d_msgs/share/nav_2d_msgs/environment/ament_prefix_path.sh
[0.444s] -- Up-to-date: /home/goblue/my_ws/install/nav_2d_msgs/share/nav_2d_msgs/environment/ament_prefix_path.dsv
[0.444s] -- Up-to-date: /home/goblue/my_ws/install/nav_2d_msgs/share/nav_2d_msgs/environment/path.sh
[0.444s] -- Up-to-date: /home/goblue/my_ws/install/nav_2d_msgs/share/nav_2d_msgs/environment/path.dsv
[0.444s] -- Up-to-date: /home/goblue/my_ws/install/nav_2d_msgs/share/nav_2d_msgs/local_setup.bash
[0.444s] -- Up-to-date: /home/goblue/my_ws/install/nav_2d_msgs/share/nav_2d_msgs/local_setup.sh
[0.444s] -- Up-to-date: /home/goblue/my_ws/install/nav_2d_msgs/share/nav_2d_msgs/local_setup.zsh
[0.444s] -- Up-to-date: /home/goblue/my_ws/install/nav_2d_msgs/share/nav_2d_msgs/local_setup.dsv
[0.444s] -- Installing: /home/goblue/my_ws/install/nav_2d_msgs/share/nav_2d_msgs/package.dsv
[0.444s] -- Up-to-date: /home/goblue/my_ws/install/nav_2d_msgs/share/ament_index/resource_index/packages/nav_2d_msgs
[0.445s] -- Up-to-date: /home/goblue/my_ws/install/nav_2d_msgs/share/nav_2d_msgs/cmake/export_nav_2d_msgs__rosidl_generator_cExport.cmake
[0.445s] -- Up-to-date: /home/goblue/my_ws/install/nav_2d_msgs/share/nav_2d_msgs/cmake/export_nav_2d_msgs__rosidl_generator_cExport-noconfig.cmake
[0.445s] -- Up-to-date: /home/goblue/my_ws/install/nav_2d_msgs/share/nav_2d_msgs/cmake/export_nav_2d_msgs__rosidl_typesupport_fastrtps_cExport.cmake
[0.445s] -- Up-to-date: /home/goblue/my_ws/install/nav_2d_msgs/share/nav_2d_msgs/cmake/export_nav_2d_msgs__rosidl_typesupport_fastrtps_cExport-noconfig.cmake
[0.446s] -- Up-to-date: /home/goblue/my_ws/install/nav_2d_msgs/share/nav_2d_msgs/cmake/export_nav_2d_msgs__rosidl_generator_cppExport.cmake
[0.446s] -- Up-to-date: /home/goblue/my_ws/install/nav_2d_msgs/share/nav_2d_msgs/cmake/export_nav_2d_msgs__rosidl_typesupport_fastrtps_cppExport.cmake
[0.446s] -- Up-to-date: /home/goblue/my_ws/install/nav_2d_msgs/share/nav_2d_msgs/cmake/export_nav_2d_msgs__rosidl_typesupport_fastrtps_cppExport-noconfig.cmake
[0.446s] -- Up-to-date: /home/goblue/my_ws/install/nav_2d_msgs/share/nav_2d_msgs/cmake/nav_2d_msgs__rosidl_typesupport_introspection_cExport.cmake
[0.446s] -- Up-to-date: /home/goblue/my_ws/install/nav_2d_msgs/share/nav_2d_msgs/cmake/nav_2d_msgs__rosidl_typesupport_introspection_cExport-noconfig.cmake
[0.446s] -- Up-to-date: /home/goblue/my_ws/install/nav_2d_msgs/share/nav_2d_msgs/cmake/nav_2d_msgs__rosidl_typesupport_cExport.cmake
[0.446s] -- Up-to-date: /home/goblue/my_ws/install/nav_2d_msgs/share/nav_2d_msgs/cmake/nav_2d_msgs__rosidl_typesupport_cExport-noconfig.cmake
[0.446s] -- Up-to-date: /home/goblue/my_ws/install/nav_2d_msgs/share/nav_2d_msgs/cmake/nav_2d_msgs__rosidl_typesupport_introspection_cppExport.cmake
[0.446s] -- Up-to-date: /home/goblue/my_ws/install/nav_2d_msgs/share/nav_2d_msgs/cmake/nav_2d_msgs__rosidl_typesupport_introspection_cppExport-noconfig.cmake
[0.447s] -- Up-to-date: /home/goblue/my_ws/install/nav_2d_msgs/share/nav_2d_msgs/cmake/nav_2d_msgs__rosidl_typesupport_cppExport.cmake
[0.447s] -- Up-to-date: /home/goblue/my_ws/install/nav_2d_msgs/share/nav_2d_msgs/cmake/nav_2d_msgs__rosidl_typesupport_cppExport-noconfig.cmake
[0.447s] -- Up-to-date: /home/goblue/my_ws/install/nav_2d_msgs/share/nav_2d_msgs/cmake/export_nav_2d_msgs__rosidl_generator_pyExport.cmake
[0.447s] -- Up-to-date: /home/goblue/my_ws/install/nav_2d_msgs/share/nav_2d_msgs/cmake/export_nav_2d_msgs__rosidl_generator_pyExport-noconfig.cmake
[0.447s] -- Up-to-date: /home/goblue/my_ws/install/nav_2d_msgs/share/nav_2d_msgs/cmake/rosidl_cmake-extras.cmake
[0.447s] -- Up-to-date: /home/goblue/my_ws/install/nav_2d_msgs/share/nav_2d_msgs/cmake/ament_cmake_export_dependencies-extras.cmake
[0.447s] -- Up-to-date: /home/goblue/my_ws/install/nav_2d_msgs/share/nav_2d_msgs/cmake/ament_cmake_export_include_directories-extras.cmake
[0.447s] -- Up-to-date: /home/goblue/my_ws/install/nav_2d_msgs/share/nav_2d_msgs/cmake/ament_cmake_export_libraries-extras.cmake
[0.447s] -- Up-to-date: /home/goblue/my_ws/install/nav_2d_msgs/share/nav_2d_msgs/cmake/ament_cmake_export_targets-extras.cmake
[0.447s] -- Up-to-date: /home/goblue/my_ws/install/nav_2d_msgs/share/nav_2d_msgs/cmake/rosidl_cmake_export_typesupport_targets-extras.cmake
[0.447s] -- Up-to-date: /home/goblue/my_ws/install/nav_2d_msgs/share/nav_2d_msgs/cmake/rosidl_cmake_export_typesupport_libraries-extras.cmake
[0.448s] -- Up-to-date: /home/goblue/my_ws/install/nav_2d_msgs/share/nav_2d_msgs/cmake/nav_2d_msgsConfig.cmake
[0.448s] -- Up-to-date: /home/goblue/my_ws/install/nav_2d_msgs/share/nav_2d_msgs/cmake/nav_2d_msgsConfig-version.cmake
[0.448s] -- Up-to-date: /home/goblue/my_ws/install/nav_2d_msgs/share/nav_2d_msgs/package.xml
[0.448s] Invoked command in '/home/goblue/my_ws/build/nav_2d_msgs' returned '0': CMAKE_PREFIX_PATH=${CMAKE_PREFIX_PATH}:/home/goblue/interbotix_ws/install/interbotix_xs_modules:/home/goblue/interbotix_ws/install/interbotix_common_modules:/opt/ros/humble /usr/bin/cmake --install /home/goblue/my_ws/build/nav_2d_msgs
