[0.320s] DEBUG:colcon:Command line arguments: ['/usr/bin/colcon', 'build']
[0.320s] DEBUG:colcon:Parsed command line arguments: Namespace(log_base=None, log_level=None, verb_name='build', build_base='build', install_base='install', merge_install=False, symlink_install=False, test_result_base=None, continue_on_error=False, executor='parallel', parallel_workers=20, event_handlers=None, ignore_user_meta=False, metas=['./colcon.meta'], base_paths=['.'], packages_ignore=None, packages_ignore_regex=None, paths=None, packages_up_to=None, packages_up_to_regex=None, packages_above=None, packages_above_and_dependencies=None, packages_above_depth=None, packages_select_by_dep=None, packages_skip_by_dep=None, packages_skip_up_to=None, packages_select_build_failed=False, packages_skip_build_finished=False, packages_select_test_failures=False, packages_skip_test_passed=False, packages_select=None, packages_skip=None, packages_select_regex=None, packages_skip_regex=None, packages_start=None, packages_end=None, allow_overriding=[], cmake_args=None, cmake_target=None, cmake_target_skip_unavailable=False, cmake_clean_cache=False, cmake_clean_first=False, cmake_force_configure=False, ament_cmake_args=None, catkin_cmake_args=None, catkin_skip_building_tests=False, mixin_files=None, mixin=None, verb_parser=<colcon_mixin.mixin.mixin_argument.MixinArgumentDecorator object at 0x7f05132625c0>, verb_extension=<colcon_core.verb.build.BuildVerb object at 0x7f0513261cf0>, main=<bound method BuildVerb.main of <colcon_core.verb.build.BuildVerb object at 0x7f0513261cf0>>, mixin_verb=('build',))
[0.603s] Level 1:colcon.colcon_core.package_discovery:discover_packages(colcon_meta) check parameters
[0.603s] Level 1:colcon.colcon_core.package_discovery:discover_packages(recursive) check parameters
[0.603s] Level 1:colcon.colcon_core.package_discovery:discover_packages(ignore) check parameters
[0.603s] Level 1:colcon.colcon_core.package_discovery:discover_packages(path) check parameters
[0.603s] Level 1:colcon.colcon_core.package_discovery:discover_packages(colcon_meta) discover
[0.603s] Level 1:colcon.colcon_core.package_discovery:discover_packages(recursive) discover
[0.603s] INFO:colcon.colcon_core.package_discovery:Crawling recursively for packages in '/home/goblue/my_ws/yuBot_nav2'
[0.604s] Level 1:colcon.colcon_core.package_identification:_identify(.) by extensions ['ignore', 'ignore_ament_install']
[0.604s] Level 1:colcon.colcon_core.package_identification:_identify(.) by extension 'ignore'
[0.604s] Level 1:colcon.colcon_core.package_identification:_identify(.) by extension 'ignore_ament_install'
[0.604s] Level 1:colcon.colcon_core.package_identification:_identify(.) by extensions ['colcon_pkg']
[0.604s] Level 1:colcon.colcon_core.package_identification:_identify(.) by extension 'colcon_pkg'
[0.604s] Level 1:colcon.colcon_core.package_identification:_identify(.) by extensions ['colcon_meta']
[0.604s] Level 1:colcon.colcon_core.package_identification:_identify(.) by extension 'colcon_meta'
[0.604s] Level 1:colcon.colcon_core.package_identification:_identify(.) by extensions ['ros']
[0.604s] Level 1:colcon.colcon_core.package_identification:_identify(.) by extension 'ros'
[0.617s] DEBUG:colcon.colcon_core.package_identification:Found ROS schema reference in package manifest in '.'
[0.617s] WARNING:colcon.colcon_core.package_identification:Failed to parse ROS package manifest in '.': Error(s) in package './package.xml':
Error(s):
- The generic dependency on 'nav2_bringup' is redundant with: exec_depend
[0.617s] Level 1:colcon.colcon_core.package_identification:_identify(.) by extensions ['cmake', 'python']
[0.617s] Level 1:colcon.colcon_core.package_identification:_identify(.) by extension 'cmake'
[0.618s] Level 1:colcon.colcon_core.package_identification:_identify(.) by extension 'python'
[0.618s] DEBUG:colcon.colcon_core.package_identification:Package '.' with type 'cmake' and name 'yuBot_nav2'
[0.618s] Level 1:colcon.colcon_core.package_discovery:discover_packages(recursive) using defaults
[0.619s] Level 1:colcon.colcon_core.package_discovery:discover_packages(ignore) discover
[0.619s] Level 1:colcon.colcon_core.package_discovery:discover_packages(ignore) using defaults
[0.619s] Level 1:colcon.colcon_core.package_discovery:discover_packages(path) discover
[0.619s] Level 1:colcon.colcon_core.package_discovery:discover_packages(path) using defaults
[0.646s] Level 1:colcon.colcon_core.package_discovery:discover_packages(prefix_path) check parameters
[0.646s] Level 1:colcon.colcon_core.package_discovery:discover_packages(prefix_path) discover
[0.654s] WARNING:colcon.colcon_core.prefix_path.colcon:The path '/home/goblue/ros2_ws/install' in the environment variable COLCON_PREFIX_PATH doesn't exist
[0.662s] WARNING:colcon.colcon_ros.prefix_path.ament:The path '/home/goblue/ros2_ws/install/rse_gaussian_filters' in the environment variable AMENT_PREFIX_PATH doesn't exist
[0.666s] DEBUG:colcon.colcon_installed_package_information.package_discovery:Found 27 installed packages in /home/goblue/interbotix_ws/install
[0.668s] DEBUG:colcon.colcon_installed_package_information.package_discovery:Found 398 installed packages in /opt/ros/humble
[0.669s] Level 1:colcon.colcon_core.package_discovery:discover_packages(prefix_path) using defaults
[0.779s] Level 5:colcon.colcon_core.verb:set package 'yuBot_nav2' build argument 'cmake_args' from command line to 'None'
[0.780s] Level 5:colcon.colcon_core.verb:set package 'yuBot_nav2' build argument 'cmake_target' from command line to 'None'
[0.780s] Level 5:colcon.colcon_core.verb:set package 'yuBot_nav2' build argument 'cmake_target_skip_unavailable' from command line to 'False'
[0.780s] Level 5:colcon.colcon_core.verb:set package 'yuBot_nav2' build argument 'cmake_clean_cache' from command line to 'False'
[0.780s] Level 5:colcon.colcon_core.verb:set package 'yuBot_nav2' build argument 'cmake_clean_first' from command line to 'False'
[0.780s] Level 5:colcon.colcon_core.verb:set package 'yuBot_nav2' build argument 'cmake_force_configure' from command line to 'False'
[0.780s] Level 5:colcon.colcon_core.verb:set package 'yuBot_nav2' build argument 'ament_cmake_args' from command line to 'None'
[0.780s] Level 5:colcon.colcon_core.verb:set package 'yuBot_nav2' build argument 'catkin_cmake_args' from command line to 'None'
[0.780s] Level 5:colcon.colcon_core.verb:set package 'yuBot_nav2' build argument 'catkin_skip_building_tests' from command line to 'False'
[0.780s] DEBUG:colcon.colcon_core.verb:Building package 'yuBot_nav2' with the following arguments: {'ament_cmake_args': None, 'build_base': '/home/goblue/my_ws/yuBot_nav2/build/yuBot_nav2', 'catkin_cmake_args': None, 'catkin_skip_building_tests': False, 'cmake_args': None, 'cmake_clean_cache': False, 'cmake_clean_first': False, 'cmake_force_configure': False, 'cmake_target': None, 'cmake_target_skip_unavailable': False, 'install_base': '/home/goblue/my_ws/yuBot_nav2/install/yuBot_nav2', 'merge_install': False, 'path': '/home/goblue/my_ws/yuBot_nav2', 'symlink_install': False, 'test_result_base': None}
[0.780s] INFO:colcon.colcon_core.executor:Executing jobs using 'parallel' executor
[0.781s] DEBUG:colcon.colcon_parallel_executor.executor.parallel:run_until_complete
[0.781s] INFO:colcon.colcon_cmake.task.cmake.build:Building CMake package in '/home/goblue/my_ws/yuBot_nav2'
[0.788s] INFO:colcon.colcon_core.plugin_system:Skipping extension 'colcon_core.shell.bat': Not used on non-Windows systems
[0.788s] INFO:colcon.colcon_core.shell:Skip shell extension 'powershell' for command environment: Not usable outside of PowerShell
[0.788s] DEBUG:colcon.colcon_core.shell:Skip shell extension 'dsv' for command environment
[0.797s] DEBUG:colcon.colcon_core.event_handler.log_command:Invoking command in '/home/goblue/my_ws/yuBot_nav2/build/yuBot_nav2': /usr/bin/cmake /home/goblue/my_ws/yuBot_nav2 -DCMAKE_INSTALL_PREFIX=/home/goblue/my_ws/yuBot_nav2/install/yuBot_nav2
[2.732s] DEBUG:colcon.colcon_core.event_handler.log_command:Invoked command in '/home/goblue/my_ws/yuBot_nav2/build/yuBot_nav2' returned '1': /usr/bin/cmake /home/goblue/my_ws/yuBot_nav2 -DCMAKE_INSTALL_PREFIX=/home/goblue/my_ws/yuBot_nav2/install/yuBot_nav2
[2.742s] DEBUG:colcon.colcon_parallel_executor.executor.parallel:closing loop
[2.743s] DEBUG:colcon.colcon_parallel_executor.executor.parallel:loop closed
[2.743s] DEBUG:colcon.colcon_parallel_executor.executor.parallel:run_until_complete finished with '1'
[2.743s] DEBUG:colcon.colcon_core.event_reactor:joining thread
[2.753s] INFO:colcon.colcon_core.plugin_system:Skipping extension 'colcon_notification.desktop_notification.terminal_notifier': Not used on non-Darwin systems
[2.753s] INFO:colcon.colcon_core.plugin_system:Skipping extension 'colcon_notification.desktop_notification.win32': Not used on non-Windows systems
[2.753s] INFO:colcon.colcon_notification.desktop_notification:Sending desktop notification using 'notify2'
[3.085s] DEBUG:colcon.colcon_core.event_reactor:joined thread
[3.085s] INFO:colcon.colcon_core.shell:Creating prefix script '/home/goblue/my_ws/yuBot_nav2/install/local_setup.ps1'
[3.086s] INFO:colcon.colcon_core.shell:Creating prefix util module '/home/goblue/my_ws/yuBot_nav2/install/_local_setup_util_ps1.py'
[3.087s] INFO:colcon.colcon_core.shell:Creating prefix chain script '/home/goblue/my_ws/yuBot_nav2/install/setup.ps1'
[3.088s] INFO:colcon.colcon_core.shell:Creating prefix script '/home/goblue/my_ws/yuBot_nav2/install/local_setup.sh'
[3.089s] INFO:colcon.colcon_core.shell:Creating prefix util module '/home/goblue/my_ws/yuBot_nav2/install/_local_setup_util_sh.py'
[3.089s] INFO:colcon.colcon_core.shell:Creating prefix chain script '/home/goblue/my_ws/yuBot_nav2/install/setup.sh'
[3.090s] INFO:colcon.colcon_core.shell:Creating prefix script '/home/goblue/my_ws/yuBot_nav2/install/local_setup.bash'
[3.091s] INFO:colcon.colcon_core.shell:Creating prefix chain script '/home/goblue/my_ws/yuBot_nav2/install/setup.bash'
[3.092s] INFO:colcon.colcon_core.shell:Creating prefix script '/home/goblue/my_ws/yuBot_nav2/install/local_setup.zsh'
[3.093s] INFO:colcon.colcon_core.shell:Creating prefix chain script '/home/goblue/my_ws/yuBot_nav2/install/setup.zsh'
