[0.013s] Invoking command in '/home/goblue/my_ws/yuBot_nav2/build/yuBot_nav2': CMAKE_PREFIX_PATH=${CMAKE_PREFIX_PATH}:/home/goblue/my_ws/bot_description/install/bot_description:/home/goblue/interbotix_ws/install/interbotix_xs_modules:/home/goblue/interbotix_ws/install/interbotix_common_modules:/opt/ros/humble /usr/bin/cmake --build /home/goblue/my_ws/yuBot_nav2/build/yuBot_nav2 -- -j20 -l20
[0.034s] Invoked command in '/home/goblue/my_ws/yuBot_nav2/build/yuBot_nav2' returned '0': CMAKE_PREFIX_PATH=${CMAKE_PREFIX_PATH}:/home/goblue/my_ws/bot_description/install/bot_description:/home/goblue/interbotix_ws/install/interbotix_xs_modules:/home/goblue/interbotix_ws/install/interbotix_common_modules:/opt/ros/humble /usr/bin/cmake --build /home/goblue/my_ws/yuBot_nav2/build/yuBot_nav2 -- -j20 -l20
[0.052s] Invoking command in '/home/goblue/my_ws/yuBot_nav2/build/yuBot_nav2': CMAKE_PREFIX_PATH=${CMAKE_PREFIX_PATH}:/home/goblue/my_ws/bot_description/install/bot_description:/home/goblue/interbotix_ws/install/interbotix_xs_modules:/home/goblue/interbotix_ws/install/interbotix_common_modules:/opt/ros/humble /usr/bin/cmake --install /home/goblue/my_ws/yuBot_nav2/build/yuBot_nav2
[0.056s] -- Install configuration: ""
[0.056s] -- Up-to-date: /home/goblue/my_ws/yuBot_nav2/install/yuBot_nav2/share/yuBot_nav2/launch
[0.056s] -- Installing: /home/goblue/my_ws/yuBot_nav2/install/yuBot_nav2/share/yuBot_nav2/launch/yuBot_nav2.launch.py
[0.056s] -- Up-to-date: /home/goblue/my_ws/yuBot_nav2/install/yuBot_nav2/share/yuBot_nav2/params
[0.056s] -- Up-to-date: /home/goblue/my_ws/yuBot_nav2/install/yuBot_nav2/share/yuBot_nav2/params/yuBot_nav2.yaml
[0.057s] -- Up-to-date: /home/goblue/my_ws/yuBot_nav2/install/yuBot_nav2/share/yuBot_nav2/maps
[0.057s] -- Up-to-date: /home/goblue/my_ws/yuBot_nav2/install/yuBot_nav2/share/yuBot_nav2/maps/firstMap.pgm
[0.057s] -- Up-to-date: /home/goblue/my_ws/yuBot_nav2/install/yuBot_nav2/share/yuBot_nav2/maps/house.pgm
[0.057s] -- Up-to-date: /home/goblue/my_ws/yuBot_nav2/install/yuBot_nav2/share/yuBot_nav2/maps/firstMap.yaml
[0.057s] -- Up-to-date: /home/goblue/my_ws/yuBot_nav2/install/yuBot_nav2/share/yuBot_nav2/maps/house.yaml
[0.057s] -- Up-to-date: /home/goblue/my_ws/yuBot_nav2/install/yuBot_nav2/share/ament_index/resource_index/package_run_dependencies/yuBot_nav2
[0.057s] -- Up-to-date: /home/goblue/my_ws/yuBot_nav2/install/yuBot_nav2/share/ament_index/resource_index/parent_prefix_path/yuBot_nav2
[0.057s] -- Up-to-date: /home/goblue/my_ws/yuBot_nav2/install/yuBot_nav2/share/yuBot_nav2/environment/ament_prefix_path.sh
[0.057s] -- Up-to-date: /home/goblue/my_ws/yuBot_nav2/install/yuBot_nav2/share/yuBot_nav2/environment/ament_prefix_path.dsv
[0.057s] -- Up-to-date: /home/goblue/my_ws/yuBot_nav2/install/yuBot_nav2/share/yuBot_nav2/environment/path.sh
[0.057s] -- Up-to-date: /home/goblue/my_ws/yuBot_nav2/install/yuBot_nav2/share/yuBot_nav2/environment/path.dsv
[0.057s] -- Up-to-date: /home/goblue/my_ws/yuBot_nav2/install/yuBot_nav2/share/yuBot_nav2/local_setup.bash
[0.057s] -- Up-to-date: /home/goblue/my_ws/yuBot_nav2/install/yuBot_nav2/share/yuBot_nav2/local_setup.sh
[0.057s] -- Up-to-date: /home/goblue/my_ws/yuBot_nav2/install/yuBot_nav2/share/yuBot_nav2/local_setup.zsh
[0.057s] -- Up-to-date: /home/goblue/my_ws/yuBot_nav2/install/yuBot_nav2/share/yuBot_nav2/local_setup.dsv
[0.057s] -- Installing: /home/goblue/my_ws/yuBot_nav2/install/yuBot_nav2/share/yuBot_nav2/package.dsv
[0.057s] -- Up-to-date: /home/goblue/my_ws/yuBot_nav2/install/yuBot_nav2/share/ament_index/resource_index/packages/yuBot_nav2
[0.057s] -- Up-to-date: /home/goblue/my_ws/yuBot_nav2/install/yuBot_nav2/share/yuBot_nav2/cmake/yuBot_nav2Config.cmake
[0.057s] -- Up-to-date: /home/goblue/my_ws/yuBot_nav2/install/yuBot_nav2/share/yuBot_nav2/cmake/yuBot_nav2Config-version.cmake
[0.057s] -- Up-to-date: /home/goblue/my_ws/yuBot_nav2/install/yuBot_nav2/share/yuBot_nav2/package.xml
[0.059s] Invoked command in '/home/goblue/my_ws/yuBot_nav2/build/yuBot_nav2' returned '0': CMAKE_PREFIX_PATH=${CMAKE_PREFIX_PATH}:/home/goblue/my_ws/bot_description/install/bot_description:/home/goblue/interbotix_ws/install/interbotix_xs_modules:/home/goblue/interbotix_ws/install/interbotix_common_modules:/opt/ros/humble /usr/bin/cmake --install /home/goblue/my_ws/yuBot_nav2/build/yuBot_nav2
