[0.019s] Invoking command in '/home/goblue/my_ws/Yubot_controller/build/Yubot_controller': CMAKE_PREFIX_PATH=${CMAKE_PREFIX_PATH}:/home/goblue/interbotix_ws/install/interbotix_xs_modules:/home/goblue/interbotix_ws/install/interbotix_common_modules:/opt/ros/humble /usr/bin/cmake --build /home/goblue/my_ws/Yubot_controller/build/Yubot_controller -- -j20 -l20
[0.128s] [100%] Built target Yubot_controller
[0.137s] Invoked command in '/home/goblue/my_ws/Yubot_controller/build/Yubot_controller' returned '0': CMAKE_PREFIX_PATH=${CMAKE_PREFIX_PATH}:/home/goblue/interbotix_ws/install/interbotix_xs_modules:/home/goblue/interbotix_ws/install/interbotix_common_modules:/opt/ros/humble /usr/bin/cmake --build /home/goblue/my_ws/Yubot_controller/build/Yubot_controller -- -j20 -l20
[0.163s] Invoking command in '/home/goblue/my_ws/Yubot_controller/build/Yubot_controller': CMAKE_PREFIX_PATH=${CMAKE_PREFIX_PATH}:/home/goblue/interbotix_ws/install/interbotix_xs_modules:/home/goblue/interbotix_ws/install/interbotix_common_modules:/opt/ros/humble /usr/bin/cmake --install /home/goblue/my_ws/Yubot_controller/build/Yubot_controller
[0.169s] -- Install configuration: "Release"
[0.170s] -- Up-to-date: /home/goblue/my_ws/Yubot_controller/install/Yubot_controller/lib/libYubot_controller.so
[0.171s] -- Up-to-date: /home/goblue/my_ws/Yubot_controller/install/Yubot_controller/include/
[0.171s] -- Up-to-date: /home/goblue/my_ws/Yubot_controller/install/Yubot_controller/include//Yubot_controller
[0.171s] -- Up-to-date: /home/goblue/my_ws/Yubot_controller/install/Yubot_controller/share/Yubot_controller/launch
[0.171s] -- Up-to-date: /home/goblue/my_ws/Yubot_controller/install/Yubot_controller/share/Yubot_controller/launch/bringup.launch.py
[0.171s] -- Up-to-date: /home/goblue/my_ws/Yubot_controller/install/Yubot_controller/share/Yubot_controller/params
[0.172s] -- Up-to-date: /home/goblue/my_ws/Yubot_controller/install/Yubot_controller/share/Yubot_controller/params/yuBot_nav2.yaml
[0.172s] -- Up-to-date: /home/goblue/my_ws/Yubot_controller/install/Yubot_controller/share/Yubot_controller/params/PurePursuit.yaml
[0.172s] -- Up-to-date: /home/goblue/my_ws/Yubot_controller/install/Yubot_controller/share/Yubot_controller/maps
[0.172s] -- Up-to-date: /home/goblue/my_ws/Yubot_controller/install/Yubot_controller/share/Yubot_controller/maps/house.pgm
[0.172s] -- Up-to-date: /home/goblue/my_ws/Yubot_controller/install/Yubot_controller/share/Yubot_controller/maps/house.yaml
[0.172s] -- Up-to-date: /home/goblue/my_ws/Yubot_controller/install/Yubot_controller/share/Yubot_controller/environment/library_path.sh
[0.172s] -- Up-to-date: /home/goblue/my_ws/Yubot_controller/install/Yubot_controller/share/Yubot_controller/environment/library_path.dsv
[0.172s] -- Up-to-date: /home/goblue/my_ws/Yubot_controller/install/Yubot_controller/share/Yubot_controller/plugin.xml
[0.173s] -- Up-to-date: /home/goblue/my_ws/Yubot_controller/install/Yubot_controller/share/ament_index/resource_index/package_run_dependencies/Yubot_controller
[0.173s] -- Up-to-date: /home/goblue/my_ws/Yubot_controller/install/Yubot_controller/share/ament_index/resource_index/parent_prefix_path/Yubot_controller
[0.173s] -- Up-to-date: /home/goblue/my_ws/Yubot_controller/install/Yubot_controller/share/Yubot_controller/environment/ament_prefix_path.sh
[0.173s] -- Up-to-date: /home/goblue/my_ws/Yubot_controller/install/Yubot_controller/share/Yubot_controller/environment/ament_prefix_path.dsv
[0.173s] -- Up-to-date: /home/goblue/my_ws/Yubot_controller/install/Yubot_controller/share/Yubot_controller/environment/path.sh
[0.173s] -- Up-to-date: /home/goblue/my_ws/Yubot_controller/install/Yubot_controller/share/Yubot_controller/environment/path.dsv
[0.173s] -- Up-to-date: /home/goblue/my_ws/Yubot_controller/install/Yubot_controller/share/Yubot_controller/local_setup.bash
[0.173s] -- Up-to-date: /home/goblue/my_ws/Yubot_controller/install/Yubot_controller/share/Yubot_controller/local_setup.sh
[0.174s] -- Up-to-date: /home/goblue/my_ws/Yubot_controller/install/Yubot_controller/share/Yubot_controller/local_setup.zsh
[0.174s] -- Up-to-date: /home/goblue/my_ws/Yubot_controller/install/Yubot_controller/share/Yubot_controller/local_setup.dsv
[0.174s] -- Installing: /home/goblue/my_ws/Yubot_controller/install/Yubot_controller/share/Yubot_controller/package.dsv
[0.175s] -- Up-to-date: /home/goblue/my_ws/Yubot_controller/install/Yubot_controller/share/ament_index/resource_index/packages/Yubot_controller
[0.175s] -- Up-to-date: /home/goblue/my_ws/Yubot_controller/install/Yubot_controller/share/ament_index/resource_index/nav2_core__pluginlib__plugin/Yubot_controller
[0.175s] -- Up-to-date: /home/goblue/my_ws/Yubot_controller/install/Yubot_controller/share/Yubot_controller/cmake/ament_cmake_export_include_directories-extras.cmake
[0.176s] -- Up-to-date: /home/goblue/my_ws/Yubot_controller/install/Yubot_controller/share/Yubot_controller/cmake/ament_cmake_export_libraries-extras.cmake
[0.177s] -- Up-to-date: /home/goblue/my_ws/Yubot_controller/install/Yubot_controller/share/Yubot_controller/cmake/ament_cmake_export_dependencies-extras.cmake
[0.177s] -- Up-to-date: /home/goblue/my_ws/Yubot_controller/install/Yubot_controller/share/Yubot_controller/cmake/Yubot_controllerConfig.cmake
[0.178s] -- Up-to-date: /home/goblue/my_ws/Yubot_controller/install/Yubot_controller/share/Yubot_controller/cmake/Yubot_controllerConfig-version.cmake
[0.179s] -- Up-to-date: /home/goblue/my_ws/Yubot_controller/install/Yubot_controller/share/Yubot_controller/package.xml
[0.179s] Invoked command in '/home/goblue/my_ws/Yubot_controller/build/Yubot_controller' returned '0': CMAKE_PREFIX_PATH=${CMAKE_PREFIX_PATH}:/home/goblue/interbotix_ws/install/interbotix_xs_modules:/home/goblue/interbotix_ws/install/interbotix_common_modules:/opt/ros/humble /usr/bin/cmake --install /home/goblue/my_ws/Yubot_controller/build/Yubot_controller
