-- Install configuration: ""
-- Up-to-date: /home/goblue/my_ws/yuBot_cartographer/install/yuBot_cartographer/share/yuBot_cartographer/config
-- Up-to-date: /home/goblue/my_ws/yuBot_cartographer/install/yuBot_cartographer/share/yuBot_cartographer/config/yuBot_2d.lua
-- Up-to-date: /home/goblue/my_ws/yuBot_cartographer/install/yuBot_cartographer/share/yuBot_cartographer/launch
-- Up-to-date: /home/goblue/my_ws/yuBot_cartographer/install/yuBot_cartographer/share/yuBot_cartographer/launch/__pycache__
-- Up-to-date: /home/goblue/my_ws/yuBot_cartographer/install/yuBot_cartographer/share/yuBot_cartographer/launch/__pycache__/cartographer.launch.cpython-310.pyc
-- Up-to-date: /home/goblue/my_ws/yuBot_cartographer/install/yuBot_cartographer/share/yuBot_cartographer/launch/cartographer.launch.py
-- Up-to-date: /home/goblue/my_ws/yuBot_cartographer/install/yuBot_cartographer/share/yuBot_cartographer/rviz
-- Up-to-date: /home/goblue/my_ws/yuBot_cartographer/install/yuBot_cartographer/share/ament_index/resource_index/package_run_dependencies/yuBot_cartographer
-- Up-to-date: /home/goblue/my_ws/yuBot_cartographer/install/yuBot_cartographer/share/ament_index/resource_index/parent_prefix_path/yuBot_cartographer
-- Up-to-date: /home/goblue/my_ws/yuBot_cartographer/install/yuBot_cartographer/share/yuBot_cartographer/environment/ament_prefix_path.sh
-- Up-to-date: /home/goblue/my_ws/yuBot_cartographer/install/yuBot_cartographer/share/yuBot_cartographer/environment/ament_prefix_path.dsv
-- Up-to-date: /home/goblue/my_ws/yuBot_cartographer/install/yuBot_cartographer/share/yuBot_cartographer/environment/path.sh
-- Up-to-date: /home/goblue/my_ws/yuBot_cartographer/install/yuBot_cartographer/share/yuBot_cartographer/environment/path.dsv
-- Up-to-date: /home/goblue/my_ws/yuBot_cartographer/install/yuBot_cartographer/share/yuBot_cartographer/local_setup.bash
-- Up-to-date: /home/goblue/my_ws/yuBot_cartographer/install/yuBot_cartographer/share/yuBot_cartographer/local_setup.sh
-- Up-to-date: /home/goblue/my_ws/yuBot_cartographer/install/yuBot_cartographer/share/yuBot_cartographer/local_setup.zsh
-- Up-to-date: /home/goblue/my_ws/yuBot_cartographer/install/yuBot_cartographer/share/yuBot_cartographer/local_setup.dsv
-- Up-to-date: /home/goblue/my_ws/yuBot_cartographer/install/yuBot_cartographer/share/yuBot_cartographer/package.dsv
-- Up-to-date: /home/goblue/my_ws/yuBot_cartographer/install/yuBot_cartographer/share/ament_index/resource_index/packages/yuBot_cartographer
-- Up-to-date: /home/goblue/my_ws/yuBot_cartographer/install/yuBot_cartographer/share/yuBot_cartographer/cmake/yuBot_cartographerConfig.cmake
-- Up-to-date: /home/goblue/my_ws/yuBot_cartographer/install/yuBot_cartographer/share/yuBot_cartographer/cmake/yuBot_cartographerConfig-version.cmake
-- Up-to-date: /home/goblue/my_ws/yuBot_cartographer/install/yuBot_cartographer/share/yuBot_cartographer/package.xml
